[ 2017-11-29T14:07:17+08:00 ] ::1 /wanggw/
INFO: [ app_init ] --START--
INFO: Run Behavior\BuildLiteBehavior [ RunTime:0.000040s ]
INFO: [ app_init ] --END-- [ RunTime:0.143727s ]
INFO: [ app_begin ] --START--
INFO: Run Behavior\ReadHtmlCacheBehavior [ RunTime:0.001803s ]
INFO: Run Behavior\CheckLangBehavior [ RunTime:0.023026s ]
INFO: [ app_begin ] --END-- [ RunTime:0.025296s ]
ERR: SQLSTATE[HY000] [1045] Access denied for user 'wjroot'@'localhost' (using password: YES)

[ 2017-11-29T14:07:40+08:00 ] ::1 /wanggw/
INFO: [ app_init ] --START--
INFO: Run Behavior\BuildLiteBehavior [ RunTime:0.000038s ]
INFO: [ app_init ] --END-- [ RunTime:0.000632s ]
INFO: [ app_begin ] --START--
INFO: Run Behavior\ReadHtmlCacheBehavior [ RunTime:0.000786s ]
INFO: Run Behavior\CheckLangBehavior [ RunTime:0.001717s ]
INFO: [ app_begin ] --END-- [ RunTime:0.003013s ]
ERR: SQLSTATE[HY000] [1049] Unknown database 'rflinker'

[ 2017-11-29T14:09:44+08:00 ] ::1 /wanggw/
INFO: [ app_init ] --START--
INFO: Run Behavior\BuildLiteBehavior [ RunTime:0.000037s ]
INFO: [ app_init ] --END-- [ RunTime:0.000666s ]
INFO: [ app_begin ] --START--
INFO: Run Behavior\ReadHtmlCacheBehavior [ RunTime:0.001289s ]
INFO: Run Behavior\CheckLangBehavior [ RunTime:0.001542s ]
INFO: [ app_begin ] --END-- [ RunTime:0.003241s ]
ERR: SQLSTATE[HY000] [1049] Unknown database 'rflinker'

[ 2017-11-29T14:12:15+08:00 ] ::1 /wanggw/
INFO: [ app_init ] --START--
INFO: Run Behavior\BuildLiteBehavior [ RunTime:0.000033s ]
INFO: [ app_init ] --END-- [ RunTime:0.000643s ]
INFO: [ app_begin ] --START--
INFO: Run Behavior\ReadHtmlCacheBehavior [ RunTime:0.000760s ]
INFO: Run Behavior\CheckLangBehavior [ RunTime:0.001483s ]
INFO: [ app_begin ] --END-- [ RunTime:0.002600s ]
SQL: SHOW COLUMNS FROM `qw_setting` [ RunTime:0.0205s ]
SQL: SELECT `k`,`v` FROM `qw_setting`  [ RunTime:0.0004s ]
SQL: SHOW COLUMNS FROM `qw_felgproduct` [ RunTime:0.0026s ]
SQL: SHOW COLUMNS FROM `qw_rflinkerproduct` [ RunTime:0.0029s ]
SQL: SELECT `id`,cn_ftname as name,`xl_type` FROM `qw_felgproduct` WHERE ( search = 1 ) UNION SELECT id,cn_rrname as name,xl_type FROM qw_rflinkerproduct where search=1 [ RunTime:0.0070s ]
NOTIC: [8] Undefined variable: new_live F:\wamp\www\wanggw\App\Home\Controller\ComController.class.php 第 65 行.
SQL: SELECT `id`,cn_ftname as name,`xl_type` FROM `qw_felgproduct` UNION SELECT id,cn_rrname as name,xl_type FROM qw_rflinkerproduct  [ RunTime:0.0008s ]
SQL: SHOW COLUMNS FROM `qw_indexshow` [ RunTime:0.0035s ]
SQL: SELECT `id`,cn_fghzname as fghzname,cn_fghzshow as fghzshow,cn_rrhzname as rrhzname,cn_rrhzshow as rrhzshow,cn_tjhzname as tjhzname,cn_tjhzshow as tjhzshow FROM `qw_indexshow` LIMIT 1   [ RunTime:0.0005s ]
SQL: SHOW COLUMNS FROM `qw_flashview` [ RunTime:0.0031s ]
SQL: SELECT `id`,cn_flashviewpc as flashviewpc,cn_title as title,cn_fwshowpc as fwshowpc,cn_fwlink as fwlink,`fwsort` FROM `qw_flashview` ORDER BY fwsort  [ RunTime:0.0005s ]
SQL: SHOW COLUMNS FROM `qw_felghz` [ RunTime:0.0026s ]
SQL: SELECT `id`,cn_fghz as fghz,cn_fghztitle as fghztitle,cn_fghzimg as fghzimg,`fghzsort` FROM `qw_felghz` ORDER BY fghzsort LIMIT 4   [ RunTime:0.0006s ]
SQL: SHOW COLUMNS FROM `qw_felgtype` [ RunTime:0.0026s ]
SQL: SELECT * FROM `qw_felgtype` WHERE ( cn_hzid = 3 ) ORDER BY fgtypesort LIMIT 1   [ RunTime:0.0007s ]
SQL: SELECT * FROM `qw_felgtype` WHERE ( cn_hzid = 4 ) ORDER BY fgtypesort LIMIT 1   [ RunTime:0.0004s ]
SQL: SELECT * FROM `qw_felgtype` WHERE ( cn_hzid = 5 ) ORDER BY fgtypesort LIMIT 1   [ RunTime:0.0004s ]
SQL: SHOW COLUMNS FROM `qw_rflinkerhz` [ RunTime:0.0037s ]
SQL: SELECT `id`,cn_rflinkerhz as rflinkerhz,cn_rrtitle as rrtitle,cn_rrimg as rrimg,`rrsort` FROM `qw_rflinkerhz` ORDER BY rrsort LIMIT 4   [ RunTime:0.0006s ]
SQL: SHOW COLUMNS FROM `qw_tuijian` [ RunTime:0.0033s ]
SQL: SELECT `id`,cn_felgname as felgname,cn_rrname as rrname,`type`,`tjsotr` FROM `qw_tuijian` ORDER BY tjsotr  [ RunTime:0.0005s ]
SQL: SHOW COLUMNS FROM `qw_industry` [ RunTime:0.0044s ]
SQL: SELECT `id`,cn_imgiy as imgiy,`iysort` FROM `qw_industry` ORDER BY iysort LIMIT 4   [ RunTime:0.0004s ]
INFO: [ view_parse ] --START--
INFO: [ template_filter ] --START--
INFO: Run Behavior\ContentReplaceBehavior [ RunTime:0.000249s ]
INFO: [ template_filter ] --END-- [ RunTime:0.000467s ]
NOTIC: [8] Use of undefined constant Index - assumed 'Index' F:\wamp\www\wanggw\App\Runtime\Cache\Home\3da8682377a51f4116c98bfda6b18a92.php 第 144 行.
NOTIC: [8] Use of undefined constant Feig - assumed 'Feig' F:\wamp\www\wanggw\App\Runtime\Cache\Home\3da8682377a51f4116c98bfda6b18a92.php 第 145 行.
NOTIC: [8] Use of undefined constant Rflinker - assumed 'Rflinker' F:\wamp\www\wanggw\App\Runtime\Cache\Home\3da8682377a51f4116c98bfda6b18a92.php 第 145 行.
NOTIC: [8] Use of undefined constant Vocationlist - assumed 'Vocationlist' F:\wamp\www\wanggw\App\Runtime\Cache\Home\3da8682377a51f4116c98bfda6b18a92.php 第 153 行.
NOTIC: [8] Use of undefined constant Codeinput - assumed 'Codeinput' F:\wamp\www\wanggw\App\Runtime\Cache\Home\3da8682377a51f4116c98bfda6b18a92.php 第 154 行.
NOTIC: [8] Use of undefined constant Supportservices - assumed 'Supportservices' F:\wamp\www\wanggw\App\Runtime\Cache\Home\3da8682377a51f4116c98bfda6b18a92.php 第 154 行.
NOTIC: [8] Use of undefined constant Aboutus - assumed 'Aboutus' F:\wamp\www\wanggw\App\Runtime\Cache\Home\3da8682377a51f4116c98bfda6b18a92.php 第 155 行.
NOTIC: [8] Undefined index: typeid F:\wamp\www\wanggw\App\Runtime\Cache\Home\3da8682377a51f4116c98bfda6b18a92.php 第 233 行.
NOTIC: [8] Undefined index: typeid F:\wamp\www\wanggw\App\Runtime\Cache\Home\3da8682377a51f4116c98bfda6b18a92.php 第 233 行.
INFO: Run Behavior\ParseTemplateBehavior [ RunTime:0.138926s ]
INFO: [ view_parse ] --END-- [ RunTime:0.139255s ]
INFO: [ view_filter ] --START--
INFO: Run Behavior\WriteHtmlCacheBehavior [ RunTime:0.001688s ]
INFO: [ view_filter ] --END-- [ RunTime:0.001971s ]
INFO: [ app_end ] --START--
INFO: Run Behavior\ShowPageTraceBehavior [ RunTime:0.011613s ]
INFO: [ app_end ] --END-- [ RunTime:0.012117s ]

