[ 2017-11-30T16:40:24+08:00 ] ::1 /wanggw/index.php/Home/Rflinker/Index.html
INFO: [ app_init ] --START--
INFO: Run Behavior\BuildLiteBehavior [ RunTime:0.000041s ]
INFO: [ app_init ] --END-- [ RunTime:0.003893s ]
INFO: [ app_begin ] --START--
INFO: Run Behavior\ReadHtmlCacheBehavior [ RunTime:0.016917s ]
INFO: Run Behavior\CheckLangBehavior [ RunTime:0.020783s ]
INFO: [ app_begin ] --END-- [ RunTime:0.038253s ]
SQL: SHOW COLUMNS FROM `qw_setting` [ RunTime:0.0949s ]
SQL: SELECT `k`,`v` FROM `qw_setting`  [ RunTime:0.0007s ]
SQL: SHOW COLUMNS FROM `qw_felgproduct` [ RunTime:0.1263s ]
SQL: SHOW COLUMNS FROM `qw_rflinkerproduct` [ RunTime:0.0690s ]
SQL: SELECT `id`,cn_ftname as name,`xl_type` FROM `qw_felgproduct` WHERE ( search = 1 ) UNION SELECT id,cn_rrname as name,xl_type FROM qw_rflinkerproduct where search=1 [ RunTime:0.0276s ]
NOTIC: [8] Undefined variable: new_live F:\wamp\www\wanggw\App\Home\Controller\ComController.class.php 第 65 行.
SQL: SELECT `id`,cn_ftname as name,`xl_type` FROM `qw_felgproduct` UNION SELECT id,cn_rrname as name,xl_type FROM qw_rflinkerproduct  [ RunTime:0.0259s ]
SQL: SHOW COLUMNS FROM `qw_rflinkerhz` [ RunTime:0.0812s ]
SQL: SELECT `id`,cn_rflinkerhz as hzname FROM `qw_rflinkerhz` ORDER BY rrsort  [ RunTime:0.0005s ]
SQL: SHOW COLUMNS FROM `qw_rflinkertype` [ RunTime:0.0040s ]
SQL: SELECT `id`,cn_rflinkertypename as rflinkertypename,cn_hzid as hzid FROM `qw_rflinkertype` ORDER BY rrtypesort  [ RunTime:0.0004s ]
NOTIC: [8] Undefined variable: languagerflinkerhz F:\wamp\www\wanggw\App\Home\Controller\RflinkerController.class.php 第 47 行.
SQL: SELECT `id`,cn_rflinkerhz as rflinkerhz FROM `qw_rflinkerhz` ORDER BY rrsort LIMIT 1   [ RunTime:0.0005s ]
SQL: SELECT `id`,cn_rflinkertypename as rflinkertypename,cn_hzid as hzid FROM `qw_rflinkertype` WHERE ( cn_hzid = 19 ) ORDER BY rrtypesort  [ RunTime:0.0006s ]
SQL: SELECT `id`,cn_rrname as rrname,cn_rrimg as rrimg,cn_rrtitle as rrtitle,cn_tid as tid FROM `qw_rflinkerproduct` ORDER BY rrsort  [ RunTime:0.0005s ]
INFO: [ view_parse ] --START--
INFO: [ template_filter ] --START--
INFO: Run Behavior\ContentReplaceBehavior [ RunTime:0.000229s ]
INFO: [ template_filter ] --END-- [ RunTime:0.000451s ]
NOTIC: [8] Use of undefined constant Index - assumed 'Index' F:\wamp\www\wanggw\App\Runtime\Cache\Home\e01dc9f360dcfa1a7694d7f8f2dee76d.php 第 136 行.
NOTIC: [8] Use of undefined constant Feig - assumed 'Feig' F:\wamp\www\wanggw\App\Runtime\Cache\Home\e01dc9f360dcfa1a7694d7f8f2dee76d.php 第 137 行.
NOTIC: [8] Use of undefined constant Rflinker - assumed 'Rflinker' F:\wamp\www\wanggw\App\Runtime\Cache\Home\e01dc9f360dcfa1a7694d7f8f2dee76d.php 第 137 行.
NOTIC: [8] Use of undefined constant Vocationlist - assumed 'Vocationlist' F:\wamp\www\wanggw\App\Runtime\Cache\Home\e01dc9f360dcfa1a7694d7f8f2dee76d.php 第 145 行.
NOTIC: [8] Use of undefined constant Codeinput - assumed 'Codeinput' F:\wamp\www\wanggw\App\Runtime\Cache\Home\e01dc9f360dcfa1a7694d7f8f2dee76d.php 第 146 行.
NOTIC: [8] Use of undefined constant Supportservices - assumed 'Supportservices' F:\wamp\www\wanggw\App\Runtime\Cache\Home\e01dc9f360dcfa1a7694d7f8f2dee76d.php 第 146 行.
NOTIC: [8] Use of undefined constant Aboutus - assumed 'Aboutus' F:\wamp\www\wanggw\App\Runtime\Cache\Home\e01dc9f360dcfa1a7694d7f8f2dee76d.php 第 147 行.
INFO: Run Behavior\ParseTemplateBehavior [ RunTime:0.559294s ]
INFO: [ view_parse ] --END-- [ RunTime:0.559532s ]
INFO: [ view_filter ] --START--
INFO: Run Behavior\WriteHtmlCacheBehavior [ RunTime:0.050352s ]
INFO: [ view_filter ] --END-- [ RunTime:0.050537s ]
INFO: [ app_end ] --START--
INFO: Run Behavior\ShowPageTraceBehavior [ RunTime:0.021019s ]
INFO: [ app_end ] --END-- [ RunTime:0.021605s ]

[ 2017-11-30T16:51:43+08:00 ] ::1 /wanggw/index.php/Home/Rflinker/Index.html
INFO: [ app_init ] --START--
INFO: Run Behavior\BuildLiteBehavior [ RunTime:0.000074s ]
INFO: [ app_init ] --END-- [ RunTime:0.001251s ]
INFO: [ app_begin ] --START--
INFO: Run Behavior\ReadHtmlCacheBehavior [ RunTime:0.001455s ]
INFO: Run Behavior\CheckLangBehavior [ RunTime:0.003018s ]
INFO: [ app_begin ] --END-- [ RunTime:0.012657s ]
SQL: SHOW COLUMNS FROM `qw_setting` [ RunTime:0.0060s ]
SQL: SELECT `k`,`v` FROM `qw_setting`  [ RunTime:0.0008s ]
SQL: SHOW COLUMNS FROM `qw_felgproduct` [ RunTime:0.0212s ]
SQL: SHOW COLUMNS FROM `qw_rflinkerproduct` [ RunTime:0.0031s ]
SQL: SELECT `id`,cn_ftname as name,`xl_type` FROM `qw_felgproduct` WHERE ( search = 1 ) UNION SELECT id,cn_rrname as name,xl_type FROM qw_rflinkerproduct where search=1 [ RunTime:0.0017s ]
NOTIC: [8] Undefined variable: new_live F:\wamp\www\wanggw\App\Home\Controller\ComController.class.php 第 65 行.
SQL: SELECT `id`,cn_ftname as name,`xl_type` FROM `qw_felgproduct` UNION SELECT id,cn_rrname as name,xl_type FROM qw_rflinkerproduct  [ RunTime:0.0011s ]
SQL: SHOW COLUMNS FROM `qw_rflinkerhz` [ RunTime:0.0031s ]
SQL: SELECT `id`,cn_rflinkerhz as hzname FROM `qw_rflinkerhz` ORDER BY rrsort  [ RunTime:0.0004s ]
SQL: SHOW COLUMNS FROM `qw_rflinkertype` [ RunTime:0.0040s ]
SQL: SELECT `id`,cn_rflinkertypename as rflinkertypename,cn_hzid as hzid FROM `qw_rflinkertype` ORDER BY rrtypesort  [ RunTime:0.0006s ]
NOTIC: [8] Undefined variable: languagerflinkerhz F:\wamp\www\wanggw\App\Home\Controller\RflinkerController.class.php 第 47 行.
SQL: SELECT `id`,cn_rflinkerhz as rflinkerhz FROM `qw_rflinkerhz` ORDER BY rrsort LIMIT 1   [ RunTime:0.0005s ]
SQL: SELECT `id`,cn_rflinkertypename as rflinkertypename,cn_hzid as hzid FROM `qw_rflinkertype` WHERE ( cn_hzid = 19 ) ORDER BY rrtypesort  [ RunTime:0.0005s ]
SQL: SELECT `id`,cn_rrname as rrname,cn_rrimg as rrimg,cn_rrtitle as rrtitle,cn_tid as tid FROM `qw_rflinkerproduct` ORDER BY rrsort  [ RunTime:0.0002s ]
INFO: [ view_parse ] --START--
INFO: [ template_filter ] --START--
INFO: Run Behavior\ContentReplaceBehavior [ RunTime:0.000415s ]
INFO: [ template_filter ] --END-- [ RunTime:0.001048s ]
NOTIC: [8] Use of undefined constant Index - assumed 'Index' F:\wamp\www\wanggw\App\Runtime\Cache\Home\e01dc9f360dcfa1a7694d7f8f2dee76d.php 第 136 行.
NOTIC: [8] Use of undefined constant Feig - assumed 'Feig' F:\wamp\www\wanggw\App\Runtime\Cache\Home\e01dc9f360dcfa1a7694d7f8f2dee76d.php 第 137 行.
NOTIC: [8] Use of undefined constant Rflinker - assumed 'Rflinker' F:\wamp\www\wanggw\App\Runtime\Cache\Home\e01dc9f360dcfa1a7694d7f8f2dee76d.php 第 137 行.
NOTIC: [8] Use of undefined constant Vocationlist - assumed 'Vocationlist' F:\wamp\www\wanggw\App\Runtime\Cache\Home\e01dc9f360dcfa1a7694d7f8f2dee76d.php 第 145 行.
NOTIC: [8] Use of undefined constant Codeinput - assumed 'Codeinput' F:\wamp\www\wanggw\App\Runtime\Cache\Home\e01dc9f360dcfa1a7694d7f8f2dee76d.php 第 146 行.
NOTIC: [8] Use of undefined constant Supportservices - assumed 'Supportservices' F:\wamp\www\wanggw\App\Runtime\Cache\Home\e01dc9f360dcfa1a7694d7f8f2dee76d.php 第 146 行.
NOTIC: [8] Use of undefined constant Aboutus - assumed 'Aboutus' F:\wamp\www\wanggw\App\Runtime\Cache\Home\e01dc9f360dcfa1a7694d7f8f2dee76d.php 第 147 行.
INFO: Run Behavior\ParseTemplateBehavior [ RunTime:0.045336s ]
INFO: [ view_parse ] --END-- [ RunTime:0.045586s ]
INFO: [ view_filter ] --START--
INFO: Run Behavior\WriteHtmlCacheBehavior [ RunTime:0.000601s ]
INFO: [ view_filter ] --END-- [ RunTime:0.000777s ]
INFO: [ app_end ] --START--
INFO: Run Behavior\ShowPageTraceBehavior [ RunTime:0.001134s ]
INFO: [ app_end ] --END-- [ RunTime:0.001410s ]

[ 2017-11-30T16:51:48+08:00 ] ::1 /wanggw/index.php/Home/Rflinker/Index.html
INFO: [ app_init ] --START--
INFO: Run Behavior\BuildLiteBehavior [ RunTime:0.000074s ]
INFO: [ app_init ] --END-- [ RunTime:0.001873s ]
INFO: [ app_begin ] --START--
INFO: Run Behavior\ReadHtmlCacheBehavior [ RunTime:0.000986s ]
INFO: Run Behavior\CheckLangBehavior [ RunTime:0.001745s ]
INFO: [ app_begin ] --END-- [ RunTime:0.003186s ]
SQL: SHOW COLUMNS FROM `qw_setting` [ RunTime:0.0019s ]
SQL: SELECT `k`,`v` FROM `qw_setting`  [ RunTime:0.0004s ]
SQL: SHOW COLUMNS FROM `qw_felgproduct` [ RunTime:0.0032s ]
SQL: SHOW COLUMNS FROM `qw_rflinkerproduct` [ RunTime:0.0030s ]
SQL: SELECT `id`,cn_ftname as name,`xl_type` FROM `qw_felgproduct` WHERE ( search = 1 ) UNION SELECT id,cn_rrname as name,xl_type FROM qw_rflinkerproduct where search=1 [ RunTime:0.0010s ]
NOTIC: [8] Undefined variable: new_live F:\wamp\www\wanggw\App\Home\Controller\ComController.class.php 第 65 行.
SQL: SELECT `id`,cn_ftname as name,`xl_type` FROM `qw_felgproduct` UNION SELECT id,cn_rrname as name,xl_type FROM qw_rflinkerproduct  [ RunTime:0.0013s ]
SQL: SHOW COLUMNS FROM `qw_rflinkerhz` [ RunTime:0.0038s ]
SQL: SELECT `id`,cn_rflinkerhz as hzname FROM `qw_rflinkerhz` ORDER BY rrsort  [ RunTime:0.0007s ]
SQL: SHOW COLUMNS FROM `qw_rflinkertype` [ RunTime:0.0033s ]
SQL: SELECT `id`,cn_rflinkertypename as rflinkertypename,cn_hzid as hzid FROM `qw_rflinkertype` ORDER BY rrtypesort  [ RunTime:0.0004s ]
NOTIC: [8] Undefined variable: languagerflinkerhz F:\wamp\www\wanggw\App\Home\Controller\RflinkerController.class.php 第 47 行.
SQL: SELECT `id`,cn_rflinkerhz as rflinkerhz FROM `qw_rflinkerhz` ORDER BY rrsort LIMIT 1   [ RunTime:0.0002s ]
SQL: SELECT `id`,cn_rflinkertypename as rflinkertypename,cn_hzid as hzid FROM `qw_rflinkertype` WHERE ( cn_hzid = 19 ) ORDER BY rrtypesort  [ RunTime:0.0003s ]
SQL: SELECT `id`,cn_rrname as rrname,cn_rrimg as rrimg,cn_rrtitle as rrtitle,cn_tid as tid FROM `qw_rflinkerproduct` ORDER BY rrsort  [ RunTime:0.0002s ]
INFO: [ view_parse ] --START--
INFO: [ template_filter ] --START--
INFO: Run Behavior\ContentReplaceBehavior [ RunTime:0.000222s ]
INFO: [ template_filter ] --END-- [ RunTime:0.000407s ]
NOTIC: [8] Use of undefined constant Index - assumed 'Index' F:\wamp\www\wanggw\App\Runtime\Cache\Home\e01dc9f360dcfa1a7694d7f8f2dee76d.php 第 136 行.
NOTIC: [8] Use of undefined constant Feig - assumed 'Feig' F:\wamp\www\wanggw\App\Runtime\Cache\Home\e01dc9f360dcfa1a7694d7f8f2dee76d.php 第 137 行.
NOTIC: [8] Use of undefined constant Rflinker - assumed 'Rflinker' F:\wamp\www\wanggw\App\Runtime\Cache\Home\e01dc9f360dcfa1a7694d7f8f2dee76d.php 第 137 行.
NOTIC: [8] Use of undefined constant Vocationlist - assumed 'Vocationlist' F:\wamp\www\wanggw\App\Runtime\Cache\Home\e01dc9f360dcfa1a7694d7f8f2dee76d.php 第 145 行.
NOTIC: [8] Use of undefined constant Codeinput - assumed 'Codeinput' F:\wamp\www\wanggw\App\Runtime\Cache\Home\e01dc9f360dcfa1a7694d7f8f2dee76d.php 第 146 行.
NOTIC: [8] Use of undefined constant Supportservices - assumed 'Supportservices' F:\wamp\www\wanggw\App\Runtime\Cache\Home\e01dc9f360dcfa1a7694d7f8f2dee76d.php 第 146 行.
NOTIC: [8] Use of undefined constant Aboutus - assumed 'Aboutus' F:\wamp\www\wanggw\App\Runtime\Cache\Home\e01dc9f360dcfa1a7694d7f8f2dee76d.php 第 147 行.
INFO: Run Behavior\ParseTemplateBehavior [ RunTime:0.044364s ]
INFO: [ view_parse ] --END-- [ RunTime:0.044621s ]
INFO: [ view_filter ] --START--
INFO: Run Behavior\WriteHtmlCacheBehavior [ RunTime:0.001114s ]
INFO: [ view_filter ] --END-- [ RunTime:0.001444s ]
INFO: [ app_end ] --START--
INFO: Run Behavior\ShowPageTraceBehavior [ RunTime:0.001193s ]
INFO: [ app_end ] --END-- [ RunTime:0.001828s ]

