[ 2017-11-12T20:20:10+08:00 ] ::1 /wanggw/
INFO: [ app_init ] --START--
INFO: Run Behavior\BuildLiteBehavior [ RunTime:0.000073s ]
INFO: [ app_init ] --END-- [ RunTime:0.001534s ]
INFO: [ app_begin ] --START--
INFO: Run Behavior\ReadHtmlCacheBehavior [ RunTime:0.001877s ]
INFO: Run Behavior\CheckLangBehavior [ RunTime:0.015320s ]
INFO: [ app_begin ] --END-- [ RunTime:0.017731s ]
SQL: SHOW COLUMNS FROM `qw_setting` [ RunTime:0.0303s ]
SQL: SELECT `k`,`v` FROM `qw_setting`  [ RunTime:0.0003s ]
SQL: SHOW COLUMNS FROM `qw_felgproduct` [ RunTime:0.1207s ]
SQL: SHOW COLUMNS FROM `qw_rflinkerproduct` [ RunTime:0.0549s ]
SQL: SELECT `id`,cn_ftname as name,`xl_type` FROM `qw_felgproduct` WHERE ( search = 1 ) UNION SELECT id,cn_rrname as name,xl_type FROM qw_rflinkerproduct where search=1 [ RunTime:0.0015s ]
NOTIC: [8] Undefined variable: new_live E:\wamp\www\wanggw\App\Home\Controller\ComController.class.php 第 65 行.
SQL: SELECT `id`,cn_ftname as name,`xl_type` FROM `qw_felgproduct` UNION SELECT id,cn_rrname as name,xl_type FROM qw_rflinkerproduct  [ RunTime:0.0008s ]
SQL: SHOW COLUMNS FROM `qw_indexshow` [ RunTime:0.0565s ]
SQL: SELECT `id`,cn_fghzname as fghzname,cn_fghzshow as fghzshow,cn_rrhzname as rrhzname,cn_rrhzshow as rrhzshow,cn_tjhzname as tjhzname,cn_tjhzshow as tjhzshow FROM `qw_indexshow` LIMIT 1   [ RunTime:0.0005s ]
SQL: SHOW COLUMNS FROM `qw_flashview` [ RunTime:0.0071s ]
SQL: SELECT `id`,cn_flashviewpc as flashviewpc,cn_title as title,cn_fwshowpc as fwshowpc,cn_fwlink as fwlink,`fwsort` FROM `qw_flashview` ORDER BY fwsort  [ RunTime:0.0004s ]
SQL: SHOW COLUMNS FROM `qw_felghz` [ RunTime:0.0400s ]
SQL: SELECT `id`,cn_fghz as fghz,cn_fghztitle as fghztitle,cn_fghzimg as fghzimg,`fghzsort` FROM `qw_felghz` ORDER BY fghzsort LIMIT 4   [ RunTime:0.0003s ]
SQL: SHOW COLUMNS FROM `qw_rflinkerhz` [ RunTime:0.0144s ]
SQL: SELECT `id`,cn_rflinkerhz as rflinkerhz,cn_rrtitle as rrtitle,cn_rrimg as rrimg,`rrsort` FROM `qw_rflinkerhz` ORDER BY rrsort LIMIT 4   [ RunTime:0.0003s ]
SQL: SHOW COLUMNS FROM `qw_tuijian` [ RunTime:0.0216s ]
SQL: SELECT `id`,cn_felgname as felgname,cn_rrname as rrname,`type`,`tjsotr` FROM `qw_tuijian` ORDER BY tjsotr  [ RunTime:0.0004s ]
SQL: SHOW COLUMNS FROM `qw_industry` [ RunTime:0.0093s ]
SQL: SELECT `id`,cn_imgiy as imgiy,`iysort` FROM `qw_industry` ORDER BY iysort LIMIT 4   [ RunTime:0.0003s ]
INFO: [ view_parse ] --START--
INFO: [ template_filter ] --START--
INFO: Run Behavior\ContentReplaceBehavior [ RunTime:0.000249s ]
INFO: [ template_filter ] --END-- [ RunTime:0.000456s ]
NOTIC: [8] Use of undefined constant Index - assumed 'Index' E:\wamp\www\wanggw\App\Runtime\Cache\Home\3da8682377a51f4116c98bfda6b18a92.php 第 144 行.
NOTIC: [8] Use of undefined constant Feig - assumed 'Feig' E:\wamp\www\wanggw\App\Runtime\Cache\Home\3da8682377a51f4116c98bfda6b18a92.php 第 145 行.
NOTIC: [8] Use of undefined constant Rflinker - assumed 'Rflinker' E:\wamp\www\wanggw\App\Runtime\Cache\Home\3da8682377a51f4116c98bfda6b18a92.php 第 145 行.
NOTIC: [8] Use of undefined constant Vocationlist - assumed 'Vocationlist' E:\wamp\www\wanggw\App\Runtime\Cache\Home\3da8682377a51f4116c98bfda6b18a92.php 第 153 行.
NOTIC: [8] Use of undefined constant Codeinput - assumed 'Codeinput' E:\wamp\www\wanggw\App\Runtime\Cache\Home\3da8682377a51f4116c98bfda6b18a92.php 第 154 行.
NOTIC: [8] Use of undefined constant Supportservices - assumed 'Supportservices' E:\wamp\www\wanggw\App\Runtime\Cache\Home\3da8682377a51f4116c98bfda6b18a92.php 第 154 行.
NOTIC: [8] Use of undefined constant Aboutus - assumed 'Aboutus' E:\wamp\www\wanggw\App\Runtime\Cache\Home\3da8682377a51f4116c98bfda6b18a92.php 第 155 行.
INFO: Run Behavior\ParseTemplateBehavior [ RunTime:0.303822s ]
INFO: [ view_parse ] --END-- [ RunTime:0.304154s ]
INFO: [ view_filter ] --START--
INFO: Run Behavior\WriteHtmlCacheBehavior [ RunTime:0.039945s ]
INFO: [ view_filter ] --END-- [ RunTime:0.040299s ]
INFO: [ app_end ] --START--
INFO: Run Behavior\ShowPageTraceBehavior [ RunTime:0.003951s ]
INFO: [ app_end ] --END-- [ RunTime:0.004255s ]

[ 2017-11-12T20:20:11+08:00 ] ::1 /wanggw/
INFO: [ app_init ] --START--
INFO: Run Behavior\BuildLiteBehavior [ RunTime:0.000074s ]
INFO: [ app_init ] --END-- [ RunTime:0.001145s ]
INFO: [ app_begin ] --START--
INFO: Run Behavior\ReadHtmlCacheBehavior [ RunTime:0.001588s ]
INFO: Run Behavior\CheckLangBehavior [ RunTime:0.002871s ]
INFO: [ app_begin ] --END-- [ RunTime:0.005047s ]
SQL: SHOW COLUMNS FROM `qw_setting` [ RunTime:0.0069s ]
SQL: SELECT `k`,`v` FROM `qw_setting`  [ RunTime:0.0005s ]
SQL: SHOW COLUMNS FROM `qw_felgproduct` [ RunTime:0.0076s ]
SQL: SHOW COLUMNS FROM `qw_rflinkerproduct` [ RunTime:0.0078s ]
SQL: SELECT `id`,cn_ftname as name,`xl_type` FROM `qw_felgproduct` WHERE ( search = 1 ) UNION SELECT id,cn_rrname as name,xl_type FROM qw_rflinkerproduct where search=1 [ RunTime:0.0008s ]
NOTIC: [8] Undefined variable: new_live E:\wamp\www\wanggw\App\Home\Controller\ComController.class.php 第 65 行.
SQL: SELECT `id`,cn_ftname as name,`xl_type` FROM `qw_felgproduct` UNION SELECT id,cn_rrname as name,xl_type FROM qw_rflinkerproduct  [ RunTime:0.0008s ]
SQL: SHOW COLUMNS FROM `qw_indexshow` [ RunTime:0.0085s ]
SQL: SELECT `id`,cn_fghzname as fghzname,cn_fghzshow as fghzshow,cn_rrhzname as rrhzname,cn_rrhzshow as rrhzshow,cn_tjhzname as tjhzname,cn_tjhzshow as tjhzshow FROM `qw_indexshow` LIMIT 1   [ RunTime:0.0005s ]
SQL: SHOW COLUMNS FROM `qw_flashview` [ RunTime:0.0089s ]
SQL: SELECT `id`,cn_flashviewpc as flashviewpc,cn_title as title,cn_fwshowpc as fwshowpc,cn_fwlink as fwlink,`fwsort` FROM `qw_flashview` ORDER BY fwsort  [ RunTime:0.0004s ]
SQL: SHOW COLUMNS FROM `qw_felghz` [ RunTime:0.0058s ]
SQL: SELECT `id`,cn_fghz as fghz,cn_fghztitle as fghztitle,cn_fghzimg as fghzimg,`fghzsort` FROM `qw_felghz` ORDER BY fghzsort LIMIT 4   [ RunTime:0.0003s ]
SQL: SHOW COLUMNS FROM `qw_rflinkerhz` [ RunTime:0.0052s ]
SQL: SELECT `id`,cn_rflinkerhz as rflinkerhz,cn_rrtitle as rrtitle,cn_rrimg as rrimg,`rrsort` FROM `qw_rflinkerhz` ORDER BY rrsort LIMIT 4   [ RunTime:0.0003s ]
SQL: SHOW COLUMNS FROM `qw_tuijian` [ RunTime:0.0055s ]
SQL: SELECT `id`,cn_felgname as felgname,cn_rrname as rrname,`type`,`tjsotr` FROM `qw_tuijian` ORDER BY tjsotr  [ RunTime:0.0005s ]
SQL: SHOW COLUMNS FROM `qw_industry` [ RunTime:0.0067s ]
SQL: SELECT `id`,cn_imgiy as imgiy,`iysort` FROM `qw_industry` ORDER BY iysort LIMIT 4   [ RunTime:0.0004s ]
INFO: [ view_parse ] --START--
INFO: [ template_filter ] --START--
INFO: Run Behavior\ContentReplaceBehavior [ RunTime:0.000248s ]
INFO: [ template_filter ] --END-- [ RunTime:0.000438s ]
NOTIC: [8] Use of undefined constant Index - assumed 'Index' E:\wamp\www\wanggw\App\Runtime\Cache\Home\3da8682377a51f4116c98bfda6b18a92.php 第 144 行.
NOTIC: [8] Use of undefined constant Feig - assumed 'Feig' E:\wamp\www\wanggw\App\Runtime\Cache\Home\3da8682377a51f4116c98bfda6b18a92.php 第 145 行.
NOTIC: [8] Use of undefined constant Rflinker - assumed 'Rflinker' E:\wamp\www\wanggw\App\Runtime\Cache\Home\3da8682377a51f4116c98bfda6b18a92.php 第 145 行.
NOTIC: [8] Use of undefined constant Vocationlist - assumed 'Vocationlist' E:\wamp\www\wanggw\App\Runtime\Cache\Home\3da8682377a51f4116c98bfda6b18a92.php 第 153 行.
NOTIC: [8] Use of undefined constant Codeinput - assumed 'Codeinput' E:\wamp\www\wanggw\App\Runtime\Cache\Home\3da8682377a51f4116c98bfda6b18a92.php 第 154 行.
NOTIC: [8] Use of undefined constant Supportservices - assumed 'Supportservices' E:\wamp\www\wanggw\App\Runtime\Cache\Home\3da8682377a51f4116c98bfda6b18a92.php 第 154 行.
NOTIC: [8] Use of undefined constant Aboutus - assumed 'Aboutus' E:\wamp\www\wanggw\App\Runtime\Cache\Home\3da8682377a51f4116c98bfda6b18a92.php 第 155 行.
INFO: Run Behavior\ParseTemplateBehavior [ RunTime:0.067887s ]
INFO: [ view_parse ] --END-- [ RunTime:0.068233s ]
INFO: [ view_filter ] --START--
INFO: Run Behavior\WriteHtmlCacheBehavior [ RunTime:0.000819s ]
INFO: [ view_filter ] --END-- [ RunTime:0.001161s ]
INFO: [ app_end ] --START--
INFO: Run Behavior\ShowPageTraceBehavior [ RunTime:0.001269s ]
INFO: [ app_end ] --END-- [ RunTime:0.001606s ]

[ 2017-11-12T20:20:17+08:00 ] ::1 /wanggw/index.php/Home/Index/Index.html
INFO: [ app_init ] --START--
INFO: Run Behavior\BuildLiteBehavior [ RunTime:0.000040s ]
INFO: [ app_init ] --END-- [ RunTime:0.000713s ]
INFO: [ app_begin ] --START--
INFO: Run Behavior\ReadHtmlCacheBehavior [ RunTime:0.000992s ]
INFO: Run Behavior\CheckLangBehavior [ RunTime:0.001689s ]
INFO: [ app_begin ] --END-- [ RunTime:0.002981s ]
SQL: SHOW COLUMNS FROM `qw_setting` [ RunTime:0.1523s ]
SQL: SELECT `k`,`v` FROM `qw_setting`  [ RunTime:0.0003s ]
SQL: SHOW COLUMNS FROM `qw_felgproduct` [ RunTime:0.0562s ]
SQL: SHOW COLUMNS FROM `qw_rflinkerproduct` [ RunTime:0.0057s ]
SQL: SELECT `id`,cn_ftname as name,`xl_type` FROM `qw_felgproduct` WHERE ( search = 1 ) UNION SELECT id,cn_rrname as name,xl_type FROM qw_rflinkerproduct where search=1 [ RunTime:0.0007s ]
NOTIC: [8] Undefined variable: new_live E:\wamp\www\wanggw\App\Home\Controller\ComController.class.php 第 65 行.
SQL: SELECT `id`,cn_ftname as name,`xl_type` FROM `qw_felgproduct` UNION SELECT id,cn_rrname as name,xl_type FROM qw_rflinkerproduct  [ RunTime:0.0005s ]
SQL: SHOW COLUMNS FROM `qw_indexshow` [ RunTime:0.0054s ]
SQL: SELECT `id`,cn_fghzname as fghzname,cn_fghzshow as fghzshow,cn_rrhzname as rrhzname,cn_rrhzshow as rrhzshow,cn_tjhzname as tjhzname,cn_tjhzshow as tjhzshow FROM `qw_indexshow` LIMIT 1   [ RunTime:0.0005s ]
SQL: SHOW COLUMNS FROM `qw_flashview` [ RunTime:0.0052s ]
SQL: SELECT `id`,cn_flashviewpc as flashviewpc,cn_title as title,cn_fwshowpc as fwshowpc,cn_fwlink as fwlink,`fwsort` FROM `qw_flashview` ORDER BY fwsort  [ RunTime:0.0005s ]
SQL: SHOW COLUMNS FROM `qw_felghz` [ RunTime:0.0055s ]
SQL: SELECT `id`,cn_fghz as fghz,cn_fghztitle as fghztitle,cn_fghzimg as fghzimg,`fghzsort` FROM `qw_felghz` ORDER BY fghzsort LIMIT 4   [ RunTime:0.0003s ]
SQL: SHOW COLUMNS FROM `qw_rflinkerhz` [ RunTime:0.0050s ]
SQL: SELECT `id`,cn_rflinkerhz as rflinkerhz,cn_rrtitle as rrtitle,cn_rrimg as rrimg,`rrsort` FROM `qw_rflinkerhz` ORDER BY rrsort LIMIT 4   [ RunTime:0.0003s ]
SQL: SHOW COLUMNS FROM `qw_tuijian` [ RunTime:0.0053s ]
SQL: SELECT `id`,cn_felgname as felgname,cn_rrname as rrname,`type`,`tjsotr` FROM `qw_tuijian` ORDER BY tjsotr  [ RunTime:0.0004s ]
SQL: SHOW COLUMNS FROM `qw_industry` [ RunTime:0.0063s ]
SQL: SELECT `id`,cn_imgiy as imgiy,`iysort` FROM `qw_industry` ORDER BY iysort LIMIT 4   [ RunTime:0.0004s ]
INFO: [ view_parse ] --START--
INFO: [ template_filter ] --START--
INFO: Run Behavior\ContentReplaceBehavior [ RunTime:0.000365s ]
INFO: [ template_filter ] --END-- [ RunTime:0.000616s ]
NOTIC: [8] Use of undefined constant Index - assumed 'Index' E:\wamp\www\wanggw\App\Runtime\Cache\Home\3da8682377a51f4116c98bfda6b18a92.php 第 144 行.
NOTIC: [8] Use of undefined constant Feig - assumed 'Feig' E:\wamp\www\wanggw\App\Runtime\Cache\Home\3da8682377a51f4116c98bfda6b18a92.php 第 145 行.
NOTIC: [8] Use of undefined constant Rflinker - assumed 'Rflinker' E:\wamp\www\wanggw\App\Runtime\Cache\Home\3da8682377a51f4116c98bfda6b18a92.php 第 145 行.
NOTIC: [8] Use of undefined constant Vocationlist - assumed 'Vocationlist' E:\wamp\www\wanggw\App\Runtime\Cache\Home\3da8682377a51f4116c98bfda6b18a92.php 第 153 行.
NOTIC: [8] Use of undefined constant Codeinput - assumed 'Codeinput' E:\wamp\www\wanggw\App\Runtime\Cache\Home\3da8682377a51f4116c98bfda6b18a92.php 第 154 行.
NOTIC: [8] Use of undefined constant Supportservices - assumed 'Supportservices' E:\wamp\www\wanggw\App\Runtime\Cache\Home\3da8682377a51f4116c98bfda6b18a92.php 第 154 行.
NOTIC: [8] Use of undefined constant Aboutus - assumed 'Aboutus' E:\wamp\www\wanggw\App\Runtime\Cache\Home\3da8682377a51f4116c98bfda6b18a92.php 第 155 行.
INFO: Run Behavior\ParseTemplateBehavior [ RunTime:0.060388s ]
INFO: [ view_parse ] --END-- [ RunTime:0.060562s ]
INFO: [ view_filter ] --START--
INFO: Run Behavior\WriteHtmlCacheBehavior [ RunTime:0.000809s ]
INFO: [ view_filter ] --END-- [ RunTime:0.000975s ]
INFO: [ app_end ] --START--
INFO: Run Behavior\ShowPageTraceBehavior [ RunTime:0.000970s ]
INFO: [ app_end ] --END-- [ RunTime:0.001133s ]

[ 2017-11-12T20:20:17+08:00 ] ::1 /wanggw/
INFO: [ app_init ] --START--
INFO: Run Behavior\BuildLiteBehavior [ RunTime:0.000080s ]
INFO: [ app_init ] --END-- [ RunTime:0.001225s ]
INFO: [ app_begin ] --START--
INFO: Run Behavior\ReadHtmlCacheBehavior [ RunTime:0.001833s ]
INFO: Run Behavior\CheckLangBehavior [ RunTime:0.003493s ]
INFO: [ app_begin ] --END-- [ RunTime:0.006074s ]
SQL: SHOW COLUMNS FROM `qw_setting` [ RunTime:0.0067s ]
SQL: SELECT `k`,`v` FROM `qw_setting`  [ RunTime:0.0003s ]
SQL: SHOW COLUMNS FROM `qw_felgproduct` [ RunTime:0.0076s ]
SQL: SHOW COLUMNS FROM `qw_rflinkerproduct` [ RunTime:0.0067s ]
SQL: SELECT `id`,cn_ftname as name,`xl_type` FROM `qw_felgproduct` WHERE ( search = 1 ) UNION SELECT id,cn_rrname as name,xl_type FROM qw_rflinkerproduct where search=1 [ RunTime:0.0007s ]
NOTIC: [8] Undefined variable: new_live E:\wamp\www\wanggw\App\Home\Controller\ComController.class.php 第 65 行.
SQL: SELECT `id`,cn_ftname as name,`xl_type` FROM `qw_felgproduct` UNION SELECT id,cn_rrname as name,xl_type FROM qw_rflinkerproduct  [ RunTime:0.0007s ]
SQL: SHOW COLUMNS FROM `qw_indexshow` [ RunTime:0.0081s ]
SQL: SELECT `id`,cn_fghzname as fghzname,cn_fghzshow as fghzshow,cn_rrhzname as rrhzname,cn_rrhzshow as rrhzshow,cn_tjhzname as tjhzname,cn_tjhzshow as tjhzshow FROM `qw_indexshow` LIMIT 1   [ RunTime:0.0004s ]
SQL: SHOW COLUMNS FROM `qw_flashview` [ RunTime:0.0080s ]
SQL: SELECT `id`,cn_flashviewpc as flashviewpc,cn_title as title,cn_fwshowpc as fwshowpc,cn_fwlink as fwlink,`fwsort` FROM `qw_flashview` ORDER BY fwsort  [ RunTime:0.0005s ]
SQL: SHOW COLUMNS FROM `qw_felghz` [ RunTime:0.0113s ]
SQL: SELECT `id`,cn_fghz as fghz,cn_fghztitle as fghztitle,cn_fghzimg as fghzimg,`fghzsort` FROM `qw_felghz` ORDER BY fghzsort LIMIT 4   [ RunTime:0.0006s ]
SQL: SHOW COLUMNS FROM `qw_rflinkerhz` [ RunTime:0.0067s ]
SQL: SELECT `id`,cn_rflinkerhz as rflinkerhz,cn_rrtitle as rrtitle,cn_rrimg as rrimg,`rrsort` FROM `qw_rflinkerhz` ORDER BY rrsort LIMIT 4   [ RunTime:0.0003s ]
SQL: SHOW COLUMNS FROM `qw_tuijian` [ RunTime:0.0086s ]
SQL: SELECT `id`,cn_felgname as felgname,cn_rrname as rrname,`type`,`tjsotr` FROM `qw_tuijian` ORDER BY tjsotr  [ RunTime:0.0003s ]
SQL: SHOW COLUMNS FROM `qw_industry` [ RunTime:0.0076s ]
SQL: SELECT `id`,cn_imgiy as imgiy,`iysort` FROM `qw_industry` ORDER BY iysort LIMIT 4   [ RunTime:0.0006s ]
INFO: [ view_parse ] --START--
INFO: [ template_filter ] --START--
INFO: Run Behavior\ContentReplaceBehavior [ RunTime:0.000479s ]
INFO: [ template_filter ] --END-- [ RunTime:0.001071s ]
NOTIC: [8] Use of undefined constant Index - assumed 'Index' E:\wamp\www\wanggw\App\Runtime\Cache\Home\3da8682377a51f4116c98bfda6b18a92.php 第 144 行.
NOTIC: [8] Use of undefined constant Feig - assumed 'Feig' E:\wamp\www\wanggw\App\Runtime\Cache\Home\3da8682377a51f4116c98bfda6b18a92.php 第 145 行.
NOTIC: [8] Use of undefined constant Rflinker - assumed 'Rflinker' E:\wamp\www\wanggw\App\Runtime\Cache\Home\3da8682377a51f4116c98bfda6b18a92.php 第 145 行.
NOTIC: [8] Use of undefined constant Vocationlist - assumed 'Vocationlist' E:\wamp\www\wanggw\App\Runtime\Cache\Home\3da8682377a51f4116c98bfda6b18a92.php 第 153 行.
NOTIC: [8] Use of undefined constant Codeinput - assumed 'Codeinput' E:\wamp\www\wanggw\App\Runtime\Cache\Home\3da8682377a51f4116c98bfda6b18a92.php 第 154 行.
NOTIC: [8] Use of undefined constant Supportservices - assumed 'Supportservices' E:\wamp\www\wanggw\App\Runtime\Cache\Home\3da8682377a51f4116c98bfda6b18a92.php 第 154 行.
NOTIC: [8] Use of undefined constant Aboutus - assumed 'Aboutus' E:\wamp\www\wanggw\App\Runtime\Cache\Home\3da8682377a51f4116c98bfda6b18a92.php 第 155 行.
INFO: Run Behavior\ParseTemplateBehavior [ RunTime:0.088608s ]
INFO: [ view_parse ] --END-- [ RunTime:0.088804s ]
INFO: [ view_filter ] --START--
INFO: Run Behavior\WriteHtmlCacheBehavior [ RunTime:0.000827s ]
INFO: [ view_filter ] --END-- [ RunTime:0.000984s ]
INFO: [ app_end ] --START--
INFO: Run Behavior\ShowPageTraceBehavior [ RunTime:0.000975s ]
INFO: [ app_end ] --END-- [ RunTime:0.001147s ]

[ 2017-11-12T21:53:04+08:00 ] ::1 /wanggw/
INFO: [ app_init ] --START--
INFO: Run Behavior\BuildLiteBehavior [ RunTime:0.000038s ]
INFO: [ app_init ] --END-- [ RunTime:0.000540s ]
INFO: [ app_begin ] --START--
INFO: Run Behavior\ReadHtmlCacheBehavior [ RunTime:0.000755s ]
INFO: Run Behavior\CheckLangBehavior [ RunTime:0.017293s ]
INFO: [ app_begin ] --END-- [ RunTime:0.018364s ]
SQL: SHOW COLUMNS FROM `qw_setting` [ RunTime:0.0059s ]
SQL: SELECT `k`,`v` FROM `qw_setting`  [ RunTime:0.0003s ]
SQL: SHOW COLUMNS FROM `qw_felgproduct` [ RunTime:0.0060s ]
SQL: SHOW COLUMNS FROM `qw_rflinkerproduct` [ RunTime:0.0056s ]
SQL: SELECT `id`,cn_ftname as name,`xl_type` FROM `qw_felgproduct` WHERE ( search = 1 ) UNION SELECT id,cn_rrname as name,xl_type FROM qw_rflinkerproduct where search=1 [ RunTime:0.0007s ]
NOTIC: [8] Undefined variable: new_live E:\wamp\www\wanggw\App\Home\Controller\ComController.class.php 第 65 行.
SQL: SELECT `id`,cn_ftname as name,`xl_type` FROM `qw_felgproduct` UNION SELECT id,cn_rrname as name,xl_type FROM qw_rflinkerproduct  [ RunTime:0.0005s ]
SQL: SHOW COLUMNS FROM `qw_indexshow` [ RunTime:0.0054s ]
SQL: SELECT `id`,cn_fghzname as fghzname,cn_fghzshow as fghzshow,cn_rrhzname as rrhzname,cn_rrhzshow as rrhzshow,cn_tjhzname as tjhzname,cn_tjhzshow as tjhzshow FROM `qw_indexshow` LIMIT 1   [ RunTime:0.0004s ]
SQL: SHOW COLUMNS FROM `qw_flashview` [ RunTime:0.0049s ]
SQL: SELECT `id`,cn_flashviewpc as flashviewpc,cn_title as title,cn_fwshowpc as fwshowpc,cn_fwlink as fwlink,`fwsort` FROM `qw_flashview` ORDER BY fwsort  [ RunTime:0.0004s ]
SQL: SHOW COLUMNS FROM `qw_felghz` [ RunTime:0.0063s ]
SQL: SELECT `id`,cn_fghz as fghz,cn_fghztitle as fghztitle,cn_fghzimg as fghzimg,`fghzsort` FROM `qw_felghz` ORDER BY fghzsort LIMIT 4   [ RunTime:0.0003s ]
SQL: SHOW COLUMNS FROM `qw_rflinkerhz` [ RunTime:0.0053s ]
SQL: SELECT `id`,cn_rflinkerhz as rflinkerhz,cn_rrtitle as rrtitle,cn_rrimg as rrimg,`rrsort` FROM `qw_rflinkerhz` ORDER BY rrsort LIMIT 4   [ RunTime:0.0004s ]
SQL: SHOW COLUMNS FROM `qw_tuijian` [ RunTime:0.0052s ]
SQL: SELECT `id`,cn_felgname as felgname,cn_rrname as rrname,`type`,`tjsotr` FROM `qw_tuijian` ORDER BY tjsotr  [ RunTime:0.0004s ]
SQL: SHOW COLUMNS FROM `qw_industry` [ RunTime:0.0055s ]
SQL: SELECT `id`,cn_imgiy as imgiy,`iysort` FROM `qw_industry` ORDER BY iysort LIMIT 4   [ RunTime:0.0005s ]
INFO: [ view_parse ] --START--
INFO: [ template_filter ] --START--
INFO: Run Behavior\ContentReplaceBehavior [ RunTime:0.000219s ]
INFO: [ template_filter ] --END-- [ RunTime:0.000395s ]
NOTIC: [8] Use of undefined constant Index - assumed 'Index' E:\wamp\www\wanggw\App\Runtime\Cache\Home\3da8682377a51f4116c98bfda6b18a92.php 第 144 行.
NOTIC: [8] Use of undefined constant Feig - assumed 'Feig' E:\wamp\www\wanggw\App\Runtime\Cache\Home\3da8682377a51f4116c98bfda6b18a92.php 第 145 行.
NOTIC: [8] Use of undefined constant Rflinker - assumed 'Rflinker' E:\wamp\www\wanggw\App\Runtime\Cache\Home\3da8682377a51f4116c98bfda6b18a92.php 第 145 行.
NOTIC: [8] Use of undefined constant Vocationlist - assumed 'Vocationlist' E:\wamp\www\wanggw\App\Runtime\Cache\Home\3da8682377a51f4116c98bfda6b18a92.php 第 153 行.
NOTIC: [8] Use of undefined constant Codeinput - assumed 'Codeinput' E:\wamp\www\wanggw\App\Runtime\Cache\Home\3da8682377a51f4116c98bfda6b18a92.php 第 154 行.
NOTIC: [8] Use of undefined constant Supportservices - assumed 'Supportservices' E:\wamp\www\wanggw\App\Runtime\Cache\Home\3da8682377a51f4116c98bfda6b18a92.php 第 154 行.
NOTIC: [8] Use of undefined constant Aboutus - assumed 'Aboutus' E:\wamp\www\wanggw\App\Runtime\Cache\Home\3da8682377a51f4116c98bfda6b18a92.php 第 155 行.
INFO: Run Behavior\ParseTemplateBehavior [ RunTime:0.130698s ]
INFO: [ view_parse ] --END-- [ RunTime:0.130880s ]
INFO: [ view_filter ] --START--
INFO: Run Behavior\WriteHtmlCacheBehavior [ RunTime:0.000815s ]
INFO: [ view_filter ] --END-- [ RunTime:0.000995s ]
INFO: [ app_end ] --START--
INFO: Run Behavior\ShowPageTraceBehavior [ RunTime:0.000921s ]
INFO: [ app_end ] --END-- [ RunTime:0.001248s ]

[ 2017-11-12T21:53:04+08:00 ] ::1 /wanggw/
INFO: [ app_init ] --START--
INFO: Run Behavior\BuildLiteBehavior [ RunTime:0.000073s ]
INFO: [ app_init ] --END-- [ RunTime:0.001046s ]
INFO: [ app_begin ] --START--
INFO: Run Behavior\ReadHtmlCacheBehavior [ RunTime:0.001555s ]
INFO: Run Behavior\CheckLangBehavior [ RunTime:0.003422s ]
INFO: [ app_begin ] --END-- [ RunTime:0.005594s ]
SQL: SHOW COLUMNS FROM `qw_setting` [ RunTime:0.0071s ]
SQL: SELECT `k`,`v` FROM `qw_setting`  [ RunTime:0.0005s ]
SQL: SHOW COLUMNS FROM `qw_felgproduct` [ RunTime:0.0066s ]
SQL: SHOW COLUMNS FROM `qw_rflinkerproduct` [ RunTime:0.0115s ]
SQL: SELECT `id`,cn_ftname as name,`xl_type` FROM `qw_felgproduct` WHERE ( search = 1 ) UNION SELECT id,cn_rrname as name,xl_type FROM qw_rflinkerproduct where search=1 [ RunTime:0.0009s ]
NOTIC: [8] Undefined variable: new_live E:\wamp\www\wanggw\App\Home\Controller\ComController.class.php 第 65 行.
SQL: SELECT `id`,cn_ftname as name,`xl_type` FROM `qw_felgproduct` UNION SELECT id,cn_rrname as name,xl_type FROM qw_rflinkerproduct  [ RunTime:0.0008s ]
SQL: SHOW COLUMNS FROM `qw_indexshow` [ RunTime:0.0087s ]
SQL: SELECT `id`,cn_fghzname as fghzname,cn_fghzshow as fghzshow,cn_rrhzname as rrhzname,cn_rrhzshow as rrhzshow,cn_tjhzname as tjhzname,cn_tjhzshow as tjhzshow FROM `qw_indexshow` LIMIT 1   [ RunTime:0.0005s ]
SQL: SHOW COLUMNS FROM `qw_flashview` [ RunTime:0.0152s ]
SQL: SELECT `id`,cn_flashviewpc as flashviewpc,cn_title as title,cn_fwshowpc as fwshowpc,cn_fwlink as fwlink,`fwsort` FROM `qw_flashview` ORDER BY fwsort  [ RunTime:0.0006s ]
SQL: SHOW COLUMNS FROM `qw_felghz` [ RunTime:0.0151s ]
SQL: SELECT `id`,cn_fghz as fghz,cn_fghztitle as fghztitle,cn_fghzimg as fghzimg,`fghzsort` FROM `qw_felghz` ORDER BY fghzsort LIMIT 4   [ RunTime:0.0009s ]
SQL: SHOW COLUMNS FROM `qw_rflinkerhz` [ RunTime:0.0076s ]
SQL: SELECT `id`,cn_rflinkerhz as rflinkerhz,cn_rrtitle as rrtitle,cn_rrimg as rrimg,`rrsort` FROM `qw_rflinkerhz` ORDER BY rrsort LIMIT 4   [ RunTime:0.0013s ]
SQL: SHOW COLUMNS FROM `qw_tuijian` [ RunTime:0.0110s ]
SQL: SELECT `id`,cn_felgname as felgname,cn_rrname as rrname,`type`,`tjsotr` FROM `qw_tuijian` ORDER BY tjsotr  [ RunTime:0.0005s ]
SQL: SHOW COLUMNS FROM `qw_industry` [ RunTime:0.0120s ]
SQL: SELECT `id`,cn_imgiy as imgiy,`iysort` FROM `qw_industry` ORDER BY iysort LIMIT 4   [ RunTime:0.0007s ]
INFO: [ view_parse ] --START--
INFO: [ template_filter ] --START--
INFO: Run Behavior\ContentReplaceBehavior [ RunTime:0.000418s ]
INFO: [ template_filter ] --END-- [ RunTime:0.000744s ]
NOTIC: [8] Use of undefined constant Index - assumed 'Index' E:\wamp\www\wanggw\App\Runtime\Cache\Home\3da8682377a51f4116c98bfda6b18a92.php 第 144 行.
NOTIC: [8] Use of undefined constant Feig - assumed 'Feig' E:\wamp\www\wanggw\App\Runtime\Cache\Home\3da8682377a51f4116c98bfda6b18a92.php 第 145 行.
NOTIC: [8] Use of undefined constant Rflinker - assumed 'Rflinker' E:\wamp\www\wanggw\App\Runtime\Cache\Home\3da8682377a51f4116c98bfda6b18a92.php 第 145 行.
NOTIC: [8] Use of undefined constant Vocationlist - assumed 'Vocationlist' E:\wamp\www\wanggw\App\Runtime\Cache\Home\3da8682377a51f4116c98bfda6b18a92.php 第 153 行.
NOTIC: [8] Use of undefined constant Codeinput - assumed 'Codeinput' E:\wamp\www\wanggw\App\Runtime\Cache\Home\3da8682377a51f4116c98bfda6b18a92.php 第 154 行.
NOTIC: [8] Use of undefined constant Supportservices - assumed 'Supportservices' E:\wamp\www\wanggw\App\Runtime\Cache\Home\3da8682377a51f4116c98bfda6b18a92.php 第 154 行.
NOTIC: [8] Use of undefined constant Aboutus - assumed 'Aboutus' E:\wamp\www\wanggw\App\Runtime\Cache\Home\3da8682377a51f4116c98bfda6b18a92.php 第 155 行.
INFO: Run Behavior\ParseTemplateBehavior [ RunTime:0.104506s ]
INFO: [ view_parse ] --END-- [ RunTime:0.104828s ]
INFO: [ view_filter ] --START--
INFO: Run Behavior\WriteHtmlCacheBehavior [ RunTime:0.000495s ]
INFO: [ view_filter ] --END-- [ RunTime:0.000660s ]
INFO: [ app_end ] --START--
INFO: Run Behavior\ShowPageTraceBehavior [ RunTime:0.000667s ]
INFO: [ app_end ] --END-- [ RunTime:0.000954s ]

[ 2017-11-12T21:53:12+08:00 ] ::1 /wanggw/index.php/Home/Feig/Index.html
INFO: [ app_init ] --START--
INFO: Run Behavior\BuildLiteBehavior [ RunTime:0.000048s ]
INFO: [ app_init ] --END-- [ RunTime:0.000723s ]
INFO: [ app_begin ] --START--
INFO: Run Behavior\ReadHtmlCacheBehavior [ RunTime:0.000902s ]
INFO: Run Behavior\CheckLangBehavior [ RunTime:0.001458s ]
INFO: [ app_begin ] --END-- [ RunTime:0.002627s ]
SQL: SHOW COLUMNS FROM `qw_setting` [ RunTime:0.0048s ]
SQL: SELECT `k`,`v` FROM `qw_setting`  [ RunTime:0.0003s ]
SQL: SHOW COLUMNS FROM `qw_felgproduct` [ RunTime:0.0055s ]
SQL: SHOW COLUMNS FROM `qw_rflinkerproduct` [ RunTime:0.0061s ]
SQL: SELECT `id`,cn_ftname as name,`xl_type` FROM `qw_felgproduct` WHERE ( search = 1 ) UNION SELECT id,cn_rrname as name,xl_type FROM qw_rflinkerproduct where search=1 [ RunTime:0.0006s ]
NOTIC: [8] Undefined variable: new_live E:\wamp\www\wanggw\App\Home\Controller\ComController.class.php 第 65 行.
SQL: SELECT `id`,cn_ftname as name,`xl_type` FROM `qw_felgproduct` UNION SELECT id,cn_rrname as name,xl_type FROM qw_rflinkerproduct  [ RunTime:0.0004s ]
SQL: SHOW COLUMNS FROM `qw_felghz` [ RunTime:0.0051s ]
SQL: SELECT `id`,cn_fghz as hzname FROM `qw_felghz` ORDER BY fghzsort  [ RunTime:0.0004s ]
SQL: SHOW COLUMNS FROM `qw_felgtype` [ RunTime:0.0047s ]
SQL: SELECT `id`,cn_fgtypename as fgtypename,cn_hzid as hzid FROM `qw_felgtype` ORDER BY fgtypesort  [ RunTime:0.0004s ]
NOTIC: [8] Undefined variable: languagefghz E:\wamp\www\wanggw\App\Home\Controller\FeigController.class.php 第 45 行.
SQL: SELECT `id`,cn_fghz as fghz FROM `qw_felghz` ORDER BY fghzsort LIMIT 1   [ RunTime:0.0010s ]
SQL: SELECT `id`,cn_fgtypename as fgtypename,cn_hzid as hzid FROM `qw_felgtype` WHERE ( cn_hzid = 3 ) ORDER BY fgtypesort  [ RunTime:0.0005s ]
SQL: SELECT `id`,cn_ftname as ftname,cn_ftimg as ftimg,cn_fttitle as ftitle,cn_tid as tid FROM `qw_felgproduct` ORDER BY ftsort  [ RunTime:0.0006s ]
INFO: [ view_parse ] --START--
INFO: [ template_filter ] --START--
INFO: Run Behavior\ContentReplaceBehavior [ RunTime:0.000169s ]
INFO: [ template_filter ] --END-- [ RunTime:0.000355s ]
NOTIC: [8] Use of undefined constant Index - assumed 'Index' E:\wamp\www\wanggw\App\Runtime\Cache\Home\614b3ffa92a2ae5ad11dccce659791e8.php 第 134 行.
NOTIC: [8] Use of undefined constant Feig - assumed 'Feig' E:\wamp\www\wanggw\App\Runtime\Cache\Home\614b3ffa92a2ae5ad11dccce659791e8.php 第 135 行.
NOTIC: [8] Use of undefined constant Vocationlist - assumed 'Vocationlist' E:\wamp\www\wanggw\App\Runtime\Cache\Home\614b3ffa92a2ae5ad11dccce659791e8.php 第 143 行.
NOTIC: [8] Use of undefined constant Codeinput - assumed 'Codeinput' E:\wamp\www\wanggw\App\Runtime\Cache\Home\614b3ffa92a2ae5ad11dccce659791e8.php 第 144 行.
NOTIC: [8] Use of undefined constant Supportservices - assumed 'Supportservices' E:\wamp\www\wanggw\App\Runtime\Cache\Home\614b3ffa92a2ae5ad11dccce659791e8.php 第 144 行.
NOTIC: [8] Use of undefined constant Aboutus - assumed 'Aboutus' E:\wamp\www\wanggw\App\Runtime\Cache\Home\614b3ffa92a2ae5ad11dccce659791e8.php 第 145 行.
INFO: Run Behavior\ParseTemplateBehavior [ RunTime:0.097448s ]
INFO: [ view_parse ] --END-- [ RunTime:0.097807s ]
INFO: [ view_filter ] --START--
INFO: Run Behavior\WriteHtmlCacheBehavior [ RunTime:0.000769s ]
INFO: [ view_filter ] --END-- [ RunTime:0.000951s ]
INFO: [ app_end ] --START--
INFO: Run Behavior\ShowPageTraceBehavior [ RunTime:0.001018s ]
INFO: [ app_end ] --END-- [ RunTime:0.001321s ]

[ 2017-11-12T21:53:16+08:00 ] ::1 /wanggw/index.php/Home/Index/Index/lang/en-us.html
INFO: [ app_init ] --START--
INFO: Run Behavior\BuildLiteBehavior [ RunTime:0.000046s ]
INFO: [ app_init ] --END-- [ RunTime:0.000643s ]
INFO: [ app_begin ] --START--
INFO: Run Behavior\ReadHtmlCacheBehavior [ RunTime:0.000693s ]
INFO: Run Behavior\CheckLangBehavior [ RunTime:0.080697s ]
INFO: [ app_begin ] --END-- [ RunTime:0.081689s ]
SQL: SHOW COLUMNS FROM `qw_setting` [ RunTime:0.0049s ]
SQL: SELECT `k`,`v` FROM `qw_setting`  [ RunTime:0.0003s ]
SQL: SHOW COLUMNS FROM `qw_felgproduct` [ RunTime:0.0056s ]
SQL: SHOW COLUMNS FROM `qw_rflinkerproduct` [ RunTime:0.0051s ]
SQL: SELECT `id`,en_ftname as name,`xl_type` FROM `qw_felgproduct` WHERE ( search = 1 ) UNION SELECT id,en_rrname as name,xl_type FROM qw_rflinkerproduct where search=1 [ RunTime:0.0005s ]
NOTIC: [8] Undefined variable: new_live E:\wamp\www\wanggw\App\Home\Controller\ComController.class.php 第 65 行.
SQL: SELECT `id`,en_ftname as name,`xl_type` FROM `qw_felgproduct` UNION SELECT id,en_rrname as name,xl_type FROM qw_rflinkerproduct  [ RunTime:0.0004s ]
SQL: SHOW COLUMNS FROM `qw_indexshow` [ RunTime:0.0050s ]
SQL: SELECT `id`,en_fghzname as fghzname,en_fghzshow as fghzshow,en_rrhzname as rrhzname,en_rrhzshow as rrhzshow,en_tjhzname as tjhzname,en_tjhzshow as tjhzshow FROM `qw_indexshow` LIMIT 1   [ RunTime:0.0003s ]
SQL: SHOW COLUMNS FROM `qw_flashview` [ RunTime:0.0063s ]
SQL: SELECT `id`,en_flashviewpc as flashviewpc,en_title as title,en_fwshowpc as fwshowpc,en_fwlink as fwlink,`fwsort` FROM `qw_flashview` ORDER BY fwsort  [ RunTime:0.0004s ]
SQL: SHOW COLUMNS FROM `qw_felghz` [ RunTime:0.0057s ]
SQL: SELECT `id`,en_fghz as fghz,en_fghztitle as fghztitle,en_fghzimg as fghzimg,`fghzsort` FROM `qw_felghz` ORDER BY fghzsort LIMIT 4   [ RunTime:0.0004s ]
SQL: SHOW COLUMNS FROM `qw_rflinkerhz` [ RunTime:0.0054s ]
SQL: SELECT `id`,en_rflinkerhz as rflinkerhz,en_rrtitle as rrtitle,en_rrimg as rrimg,`rrsort` FROM `qw_rflinkerhz` ORDER BY rrsort LIMIT 4   [ RunTime:0.0003s ]
SQL: SHOW COLUMNS FROM `qw_tuijian` [ RunTime:0.0049s ]
SQL: SELECT `id`,en_felgname as felgname,en_rrname as rrname,`type`,`tjsotr` FROM `qw_tuijian` ORDER BY tjsotr  [ RunTime:0.0004s ]
SQL: SHOW COLUMNS FROM `qw_industry` [ RunTime:0.0066s ]
SQL: SELECT `id`,en_imgiy as imgiy,`iysort` FROM `qw_industry` ORDER BY iysort LIMIT 4   [ RunTime:0.0003s ]
INFO: [ view_parse ] --START--
INFO: [ template_filter ] --START--
INFO: Run Behavior\ContentReplaceBehavior [ RunTime:0.000248s ]
INFO: [ template_filter ] --END-- [ RunTime:0.000435s ]
NOTIC: [8] Use of undefined constant Index - assumed 'Index' E:\wamp\www\wanggw\App\Runtime\Cache\Home\3da8682377a51f4116c98bfda6b18a92.php 第 144 行.
NOTIC: [8] Use of undefined constant Feig - assumed 'Feig' E:\wamp\www\wanggw\App\Runtime\Cache\Home\3da8682377a51f4116c98bfda6b18a92.php 第 145 行.
NOTIC: [8] Use of undefined constant Rflinker - assumed 'Rflinker' E:\wamp\www\wanggw\App\Runtime\Cache\Home\3da8682377a51f4116c98bfda6b18a92.php 第 145 行.
NOTIC: [8] Use of undefined constant Vocationlist - assumed 'Vocationlist' E:\wamp\www\wanggw\App\Runtime\Cache\Home\3da8682377a51f4116c98bfda6b18a92.php 第 153 行.
NOTIC: [8] Use of undefined constant Codeinput - assumed 'Codeinput' E:\wamp\www\wanggw\App\Runtime\Cache\Home\3da8682377a51f4116c98bfda6b18a92.php 第 154 行.
NOTIC: [8] Use of undefined constant Supportservices - assumed 'Supportservices' E:\wamp\www\wanggw\App\Runtime\Cache\Home\3da8682377a51f4116c98bfda6b18a92.php 第 154 行.
NOTIC: [8] Use of undefined constant Aboutus - assumed 'Aboutus' E:\wamp\www\wanggw\App\Runtime\Cache\Home\3da8682377a51f4116c98bfda6b18a92.php 第 155 行.
INFO: Run Behavior\ParseTemplateBehavior [ RunTime:0.051985s ]
INFO: [ view_parse ] --END-- [ RunTime:0.052160s ]
INFO: [ view_filter ] --START--
INFO: Run Behavior\WriteHtmlCacheBehavior [ RunTime:0.000559s ]
INFO: [ view_filter ] --END-- [ RunTime:0.000799s ]
INFO: [ app_end ] --START--
INFO: Run Behavior\ShowPageTraceBehavior [ RunTime:0.001097s ]
INFO: [ app_end ] --END-- [ RunTime:0.001339s ]

[ 2017-11-12T21:53:16+08:00 ] ::1 /wanggw/
INFO: [ app_init ] --START--
INFO: Run Behavior\BuildLiteBehavior [ RunTime:0.000049s ]
INFO: [ app_init ] --END-- [ RunTime:0.001097s ]
INFO: [ app_begin ] --START--
INFO: Run Behavior\ReadHtmlCacheBehavior [ RunTime:0.001237s ]
INFO: Run Behavior\CheckLangBehavior [ RunTime:0.001958s ]
INFO: [ app_begin ] --END-- [ RunTime:0.003868s ]
SQL: SHOW COLUMNS FROM `qw_setting` [ RunTime:0.0232s ]
SQL: SELECT `k`,`v` FROM `qw_setting`  [ RunTime:0.0015s ]
SQL: SHOW COLUMNS FROM `qw_felgproduct` [ RunTime:0.0121s ]
SQL: SHOW COLUMNS FROM `qw_rflinkerproduct` [ RunTime:0.0136s ]
SQL: SELECT `id`,en_ftname as name,`xl_type` FROM `qw_felgproduct` WHERE ( search = 1 ) UNION SELECT id,en_rrname as name,xl_type FROM qw_rflinkerproduct where search=1 [ RunTime:0.0013s ]
NOTIC: [8] Undefined variable: new_live E:\wamp\www\wanggw\App\Home\Controller\ComController.class.php 第 65 行.
SQL: SELECT `id`,en_ftname as name,`xl_type` FROM `qw_felgproduct` UNION SELECT id,en_rrname as name,xl_type FROM qw_rflinkerproduct  [ RunTime:0.0014s ]
SQL: SHOW COLUMNS FROM `qw_indexshow` [ RunTime:0.0073s ]
SQL: SELECT `id`,en_fghzname as fghzname,en_fghzshow as fghzshow,en_rrhzname as rrhzname,en_rrhzshow as rrhzshow,en_tjhzname as tjhzname,en_tjhzshow as tjhzshow FROM `qw_indexshow` LIMIT 1   [ RunTime:0.0006s ]
SQL: SHOW COLUMNS FROM `qw_flashview` [ RunTime:0.0146s ]
SQL: SELECT `id`,en_flashviewpc as flashviewpc,en_title as title,en_fwshowpc as fwshowpc,en_fwlink as fwlink,`fwsort` FROM `qw_flashview` ORDER BY fwsort  [ RunTime:0.0005s ]
SQL: SHOW COLUMNS FROM `qw_felghz` [ RunTime:0.0072s ]
SQL: SELECT `id`,en_fghz as fghz,en_fghztitle as fghztitle,en_fghzimg as fghzimg,`fghzsort` FROM `qw_felghz` ORDER BY fghzsort LIMIT 4   [ RunTime:0.0018s ]
SQL: SHOW COLUMNS FROM `qw_rflinkerhz` [ RunTime:0.0074s ]
SQL: SELECT `id`,en_rflinkerhz as rflinkerhz,en_rrtitle as rrtitle,en_rrimg as rrimg,`rrsort` FROM `qw_rflinkerhz` ORDER BY rrsort LIMIT 4   [ RunTime:0.0004s ]
SQL: SHOW COLUMNS FROM `qw_tuijian` [ RunTime:0.0077s ]
SQL: SELECT `id`,en_felgname as felgname,en_rrname as rrname,`type`,`tjsotr` FROM `qw_tuijian` ORDER BY tjsotr  [ RunTime:0.0006s ]
SQL: SHOW COLUMNS FROM `qw_industry` [ RunTime:0.0096s ]
SQL: SELECT `id`,en_imgiy as imgiy,`iysort` FROM `qw_industry` ORDER BY iysort LIMIT 4   [ RunTime:0.0005s ]
INFO: [ view_parse ] --START--
INFO: [ template_filter ] --START--
INFO: Run Behavior\ContentReplaceBehavior [ RunTime:0.000308s ]
INFO: [ template_filter ] --END-- [ RunTime:0.000507s ]
NOTIC: [8] Use of undefined constant Index - assumed 'Index' E:\wamp\www\wanggw\App\Runtime\Cache\Home\3da8682377a51f4116c98bfda6b18a92.php 第 144 行.
NOTIC: [8] Use of undefined constant Feig - assumed 'Feig' E:\wamp\www\wanggw\App\Runtime\Cache\Home\3da8682377a51f4116c98bfda6b18a92.php 第 145 行.
NOTIC: [8] Use of undefined constant Rflinker - assumed 'Rflinker' E:\wamp\www\wanggw\App\Runtime\Cache\Home\3da8682377a51f4116c98bfda6b18a92.php 第 145 行.
NOTIC: [8] Use of undefined constant Vocationlist - assumed 'Vocationlist' E:\wamp\www\wanggw\App\Runtime\Cache\Home\3da8682377a51f4116c98bfda6b18a92.php 第 153 行.
NOTIC: [8] Use of undefined constant Codeinput - assumed 'Codeinput' E:\wamp\www\wanggw\App\Runtime\Cache\Home\3da8682377a51f4116c98bfda6b18a92.php 第 154 行.
NOTIC: [8] Use of undefined constant Supportservices - assumed 'Supportservices' E:\wamp\www\wanggw\App\Runtime\Cache\Home\3da8682377a51f4116c98bfda6b18a92.php 第 154 行.
NOTIC: [8] Use of undefined constant Aboutus - assumed 'Aboutus' E:\wamp\www\wanggw\App\Runtime\Cache\Home\3da8682377a51f4116c98bfda6b18a92.php 第 155 行.
INFO: Run Behavior\ParseTemplateBehavior [ RunTime:0.100255s ]
INFO: [ view_parse ] --END-- [ RunTime:0.100600s ]
INFO: [ view_filter ] --START--
INFO: Run Behavior\WriteHtmlCacheBehavior [ RunTime:0.000981s ]
INFO: [ view_filter ] --END-- [ RunTime:0.001743s ]
INFO: [ app_end ] --START--
INFO: Run Behavior\ShowPageTraceBehavior [ RunTime:0.001511s ]
INFO: [ app_end ] --END-- [ RunTime:0.001850s ]

[ 2017-11-12T21:53:22+08:00 ] ::1 /wanggw/index.php/Home/Feig/Index.html
INFO: [ app_init ] --START--
INFO: Run Behavior\BuildLiteBehavior [ RunTime:0.000052s ]
INFO: [ app_init ] --END-- [ RunTime:0.000679s ]
INFO: [ app_begin ] --START--
INFO: Run Behavior\ReadHtmlCacheBehavior [ RunTime:0.000976s ]
INFO: Run Behavior\CheckLangBehavior [ RunTime:0.001910s ]
INFO: [ app_begin ] --END-- [ RunTime:0.003262s ]
SQL: SHOW COLUMNS FROM `qw_setting` [ RunTime:0.0049s ]
SQL: SELECT `k`,`v` FROM `qw_setting`  [ RunTime:0.0004s ]
SQL: SHOW COLUMNS FROM `qw_felgproduct` [ RunTime:0.0061s ]
SQL: SHOW COLUMNS FROM `qw_rflinkerproduct` [ RunTime:0.0063s ]
SQL: SELECT `id`,en_ftname as name,`xl_type` FROM `qw_felgproduct` WHERE ( search = 1 ) UNION SELECT id,en_rrname as name,xl_type FROM qw_rflinkerproduct where search=1 [ RunTime:0.0006s ]
NOTIC: [8] Undefined variable: new_live E:\wamp\www\wanggw\App\Home\Controller\ComController.class.php 第 65 行.
SQL: SELECT `id`,en_ftname as name,`xl_type` FROM `qw_felgproduct` UNION SELECT id,en_rrname as name,xl_type FROM qw_rflinkerproduct  [ RunTime:0.0005s ]
SQL: SHOW COLUMNS FROM `qw_felghz` [ RunTime:0.0051s ]
SQL: SELECT `id`,en_fghz as hzname FROM `qw_felghz` ORDER BY fghzsort  [ RunTime:0.0004s ]
SQL: SHOW COLUMNS FROM `qw_felgtype` [ RunTime:0.0049s ]
SQL: SELECT `id`,en_fgtypename as fgtypename,en_hzid as hzid FROM `qw_felgtype` ORDER BY fgtypesort  [ RunTime:0.0006s ]
NOTIC: [8] Undefined variable: languagefghz E:\wamp\www\wanggw\App\Home\Controller\FeigController.class.php 第 45 行.
SQL: SELECT `id`,en_fghz as fghz FROM `qw_felghz` ORDER BY fghzsort LIMIT 1   [ RunTime:0.0002s ]
SQL: SELECT `id`,en_fgtypename as fgtypename,en_hzid as hzid FROM `qw_felgtype` WHERE ( en_hzid = 3 ) ORDER BY fgtypesort  [ RunTime:0.0003s ]
SQL: SELECT `id`,en_ftname as ftname,en_ftimg as ftimg,en_fttitle as ftitle,en_tid as tid FROM `qw_felgproduct` ORDER BY ftsort  [ RunTime:0.0006s ]
INFO: [ view_parse ] --START--
INFO: [ template_filter ] --START--
INFO: Run Behavior\ContentReplaceBehavior [ RunTime:0.000289s ]
INFO: [ template_filter ] --END-- [ RunTime:0.001239s ]
NOTIC: [8] Use of undefined constant Index - assumed 'Index' E:\wamp\www\wanggw\App\Runtime\Cache\Home\614b3ffa92a2ae5ad11dccce659791e8.php 第 134 行.
NOTIC: [8] Use of undefined constant Feig - assumed 'Feig' E:\wamp\www\wanggw\App\Runtime\Cache\Home\614b3ffa92a2ae5ad11dccce659791e8.php 第 135 行.
NOTIC: [8] Use of undefined constant Vocationlist - assumed 'Vocationlist' E:\wamp\www\wanggw\App\Runtime\Cache\Home\614b3ffa92a2ae5ad11dccce659791e8.php 第 143 行.
NOTIC: [8] Use of undefined constant Codeinput - assumed 'Codeinput' E:\wamp\www\wanggw\App\Runtime\Cache\Home\614b3ffa92a2ae5ad11dccce659791e8.php 第 144 行.
NOTIC: [8] Use of undefined constant Supportservices - assumed 'Supportservices' E:\wamp\www\wanggw\App\Runtime\Cache\Home\614b3ffa92a2ae5ad11dccce659791e8.php 第 144 行.
NOTIC: [8] Use of undefined constant Aboutus - assumed 'Aboutus' E:\wamp\www\wanggw\App\Runtime\Cache\Home\614b3ffa92a2ae5ad11dccce659791e8.php 第 145 行.
INFO: Run Behavior\ParseTemplateBehavior [ RunTime:0.037951s ]
INFO: [ view_parse ] --END-- [ RunTime:0.038121s ]
INFO: [ view_filter ] --START--
INFO: Run Behavior\WriteHtmlCacheBehavior [ RunTime:0.000692s ]
INFO: [ view_filter ] --END-- [ RunTime:0.000871s ]
INFO: [ app_end ] --START--
INFO: Run Behavior\ShowPageTraceBehavior [ RunTime:0.000871s ]
INFO: [ app_end ] --END-- [ RunTime:0.001057s ]

[ 2017-11-12T21:53:22+08:00 ] ::1 /wanggw/index.php/Home/Swiper/index.html?typeid=28&fid=3
INFO: [ app_init ] --START--
INFO: Run Behavior\BuildLiteBehavior [ RunTime:0.000074s ]
INFO: [ app_init ] --END-- [ RunTime:0.001002s ]
INFO: [ app_begin ] --START--
INFO: Run Behavior\ReadHtmlCacheBehavior [ RunTime:0.001307s ]
INFO: Run Behavior\CheckLangBehavior [ RunTime:0.006617s ]
INFO: [ app_begin ] --END-- [ RunTime:0.013386s ]
SQL: SHOW COLUMNS FROM `qw_setting` [ RunTime:0.0061s ]
SQL: SELECT `k`,`v` FROM `qw_setting`  [ RunTime:0.0004s ]
SQL: SHOW COLUMNS FROM `qw_felgproduct` [ RunTime:0.0075s ]
SQL: SHOW COLUMNS FROM `qw_rflinkerproduct` [ RunTime:0.0062s ]
SQL: SELECT `id`,en_ftname as name,`xl_type` FROM `qw_felgproduct` WHERE ( search = 1 ) UNION SELECT id,en_rrname as name,xl_type FROM qw_rflinkerproduct where search=1 [ RunTime:0.0027s ]
NOTIC: [8] Undefined variable: new_live E:\wamp\www\wanggw\App\Home\Controller\ComController.class.php 第 65 行.
SQL: SELECT `id`,en_ftname as name,`xl_type` FROM `qw_felgproduct` UNION SELECT id,en_rrname as name,xl_type FROM qw_rflinkerproduct  [ RunTime:0.0011s ]
SQL: SELECT `id`,en_ftname as ftname,en_ftimg as ftimg,en_fttitle as ftitle,en_tid as tid FROM `qw_felgproduct` WHERE ( en_hzid = 3 and en_tid = 28 ) ORDER BY ftsort  [ RunTime:0.0006s ]
INFO: [ view_parse ] --START--
INFO: [ template_filter ] --START--
INFO: Run Behavior\ContentReplaceBehavior [ RunTime:0.000173s ]
INFO: [ template_filter ] --END-- [ RunTime:0.000528s ]
INFO: Run Behavior\ParseTemplateBehavior [ RunTime:0.042878s ]
INFO: [ view_parse ] --END-- [ RunTime:0.043150s ]
INFO: [ view_filter ] --START--
INFO: Run Behavior\WriteHtmlCacheBehavior [ RunTime:0.000357s ]
INFO: [ view_filter ] --END-- [ RunTime:0.000512s ]
INFO: [ app_end ] --START--
INFO: Run Behavior\ShowPageTraceBehavior [ RunTime:0.000662s ]
INFO: [ app_end ] --END-- [ RunTime:0.000832s ]

[ 2017-11-12T21:53:22+08:00 ] ::1 /wanggw/index.php/Home/Swiper/index.html?typeid=14&fid=3
INFO: [ app_init ] --START--
INFO: Run Behavior\BuildLiteBehavior [ RunTime:0.002361s ]
INFO: [ app_init ] --END-- [ RunTime:0.004416s ]
INFO: [ app_begin ] --START--
INFO: Run Behavior\ReadHtmlCacheBehavior [ RunTime:0.001728s ]
INFO: Run Behavior\CheckLangBehavior [ RunTime:0.010276s ]
INFO: [ app_begin ] --END-- [ RunTime:0.013379s ]
SQL: SHOW COLUMNS FROM `qw_setting` [ RunTime:0.0072s ]
SQL: SELECT `k`,`v` FROM `qw_setting`  [ RunTime:0.0004s ]
SQL: SHOW COLUMNS FROM `qw_felgproduct` [ RunTime:0.0085s ]
SQL: SHOW COLUMNS FROM `qw_rflinkerproduct` [ RunTime:0.0073s ]
SQL: SELECT `id`,en_ftname as name,`xl_type` FROM `qw_felgproduct` WHERE ( search = 1 ) UNION SELECT id,en_rrname as name,xl_type FROM qw_rflinkerproduct where search=1 [ RunTime:0.0007s ]
NOTIC: [8] Undefined variable: new_live E:\wamp\www\wanggw\App\Home\Controller\ComController.class.php 第 65 行.
SQL: SELECT `id`,en_ftname as name,`xl_type` FROM `qw_felgproduct` UNION SELECT id,en_rrname as name,xl_type FROM qw_rflinkerproduct  [ RunTime:0.0019s ]
SQL: SELECT `id`,en_ftname as ftname,en_ftimg as ftimg,en_fttitle as ftitle,en_tid as tid FROM `qw_felgproduct` WHERE ( en_hzid = 3 and en_tid = 14 ) ORDER BY ftsort  [ RunTime:0.0006s ]
INFO: [ view_parse ] --START--
INFO: [ template_filter ] --START--
INFO: Run Behavior\ContentReplaceBehavior [ RunTime:0.000186s ]
INFO: [ template_filter ] --END-- [ RunTime:0.000715s ]
INFO: Run Behavior\ParseTemplateBehavior [ RunTime:0.021202s ]
INFO: [ view_parse ] --END-- [ RunTime:0.021557s ]
INFO: [ view_filter ] --START--
INFO: Run Behavior\WriteHtmlCacheBehavior [ RunTime:0.000979s ]
INFO: [ view_filter ] --END-- [ RunTime:0.001239s ]
INFO: [ app_end ] --START--
INFO: Run Behavior\ShowPageTraceBehavior [ RunTime:0.001202s ]
INFO: [ app_end ] --END-- [ RunTime:0.001472s ]

[ 2017-11-12T21:53:22+08:00 ] ::1 /wanggw/index.php/Home/Swiper/index.html?typeid=15&fid=3
INFO: [ app_init ] --START--
INFO: Run Behavior\BuildLiteBehavior [ RunTime:0.000079s ]
INFO: [ app_init ] --END-- [ RunTime:0.001261s ]
INFO: [ app_begin ] --START--
INFO: Run Behavior\ReadHtmlCacheBehavior [ RunTime:0.001448s ]
INFO: Run Behavior\CheckLangBehavior [ RunTime:0.003903s ]
INFO: [ app_begin ] --END-- [ RunTime:0.005998s ]
SQL: SHOW COLUMNS FROM `qw_setting` [ RunTime:0.0146s ]
SQL: SELECT `k`,`v` FROM `qw_setting`  [ RunTime:0.0005s ]
SQL: SHOW COLUMNS FROM `qw_felgproduct` [ RunTime:0.0072s ]
SQL: SHOW COLUMNS FROM `qw_rflinkerproduct` [ RunTime:0.0072s ]
SQL: SELECT `id`,en_ftname as name,`xl_type` FROM `qw_felgproduct` WHERE ( search = 1 ) UNION SELECT id,en_rrname as name,xl_type FROM qw_rflinkerproduct where search=1 [ RunTime:0.0012s ]
NOTIC: [8] Undefined variable: new_live E:\wamp\www\wanggw\App\Home\Controller\ComController.class.php 第 65 行.
SQL: SELECT `id`,en_ftname as name,`xl_type` FROM `qw_felgproduct` UNION SELECT id,en_rrname as name,xl_type FROM qw_rflinkerproduct  [ RunTime:0.0008s ]
SQL: SELECT `id`,en_ftname as ftname,en_ftimg as ftimg,en_fttitle as ftitle,en_tid as tid FROM `qw_felgproduct` WHERE ( en_hzid = 3 and en_tid = 15 ) ORDER BY ftsort  [ RunTime:0.0007s ]
INFO: [ view_parse ] --START--
INFO: [ template_filter ] --START--
INFO: Run Behavior\ContentReplaceBehavior [ RunTime:0.000101s ]
INFO: [ template_filter ] --END-- [ RunTime:0.000307s ]
INFO: Run Behavior\ParseTemplateBehavior [ RunTime:0.018533s ]
INFO: [ view_parse ] --END-- [ RunTime:0.018820s ]
INFO: [ view_filter ] --START--
INFO: Run Behavior\WriteHtmlCacheBehavior [ RunTime:0.000909s ]
INFO: [ view_filter ] --END-- [ RunTime:0.001236s ]
INFO: [ app_end ] --START--
INFO: Run Behavior\ShowPageTraceBehavior [ RunTime:0.001705s ]
INFO: [ app_end ] --END-- [ RunTime:0.001978s ]

[ 2017-11-12T21:53:30+08:00 ] ::1 /wanggw/index.php/Home/Feighztype/index.html?typeid=24&fid=5
INFO: [ app_init ] --START--
INFO: Run Behavior\BuildLiteBehavior [ RunTime:0.000037s ]
INFO: [ app_init ] --END-- [ RunTime:0.000625s ]
INFO: [ app_begin ] --START--
INFO: Run Behavior\ReadHtmlCacheBehavior [ RunTime:0.000660s ]
INFO: Run Behavior\CheckLangBehavior [ RunTime:0.001482s ]
INFO: [ app_begin ] --END-- [ RunTime:0.002406s ]
SQL: SHOW COLUMNS FROM `qw_setting` [ RunTime:0.0074s ]
SQL: SELECT `k`,`v` FROM `qw_setting`  [ RunTime:0.0004s ]
SQL: SHOW COLUMNS FROM `qw_felgproduct` [ RunTime:0.0072s ]
SQL: SHOW COLUMNS FROM `qw_rflinkerproduct` [ RunTime:0.0095s ]
SQL: SELECT `id`,en_ftname as name,`xl_type` FROM `qw_felgproduct` WHERE ( search = 1 ) UNION SELECT id,en_rrname as name,xl_type FROM qw_rflinkerproduct where search=1 [ RunTime:0.0008s ]
NOTIC: [8] Undefined variable: new_live E:\wamp\www\wanggw\App\Home\Controller\ComController.class.php 第 65 行.
SQL: SELECT `id`,en_ftname as name,`xl_type` FROM `qw_felgproduct` UNION SELECT id,en_rrname as name,xl_type FROM qw_rflinkerproduct  [ RunTime:0.0009s ]
SQL: SHOW COLUMNS FROM `qw_felghz` [ RunTime:0.0059s ]
SQL: SELECT `id`,en_fghz as hzname FROM `qw_felghz` ORDER BY fghzsort  [ RunTime:0.0004s ]
SQL: SHOW COLUMNS FROM `qw_felgtype` [ RunTime:0.0064s ]
SQL: SELECT `id`,en_fgtypename as fgtypename,en_hzid as hzid FROM `qw_felgtype` ORDER BY fgtypesort  [ RunTime:0.0005s ]
SQL: SELECT `id`,en_fgtypename as fgtypename,en_hzid as hzid FROM `qw_felgtype` WHERE ( en_hzid = 5 ) ORDER BY fgtypesort  [ RunTime:0.0006s ]
SQL: SELECT `id`,en_ftname as ftname,en_ftimg as ftimg,en_fttitle as ftitle,en_tid as tid FROM `qw_felgproduct` ORDER BY ftsort asc  [ RunTime:0.0007s ]
INFO: [ view_parse ] --START--
INFO: [ template_filter ] --START--
INFO: Run Behavior\ContentReplaceBehavior [ RunTime:0.000154s ]
INFO: [ template_filter ] --END-- [ RunTime:0.000338s ]
NOTIC: [8] Use of undefined constant Index - assumed 'Index' E:\wamp\www\wanggw\App\Runtime\Cache\Home\bcc0772c476943b2e4444c6b1be8346a.php 第 134 行.
NOTIC: [8] Use of undefined constant Feig - assumed 'Feig' E:\wamp\www\wanggw\App\Runtime\Cache\Home\bcc0772c476943b2e4444c6b1be8346a.php 第 135 行.
NOTIC: [8] Use of undefined constant Rflinker - assumed 'Rflinker' E:\wamp\www\wanggw\App\Runtime\Cache\Home\bcc0772c476943b2e4444c6b1be8346a.php 第 135 行.
NOTIC: [8] Use of undefined constant Vocationlist - assumed 'Vocationlist' E:\wamp\www\wanggw\App\Runtime\Cache\Home\bcc0772c476943b2e4444c6b1be8346a.php 第 143 行.
NOTIC: [8] Use of undefined constant Codeinput - assumed 'Codeinput' E:\wamp\www\wanggw\App\Runtime\Cache\Home\bcc0772c476943b2e4444c6b1be8346a.php 第 144 行.
NOTIC: [8] Use of undefined constant Supportservices - assumed 'Supportservices' E:\wamp\www\wanggw\App\Runtime\Cache\Home\bcc0772c476943b2e4444c6b1be8346a.php 第 144 行.
NOTIC: [8] Use of undefined constant Aboutus - assumed 'Aboutus' E:\wamp\www\wanggw\App\Runtime\Cache\Home\bcc0772c476943b2e4444c6b1be8346a.php 第 145 行.
INFO: Run Behavior\ParseTemplateBehavior [ RunTime:0.236705s ]
INFO: [ view_parse ] --END-- [ RunTime:0.236969s ]
INFO: [ view_filter ] --START--
INFO: Run Behavior\WriteHtmlCacheBehavior [ RunTime:0.000444s ]
INFO: [ view_filter ] --END-- [ RunTime:0.000589s ]
INFO: [ app_end ] --START--
INFO: Run Behavior\ShowPageTraceBehavior [ RunTime:0.000729s ]
INFO: [ app_end ] --END-- [ RunTime:0.000905s ]

[ 2017-11-12T21:53:31+08:00 ] ::1 /wanggw/index.php/Home/Swiper/index.html?typeid=24&fid=5
INFO: [ app_init ] --START--
INFO: Run Behavior\BuildLiteBehavior [ RunTime:0.000075s ]
INFO: [ app_init ] --END-- [ RunTime:0.001022s ]
INFO: [ app_begin ] --START--
INFO: Run Behavior\ReadHtmlCacheBehavior [ RunTime:0.001124s ]
INFO: Run Behavior\CheckLangBehavior [ RunTime:0.002695s ]
INFO: [ app_begin ] --END-- [ RunTime:0.004426s ]
SQL: SHOW COLUMNS FROM `qw_setting` [ RunTime:0.0215s ]
SQL: SELECT `k`,`v` FROM `qw_setting`  [ RunTime:0.0012s ]
SQL: SHOW COLUMNS FROM `qw_felgproduct` [ RunTime:0.1648s ]
SQL: SHOW COLUMNS FROM `qw_rflinkerproduct` [ RunTime:0.0055s ]
SQL: SELECT `id`,en_ftname as name,`xl_type` FROM `qw_felgproduct` WHERE ( search = 1 ) UNION SELECT id,en_rrname as name,xl_type FROM qw_rflinkerproduct where search=1 [ RunTime:0.0005s ]
NOTIC: [8] Undefined variable: new_live E:\wamp\www\wanggw\App\Home\Controller\ComController.class.php 第 65 行.
SQL: SELECT `id`,en_ftname as name,`xl_type` FROM `qw_felgproduct` UNION SELECT id,en_rrname as name,xl_type FROM qw_rflinkerproduct  [ RunTime:0.0004s ]
SQL: SELECT `id`,en_ftname as ftname,en_ftimg as ftimg,en_fttitle as ftitle,en_tid as tid FROM `qw_felgproduct` WHERE ( en_hzid = 5 and en_tid = 24 ) ORDER BY ftsort  [ RunTime:0.0004s ]
INFO: [ view_parse ] --START--
INFO: [ template_filter ] --START--
INFO: Run Behavior\ContentReplaceBehavior [ RunTime:0.000120s ]
INFO: [ template_filter ] --END-- [ RunTime:0.000354s ]
INFO: Run Behavior\ParseTemplateBehavior [ RunTime:0.014542s ]
INFO: [ view_parse ] --END-- [ RunTime:0.014863s ]
INFO: [ view_filter ] --START--
INFO: Run Behavior\WriteHtmlCacheBehavior [ RunTime:0.000536s ]
INFO: [ view_filter ] --END-- [ RunTime:0.000698s ]
INFO: [ app_end ] --START--
INFO: Run Behavior\ShowPageTraceBehavior [ RunTime:0.000683s ]
INFO: [ app_end ] --END-- [ RunTime:0.000842s ]

[ 2017-11-12T21:53:31+08:00 ] ::1 /wanggw/index.php/Home/Swiper/index.html?typeid=29&fid=5
INFO: [ app_init ] --START--
INFO: Run Behavior\BuildLiteBehavior [ RunTime:0.000084s ]
INFO: [ app_init ] --END-- [ RunTime:0.007975s ]
INFO: [ app_begin ] --START--
INFO: Run Behavior\ReadHtmlCacheBehavior [ RunTime:0.001990s ]
INFO: Run Behavior\CheckLangBehavior [ RunTime:0.005770s ]
INFO: [ app_begin ] --END-- [ RunTime:0.008374s ]
SQL: SHOW COLUMNS FROM `qw_setting` [ RunTime:0.0076s ]
SQL: SELECT `k`,`v` FROM `qw_setting`  [ RunTime:0.0006s ]
SQL: SHOW COLUMNS FROM `qw_felgproduct` [ RunTime:0.0088s ]
SQL: SHOW COLUMNS FROM `qw_rflinkerproduct` [ RunTime:0.0101s ]
SQL: SELECT `id`,en_ftname as name,`xl_type` FROM `qw_felgproduct` WHERE ( search = 1 ) UNION SELECT id,en_rrname as name,xl_type FROM qw_rflinkerproduct where search=1 [ RunTime:0.0018s ]
NOTIC: [8] Undefined variable: new_live E:\wamp\www\wanggw\App\Home\Controller\ComController.class.php 第 65 行.
SQL: SELECT `id`,en_ftname as name,`xl_type` FROM `qw_felgproduct` UNION SELECT id,en_rrname as name,xl_type FROM qw_rflinkerproduct  [ RunTime:0.0007s ]
SQL: SELECT `id`,en_ftname as ftname,en_ftimg as ftimg,en_fttitle as ftitle,en_tid as tid FROM `qw_felgproduct` WHERE ( en_hzid = 5 and en_tid = 29 ) ORDER BY ftsort  [ RunTime:0.0008s ]
INFO: [ view_parse ] --START--
INFO: [ template_filter ] --START--
INFO: Run Behavior\ContentReplaceBehavior [ RunTime:0.000107s ]
INFO: [ template_filter ] --END-- [ RunTime:0.000379s ]
INFO: Run Behavior\ParseTemplateBehavior [ RunTime:0.022872s ]
INFO: [ view_parse ] --END-- [ RunTime:0.023173s ]
INFO: [ view_filter ] --START--
INFO: Run Behavior\WriteHtmlCacheBehavior [ RunTime:0.000833s ]
INFO: [ view_filter ] --END-- [ RunTime:0.001005s ]
INFO: [ app_end ] --START--
INFO: Run Behavior\ShowPageTraceBehavior [ RunTime:0.000999s ]
INFO: [ app_end ] --END-- [ RunTime:0.001162s ]

[ 2017-11-12T21:53:53+08:00 ] ::1 /wanggw/index.php/Home/Feighztype/index.html?typeid=13&fid=4
INFO: [ app_init ] --START--
INFO: Run Behavior\BuildLiteBehavior [ RunTime:0.000034s ]
INFO: [ app_init ] --END-- [ RunTime:0.000568s ]
INFO: [ app_begin ] --START--
INFO: Run Behavior\ReadHtmlCacheBehavior [ RunTime:0.000609s ]
INFO: Run Behavior\CheckLangBehavior [ RunTime:0.001444s ]
INFO: [ app_begin ] --END-- [ RunTime:0.002303s ]
SQL: SHOW COLUMNS FROM `qw_setting` [ RunTime:0.0072s ]
SQL: SELECT `k`,`v` FROM `qw_setting`  [ RunTime:0.0004s ]
SQL: SHOW COLUMNS FROM `qw_felgproduct` [ RunTime:0.0055s ]
SQL: SHOW COLUMNS FROM `qw_rflinkerproduct` [ RunTime:0.0064s ]
SQL: SELECT `id`,en_ftname as name,`xl_type` FROM `qw_felgproduct` WHERE ( search = 1 ) UNION SELECT id,en_rrname as name,xl_type FROM qw_rflinkerproduct where search=1 [ RunTime:0.0006s ]
NOTIC: [8] Undefined variable: new_live E:\wamp\www\wanggw\App\Home\Controller\ComController.class.php 第 65 行.
SQL: SELECT `id`,en_ftname as name,`xl_type` FROM `qw_felgproduct` UNION SELECT id,en_rrname as name,xl_type FROM qw_rflinkerproduct  [ RunTime:0.0004s ]
SQL: SHOW COLUMNS FROM `qw_felghz` [ RunTime:0.0068s ]
SQL: SELECT `id`,en_fghz as hzname FROM `qw_felghz` ORDER BY fghzsort  [ RunTime:0.0005s ]
SQL: SHOW COLUMNS FROM `qw_felgtype` [ RunTime:0.0054s ]
SQL: SELECT `id`,en_fgtypename as fgtypename,en_hzid as hzid FROM `qw_felgtype` ORDER BY fgtypesort  [ RunTime:0.0004s ]
SQL: SELECT `id`,en_fgtypename as fgtypename,en_hzid as hzid FROM `qw_felgtype` WHERE ( en_hzid = 4 ) ORDER BY fgtypesort  [ RunTime:0.0004s ]
SQL: SELECT `id`,en_ftname as ftname,en_ftimg as ftimg,en_fttitle as ftitle,en_tid as tid FROM `qw_felgproduct` ORDER BY ftsort asc  [ RunTime:0.0004s ]
INFO: [ view_parse ] --START--
INFO: [ template_filter ] --START--
INFO: Run Behavior\ContentReplaceBehavior [ RunTime:0.000165s ]
INFO: [ template_filter ] --END-- [ RunTime:0.000360s ]
NOTIC: [8] Use of undefined constant Index - assumed 'Index' E:\wamp\www\wanggw\App\Runtime\Cache\Home\bcc0772c476943b2e4444c6b1be8346a.php 第 134 行.
NOTIC: [8] Use of undefined constant Feig - assumed 'Feig' E:\wamp\www\wanggw\App\Runtime\Cache\Home\bcc0772c476943b2e4444c6b1be8346a.php 第 135 行.
NOTIC: [8] Use of undefined constant Rflinker - assumed 'Rflinker' E:\wamp\www\wanggw\App\Runtime\Cache\Home\bcc0772c476943b2e4444c6b1be8346a.php 第 135 行.
NOTIC: [8] Use of undefined constant Vocationlist - assumed 'Vocationlist' E:\wamp\www\wanggw\App\Runtime\Cache\Home\bcc0772c476943b2e4444c6b1be8346a.php 第 143 行.
NOTIC: [8] Use of undefined constant Codeinput - assumed 'Codeinput' E:\wamp\www\wanggw\App\Runtime\Cache\Home\bcc0772c476943b2e4444c6b1be8346a.php 第 144 行.
NOTIC: [8] Use of undefined constant Supportservices - assumed 'Supportservices' E:\wamp\www\wanggw\App\Runtime\Cache\Home\bcc0772c476943b2e4444c6b1be8346a.php 第 144 行.
NOTIC: [8] Use of undefined constant Aboutus - assumed 'Aboutus' E:\wamp\www\wanggw\App\Runtime\Cache\Home\bcc0772c476943b2e4444c6b1be8346a.php 第 145 行.
INFO: Run Behavior\ParseTemplateBehavior [ RunTime:0.034297s ]
INFO: [ view_parse ] --END-- [ RunTime:0.034475s ]
INFO: [ view_filter ] --START--
INFO: Run Behavior\WriteHtmlCacheBehavior [ RunTime:0.000441s ]
INFO: [ view_filter ] --END-- [ RunTime:0.000598s ]
INFO: [ app_end ] --START--
INFO: Run Behavior\ShowPageTraceBehavior [ RunTime:0.000653s ]
INFO: [ app_end ] --END-- [ RunTime:0.000825s ]

[ 2017-11-12T21:53:53+08:00 ] ::1 /wanggw/index.php/Home/Swiper/index.html?typeid=19&fid=4
INFO: [ app_init ] --START--
INFO: Run Behavior\BuildLiteBehavior [ RunTime:0.000095s ]
INFO: [ app_init ] --END-- [ RunTime:0.001301s ]
INFO: [ app_begin ] --START--
INFO: Run Behavior\ReadHtmlCacheBehavior [ RunTime:0.007374s ]
INFO: Run Behavior\CheckLangBehavior [ RunTime:0.005760s ]
INFO: [ app_begin ] --END-- [ RunTime:0.013846s ]
SQL: SHOW COLUMNS FROM `qw_setting` [ RunTime:0.0071s ]
SQL: SELECT `k`,`v` FROM `qw_setting`  [ RunTime:0.0003s ]
SQL: SHOW COLUMNS FROM `qw_felgproduct` [ RunTime:0.0087s ]
SQL: SHOW COLUMNS FROM `qw_rflinkerproduct` [ RunTime:0.0069s ]
SQL: SELECT `id`,en_ftname as name,`xl_type` FROM `qw_felgproduct` WHERE ( search = 1 ) UNION SELECT id,en_rrname as name,xl_type FROM qw_rflinkerproduct where search=1 [ RunTime:0.0006s ]
NOTIC: [8] Undefined variable: new_live E:\wamp\www\wanggw\App\Home\Controller\ComController.class.php 第 65 行.
SQL: SELECT `id`,en_ftname as name,`xl_type` FROM `qw_felgproduct` UNION SELECT id,en_rrname as name,xl_type FROM qw_rflinkerproduct  [ RunTime:0.0006s ]
SQL: SELECT `id`,en_ftname as ftname,en_ftimg as ftimg,en_fttitle as ftitle,en_tid as tid FROM `qw_felgproduct` WHERE ( en_hzid = 4 and en_tid = 19 ) ORDER BY ftsort  [ RunTime:0.0006s ]
INFO: [ view_parse ] --START--
INFO: [ template_filter ] --START--
INFO: Run Behavior\ContentReplaceBehavior [ RunTime:0.000095s ]
INFO: [ template_filter ] --END-- [ RunTime:0.000277s ]
INFO: Run Behavior\ParseTemplateBehavior [ RunTime:0.015440s ]
INFO: [ view_parse ] --END-- [ RunTime:0.015639s ]
INFO: [ view_filter ] --START--
INFO: Run Behavior\WriteHtmlCacheBehavior [ RunTime:0.000448s ]
INFO: [ view_filter ] --END-- [ RunTime:0.000613s ]
INFO: [ app_end ] --START--
INFO: Run Behavior\ShowPageTraceBehavior [ RunTime:0.000680s ]
INFO: [ app_end ] --END-- [ RunTime:0.000854s ]

[ 2017-11-12T21:53:53+08:00 ] ::1 /wanggw/index.php/Home/Swiper/index.html?typeid=13&fid=4
INFO: [ app_init ] --START--
INFO: Run Behavior\BuildLiteBehavior [ RunTime:0.000073s ]
INFO: [ app_init ] --END-- [ RunTime:0.001612s ]
INFO: [ app_begin ] --START--
INFO: Run Behavior\ReadHtmlCacheBehavior [ RunTime:0.001532s ]
INFO: Run Behavior\CheckLangBehavior [ RunTime:0.003916s ]
INFO: [ app_begin ] --END-- [ RunTime:0.006091s ]
SQL: SHOW COLUMNS FROM `qw_setting` [ RunTime:0.2028s ]
SQL: SELECT `k`,`v` FROM `qw_setting`  [ RunTime:0.0005s ]
SQL: SHOW COLUMNS FROM `qw_felgproduct` [ RunTime:0.0073s ]
SQL: SHOW COLUMNS FROM `qw_rflinkerproduct` [ RunTime:0.0052s ]
SQL: SELECT `id`,en_ftname as name,`xl_type` FROM `qw_felgproduct` WHERE ( search = 1 ) UNION SELECT id,en_rrname as name,xl_type FROM qw_rflinkerproduct where search=1 [ RunTime:0.0005s ]
NOTIC: [8] Undefined variable: new_live E:\wamp\www\wanggw\App\Home\Controller\ComController.class.php 第 65 行.
SQL: SELECT `id`,en_ftname as name,`xl_type` FROM `qw_felgproduct` UNION SELECT id,en_rrname as name,xl_type FROM qw_rflinkerproduct  [ RunTime:0.0004s ]
SQL: SELECT `id`,en_ftname as ftname,en_ftimg as ftimg,en_fttitle as ftitle,en_tid as tid FROM `qw_felgproduct` WHERE ( en_hzid = 4 and en_tid = 13 ) ORDER BY ftsort  [ RunTime:0.0004s ]
INFO: [ view_parse ] --START--
INFO: [ template_filter ] --START--
INFO: Run Behavior\ContentReplaceBehavior [ RunTime:0.000092s ]
INFO: [ template_filter ] --END-- [ RunTime:0.000265s ]
INFO: Run Behavior\ParseTemplateBehavior [ RunTime:0.016314s ]
INFO: [ view_parse ] --END-- [ RunTime:0.016537s ]
INFO: [ view_filter ] --START--
INFO: Run Behavior\WriteHtmlCacheBehavior [ RunTime:0.000819s ]
INFO: [ view_filter ] --END-- [ RunTime:0.000994s ]
INFO: [ app_end ] --START--
INFO: Run Behavior\ShowPageTraceBehavior [ RunTime:0.000725s ]
INFO: [ app_end ] --END-- [ RunTime:0.000885s ]

[ 2017-11-12T22:18:34+08:00 ] ::1 /wanggw/index.php/Home/Index/Index.html
INFO: [ app_init ] --START--
INFO: Run Behavior\BuildLiteBehavior [ RunTime:0.000045s ]
INFO: [ app_init ] --END-- [ RunTime:0.001196s ]
INFO: [ app_begin ] --START--
INFO: Run Behavior\ReadHtmlCacheBehavior [ RunTime:0.001195s ]
INFO: Run Behavior\CheckLangBehavior [ RunTime:0.010294s ]
INFO: [ app_begin ] --END-- [ RunTime:0.011852s ]
SQL: SHOW COLUMNS FROM `qw_setting` [ RunTime:0.0066s ]
SQL: SELECT `k`,`v` FROM `qw_setting`  [ RunTime:0.0004s ]
SQL: SHOW COLUMNS FROM `qw_felgproduct` [ RunTime:0.0055s ]
SQL: SHOW COLUMNS FROM `qw_rflinkerproduct` [ RunTime:0.0061s ]
SQL: SELECT `id`,en_ftname as name,`xl_type` FROM `qw_felgproduct` WHERE ( search = 1 ) UNION SELECT id,en_rrname as name,xl_type FROM qw_rflinkerproduct where search=1 [ RunTime:0.0009s ]
NOTIC: [8] Undefined variable: new_live E:\wamp\www\wanggw\App\Home\Controller\ComController.class.php 第 65 行.
SQL: SELECT `id`,en_ftname as name,`xl_type` FROM `qw_felgproduct` UNION SELECT id,en_rrname as name,xl_type FROM qw_rflinkerproduct  [ RunTime:0.0005s ]
SQL: SHOW COLUMNS FROM `qw_indexshow` [ RunTime:0.0053s ]
SQL: SELECT `id`,en_fghzname as fghzname,en_fghzshow as fghzshow,en_rrhzname as rrhzname,en_rrhzshow as rrhzshow,en_tjhzname as tjhzname,en_tjhzshow as tjhzshow FROM `qw_indexshow` LIMIT 1   [ RunTime:0.0005s ]
SQL: SHOW COLUMNS FROM `qw_flashview` [ RunTime:0.0054s ]
SQL: SELECT `id`,en_flashviewpc as flashviewpc,en_title as title,en_fwshowpc as fwshowpc,en_fwlink as fwlink,`fwsort` FROM `qw_flashview` ORDER BY fwsort  [ RunTime:0.0005s ]
SQL: SHOW COLUMNS FROM `qw_felghz` [ RunTime:0.0048s ]
SQL: SELECT `id`,en_fghz as fghz,en_fghztitle as fghztitle,en_fghzimg as fghzimg,`fghzsort` FROM `qw_felghz` ORDER BY fghzsort LIMIT 4   [ RunTime:0.0004s ]
SQL: SHOW COLUMNS FROM `qw_rflinkerhz` [ RunTime:0.0053s ]
SQL: SELECT `id`,en_rflinkerhz as rflinkerhz,en_rrtitle as rrtitle,en_rrimg as rrimg,`rrsort` FROM `qw_rflinkerhz` ORDER BY rrsort LIMIT 4   [ RunTime:0.0004s ]
SQL: SHOW COLUMNS FROM `qw_tuijian` [ RunTime:0.0047s ]
SQL: SELECT `id`,en_felgname as felgname,en_rrname as rrname,`type`,`tjsotr` FROM `qw_tuijian` ORDER BY tjsotr  [ RunTime:0.0004s ]
SQL: SHOW COLUMNS FROM `qw_industry` [ RunTime:0.0082s ]
SQL: SELECT `id`,en_imgiy as imgiy,`iysort` FROM `qw_industry` ORDER BY iysort LIMIT 4   [ RunTime:0.0006s ]
INFO: [ view_parse ] --START--
INFO: [ template_filter ] --START--
INFO: Run Behavior\ContentReplaceBehavior [ RunTime:0.000265s ]
INFO: [ template_filter ] --END-- [ RunTime:0.000490s ]
NOTIC: [8] Use of undefined constant Index - assumed 'Index' E:\wamp\www\wanggw\App\Runtime\Cache\Home\3da8682377a51f4116c98bfda6b18a92.php 第 144 行.
NOTIC: [8] Use of undefined constant Feig - assumed 'Feig' E:\wamp\www\wanggw\App\Runtime\Cache\Home\3da8682377a51f4116c98bfda6b18a92.php 第 145 行.
NOTIC: [8] Use of undefined constant Rflinker - assumed 'Rflinker' E:\wamp\www\wanggw\App\Runtime\Cache\Home\3da8682377a51f4116c98bfda6b18a92.php 第 145 行.
NOTIC: [8] Use of undefined constant Vocationlist - assumed 'Vocationlist' E:\wamp\www\wanggw\App\Runtime\Cache\Home\3da8682377a51f4116c98bfda6b18a92.php 第 153 行.
NOTIC: [8] Use of undefined constant Codeinput - assumed 'Codeinput' E:\wamp\www\wanggw\App\Runtime\Cache\Home\3da8682377a51f4116c98bfda6b18a92.php 第 154 行.
NOTIC: [8] Use of undefined constant Supportservices - assumed 'Supportservices' E:\wamp\www\wanggw\App\Runtime\Cache\Home\3da8682377a51f4116c98bfda6b18a92.php 第 154 行.
NOTIC: [8] Use of undefined constant Aboutus - assumed 'Aboutus' E:\wamp\www\wanggw\App\Runtime\Cache\Home\3da8682377a51f4116c98bfda6b18a92.php 第 155 行.
INFO: Run Behavior\ParseTemplateBehavior [ RunTime:0.385340s ]
INFO: [ view_parse ] --END-- [ RunTime:0.385591s ]
INFO: [ view_filter ] --START--
INFO: Run Behavior\WriteHtmlCacheBehavior [ RunTime:0.024594s ]
INFO: [ view_filter ] --END-- [ RunTime:0.024774s ]
INFO: [ app_end ] --START--
INFO: Run Behavior\ShowPageTraceBehavior [ RunTime:0.003498s ]
INFO: [ app_end ] --END-- [ RunTime:0.003750s ]

[ 2017-11-12T22:18:35+08:00 ] ::1 /wanggw/
INFO: [ app_init ] --START--
INFO: Run Behavior\BuildLiteBehavior [ RunTime:0.000098s ]
INFO: [ app_init ] --END-- [ RunTime:0.001049s ]
INFO: [ app_begin ] --START--
INFO: Run Behavior\ReadHtmlCacheBehavior [ RunTime:0.000841s ]
INFO: Run Behavior\CheckLangBehavior [ RunTime:0.003200s ]
INFO: [ app_begin ] --END-- [ RunTime:0.004610s ]
SQL: SHOW COLUMNS FROM `qw_setting` [ RunTime:0.0088s ]
SQL: SELECT `k`,`v` FROM `qw_setting`  [ RunTime:0.0005s ]
SQL: SHOW COLUMNS FROM `qw_felgproduct` [ RunTime:0.0083s ]
SQL: SHOW COLUMNS FROM `qw_rflinkerproduct` [ RunTime:0.0191s ]
SQL: SELECT `id`,en_ftname as name,`xl_type` FROM `qw_felgproduct` WHERE ( search = 1 ) UNION SELECT id,en_rrname as name,xl_type FROM qw_rflinkerproduct where search=1 [ RunTime:0.0008s ]
NOTIC: [8] Undefined variable: new_live E:\wamp\www\wanggw\App\Home\Controller\ComController.class.php 第 65 行.
SQL: SELECT `id`,en_ftname as name,`xl_type` FROM `qw_felgproduct` UNION SELECT id,en_rrname as name,xl_type FROM qw_rflinkerproduct  [ RunTime:0.0014s ]
SQL: SHOW COLUMNS FROM `qw_indexshow` [ RunTime:0.0435s ]
SQL: SELECT `id`,en_fghzname as fghzname,en_fghzshow as fghzshow,en_rrhzname as rrhzname,en_rrhzshow as rrhzshow,en_tjhzname as tjhzname,en_tjhzshow as tjhzshow FROM `qw_indexshow` LIMIT 1   [ RunTime:0.0004s ]
SQL: SHOW COLUMNS FROM `qw_flashview` [ RunTime:0.0082s ]
SQL: SELECT `id`,en_flashviewpc as flashviewpc,en_title as title,en_fwshowpc as fwshowpc,en_fwlink as fwlink,`fwsort` FROM `qw_flashview` ORDER BY fwsort  [ RunTime:0.0005s ]
SQL: SHOW COLUMNS FROM `qw_felghz` [ RunTime:0.0078s ]
SQL: SELECT `id`,en_fghz as fghz,en_fghztitle as fghztitle,en_fghzimg as fghzimg,`fghzsort` FROM `qw_felghz` ORDER BY fghzsort LIMIT 4   [ RunTime:0.0005s ]
SQL: SHOW COLUMNS FROM `qw_rflinkerhz` [ RunTime:0.0062s ]
SQL: SELECT `id`,en_rflinkerhz as rflinkerhz,en_rrtitle as rrtitle,en_rrimg as rrimg,`rrsort` FROM `qw_rflinkerhz` ORDER BY rrsort LIMIT 4   [ RunTime:0.0004s ]
SQL: SHOW COLUMNS FROM `qw_tuijian` [ RunTime:0.0133s ]
SQL: SELECT `id`,en_felgname as felgname,en_rrname as rrname,`type`,`tjsotr` FROM `qw_tuijian` ORDER BY tjsotr  [ RunTime:0.0006s ]
SQL: SHOW COLUMNS FROM `qw_industry` [ RunTime:0.0083s ]
SQL: SELECT `id`,en_imgiy as imgiy,`iysort` FROM `qw_industry` ORDER BY iysort LIMIT 4   [ RunTime:0.0007s ]
INFO: [ view_parse ] --START--
INFO: [ template_filter ] --START--
INFO: Run Behavior\ContentReplaceBehavior [ RunTime:0.000252s ]
INFO: [ template_filter ] --END-- [ RunTime:0.000440s ]
NOTIC: [8] Use of undefined constant Index - assumed 'Index' E:\wamp\www\wanggw\App\Runtime\Cache\Home\3da8682377a51f4116c98bfda6b18a92.php 第 144 行.
NOTIC: [8] Use of undefined constant Feig - assumed 'Feig' E:\wamp\www\wanggw\App\Runtime\Cache\Home\3da8682377a51f4116c98bfda6b18a92.php 第 145 行.
NOTIC: [8] Use of undefined constant Rflinker - assumed 'Rflinker' E:\wamp\www\wanggw\App\Runtime\Cache\Home\3da8682377a51f4116c98bfda6b18a92.php 第 145 行.
NOTIC: [8] Use of undefined constant Vocationlist - assumed 'Vocationlist' E:\wamp\www\wanggw\App\Runtime\Cache\Home\3da8682377a51f4116c98bfda6b18a92.php 第 153 行.
NOTIC: [8] Use of undefined constant Codeinput - assumed 'Codeinput' E:\wamp\www\wanggw\App\Runtime\Cache\Home\3da8682377a51f4116c98bfda6b18a92.php 第 154 行.
NOTIC: [8] Use of undefined constant Supportservices - assumed 'Supportservices' E:\wamp\www\wanggw\App\Runtime\Cache\Home\3da8682377a51f4116c98bfda6b18a92.php 第 154 行.
NOTIC: [8] Use of undefined constant Aboutus - assumed 'Aboutus' E:\wamp\www\wanggw\App\Runtime\Cache\Home\3da8682377a51f4116c98bfda6b18a92.php 第 155 行.
INFO: Run Behavior\ParseTemplateBehavior [ RunTime:0.088909s ]
INFO: [ view_parse ] --END-- [ RunTime:0.089161s ]
INFO: [ view_filter ] --START--
INFO: Run Behavior\WriteHtmlCacheBehavior [ RunTime:0.000498s ]
INFO: [ view_filter ] --END-- [ RunTime:0.000659s ]
INFO: [ app_end ] --START--
INFO: Run Behavior\ShowPageTraceBehavior [ RunTime:0.001131s ]
INFO: [ app_end ] --END-- [ RunTime:0.001437s ]

[ 2017-11-12T22:18:39+08:00 ] ::1 /wanggw/index.php/Home/Feig/Index.html
INFO: [ app_init ] --START--
INFO: Run Behavior\BuildLiteBehavior [ RunTime:0.000037s ]
INFO: [ app_init ] --END-- [ RunTime:0.000617s ]
INFO: [ app_begin ] --START--
INFO: Run Behavior\ReadHtmlCacheBehavior [ RunTime:0.000652s ]
INFO: Run Behavior\CheckLangBehavior [ RunTime:0.001487s ]
INFO: [ app_begin ] --END-- [ RunTime:0.002433s ]
SQL: SHOW COLUMNS FROM `qw_setting` [ RunTime:0.0054s ]
SQL: SELECT `k`,`v` FROM `qw_setting`  [ RunTime:0.0003s ]
SQL: SHOW COLUMNS FROM `qw_felgproduct` [ RunTime:0.0051s ]
SQL: SHOW COLUMNS FROM `qw_rflinkerproduct` [ RunTime:0.0059s ]
SQL: SELECT `id`,en_ftname as name,`xl_type` FROM `qw_felgproduct` WHERE ( search = 1 ) UNION SELECT id,en_rrname as name,xl_type FROM qw_rflinkerproduct where search=1 [ RunTime:0.0006s ]
NOTIC: [8] Undefined variable: new_live E:\wamp\www\wanggw\App\Home\Controller\ComController.class.php 第 65 行.
SQL: SELECT `id`,en_ftname as name,`xl_type` FROM `qw_felgproduct` UNION SELECT id,en_rrname as name,xl_type FROM qw_rflinkerproduct  [ RunTime:0.0005s ]
SQL: SHOW COLUMNS FROM `qw_felghz` [ RunTime:0.0060s ]
SQL: SELECT `id`,en_fghz as hzname FROM `qw_felghz` ORDER BY fghzsort  [ RunTime:0.0004s ]
SQL: SHOW COLUMNS FROM `qw_felgtype` [ RunTime:0.0051s ]
SQL: SELECT `id`,en_fgtypename as fgtypename,en_hzid as hzid FROM `qw_felgtype` ORDER BY fgtypesort  [ RunTime:0.0006s ]
NOTIC: [8] Undefined variable: languagefghz E:\wamp\www\wanggw\App\Home\Controller\FeigController.class.php 第 45 行.
SQL: SELECT `id`,en_fghz as fghz FROM `qw_felghz` ORDER BY fghzsort LIMIT 1   [ RunTime:0.0003s ]
SQL: SELECT `id`,en_fgtypename as fgtypename,en_hzid as hzid FROM `qw_felgtype` WHERE ( en_hzid = 3 ) ORDER BY fgtypesort  [ RunTime:0.0003s ]
SQL: SELECT `id`,en_ftname as ftname,en_ftimg as ftimg,en_fttitle as ftitle,en_tid as tid FROM `qw_felgproduct` ORDER BY ftsort  [ RunTime:0.0006s ]
INFO: [ view_parse ] --START--
INFO: [ template_filter ] --START--
INFO: Run Behavior\ContentReplaceBehavior [ RunTime:0.000148s ]
INFO: [ template_filter ] --END-- [ RunTime:0.000335s ]
NOTIC: [8] Use of undefined constant Index - assumed 'Index' E:\wamp\www\wanggw\App\Runtime\Cache\Home\614b3ffa92a2ae5ad11dccce659791e8.php 第 134 行.
NOTIC: [8] Use of undefined constant Feig - assumed 'Feig' E:\wamp\www\wanggw\App\Runtime\Cache\Home\614b3ffa92a2ae5ad11dccce659791e8.php 第 135 行.
NOTIC: [8] Use of undefined constant Vocationlist - assumed 'Vocationlist' E:\wamp\www\wanggw\App\Runtime\Cache\Home\614b3ffa92a2ae5ad11dccce659791e8.php 第 143 行.
NOTIC: [8] Use of undefined constant Codeinput - assumed 'Codeinput' E:\wamp\www\wanggw\App\Runtime\Cache\Home\614b3ffa92a2ae5ad11dccce659791e8.php 第 144 行.
NOTIC: [8] Use of undefined constant Supportservices - assumed 'Supportservices' E:\wamp\www\wanggw\App\Runtime\Cache\Home\614b3ffa92a2ae5ad11dccce659791e8.php 第 144 行.
NOTIC: [8] Use of undefined constant Aboutus - assumed 'Aboutus' E:\wamp\www\wanggw\App\Runtime\Cache\Home\614b3ffa92a2ae5ad11dccce659791e8.php 第 145 行.
INFO: Run Behavior\ParseTemplateBehavior [ RunTime:0.076130s ]
INFO: [ view_parse ] --END-- [ RunTime:0.076318s ]
INFO: [ view_filter ] --START--
INFO: Run Behavior\WriteHtmlCacheBehavior [ RunTime:0.000524s ]
INFO: [ view_filter ] --END-- [ RunTime:0.000832s ]
INFO: [ app_end ] --START--
INFO: Run Behavior\ShowPageTraceBehavior [ RunTime:0.001276s ]
INFO: [ app_end ] --END-- [ RunTime:0.001582s ]

[ 2017-11-12T22:18:39+08:00 ] ::1 /wanggw/index.php/Home/Swiper/index.html?typeid=28&fid=3
INFO: [ app_init ] --START--
INFO: Run Behavior\BuildLiteBehavior [ RunTime:0.000073s ]
INFO: [ app_init ] --END-- [ RunTime:0.001102s ]
INFO: [ app_begin ] --START--
INFO: Run Behavior\ReadHtmlCacheBehavior [ RunTime:0.001313s ]
INFO: Run Behavior\CheckLangBehavior [ RunTime:0.003381s ]
INFO: [ app_begin ] --END-- [ RunTime:0.005317s ]
SQL: SHOW COLUMNS FROM `qw_setting` [ RunTime:0.0069s ]
SQL: SELECT `k`,`v` FROM `qw_setting`  [ RunTime:0.0007s ]
SQL: SHOW COLUMNS FROM `qw_felgproduct` [ RunTime:0.0092s ]
SQL: SHOW COLUMNS FROM `qw_rflinkerproduct` [ RunTime:0.0085s ]
SQL: SELECT `id`,en_ftname as name,`xl_type` FROM `qw_felgproduct` WHERE ( search = 1 ) UNION SELECT id,en_rrname as name,xl_type FROM qw_rflinkerproduct where search=1 [ RunTime:0.0008s ]
NOTIC: [8] Undefined variable: new_live E:\wamp\www\wanggw\App\Home\Controller\ComController.class.php 第 65 行.
SQL: SELECT `id`,en_ftname as name,`xl_type` FROM `qw_felgproduct` UNION SELECT id,en_rrname as name,xl_type FROM qw_rflinkerproduct  [ RunTime:0.0008s ]
SQL: SELECT `id`,en_ftname as ftname,en_ftimg as ftimg,en_fttitle as ftitle,en_tid as tid FROM `qw_felgproduct` WHERE ( en_hzid = 3 and en_tid = 28 ) ORDER BY ftsort  [ RunTime:0.0005s ]
INFO: [ view_parse ] --START--
INFO: [ template_filter ] --START--
INFO: Run Behavior\ContentReplaceBehavior [ RunTime:0.000179s ]
INFO: [ template_filter ] --END-- [ RunTime:0.000528s ]
INFO: Run Behavior\ParseTemplateBehavior [ RunTime:0.063786s ]
INFO: [ view_parse ] --END-- [ RunTime:0.064306s ]
INFO: [ view_filter ] --START--
INFO: Run Behavior\WriteHtmlCacheBehavior [ RunTime:0.000663s ]
INFO: [ view_filter ] --END-- [ RunTime:0.000987s ]
INFO: [ app_end ] --START--
INFO: Run Behavior\ShowPageTraceBehavior [ RunTime:0.001250s ]
INFO: [ app_end ] --END-- [ RunTime:0.001647s ]

[ 2017-11-12T22:18:39+08:00 ] ::1 /wanggw/index.php/Home/Swiper/index.html?typeid=14&fid=3
INFO: [ app_init ] --START--
INFO: Run Behavior\BuildLiteBehavior [ RunTime:0.000101s ]
INFO: [ app_init ] --END-- [ RunTime:0.001476s ]
INFO: [ app_begin ] --START--
INFO: Run Behavior\ReadHtmlCacheBehavior [ RunTime:0.001405s ]
INFO: Run Behavior\CheckLangBehavior [ RunTime:0.004782s ]
INFO: [ app_begin ] --END-- [ RunTime:0.006742s ]
SQL: SHOW COLUMNS FROM `qw_setting` [ RunTime:0.0075s ]
SQL: SELECT `k`,`v` FROM `qw_setting`  [ RunTime:0.0004s ]
SQL: SHOW COLUMNS FROM `qw_felgproduct` [ RunTime:0.0087s ]
SQL: SHOW COLUMNS FROM `qw_rflinkerproduct` [ RunTime:0.0255s ]
SQL: SELECT `id`,en_ftname as name,`xl_type` FROM `qw_felgproduct` WHERE ( search = 1 ) UNION SELECT id,en_rrname as name,xl_type FROM qw_rflinkerproduct where search=1 [ RunTime:0.0027s ]
NOTIC: [8] Undefined variable: new_live E:\wamp\www\wanggw\App\Home\Controller\ComController.class.php 第 65 行.
SQL: SELECT `id`,en_ftname as name,`xl_type` FROM `qw_felgproduct` UNION SELECT id,en_rrname as name,xl_type FROM qw_rflinkerproduct  [ RunTime:0.0010s ]
SQL: SELECT `id`,en_ftname as ftname,en_ftimg as ftimg,en_fttitle as ftitle,en_tid as tid FROM `qw_felgproduct` WHERE ( en_hzid = 3 and en_tid = 14 ) ORDER BY ftsort  [ RunTime:0.0005s ]
INFO: [ view_parse ] --START--
INFO: [ template_filter ] --START--
INFO: Run Behavior\ContentReplaceBehavior [ RunTime:0.000211s ]
INFO: [ template_filter ] --END-- [ RunTime:0.000622s ]
INFO: Run Behavior\ParseTemplateBehavior [ RunTime:0.021226s ]
INFO: [ view_parse ] --END-- [ RunTime:0.021638s ]
INFO: [ view_filter ] --START--
INFO: Run Behavior\WriteHtmlCacheBehavior [ RunTime:0.000750s ]
INFO: [ view_filter ] --END-- [ RunTime:0.000989s ]
INFO: [ app_end ] --START--
INFO: Run Behavior\ShowPageTraceBehavior [ RunTime:0.001081s ]
INFO: [ app_end ] --END-- [ RunTime:0.001416s ]

[ 2017-11-12T22:18:39+08:00 ] ::1 /wanggw/index.php/Home/Swiper/index.html?typeid=15&fid=3
INFO: [ app_init ] --START--
INFO: Run Behavior\BuildLiteBehavior [ RunTime:0.000075s ]
INFO: [ app_init ] --END-- [ RunTime:0.003448s ]
INFO: [ app_begin ] --START--
INFO: Run Behavior\ReadHtmlCacheBehavior [ RunTime:0.001612s ]
INFO: Run Behavior\CheckLangBehavior [ RunTime:0.003462s ]
INFO: [ app_begin ] --END-- [ RunTime:0.005615s ]
SQL: SHOW COLUMNS FROM `qw_setting` [ RunTime:0.0075s ]
SQL: SELECT `k`,`v` FROM `qw_setting`  [ RunTime:0.0004s ]
SQL: SHOW COLUMNS FROM `qw_felgproduct` [ RunTime:0.0069s ]
SQL: SHOW COLUMNS FROM `qw_rflinkerproduct` [ RunTime:0.0194s ]
SQL: SELECT `id`,en_ftname as name,`xl_type` FROM `qw_felgproduct` WHERE ( search = 1 ) UNION SELECT id,en_rrname as name,xl_type FROM qw_rflinkerproduct where search=1 [ RunTime:0.0005s ]
NOTIC: [8] Undefined variable: new_live E:\wamp\www\wanggw\App\Home\Controller\ComController.class.php 第 65 行.
SQL: SELECT `id`,en_ftname as name,`xl_type` FROM `qw_felgproduct` UNION SELECT id,en_rrname as name,xl_type FROM qw_rflinkerproduct  [ RunTime:0.0004s ]
SQL: SELECT `id`,en_ftname as ftname,en_ftimg as ftimg,en_fttitle as ftitle,en_tid as tid FROM `qw_felgproduct` WHERE ( en_hzid = 3 and en_tid = 15 ) ORDER BY ftsort  [ RunTime:0.0007s ]
INFO: [ view_parse ] --START--
INFO: [ template_filter ] --START--
INFO: Run Behavior\ContentReplaceBehavior [ RunTime:0.000178s ]
INFO: [ template_filter ] --END-- [ RunTime:0.000495s ]
INFO: Run Behavior\ParseTemplateBehavior [ RunTime:0.021854s ]
INFO: [ view_parse ] --END-- [ RunTime:0.022225s ]
INFO: [ view_filter ] --START--
INFO: Run Behavior\WriteHtmlCacheBehavior [ RunTime:0.000945s ]
INFO: [ view_filter ] --END-- [ RunTime:0.001165s ]
INFO: [ app_end ] --START--
INFO: Run Behavior\ShowPageTraceBehavior [ RunTime:0.001603s ]
INFO: [ app_end ] --END-- [ RunTime:0.001897s ]

[ 2017-11-12T22:18:46+08:00 ] ::1 /wanggw/index.php/Home/Feighztype/index.html?typeid=13&fid=4
INFO: [ app_init ] --START--
INFO: Run Behavior\BuildLiteBehavior [ RunTime:0.000045s ]
INFO: [ app_init ] --END-- [ RunTime:0.000704s ]
INFO: [ app_begin ] --START--
INFO: Run Behavior\ReadHtmlCacheBehavior [ RunTime:0.001340s ]
INFO: Run Behavior\CheckLangBehavior [ RunTime:0.002821s ]
INFO: [ app_begin ] --END-- [ RunTime:0.004591s ]
SQL: SHOW COLUMNS FROM `qw_setting` [ RunTime:0.0053s ]
SQL: SELECT `k`,`v` FROM `qw_setting`  [ RunTime:0.0003s ]
SQL: SHOW COLUMNS FROM `qw_felgproduct` [ RunTime:0.0056s ]
SQL: SHOW COLUMNS FROM `qw_rflinkerproduct` [ RunTime:0.0068s ]
SQL: SELECT `id`,en_ftname as name,`xl_type` FROM `qw_felgproduct` WHERE ( search = 1 ) UNION SELECT id,en_rrname as name,xl_type FROM qw_rflinkerproduct where search=1 [ RunTime:0.0006s ]
NOTIC: [8] Undefined variable: new_live E:\wamp\www\wanggw\App\Home\Controller\ComController.class.php 第 65 行.
SQL: SELECT `id`,en_ftname as name,`xl_type` FROM `qw_felgproduct` UNION SELECT id,en_rrname as name,xl_type FROM qw_rflinkerproduct  [ RunTime:0.0006s ]
SQL: SHOW COLUMNS FROM `qw_felghz` [ RunTime:0.0061s ]
SQL: SELECT `id`,en_fghz as hzname FROM `qw_felghz` ORDER BY fghzsort  [ RunTime:0.0025s ]
SQL: SHOW COLUMNS FROM `qw_felgtype` [ RunTime:0.0062s ]
SQL: SELECT `id`,en_fgtypename as fgtypename,en_hzid as hzid FROM `qw_felgtype` ORDER BY fgtypesort  [ RunTime:0.0006s ]
SQL: SELECT `id`,en_fgtypename as fgtypename,en_hzid as hzid FROM `qw_felgtype` WHERE ( en_hzid = 4 ) ORDER BY fgtypesort  [ RunTime:0.0006s ]
SQL: SELECT `id`,en_ftname as ftname,en_ftimg as ftimg,en_fttitle as ftitle,en_tid as tid FROM `qw_felgproduct` ORDER BY ftsort asc  [ RunTime:0.0006s ]
INFO: [ view_parse ] --START--
INFO: [ template_filter ] --START--
INFO: Run Behavior\ContentReplaceBehavior [ RunTime:0.000153s ]
INFO: [ template_filter ] --END-- [ RunTime:0.000343s ]
NOTIC: [8] Use of undefined constant Index - assumed 'Index' E:\wamp\www\wanggw\App\Runtime\Cache\Home\bcc0772c476943b2e4444c6b1be8346a.php 第 134 行.
NOTIC: [8] Use of undefined constant Feig - assumed 'Feig' E:\wamp\www\wanggw\App\Runtime\Cache\Home\bcc0772c476943b2e4444c6b1be8346a.php 第 135 行.
NOTIC: [8] Use of undefined constant Rflinker - assumed 'Rflinker' E:\wamp\www\wanggw\App\Runtime\Cache\Home\bcc0772c476943b2e4444c6b1be8346a.php 第 135 行.
NOTIC: [8] Use of undefined constant Vocationlist - assumed 'Vocationlist' E:\wamp\www\wanggw\App\Runtime\Cache\Home\bcc0772c476943b2e4444c6b1be8346a.php 第 143 行.
NOTIC: [8] Use of undefined constant Codeinput - assumed 'Codeinput' E:\wamp\www\wanggw\App\Runtime\Cache\Home\bcc0772c476943b2e4444c6b1be8346a.php 第 144 行.
NOTIC: [8] Use of undefined constant Supportservices - assumed 'Supportservices' E:\wamp\www\wanggw\App\Runtime\Cache\Home\bcc0772c476943b2e4444c6b1be8346a.php 第 144 行.
NOTIC: [8] Use of undefined constant Aboutus - assumed 'Aboutus' E:\wamp\www\wanggw\App\Runtime\Cache\Home\bcc0772c476943b2e4444c6b1be8346a.php 第 145 行.
INFO: Run Behavior\ParseTemplateBehavior [ RunTime:0.068437s ]
INFO: [ view_parse ] --END-- [ RunTime:0.068664s ]
INFO: [ view_filter ] --START--
INFO: Run Behavior\WriteHtmlCacheBehavior [ RunTime:0.001079s ]
INFO: [ view_filter ] --END-- [ RunTime:0.001251s ]
INFO: [ app_end ] --START--
INFO: Run Behavior\ShowPageTraceBehavior [ RunTime:0.000974s ]
INFO: [ app_end ] --END-- [ RunTime:0.001135s ]

[ 2017-11-12T22:18:46+08:00 ] ::1 /wanggw/index.php/Home/Swiper/index.html?typeid=13&fid=4
INFO: [ app_init ] --START--
INFO: Run Behavior\BuildLiteBehavior [ RunTime:0.001793s ]
INFO: [ app_init ] --END-- [ RunTime:0.002914s ]
INFO: [ app_begin ] --START--
INFO: Run Behavior\ReadHtmlCacheBehavior [ RunTime:0.001819s ]
INFO: Run Behavior\CheckLangBehavior [ RunTime:0.003991s ]
INFO: [ app_begin ] --END-- [ RunTime:0.006423s ]
SQL: SHOW COLUMNS FROM `qw_setting` [ RunTime:0.0156s ]
SQL: SELECT `k`,`v` FROM `qw_setting`  [ RunTime:0.0005s ]
SQL: SHOW COLUMNS FROM `qw_felgproduct` [ RunTime:0.0136s ]
SQL: SHOW COLUMNS FROM `qw_rflinkerproduct` [ RunTime:0.0098s ]
SQL: SELECT `id`,en_ftname as name,`xl_type` FROM `qw_felgproduct` WHERE ( search = 1 ) UNION SELECT id,en_rrname as name,xl_type FROM qw_rflinkerproduct where search=1 [ RunTime:0.0006s ]
NOTIC: [8] Undefined variable: new_live E:\wamp\www\wanggw\App\Home\Controller\ComController.class.php 第 65 行.
SQL: SELECT `id`,en_ftname as name,`xl_type` FROM `qw_felgproduct` UNION SELECT id,en_rrname as name,xl_type FROM qw_rflinkerproduct  [ RunTime:0.0010s ]
SQL: SELECT `id`,en_ftname as ftname,en_ftimg as ftimg,en_fttitle as ftitle,en_tid as tid FROM `qw_felgproduct` WHERE ( en_hzid = 4 and en_tid = 13 ) ORDER BY ftsort  [ RunTime:0.0006s ]
INFO: [ view_parse ] --START--
INFO: [ template_filter ] --START--
INFO: Run Behavior\ContentReplaceBehavior [ RunTime:0.000458s ]
INFO: [ template_filter ] --END-- [ RunTime:0.001045s ]
INFO: Run Behavior\ParseTemplateBehavior [ RunTime:0.027929s ]
INFO: [ view_parse ] --END-- [ RunTime:0.028129s ]
INFO: [ view_filter ] --START--
INFO: Run Behavior\WriteHtmlCacheBehavior [ RunTime:0.001162s ]
INFO: [ view_filter ] --END-- [ RunTime:0.001430s ]
INFO: [ app_end ] --START--
INFO: Run Behavior\ShowPageTraceBehavior [ RunTime:0.002695s ]
INFO: [ app_end ] --END-- [ RunTime:0.003158s ]

[ 2017-11-12T22:18:46+08:00 ] ::1 /wanggw/index.php/Home/Swiper/index.html?typeid=19&fid=4
INFO: [ app_init ] --START--
INFO: Run Behavior\BuildLiteBehavior [ RunTime:0.000088s ]
INFO: [ app_init ] --END-- [ RunTime:0.001197s ]
INFO: [ app_begin ] --START--
INFO: Run Behavior\ReadHtmlCacheBehavior [ RunTime:0.001274s ]
INFO: Run Behavior\CheckLangBehavior [ RunTime:0.006339s ]
INFO: [ app_begin ] --END-- [ RunTime:0.009355s ]
SQL: SHOW COLUMNS FROM `qw_setting` [ RunTime:0.0065s ]
SQL: SELECT `k`,`v` FROM `qw_setting`  [ RunTime:0.0013s ]
SQL: SHOW COLUMNS FROM `qw_felgproduct` [ RunTime:0.0133s ]
SQL: SHOW COLUMNS FROM `qw_rflinkerproduct` [ RunTime:0.0400s ]
SQL: SELECT `id`,en_ftname as name,`xl_type` FROM `qw_felgproduct` WHERE ( search = 1 ) UNION SELECT id,en_rrname as name,xl_type FROM qw_rflinkerproduct where search=1 [ RunTime:0.0010s ]
NOTIC: [8] Undefined variable: new_live E:\wamp\www\wanggw\App\Home\Controller\ComController.class.php 第 65 行.
SQL: SELECT `id`,en_ftname as name,`xl_type` FROM `qw_felgproduct` UNION SELECT id,en_rrname as name,xl_type FROM qw_rflinkerproduct  [ RunTime:0.0011s ]
SQL: SELECT `id`,en_ftname as ftname,en_ftimg as ftimg,en_fttitle as ftitle,en_tid as tid FROM `qw_felgproduct` WHERE ( en_hzid = 4 and en_tid = 19 ) ORDER BY ftsort  [ RunTime:0.0005s ]
INFO: [ view_parse ] --START--
INFO: [ template_filter ] --START--
INFO: Run Behavior\ContentReplaceBehavior [ RunTime:0.000254s ]
INFO: [ template_filter ] --END-- [ RunTime:0.000796s ]
INFO: Run Behavior\ParseTemplateBehavior [ RunTime:0.018630s ]
INFO: [ view_parse ] --END-- [ RunTime:0.018939s ]
INFO: [ view_filter ] --START--
INFO: Run Behavior\WriteHtmlCacheBehavior [ RunTime:0.000921s ]
INFO: [ view_filter ] --END-- [ RunTime:0.001280s ]
INFO: [ app_end ] --START--
INFO: Run Behavior\ShowPageTraceBehavior [ RunTime:0.001330s ]
INFO: [ app_end ] --END-- [ RunTime:0.001616s ]

