[ 2018-01-25T17:25:39+08:00 ] ::1 /wanggw/
INFO: [ app_init ] --START--
INFO: Run Behavior\BuildLiteBehavior [ RunTime:0.000038s ]
INFO: [ app_init ] --END-- [ RunTime:0.046351s ]
INFO: [ app_begin ] --START--
INFO: Run Behavior\ReadHtmlCacheBehavior [ RunTime:0.018498s ]
INFO: Run Behavior\CheckLangBehavior [ RunTime:0.111727s ]
INFO: [ app_begin ] --END-- [ RunTime:0.130614s ]
SQL: SHOW COLUMNS FROM `qw_setting` [ RunTime:0.5596s ]
SQL: SELECT `k`,`v` FROM `qw_setting`  [ RunTime:0.0279s ]
SQL: SHOW COLUMNS FROM `qw_felgproduct` [ RunTime:0.2180s ]
SQL: SHOW COLUMNS FROM `qw_rflinkerproduct` [ RunTime:0.0329s ]
SQL: SELECT `id`,cn_ftname as name,`xl_type` FROM `qw_felgproduct` WHERE ( search = 1 ) UNION SELECT id,cn_rrname as name,xl_type FROM qw_rflinkerproduct where search=1 [ RunTime:0.0430s ]
NOTIC: [8] Undefined variable: new_live F:\wamp\www\wanggw\App\Home\Controller\ComController.class.php 第 65 行.
SQL: SELECT `id`,cn_ftname as name,`xl_type` FROM `qw_felgproduct` UNION SELECT id,cn_rrname as name,xl_type FROM qw_rflinkerproduct  [ RunTime:0.0008s ]
SQL: SHOW COLUMNS FROM `qw_indexshow` [ RunTime:0.1231s ]
SQL: SELECT `id`,cn_fghzname as fghzname,cn_fghzshow as fghzshow,cn_rrhzname as rrhzname,cn_rrhzshow as rrhzshow,cn_tjhzname as tjhzname,cn_tjhzshow as tjhzshow FROM `qw_indexshow` LIMIT 1   [ RunTime:0.0005s ]
SQL: SHOW COLUMNS FROM `qw_flashview` [ RunTime:0.2545s ]
SQL: SELECT `id`,cn_flashviewpc as flashviewpc,cn_title as title,cn_fwshowpc as fwshowpc,cn_fwlink as fwlink,`fwsort` FROM `qw_flashview` ORDER BY fwsort  [ RunTime:0.0004s ]
SQL: SHOW COLUMNS FROM `qw_felghz` [ RunTime:0.0316s ]
SQL: SELECT `id`,cn_fghz as fghz,cn_fghztitle as fghztitle,cn_fghzimg as fghzimg,`fghzsort` FROM `qw_felghz` ORDER BY fghzsort LIMIT 4   [ RunTime:0.0004s ]
SQL: SHOW COLUMNS FROM `qw_felgtype` [ RunTime:0.0303s ]
SQL: SELECT * FROM `qw_felgtype` WHERE ( cn_hzid = 3 ) ORDER BY fgtypesort LIMIT 1   [ RunTime:0.0004s ]
SQL: SELECT * FROM `qw_felgtype` WHERE ( cn_hzid = 4 ) ORDER BY fgtypesort LIMIT 1   [ RunTime:0.0003s ]
SQL: SELECT * FROM `qw_felgtype` WHERE ( cn_hzid = 5 ) ORDER BY fgtypesort LIMIT 1   [ RunTime:0.0003s ]
SQL: SHOW COLUMNS FROM `qw_rflinkerhz` [ RunTime:0.0601s ]
SQL: SELECT `id`,cn_rflinkerhz as rflinkerhz,cn_rrtitle as rrtitle,cn_rrimg as rrimg,`rrsort` FROM `qw_rflinkerhz` ORDER BY rrsort LIMIT 4   [ RunTime:0.0004s ]
SQL: SHOW COLUMNS FROM `qw_tuijian` [ RunTime:0.0232s ]
SQL: SELECT `id`,cn_felgname as felgname,cn_rrname as rrname,`type`,`tjsotr` FROM `qw_tuijian` ORDER BY tjsotr  [ RunTime:0.0004s ]
SQL: SHOW COLUMNS FROM `qw_industry` [ RunTime:0.0290s ]
SQL: SELECT `id`,cn_imgiy as imgiy,`iysort` FROM `qw_industry` ORDER BY iysort LIMIT 4   [ RunTime:0.0004s ]
INFO: [ view_parse ] --START--
INFO: [ template_filter ] --START--
INFO: Run Behavior\ContentReplaceBehavior [ RunTime:0.000213s ]
INFO: [ template_filter ] --END-- [ RunTime:0.000389s ]
NOTIC: [8] Use of undefined constant Index - assumed 'Index' F:\wamp\www\wanggw\App\Runtime\Cache\Home\3da8682377a51f4116c98bfda6b18a92.php 第 144 行.
NOTIC: [8] Use of undefined constant Feig - assumed 'Feig' F:\wamp\www\wanggw\App\Runtime\Cache\Home\3da8682377a51f4116c98bfda6b18a92.php 第 145 行.
NOTIC: [8] Use of undefined constant Rflinker - assumed 'Rflinker' F:\wamp\www\wanggw\App\Runtime\Cache\Home\3da8682377a51f4116c98bfda6b18a92.php 第 145 行.
NOTIC: [8] Use of undefined constant Vocationlist - assumed 'Vocationlist' F:\wamp\www\wanggw\App\Runtime\Cache\Home\3da8682377a51f4116c98bfda6b18a92.php 第 153 行.
NOTIC: [8] Use of undefined constant Codeinput - assumed 'Codeinput' F:\wamp\www\wanggw\App\Runtime\Cache\Home\3da8682377a51f4116c98bfda6b18a92.php 第 154 行.
NOTIC: [8] Use of undefined constant Supportservices - assumed 'Supportservices' F:\wamp\www\wanggw\App\Runtime\Cache\Home\3da8682377a51f4116c98bfda6b18a92.php 第 154 行.
NOTIC: [8] Use of undefined constant Aboutus - assumed 'Aboutus' F:\wamp\www\wanggw\App\Runtime\Cache\Home\3da8682377a51f4116c98bfda6b18a92.php 第 155 行.
NOTIC: [8] Undefined index: typeid F:\wamp\www\wanggw\App\Runtime\Cache\Home\3da8682377a51f4116c98bfda6b18a92.php 第 233 行.
NOTIC: [8] Undefined index: typeid F:\wamp\www\wanggw\App\Runtime\Cache\Home\3da8682377a51f4116c98bfda6b18a92.php 第 233 行.
INFO: Run Behavior\ParseTemplateBehavior [ RunTime:0.747002s ]
INFO: [ view_parse ] --END-- [ RunTime:0.747193s ]
INFO: [ view_filter ] --START--
INFO: Run Behavior\WriteHtmlCacheBehavior [ RunTime:0.041407s ]
INFO: [ view_filter ] --END-- [ RunTime:0.041592s ]
INFO: [ app_end ] --START--
INFO: Run Behavior\ShowPageTraceBehavior [ RunTime:0.027072s ]
INFO: [ app_end ] --END-- [ RunTime:0.027687s ]

