[ 2018-05-09T03:36:23+08:00 ] 220.181.108.139 /new/index.php/Home/Feighztype/Index/lang/ch-cn.html
INFO: [ app_init ] --START--
INFO: Run Behavior\BuildLiteBehavior [ RunTime:0.000016s ]
INFO: [ app_init ] --END-- [ RunTime:0.000539s ]
INFO: [ app_begin ] --START--
INFO: Run Behavior\ReadHtmlCacheBehavior [ RunTime:0.000644s ]
INFO: Run Behavior\CheckLangBehavior [ RunTime:0.001515s ]
INFO: [ app_begin ] --END-- [ RunTime:0.002234s ]
SQL: SHOW COLUMNS FROM `qw_setting` [ RunTime:0.0881s ]
SQL: SELECT `k`,`v` FROM `qw_setting`  [ RunTime:0.0005s ]
SQL: SHOW COLUMNS FROM `qw_felgproduct` [ RunTime:0.0011s ]
SQL: SHOW COLUMNS FROM `qw_rflinkerproduct` [ RunTime:0.0008s ]
SQL: SELECT `id`,cn_ftname as name,`xl_type` FROM `qw_felgproduct` WHERE ( search = 1 ) UNION SELECT id,cn_rrname as name,xl_type FROM qw_rflinkerproduct where search=1 [ RunTime:0.0005s ]
NOTIC: [8] Undefined variable: new_live /www/web/rflinker_com/public_html/new/App/Home/Controller/ComController.class.php 第 65 行.
SQL: SELECT `id`,cn_ftname as name,`xl_type` FROM `qw_felgproduct` UNION SELECT id,cn_rrname as name,xl_type FROM qw_rflinkerproduct  [ RunTime:0.0004s ]
SQL: SHOW COLUMNS FROM `qw_felghz` [ RunTime:0.0007s ]
SQL: SELECT `id`,cn_fghz as hzname FROM `qw_felghz` ORDER BY fghzsort  [ RunTime:0.0002s ]
SQL: SHOW COLUMNS FROM `qw_felgtype` [ RunTime:0.0007s ]
SQL: SELECT `id`,cn_fgtypename as fgtypename,cn_hzid as hzid FROM `qw_felgtype` ORDER BY fgtypesort  [ RunTime:0.0002s ]
NOTIC: [8] Undefined index: typeid /www/web/rflinker_com/public_html/new/App/Home/Controller/FeighztypeController.class.php 第 39 行.
NOTIC: [8] Undefined index: fid /www/web/rflinker_com/public_html/new/App/Home/Controller/FeighztypeController.class.php 第 40 行.
ERR: SQLSTATE[42000]: Syntax error or access violation: 1064 You have an error in your SQL syntax; check the manual that corresponds to your MySQL server version for the right syntax to use near ') ORDER BY fgtypesort' at line 1

[ 2018-05-09T05:30:50+08:00 ] 203.208.60.169 /new/index.php/Home/Aboutus/Index/lang/ch-cn.html
INFO: [ app_init ] --START--
INFO: Run Behavior\BuildLiteBehavior [ RunTime:0.000018s ]
INFO: [ app_init ] --END-- [ RunTime:0.000553s ]
INFO: [ app_begin ] --START--
INFO: Run Behavior\ReadHtmlCacheBehavior [ RunTime:0.000821s ]
INFO: Run Behavior\CheckLangBehavior [ RunTime:0.001707s ]
INFO: [ app_begin ] --END-- [ RunTime:0.002635s ]
SQL: SHOW COLUMNS FROM `qw_setting` [ RunTime:0.0850s ]
SQL: SELECT `k`,`v` FROM `qw_setting`  [ RunTime:0.0006s ]
SQL: SHOW COLUMNS FROM `qw_felgproduct` [ RunTime:0.0011s ]
SQL: SHOW COLUMNS FROM `qw_rflinkerproduct` [ RunTime:0.0009s ]
SQL: SELECT `id`,cn_ftname as name,`xl_type` FROM `qw_felgproduct` WHERE ( search = 1 ) UNION SELECT id,cn_rrname as name,xl_type FROM qw_rflinkerproduct where search=1 [ RunTime:0.0006s ]
NOTIC: [8] Undefined variable: new_live /www/web/rflinker_com/public_html/new/App/Home/Controller/ComController.class.php 第 65 行.
SQL: SELECT `id`,cn_ftname as name,`xl_type` FROM `qw_felgproduct` UNION SELECT id,cn_rrname as name,xl_type FROM qw_rflinkerproduct  [ RunTime:0.0006s ]
INFO: [ view_parse ] --START--
INFO: [ template_filter ] --START--
INFO: Run Behavior\ContentReplaceBehavior [ RunTime:0.000107s ]
INFO: [ template_filter ] --END-- [ RunTime:0.000197s ]
NOTIC: [8] Use of undefined constant Index - assumed 'Index' /www/web/rflinker_com/public_html/new/App/Runtime/Cache/Home/6d9195a7ccbe058f45cf16e69b231bd7.php 第 71 行.
NOTIC: [8] Use of undefined constant Vocationlist - assumed 'Vocationlist' /www/web/rflinker_com/public_html/new/App/Runtime/Cache/Home/6d9195a7ccbe058f45cf16e69b231bd7.php 第 87 行.
NOTIC: [8] Use of undefined constant Codeinput - assumed 'Codeinput' /www/web/rflinker_com/public_html/new/App/Runtime/Cache/Home/6d9195a7ccbe058f45cf16e69b231bd7.php 第 90 行.
NOTIC: [8] Use of undefined constant Aboutus - assumed 'Aboutus' /www/web/rflinker_com/public_html/new/App/Runtime/Cache/Home/6d9195a7ccbe058f45cf16e69b231bd7.php 第 93 行.
INFO: Run Behavior\ParseTemplateBehavior [ RunTime:0.025365s ]
INFO: [ view_parse ] --END-- [ RunTime:0.025441s ]
INFO: [ view_filter ] --START--
INFO: Run Behavior\WriteHtmlCacheBehavior [ RunTime:0.000615s ]
INFO: [ view_filter ] --END-- [ RunTime:0.000704s ]
INFO: [ app_end ] --START--
INFO: Run Behavior\ShowPageTraceBehavior [ RunTime:0.001007s ]
INFO: [ app_end ] --END-- [ RunTime:0.001069s ]

[ 2018-05-09T18:45:02+08:00 ] 144.217.86.210 /new/index.php/Home/Rflinker/Index.html
INFO: [ app_init ] --START--
INFO: Run Behavior\BuildLiteBehavior [ RunTime:0.000017s ]
INFO: [ app_init ] --END-- [ RunTime:0.000575s ]
INFO: [ app_begin ] --START--
INFO: Run Behavior\ReadHtmlCacheBehavior [ RunTime:0.000814s ]
INFO: Run Behavior\CheckLangBehavior [ RunTime:0.001535s ]
INFO: [ app_begin ] --END-- [ RunTime:0.002455s ]
SQL: SHOW COLUMNS FROM `qw_setting` [ RunTime:0.0030s ]
SQL: SELECT `k`,`v` FROM `qw_setting`  [ RunTime:0.0887s ]
SQL: SHOW COLUMNS FROM `qw_felgproduct` [ RunTime:0.0010s ]
SQL: SHOW COLUMNS FROM `qw_rflinkerproduct` [ RunTime:0.0007s ]
SQL: SELECT `id`,cn_ftname as name,`xl_type` FROM `qw_felgproduct` WHERE ( search = 1 ) UNION SELECT id,cn_rrname as name,xl_type FROM qw_rflinkerproduct where search=1 [ RunTime:0.0005s ]
NOTIC: [8] Undefined variable: new_live /www/web/rflinker_com/public_html/new/App/Home/Controller/ComController.class.php 第 65 行.
SQL: SELECT `id`,cn_ftname as name,`xl_type` FROM `qw_felgproduct` UNION SELECT id,cn_rrname as name,xl_type FROM qw_rflinkerproduct  [ RunTime:0.0004s ]
SQL: SHOW COLUMNS FROM `qw_rflinkerhz` [ RunTime:0.0007s ]
SQL: SELECT `id`,cn_rflinkerhz as hzname FROM `qw_rflinkerhz` ORDER BY rrsort  [ RunTime:0.0002s ]
SQL: SHOW COLUMNS FROM `qw_rflinkertype` [ RunTime:0.0006s ]
SQL: SELECT `id`,cn_rflinkertypename as rflinkertypename,cn_hzid as hzid FROM `qw_rflinkertype` ORDER BY rrtypesort  [ RunTime:0.0002s ]
NOTIC: [8] Undefined variable: languagerflinkerhz /www/web/rflinker_com/public_html/new/App/Home/Controller/RflinkerController.class.php 第 47 行.
SQL: SELECT `id`,cn_rflinkerhz as rflinkerhz FROM `qw_rflinkerhz` ORDER BY rrsort LIMIT 1   [ RunTime:0.0002s ]
SQL: SELECT `id`,cn_rflinkertypename as rflinkertypename,cn_hzid as hzid FROM `qw_rflinkertype` WHERE ( cn_hzid = 19 ) ORDER BY rrtypesort  [ RunTime:0.0002s ]
SQL: SELECT `id`,cn_rrname as rrname,cn_rrimg as rrimg,cn_rrtitle as rrtitle,cn_tid as tid FROM `qw_rflinkerproduct` ORDER BY rrsort  [ RunTime:0.0002s ]
INFO: [ view_parse ] --START--
INFO: [ template_filter ] --START--
INFO: Run Behavior\ContentReplaceBehavior [ RunTime:0.000084s ]
INFO: [ template_filter ] --END-- [ RunTime:0.000130s ]
NOTIC: [8] Use of undefined constant Index - assumed 'Index' /www/web/rflinker_com/public_html/new/App/Runtime/Cache/Home/e01dc9f360dcfa1a7694d7f8f2dee76d.php 第 86 行.
NOTIC: [8] Use of undefined constant Vocationlist - assumed 'Vocationlist' /www/web/rflinker_com/public_html/new/App/Runtime/Cache/Home/e01dc9f360dcfa1a7694d7f8f2dee76d.php 第 102 行.
NOTIC: [8] Use of undefined constant Codeinput - assumed 'Codeinput' /www/web/rflinker_com/public_html/new/App/Runtime/Cache/Home/e01dc9f360dcfa1a7694d7f8f2dee76d.php 第 105 行.
NOTIC: [8] Use of undefined constant Aboutus - assumed 'Aboutus' /www/web/rflinker_com/public_html/new/App/Runtime/Cache/Home/e01dc9f360dcfa1a7694d7f8f2dee76d.php 第 108 行.
INFO: Run Behavior\ParseTemplateBehavior [ RunTime:0.024071s ]
INFO: [ view_parse ] --END-- [ RunTime:0.024122s ]
INFO: [ view_filter ] --START--
INFO: Run Behavior\WriteHtmlCacheBehavior [ RunTime:0.000446s ]
INFO: [ view_filter ] --END-- [ RunTime:0.000484s ]
INFO: [ app_end ] --START--
INFO: Run Behavior\ShowPageTraceBehavior [ RunTime:0.000734s ]
INFO: [ app_end ] --END-- [ RunTime:0.000781s ]

[ 2018-05-09T18:46:07+08:00 ] 144.217.86.210 /new/index.php/Home/Feighztype/index.html
INFO: [ app_init ] --START--
INFO: Run Behavior\BuildLiteBehavior [ RunTime:0.000015s ]
INFO: [ app_init ] --END-- [ RunTime:0.000378s ]
INFO: [ app_begin ] --START--
INFO: Run Behavior\ReadHtmlCacheBehavior [ RunTime:0.000516s ]
INFO: Run Behavior\CheckLangBehavior [ RunTime:0.000779s ]
INFO: [ app_begin ] --END-- [ RunTime:0.001370s ]
SQL: SHOW COLUMNS FROM `qw_setting` [ RunTime:0.0008s ]
SQL: SELECT `k`,`v` FROM `qw_setting`  [ RunTime:0.0002s ]
SQL: SHOW COLUMNS FROM `qw_felgproduct` [ RunTime:0.0007s ]
SQL: SHOW COLUMNS FROM `qw_rflinkerproduct` [ RunTime:0.0007s ]
SQL: SELECT `id`,cn_ftname as name,`xl_type` FROM `qw_felgproduct` WHERE ( search = 1 ) UNION SELECT id,cn_rrname as name,xl_type FROM qw_rflinkerproduct where search=1 [ RunTime:0.0003s ]
NOTIC: [8] Undefined variable: new_live /www/web/rflinker_com/public_html/new/App/Home/Controller/ComController.class.php 第 65 行.
SQL: SELECT `id`,cn_ftname as name,`xl_type` FROM `qw_felgproduct` UNION SELECT id,cn_rrname as name,xl_type FROM qw_rflinkerproduct  [ RunTime:0.0003s ]
SQL: SHOW COLUMNS FROM `qw_felghz` [ RunTime:0.0006s ]
SQL: SELECT `id`,cn_fghz as hzname FROM `qw_felghz` ORDER BY fghzsort  [ RunTime:0.0002s ]
SQL: SHOW COLUMNS FROM `qw_felgtype` [ RunTime:0.0006s ]
SQL: SELECT `id`,cn_fgtypename as fgtypename,cn_hzid as hzid FROM `qw_felgtype` ORDER BY fgtypesort  [ RunTime:0.0002s ]
NOTIC: [8] Undefined index: typeid /www/web/rflinker_com/public_html/new/App/Home/Controller/FeighztypeController.class.php 第 39 行.
NOTIC: [8] Undefined index: fid /www/web/rflinker_com/public_html/new/App/Home/Controller/FeighztypeController.class.php 第 40 行.
ERR: SQLSTATE[42000]: Syntax error or access violation: 1064 You have an error in your SQL syntax; check the manual that corresponds to your MySQL server version for the right syntax to use near ') ORDER BY fgtypesort' at line 1

[ 2018-05-09T18:47:01+08:00 ] 144.217.86.210 /new/index.php/Home/Aboutus/Index.html
INFO: [ app_init ] --START--
INFO: Run Behavior\BuildLiteBehavior [ RunTime:0.000015s ]
INFO: [ app_init ] --END-- [ RunTime:0.000373s ]
INFO: [ app_begin ] --START--
INFO: Run Behavior\ReadHtmlCacheBehavior [ RunTime:0.000433s ]
INFO: Run Behavior\CheckLangBehavior [ RunTime:0.000753s ]
INFO: [ app_begin ] --END-- [ RunTime:0.001279s ]
SQL: SHOW COLUMNS FROM `qw_setting` [ RunTime:0.0008s ]
SQL: SELECT `k`,`v` FROM `qw_setting`  [ RunTime:0.0002s ]
SQL: SHOW COLUMNS FROM `qw_felgproduct` [ RunTime:0.0007s ]
SQL: SHOW COLUMNS FROM `qw_rflinkerproduct` [ RunTime:0.0007s ]
SQL: SELECT `id`,cn_ftname as name,`xl_type` FROM `qw_felgproduct` WHERE ( search = 1 ) UNION SELECT id,cn_rrname as name,xl_type FROM qw_rflinkerproduct where search=1 [ RunTime:0.0003s ]
NOTIC: [8] Undefined variable: new_live /www/web/rflinker_com/public_html/new/App/Home/Controller/ComController.class.php 第 65 行.
SQL: SELECT `id`,cn_ftname as name,`xl_type` FROM `qw_felgproduct` UNION SELECT id,cn_rrname as name,xl_type FROM qw_rflinkerproduct  [ RunTime:0.0004s ]
INFO: [ view_parse ] --START--
INFO: [ template_filter ] --START--
INFO: Run Behavior\ContentReplaceBehavior [ RunTime:0.000066s ]
INFO: [ template_filter ] --END-- [ RunTime:0.000123s ]
NOTIC: [8] Use of undefined constant Index - assumed 'Index' /www/web/rflinker_com/public_html/new/App/Runtime/Cache/Home/6d9195a7ccbe058f45cf16e69b231bd7.php 第 71 行.
NOTIC: [8] Use of undefined constant Vocationlist - assumed 'Vocationlist' /www/web/rflinker_com/public_html/new/App/Runtime/Cache/Home/6d9195a7ccbe058f45cf16e69b231bd7.php 第 87 行.
NOTIC: [8] Use of undefined constant Codeinput - assumed 'Codeinput' /www/web/rflinker_com/public_html/new/App/Runtime/Cache/Home/6d9195a7ccbe058f45cf16e69b231bd7.php 第 90 行.
NOTIC: [8] Use of undefined constant Aboutus - assumed 'Aboutus' /www/web/rflinker_com/public_html/new/App/Runtime/Cache/Home/6d9195a7ccbe058f45cf16e69b231bd7.php 第 93 行.
INFO: Run Behavior\ParseTemplateBehavior [ RunTime:0.010621s ]
INFO: [ view_parse ] --END-- [ RunTime:0.010666s ]
INFO: [ view_filter ] --START--
INFO: Run Behavior\WriteHtmlCacheBehavior [ RunTime:0.000189s ]
INFO: [ view_filter ] --END-- [ RunTime:0.000225s ]
INFO: [ app_end ] --START--
INFO: Run Behavior\ShowPageTraceBehavior [ RunTime:0.000436s ]
INFO: [ app_end ] --END-- [ RunTime:0.000483s ]

[ 2018-05-09T18:47:27+08:00 ] 144.217.86.210 /new/index.php/Home/Vocationlistmain/index.html
INFO: [ app_init ] --START--
INFO: Run Behavior\BuildLiteBehavior [ RunTime:0.000015s ]
INFO: [ app_init ] --END-- [ RunTime:0.000339s ]
INFO: [ app_begin ] --START--
INFO: Run Behavior\ReadHtmlCacheBehavior [ RunTime:0.000419s ]
INFO: Run Behavior\CheckLangBehavior [ RunTime:0.000717s ]
INFO: [ app_begin ] --END-- [ RunTime:0.001223s ]
SQL: SHOW COLUMNS FROM `qw_setting` [ RunTime:0.0009s ]
SQL: SELECT `k`,`v` FROM `qw_setting`  [ RunTime:0.0002s ]
SQL: SHOW COLUMNS FROM `qw_felgproduct` [ RunTime:0.0008s ]
SQL: SHOW COLUMNS FROM `qw_rflinkerproduct` [ RunTime:0.0008s ]
SQL: SELECT `id`,cn_ftname as name,`xl_type` FROM `qw_felgproduct` WHERE ( search = 1 ) UNION SELECT id,cn_rrname as name,xl_type FROM qw_rflinkerproduct where search=1 [ RunTime:0.0004s ]
NOTIC: [8] Undefined variable: new_live /www/web/rflinker_com/public_html/new/App/Home/Controller/ComController.class.php 第 65 行.
SQL: SELECT `id`,cn_ftname as name,`xl_type` FROM `qw_felgproduct` UNION SELECT id,cn_rrname as name,xl_type FROM qw_rflinkerproduct  [ RunTime:0.0003s ]
NOTIC: [8] Undefined index: id /www/web/rflinker_com/public_html/new/App/Home/Controller/VocationlistmainController.class.php 第 13 行.
SQL: SHOW COLUMNS FROM `qw_industry` [ RunTime:0.0009s ]
SQL: SELECT `id`,cn_nameiy as nameiy,cn_iycontent as iycontent,cn_iylogo as iylogo,cn_logoshow as logoshow,cn_anli1 as anli1,cn_anli2 as anli2,cn_anli3 as anli3,cn_anli1show as anli1show,cn_anli2show as anli2show,cn_anli3show as anli3show,cn_linksiy as linksiy,`cn_logoshow`,cn_anliname1 as anliname1,cn_anliname2 as anliname2,cn_anliname3 as anliname3 FROM `qw_industry` WHERE `id` = null LIMIT 1   [ RunTime:0.0002s ]
ERR: SQLSTATE[42000]: Syntax error or access violation: 1064 You have an error in your SQL syntax; check the manual that corresponds to your MySQL server version for the right syntax to use near ') LIMIT 1' at line 1

[ 2018-05-09T18:48:03+08:00 ] 144.217.86.210 /new/index.php/Home/Vocationlistmain/index.html?id=19
INFO: [ app_init ] --START--
INFO: Run Behavior\BuildLiteBehavior [ RunTime:0.000027s ]
INFO: [ app_init ] --END-- [ RunTime:0.000396s ]
INFO: [ app_begin ] --START--
INFO: Run Behavior\ReadHtmlCacheBehavior [ RunTime:0.000700s ]
INFO: Run Behavior\CheckLangBehavior [ RunTime:0.001206s ]
INFO: [ app_begin ] --END-- [ RunTime:0.002022s ]
SQL: SHOW COLUMNS FROM `qw_setting` [ RunTime:0.0008s ]
SQL: SELECT `k`,`v` FROM `qw_setting`  [ RunTime:0.0001s ]
SQL: SHOW COLUMNS FROM `qw_felgproduct` [ RunTime:0.0007s ]
SQL: SHOW COLUMNS FROM `qw_rflinkerproduct` [ RunTime:0.0007s ]
SQL: SELECT `id`,cn_ftname as name,`xl_type` FROM `qw_felgproduct` WHERE ( search = 1 ) UNION SELECT id,cn_rrname as name,xl_type FROM qw_rflinkerproduct where search=1 [ RunTime:0.0003s ]
NOTIC: [8] Undefined variable: new_live /www/web/rflinker_com/public_html/new/App/Home/Controller/ComController.class.php 第 65 行.
SQL: SELECT `id`,cn_ftname as name,`xl_type` FROM `qw_felgproduct` UNION SELECT id,cn_rrname as name,xl_type FROM qw_rflinkerproduct  [ RunTime:0.0004s ]
SQL: SHOW COLUMNS FROM `qw_industry` [ RunTime:0.0007s ]
SQL: SELECT `id`,cn_nameiy as nameiy,cn_iycontent as iycontent,cn_iylogo as iylogo,cn_logoshow as logoshow,cn_anli1 as anli1,cn_anli2 as anli2,cn_anli3 as anli3,cn_anli1show as anli1show,cn_anli2show as anli2show,cn_anli3show as anli3show,cn_linksiy as linksiy,`cn_logoshow`,cn_anliname1 as anliname1,cn_anliname2 as anliname2,cn_anliname3 as anliname3 FROM `qw_industry` WHERE `id` = 19 LIMIT 1   [ RunTime:0.0002s ]
SQL: SELECT `id`,cn_nameiy as nameiy,cn_iycontent as iycontent FROM `qw_industry` WHERE ( id = 19 ) LIMIT 1   [ RunTime:0.0002s ]
SQL: SHOW COLUMNS FROM `qw_industryimgs` [ RunTime:0.0005s ]
SQL: SELECT `id`,cn_iyimgs as iyimgs FROM `qw_industryimgs` WHERE `iyid` = 19 ORDER BY iyimgssort  [ RunTime:0.0002s ]
INFO: [ view_parse ] --START--
INFO: [ template_filter ] --START--
INFO: Run Behavior\ContentReplaceBehavior [ RunTime:0.000071s ]
INFO: [ template_filter ] --END-- [ RunTime:0.000115s ]
NOTIC: [8] Use of undefined constant Index - assumed 'Index' /www/web/rflinker_com/public_html/new/App/Runtime/Cache/Home/6caa58430904c3fc15e164a15e4ff995.php 第 127 行.
NOTIC: [8] Use of undefined constant Vocationlist - assumed 'Vocationlist' /www/web/rflinker_com/public_html/new/App/Runtime/Cache/Home/6caa58430904c3fc15e164a15e4ff995.php 第 143 行.
NOTIC: [8] Use of undefined constant Codeinput - assumed 'Codeinput' /www/web/rflinker_com/public_html/new/App/Runtime/Cache/Home/6caa58430904c3fc15e164a15e4ff995.php 第 146 行.
NOTIC: [8] Use of undefined constant Aboutus - assumed 'Aboutus' /www/web/rflinker_com/public_html/new/App/Runtime/Cache/Home/6caa58430904c3fc15e164a15e4ff995.php 第 149 行.
INFO: Run Behavior\ParseTemplateBehavior [ RunTime:0.011241s ]
INFO: [ view_parse ] --END-- [ RunTime:0.011281s ]
INFO: [ view_filter ] --START--
INFO: Run Behavior\WriteHtmlCacheBehavior [ RunTime:0.000198s ]
INFO: [ view_filter ] --END-- [ RunTime:0.000235s ]
INFO: [ app_end ] --START--
INFO: Run Behavior\ShowPageTraceBehavior [ RunTime:0.000446s ]
INFO: [ app_end ] --END-- [ RunTime:0.000495s ]

[ 2018-05-09T18:48:38+08:00 ] 144.217.86.210 /new/index.php/Home/Codeinput/Index/lang/ch-cn.html
INFO: [ app_init ] --START--
INFO: Run Behavior\BuildLiteBehavior [ RunTime:0.000037s ]
INFO: [ app_init ] --END-- [ RunTime:0.000399s ]
INFO: [ app_begin ] --START--
INFO: Run Behavior\ReadHtmlCacheBehavior [ RunTime:0.000479s ]
INFO: Run Behavior\CheckLangBehavior [ RunTime:0.000846s ]
INFO: [ app_begin ] --END-- [ RunTime:0.001411s ]
SQL: SHOW COLUMNS FROM `qw_setting` [ RunTime:0.0009s ]
SQL: SELECT `k`,`v` FROM `qw_setting`  [ RunTime:0.0002s ]
SQL: SHOW COLUMNS FROM `qw_felgproduct` [ RunTime:0.0008s ]
SQL: SHOW COLUMNS FROM `qw_rflinkerproduct` [ RunTime:0.0007s ]
SQL: SELECT `id`,cn_ftname as name,`xl_type` FROM `qw_felgproduct` WHERE ( search = 1 ) UNION SELECT id,cn_rrname as name,xl_type FROM qw_rflinkerproduct where search=1 [ RunTime:0.0004s ]
NOTIC: [8] Undefined variable: new_live /www/web/rflinker_com/public_html/new/App/Home/Controller/ComController.class.php 第 65 行.
SQL: SELECT `id`,cn_ftname as name,`xl_type` FROM `qw_felgproduct` UNION SELECT id,cn_rrname as name,xl_type FROM qw_rflinkerproduct  [ RunTime:0.0004s ]
SQL: SHOW COLUMNS FROM `qw_support` [ RunTime:0.0007s ]
SQL: SELECT `id`,cn_stname as stname,cn_sttitle as sttitle,cn_file as file,`stsort` FROM `qw_support` WHERE ( cn_sttype = 3 ) ORDER BY stsort  [ RunTime:0.0002s ]
INFO: [ view_parse ] --START--
INFO: [ template_filter ] --START--
INFO: Run Behavior\ContentReplaceBehavior [ RunTime:0.000102s ]
INFO: [ template_filter ] --END-- [ RunTime:0.000178s ]
NOTIC: [8] Use of undefined constant Index - assumed 'Index' /www/web/rflinker_com/public_html/new/App/Runtime/Cache/Home/fb0bba9424e8c48ededf3668965e76e3.php 第 84 行.
NOTIC: [8] Use of undefined constant Vocationlist - assumed 'Vocationlist' /www/web/rflinker_com/public_html/new/App/Runtime/Cache/Home/fb0bba9424e8c48ededf3668965e76e3.php 第 100 行.
NOTIC: [8] Use of undefined constant Codeinput - assumed 'Codeinput' /www/web/rflinker_com/public_html/new/App/Runtime/Cache/Home/fb0bba9424e8c48ededf3668965e76e3.php 第 103 行.
NOTIC: [8] Use of undefined constant Aboutus - assumed 'Aboutus' /www/web/rflinker_com/public_html/new/App/Runtime/Cache/Home/fb0bba9424e8c48ededf3668965e76e3.php 第 106 行.
INFO: Run Behavior\ParseTemplateBehavior [ RunTime:0.017215s ]
INFO: [ view_parse ] --END-- [ RunTime:0.017333s ]
INFO: [ view_filter ] --START--
INFO: Run Behavior\WriteHtmlCacheBehavior [ RunTime:0.000279s ]
INFO: [ view_filter ] --END-- [ RunTime:0.000322s ]
INFO: [ app_end ] --START--
INFO: Run Behavior\ShowPageTraceBehavior [ RunTime:0.000567s ]
INFO: [ app_end ] --END-- [ RunTime:0.000656s ]

[ 2018-05-09T18:49:34+08:00 ] 144.217.86.210 /new/index.php/Home/Vocationlistmain/index/lang/en-us.html
INFO: [ app_init ] --START--
INFO: Run Behavior\BuildLiteBehavior [ RunTime:0.000030s ]
INFO: [ app_init ] --END-- [ RunTime:0.000374s ]
INFO: [ app_begin ] --START--
INFO: Run Behavior\ReadHtmlCacheBehavior [ RunTime:0.000635s ]
INFO: Run Behavior\CheckLangBehavior [ RunTime:0.001665s ]
INFO: [ app_begin ] --END-- [ RunTime:0.002403s ]
SQL: SHOW COLUMNS FROM `qw_setting` [ RunTime:0.0008s ]
SQL: SELECT `k`,`v` FROM `qw_setting`  [ RunTime:0.0002s ]
SQL: SHOW COLUMNS FROM `qw_felgproduct` [ RunTime:0.0007s ]
SQL: SHOW COLUMNS FROM `qw_rflinkerproduct` [ RunTime:0.0007s ]
SQL: SELECT `id`,en_ftname as name,`xl_type` FROM `qw_felgproduct` WHERE ( search = 1 ) UNION SELECT id,en_rrname as name,xl_type FROM qw_rflinkerproduct where search=1 [ RunTime:0.0004s ]
NOTIC: [8] Undefined variable: new_live /www/web/rflinker_com/public_html/new/App/Home/Controller/ComController.class.php 第 65 行.
SQL: SELECT `id`,en_ftname as name,`xl_type` FROM `qw_felgproduct` UNION SELECT id,en_rrname as name,xl_type FROM qw_rflinkerproduct  [ RunTime:0.0004s ]
NOTIC: [8] Undefined index: id /www/web/rflinker_com/public_html/new/App/Home/Controller/VocationlistmainController.class.php 第 13 行.
SQL: SHOW COLUMNS FROM `qw_industry` [ RunTime:0.0008s ]
SQL: SELECT `id`,en_nameiy as nameiy,en_iycontent as iycontent,en_iylogo as iylogo,en_logoshow as logoshow,en_anli1 as anli1,en_anli2 as anli2,en_anli3 as anli3,en_anli1show as anli1show,en_anli2show as anli2show,en_anli3show as anli3show,en_linksiy as linksiy,`en_logoshow`,en_anliname1 as anliname1,en_anliname2 as anliname2,en_anliname3 as anliname3 FROM `qw_industry` WHERE `id` = null LIMIT 1   [ RunTime:0.0002s ]
ERR: SQLSTATE[42000]: Syntax error or access violation: 1064 You have an error in your SQL syntax; check the manual that corresponds to your MySQL server version for the right syntax to use near ') LIMIT 1' at line 1

[ 2018-05-09T18:50:33+08:00 ] 144.217.86.210 /new/index.php/Home/Feighztype/Index.html?typeid=27&fid=5
INFO: [ app_init ] --START--
INFO: Run Behavior\BuildLiteBehavior [ RunTime:0.000023s ]
INFO: [ app_init ] --END-- [ RunTime:0.000671s ]
INFO: [ app_begin ] --START--
INFO: Run Behavior\ReadHtmlCacheBehavior [ RunTime:0.000813s ]
INFO: Run Behavior\CheckLangBehavior [ RunTime:0.001466s ]
INFO: [ app_begin ] --END-- [ RunTime:0.002370s ]
SQL: SHOW COLUMNS FROM `qw_setting` [ RunTime:0.0010s ]
SQL: SELECT `k`,`v` FROM `qw_setting`  [ RunTime:0.0003s ]
SQL: SHOW COLUMNS FROM `qw_felgproduct` [ RunTime:0.0009s ]
SQL: SHOW COLUMNS FROM `qw_rflinkerproduct` [ RunTime:0.0008s ]
SQL: SELECT `id`,cn_ftname as name,`xl_type` FROM `qw_felgproduct` WHERE ( search = 1 ) UNION SELECT id,cn_rrname as name,xl_type FROM qw_rflinkerproduct where search=1 [ RunTime:0.0004s ]
NOTIC: [8] Undefined variable: new_live /www/web/rflinker_com/public_html/new/App/Home/Controller/ComController.class.php 第 65 行.
SQL: SELECT `id`,cn_ftname as name,`xl_type` FROM `qw_felgproduct` UNION SELECT id,cn_rrname as name,xl_type FROM qw_rflinkerproduct  [ RunTime:0.0004s ]
SQL: SHOW COLUMNS FROM `qw_felghz` [ RunTime:0.0007s ]
SQL: SELECT `id`,cn_fghz as hzname FROM `qw_felghz` ORDER BY fghzsort  [ RunTime:0.0002s ]
SQL: SHOW COLUMNS FROM `qw_felgtype` [ RunTime:0.0006s ]
SQL: SELECT `id`,cn_fgtypename as fgtypename,cn_hzid as hzid FROM `qw_felgtype` ORDER BY fgtypesort  [ RunTime:0.0003s ]
SQL: SELECT `id`,cn_fgtypename as fgtypename,cn_hzid as hzid FROM `qw_felgtype` WHERE ( cn_hzid = 5 ) ORDER BY fgtypesort  [ RunTime:0.0002s ]
SQL: SELECT `id`,cn_ftname as ftname,cn_ftimg as ftimg,cn_fttitle as ftitle,cn_tid as tid FROM `qw_felgproduct` ORDER BY ftsort asc  [ RunTime:0.0004s ]
INFO: [ view_parse ] --START--
INFO: [ template_filter ] --START--
INFO: Run Behavior\ContentReplaceBehavior [ RunTime:0.000085s ]
INFO: [ template_filter ] --END-- [ RunTime:0.000153s ]
NOTIC: [8] Use of undefined constant Index - assumed 'Index' /www/web/rflinker_com/public_html/new/App/Runtime/Cache/Home/845a70765d00bfebd23f9861d8bbc09e.php 第 92 行.
NOTIC: [8] Use of undefined constant Vocationlist - assumed 'Vocationlist' /www/web/rflinker_com/public_html/new/App/Runtime/Cache/Home/845a70765d00bfebd23f9861d8bbc09e.php 第 108 行.
NOTIC: [8] Use of undefined constant Codeinput - assumed 'Codeinput' /www/web/rflinker_com/public_html/new/App/Runtime/Cache/Home/845a70765d00bfebd23f9861d8bbc09e.php 第 111 行.
NOTIC: [8] Use of undefined constant Aboutus - assumed 'Aboutus' /www/web/rflinker_com/public_html/new/App/Runtime/Cache/Home/845a70765d00bfebd23f9861d8bbc09e.php 第 114 行.
NOTIC: [8] Undefined index: pt /www/web/rflinker_com/public_html/new/App/Runtime/Cache/Home/845a70765d00bfebd23f9861d8bbc09e.php 第 186 行.
INFO: Run Behavior\ParseTemplateBehavior [ RunTime:0.018357s ]
INFO: [ view_parse ] --END-- [ RunTime:0.018408s ]
INFO: [ view_filter ] --START--
INFO: Run Behavior\WriteHtmlCacheBehavior [ RunTime:0.000460s ]
INFO: [ view_filter ] --END-- [ RunTime:0.000503s ]
INFO: [ app_end ] --START--
INFO: Run Behavior\ShowPageTraceBehavior [ RunTime:0.000715s ]
INFO: [ app_end ] --END-- [ RunTime:0.000770s ]

[ 2018-05-09T21:50:13+08:00 ] 203.208.60.171 /new/index.php/Home/Aboutus/Index.html
INFO: [ app_init ] --START--
INFO: Run Behavior\BuildLiteBehavior [ RunTime:0.000017s ]
INFO: [ app_init ] --END-- [ RunTime:0.000620s ]
INFO: [ app_begin ] --START--
INFO: Run Behavior\ReadHtmlCacheBehavior [ RunTime:0.000733s ]
INFO: Run Behavior\CheckLangBehavior [ RunTime:0.001440s ]
INFO: [ app_begin ] --END-- [ RunTime:0.002261s ]
SQL: SHOW COLUMNS FROM `qw_setting` [ RunTime:0.0033s ]
SQL: SELECT `k`,`v` FROM `qw_setting`  [ RunTime:0.0855s ]
SQL: SHOW COLUMNS FROM `qw_felgproduct` [ RunTime:0.0008s ]
SQL: SHOW COLUMNS FROM `qw_rflinkerproduct` [ RunTime:0.0007s ]
SQL: SELECT `id`,cn_ftname as name,`xl_type` FROM `qw_felgproduct` WHERE ( search = 1 ) UNION SELECT id,cn_rrname as name,xl_type FROM qw_rflinkerproduct where search=1 [ RunTime:0.0005s ]
NOTIC: [8] Undefined variable: new_live /www/web/rflinker_com/public_html/new/App/Home/Controller/ComController.class.php 第 65 行.
SQL: SELECT `id`,cn_ftname as name,`xl_type` FROM `qw_felgproduct` UNION SELECT id,cn_rrname as name,xl_type FROM qw_rflinkerproduct  [ RunTime:0.0004s ]
INFO: [ view_parse ] --START--
INFO: [ template_filter ] --START--
INFO: Run Behavior\ContentReplaceBehavior [ RunTime:0.000075s ]
INFO: [ template_filter ] --END-- [ RunTime:0.000122s ]
NOTIC: [8] Use of undefined constant Index - assumed 'Index' /www/web/rflinker_com/public_html/new/App/Runtime/Cache/Home/6d9195a7ccbe058f45cf16e69b231bd7.php 第 71 行.
NOTIC: [8] Use of undefined constant Vocationlist - assumed 'Vocationlist' /www/web/rflinker_com/public_html/new/App/Runtime/Cache/Home/6d9195a7ccbe058f45cf16e69b231bd7.php 第 87 行.
NOTIC: [8] Use of undefined constant Codeinput - assumed 'Codeinput' /www/web/rflinker_com/public_html/new/App/Runtime/Cache/Home/6d9195a7ccbe058f45cf16e69b231bd7.php 第 90 行.
NOTIC: [8] Use of undefined constant Aboutus - assumed 'Aboutus' /www/web/rflinker_com/public_html/new/App/Runtime/Cache/Home/6d9195a7ccbe058f45cf16e69b231bd7.php 第 93 行.
INFO: Run Behavior\ParseTemplateBehavior [ RunTime:0.035098s ]
INFO: [ view_parse ] --END-- [ RunTime:0.035151s ]
INFO: [ view_filter ] --START--
INFO: Run Behavior\WriteHtmlCacheBehavior [ RunTime:0.000457s ]
INFO: [ view_filter ] --END-- [ RunTime:0.000504s ]
INFO: [ app_end ] --START--
INFO: Run Behavior\ShowPageTraceBehavior [ RunTime:0.000725s ]
INFO: [ app_end ] --END-- [ RunTime:0.000794s ]

[ 2018-05-09T22:15:17+08:00 ] 203.208.60.173 /new/index.php/Home/Aboutus/Index/lang/en-us.html
INFO: [ app_init ] --START--
INFO: Run Behavior\BuildLiteBehavior [ RunTime:0.000018s ]
INFO: [ app_init ] --END-- [ RunTime:0.003803s ]
INFO: [ app_begin ] --START--
INFO: Run Behavior\ReadHtmlCacheBehavior [ RunTime:0.000720s ]
INFO: Run Behavior\CheckLangBehavior [ RunTime:0.003386s ]
INFO: [ app_begin ] --END-- [ RunTime:0.004184s ]
SQL: SHOW COLUMNS FROM `qw_setting` [ RunTime:0.0036s ]
SQL: SELECT `k`,`v` FROM `qw_setting`  [ RunTime:0.0005s ]
SQL: SHOW COLUMNS FROM `qw_felgproduct` [ RunTime:0.0010s ]
SQL: SHOW COLUMNS FROM `qw_rflinkerproduct` [ RunTime:0.0008s ]
SQL: SELECT `id`,en_ftname as name,`xl_type` FROM `qw_felgproduct` WHERE ( search = 1 ) UNION SELECT id,en_rrname as name,xl_type FROM qw_rflinkerproduct where search=1 [ RunTime:0.0005s ]
NOTIC: [8] Undefined variable: new_live /www/web/rflinker_com/public_html/new/App/Home/Controller/ComController.class.php 第 65 行.
SQL: SELECT `id`,en_ftname as name,`xl_type` FROM `qw_felgproduct` UNION SELECT id,en_rrname as name,xl_type FROM qw_rflinkerproduct  [ RunTime:0.0005s ]
INFO: [ view_parse ] --START--
INFO: [ template_filter ] --START--
INFO: Run Behavior\ContentReplaceBehavior [ RunTime:0.000070s ]
INFO: [ template_filter ] --END-- [ RunTime:0.000132s ]
NOTIC: [8] Use of undefined constant Index - assumed 'Index' /www/web/rflinker_com/public_html/new/App/Runtime/Cache/Home/6d9195a7ccbe058f45cf16e69b231bd7.php 第 71 行.
NOTIC: [8] Use of undefined constant Vocationlist - assumed 'Vocationlist' /www/web/rflinker_com/public_html/new/App/Runtime/Cache/Home/6d9195a7ccbe058f45cf16e69b231bd7.php 第 87 行.
NOTIC: [8] Use of undefined constant Codeinput - assumed 'Codeinput' /www/web/rflinker_com/public_html/new/App/Runtime/Cache/Home/6d9195a7ccbe058f45cf16e69b231bd7.php 第 90 行.
NOTIC: [8] Use of undefined constant Aboutus - assumed 'Aboutus' /www/web/rflinker_com/public_html/new/App/Runtime/Cache/Home/6d9195a7ccbe058f45cf16e69b231bd7.php 第 93 行.
INFO: Run Behavior\ParseTemplateBehavior [ RunTime:0.021317s ]
INFO: [ view_parse ] --END-- [ RunTime:0.021371s ]
INFO: [ view_filter ] --START--
INFO: Run Behavior\WriteHtmlCacheBehavior [ RunTime:0.000586s ]
INFO: [ view_filter ] --END-- [ RunTime:0.000640s ]
INFO: [ app_end ] --START--
INFO: Run Behavior\ShowPageTraceBehavior [ RunTime:0.000936s ]
INFO: [ app_end ] --END-- [ RunTime:0.000983s ]

[ 2018-05-09T22:49:41+08:00 ] 203.208.60.169 /new/index.php/Home/Feig/Index.html
INFO: [ app_init ] --START--
INFO: Run Behavior\BuildLiteBehavior [ RunTime:0.000015s ]
INFO: [ app_init ] --END-- [ RunTime:0.000531s ]
INFO: [ app_begin ] --START--
INFO: Run Behavior\ReadHtmlCacheBehavior [ RunTime:0.000638s ]
INFO: Run Behavior\CheckLangBehavior [ RunTime:0.002336s ]
INFO: [ app_begin ] --END-- [ RunTime:0.003049s ]
SQL: SHOW COLUMNS FROM `qw_setting` [ RunTime:0.0699s ]
SQL: SELECT `k`,`v` FROM `qw_setting`  [ RunTime:0.0004s ]
SQL: SHOW COLUMNS FROM `qw_felgproduct` [ RunTime:0.0008s ]
SQL: SHOW COLUMNS FROM `qw_rflinkerproduct` [ RunTime:0.0007s ]
SQL: SELECT `id`,cn_ftname as name,`xl_type` FROM `qw_felgproduct` WHERE ( search = 1 ) UNION SELECT id,cn_rrname as name,xl_type FROM qw_rflinkerproduct where search=1 [ RunTime:0.0004s ]
NOTIC: [8] Undefined variable: new_live /www/web/rflinker_com/public_html/new/App/Home/Controller/ComController.class.php 第 65 行.
SQL: SELECT `id`,cn_ftname as name,`xl_type` FROM `qw_felgproduct` UNION SELECT id,cn_rrname as name,xl_type FROM qw_rflinkerproduct  [ RunTime:0.0004s ]
SQL: SHOW COLUMNS FROM `qw_felghz` [ RunTime:0.0006s ]
SQL: SELECT `id`,cn_fghz as hzname FROM `qw_felghz` ORDER BY fghzsort  [ RunTime:0.0929s ]
SQL: SHOW COLUMNS FROM `qw_felgtype` [ RunTime:0.0006s ]
SQL: SELECT `id`,cn_fgtypename as fgtypename,cn_hzid as hzid FROM `qw_felgtype` ORDER BY fgtypesort  [ RunTime:0.0002s ]
NOTIC: [8] Undefined variable: languagefghz /www/web/rflinker_com/public_html/new/App/Home/Controller/FeigController.class.php 第 45 行.
SQL: SELECT `id`,cn_fghz as fghz FROM `qw_felghz` ORDER BY fghzsort LIMIT 1   [ RunTime:0.0035s ]
SQL: SELECT `id`,cn_fgtypename as fgtypename,cn_hzid as hzid FROM `qw_felgtype` WHERE ( cn_hzid = 3 ) ORDER BY fgtypesort  [ RunTime:0.0002s ]
SQL: SELECT `id`,cn_ftname as ftname,cn_ftimg as ftimg,cn_fttitle as ftitle,cn_tid as tid FROM `qw_felgproduct` ORDER BY ftsort  [ RunTime:0.0003s ]
INFO: [ view_parse ] --START--
INFO: [ template_filter ] --START--
INFO: Run Behavior\ContentReplaceBehavior [ RunTime:0.000089s ]
INFO: [ template_filter ] --END-- [ RunTime:0.000139s ]
NOTIC: [8] Use of undefined constant Index - assumed 'Index' /www/web/rflinker_com/public_html/new/App/Runtime/Cache/Home/614b3ffa92a2ae5ad11dccce659791e8.php 第 86 行.
NOTIC: [8] Use of undefined constant Vocationlist - assumed 'Vocationlist' /www/web/rflinker_com/public_html/new/App/Runtime/Cache/Home/614b3ffa92a2ae5ad11dccce659791e8.php 第 102 行.
NOTIC: [8] Use of undefined constant Codeinput - assumed 'Codeinput' /www/web/rflinker_com/public_html/new/App/Runtime/Cache/Home/614b3ffa92a2ae5ad11dccce659791e8.php 第 105 行.
NOTIC: [8] Use of undefined constant Aboutus - assumed 'Aboutus' /www/web/rflinker_com/public_html/new/App/Runtime/Cache/Home/614b3ffa92a2ae5ad11dccce659791e8.php 第 108 行.
INFO: Run Behavior\ParseTemplateBehavior [ RunTime:0.119591s ]
INFO: [ view_parse ] --END-- [ RunTime:0.119672s ]
INFO: [ view_filter ] --START--
INFO: Run Behavior\WriteHtmlCacheBehavior [ RunTime:0.000497s ]
INFO: [ view_filter ] --END-- [ RunTime:0.000540s ]
INFO: [ app_end ] --START--
INFO: Run Behavior\ShowPageTraceBehavior [ RunTime:0.000798s ]
INFO: [ app_end ] --END-- [ RunTime:0.000876s ]

[ 2018-05-09T23:02:11+08:00 ] 203.208.60.173 /new/index.php/Home/Index/email.html
INFO: [ app_init ] --START--
INFO: Run Behavior\BuildLiteBehavior [ RunTime:0.000016s ]
INFO: [ app_init ] --END-- [ RunTime:0.000361s ]
INFO: [ app_begin ] --START--
INFO: Run Behavior\ReadHtmlCacheBehavior [ RunTime:0.000659s ]
INFO: Run Behavior\CheckLangBehavior [ RunTime:0.000949s ]
INFO: [ app_begin ] --END-- [ RunTime:0.001687s ]
SQL: SHOW COLUMNS FROM `qw_setting` [ RunTime:0.0009s ]
SQL: SELECT `k`,`v` FROM `qw_setting`  [ RunTime:0.0004s ]
SQL: SHOW COLUMNS FROM `qw_felgproduct` [ RunTime:0.0008s ]
SQL: SHOW COLUMNS FROM `qw_rflinkerproduct` [ RunTime:0.0007s ]
SQL: SELECT `id`,cn_ftname as name,`xl_type` FROM `qw_felgproduct` WHERE ( search = 1 ) UNION SELECT id,cn_rrname as name,xl_type FROM qw_rflinkerproduct where search=1 [ RunTime:0.0004s ]
NOTIC: [8] Undefined variable: new_live /www/web/rflinker_com/public_html/new/App/Home/Controller/ComController.class.php 第 65 行.
SQL: SELECT `id`,cn_ftname as name,`xl_type` FROM `qw_felgproduct` UNION SELECT id,cn_rrname as name,xl_type FROM qw_rflinkerproduct  [ RunTime:0.0004s ]
NOTIC: [8] Undefined index: UserName /www/web/rflinker_com/public_html/new/App/Home/Controller/IndexController.class.php 第 90 行.
NOTIC: [8] Undefined index: UserMail /www/web/rflinker_com/public_html/new/App/Home/Controller/IndexController.class.php 第 93 行.
NOTIC: [8] Undefined index: TextSay /www/web/rflinker_com/public_html/new/App/Home/Controller/IndexController.class.php 第 96 行.
NOTIC: [8] Undefined index: SelectType /www/web/rflinker_com/public_html/new/App/Home/Controller/IndexController.class.php 第 99 行.
NOTIC: [8] Undefined index: UserTel /www/web/rflinker_com/public_html/new/App/Home/Controller/IndexController.class.php 第 102 行.
NOTIC: [8] Undefined variable: to /www/web/rflinker_com/public_html/new/App/Home/Controller/IndexController.class.php 第 120 行.
NOTIC: [8] Undefined variable: youxaingtitle /www/web/rflinker_com/public_html/new/App/Home/Controller/IndexController.class.php 第 120 行.
SQL: SHOW COLUMNS FROM `qw_message` [ RunTime:0.0006s ]
SQL: INSERT INTO `qw_message` (`mtype`,`mname`,`memail`,`mcontent`,`mtel`,`mtime`) VALUES (NULL,NULL,NULL,NULL,NULL,'2018-05-09 11:02:10') [ RunTime:0.1557s ]
INFO: [ app_end ] --START--
INFO: Run Behavior\ShowPageTraceBehavior [ RunTime:0.000919s ]
INFO: [ app_end ] --END-- [ RunTime:0.001004s ]

[ 2018-05-09T23:16:35+08:00 ] 203.208.60.169 /new/index.php/Home/Index/Index.html
INFO: [ app_init ] --START--
INFO: Run Behavior\BuildLiteBehavior [ RunTime:0.000015s ]
INFO: [ app_init ] --END-- [ RunTime:0.000352s ]
INFO: [ app_begin ] --START--
INFO: Run Behavior\ReadHtmlCacheBehavior [ RunTime:0.000678s ]
INFO: Run Behavior\CheckLangBehavior [ RunTime:0.000954s ]
INFO: [ app_begin ] --END-- [ RunTime:0.001706s ]
SQL: SHOW COLUMNS FROM `qw_setting` [ RunTime:0.0821s ]
SQL: SELECT `k`,`v` FROM `qw_setting`  [ RunTime:0.0025s ]
SQL: SHOW COLUMNS FROM `qw_felgproduct` [ RunTime:0.0007s ]
SQL: SHOW COLUMNS FROM `qw_rflinkerproduct` [ RunTime:0.0007s ]
SQL: SELECT `id`,cn_ftname as name,`xl_type` FROM `qw_felgproduct` WHERE ( search = 1 ) UNION SELECT id,cn_rrname as name,xl_type FROM qw_rflinkerproduct where search=1 [ RunTime:0.0868s ]
NOTIC: [8] Undefined variable: new_live /www/web/rflinker_com/public_html/new/App/Home/Controller/ComController.class.php 第 65 行.
SQL: SELECT `id`,cn_ftname as name,`xl_type` FROM `qw_felgproduct` UNION SELECT id,cn_rrname as name,xl_type FROM qw_rflinkerproduct  [ RunTime:0.0004s ]
SQL: SHOW COLUMNS FROM `qw_indexshow` [ RunTime:0.0007s ]
SQL: SELECT `id`,cn_fghzname as fghzname,cn_fghzshow as fghzshow,cn_rrhzname as rrhzname,cn_rrhzshow as rrhzshow,cn_tjhzname as tjhzname,cn_tjhzshow as tjhzshow FROM `qw_indexshow` LIMIT 1   [ RunTime:0.0052s ]
SQL: SHOW COLUMNS FROM `qw_flashview` [ RunTime:0.0007s ]
SQL: SELECT `id`,cn_flashviewpc as flashviewpc,cn_title as title,cn_fwshowpc as fwshowpc,cn_fwlink as fwlink,`fwsort`,cn_name as name FROM `qw_flashview` ORDER BY fwsort  [ RunTime:0.0003s ]
SQL: SHOW COLUMNS FROM `qw_felghz` [ RunTime:0.0006s ]
SQL: SELECT `id`,cn_fghz as fghz,cn_fghztitle as fghztitle,cn_fghzimg as fghzimg,`fghzsort` FROM `qw_felghz` ORDER BY fghzsort LIMIT 4   [ RunTime:0.0002s ]
SQL: SHOW COLUMNS FROM `qw_felgtype` [ RunTime:0.0006s ]
SQL: SELECT * FROM `qw_felgtype` WHERE ( cn_hzid = 3 ) ORDER BY fgtypesort LIMIT 1   [ RunTime:0.0002s ]
SQL: SELECT * FROM `qw_felgtype` WHERE ( cn_hzid = 4 ) ORDER BY fgtypesort LIMIT 1   [ RunTime:0.0002s ]
SQL: SELECT * FROM `qw_felgtype` WHERE ( cn_hzid = 5 ) ORDER BY fgtypesort LIMIT 1   [ RunTime:0.0002s ]
SQL: SHOW COLUMNS FROM `qw_rflinkerhz` [ RunTime:0.0006s ]
SQL: SELECT `id`,cn_rflinkerhz as rflinkerhz,cn_rrtitle as rrtitle,cn_rrimg as rrimg,`rrsort` FROM `qw_rflinkerhz` ORDER BY rrsort LIMIT 4   [ RunTime:0.0002s ]
SQL: SHOW COLUMNS FROM `qw_tuijian` [ RunTime:0.0006s ]
SQL: SELECT `id`,cn_felgname as felgname,cn_rrname as rrname,`type`,`tjsotr` FROM `qw_tuijian` ORDER BY tjsotr  [ RunTime:0.0002s ]
SQL: SHOW COLUMNS FROM `qw_industry` [ RunTime:0.0008s ]
SQL: SELECT `id`,cn_imgiy as imgiy,`iysort`,cn_nameiy as nameiy,cn_title as title FROM `qw_industry` ORDER BY iysort LIMIT 4   [ RunTime:0.0002s ]
INFO: [ view_parse ] --START--
INFO: [ template_filter ] --START--
INFO: Run Behavior\ContentReplaceBehavior [ RunTime:0.000094s ]
INFO: [ template_filter ] --END-- [ RunTime:0.000148s ]
NOTIC: [8] Use of undefined constant Index - assumed 'Index' /www/web/rflinker_com/public_html/new/App/Runtime/Cache/Home/3da8682377a51f4116c98bfda6b18a92.php 第 72 行.
NOTIC: [8] Use of undefined constant Vocationlist - assumed 'Vocationlist' /www/web/rflinker_com/public_html/new/App/Runtime/Cache/Home/3da8682377a51f4116c98bfda6b18a92.php 第 88 行.
NOTIC: [8] Use of undefined constant Codeinput - assumed 'Codeinput' /www/web/rflinker_com/public_html/new/App/Runtime/Cache/Home/3da8682377a51f4116c98bfda6b18a92.php 第 91 行.
NOTIC: [8] Use of undefined constant Aboutus - assumed 'Aboutus' /www/web/rflinker_com/public_html/new/App/Runtime/Cache/Home/3da8682377a51f4116c98bfda6b18a92.php 第 94 行.
NOTIC: [8] Undefined index: typeid /www/web/rflinker_com/public_html/new/App/Runtime/Cache/Home/3da8682377a51f4116c98bfda6b18a92.php 第 171 行.
NOTIC: [8] Undefined index: typeid /www/web/rflinker_com/public_html/new/App/Runtime/Cache/Home/3da8682377a51f4116c98bfda6b18a92.php 第 171 行.
INFO: Run Behavior\ParseTemplateBehavior [ RunTime:0.119901s ]
INFO: [ view_parse ] --END-- [ RunTime:0.119956s ]
INFO: [ view_filter ] --START--
INFO: Run Behavior\WriteHtmlCacheBehavior [ RunTime:0.000723s ]
INFO: [ view_filter ] --END-- [ RunTime:0.000764s ]
INFO: [ app_end ] --START--
INFO: Run Behavior\ShowPageTraceBehavior [ RunTime:0.000775s ]
INFO: [ app_end ] --END-- [ RunTime:0.000827s ]

[ 2018-05-09T23:30:59+08:00 ] 203.208.60.171 /new/index.php/Home/Aboutus/Case.html
INFO: [ app_init ] --START--
INFO: Run Behavior\BuildLiteBehavior [ RunTime:0.000017s ]
INFO: [ app_init ] --END-- [ RunTime:0.000572s ]
INFO: [ app_begin ] --START--
INFO: Run Behavior\ReadHtmlCacheBehavior [ RunTime:0.000718s ]
INFO: Run Behavior\CheckLangBehavior [ RunTime:0.001574s ]
INFO: [ app_begin ] --END-- [ RunTime:0.002380s ]
SQL: SHOW COLUMNS FROM `qw_setting` [ RunTime:0.0009s ]
SQL: SELECT `k`,`v` FROM `qw_setting`  [ RunTime:0.0002s ]
SQL: SHOW COLUMNS FROM `qw_felgproduct` [ RunTime:0.0007s ]
SQL: SHOW COLUMNS FROM `qw_rflinkerproduct` [ RunTime:0.0007s ]
SQL: SELECT `id`,cn_ftname as name,`xl_type` FROM `qw_felgproduct` WHERE ( search = 1 ) UNION SELECT id,cn_rrname as name,xl_type FROM qw_rflinkerproduct where search=1 [ RunTime:0.0004s ]
NOTIC: [8] Undefined variable: new_live /www/web/rflinker_com/public_html/new/App/Home/Controller/ComController.class.php 第 65 行.
SQL: SELECT `id`,cn_ftname as name,`xl_type` FROM `qw_felgproduct` UNION SELECT id,cn_rrname as name,xl_type FROM qw_rflinkerproduct  [ RunTime:0.0003s ]
ERR: 非法操作:Case

[ 2018-05-09T23:49:42+08:00 ] 203.208.60.171 /new/index.php/Home/Feig/Case.html
INFO: [ app_init ] --START--
INFO: Run Behavior\BuildLiteBehavior [ RunTime:0.000018s ]
INFO: [ app_init ] --END-- [ RunTime:0.000546s ]
INFO: [ app_begin ] --START--
INFO: Run Behavior\ReadHtmlCacheBehavior [ RunTime:0.000633s ]
INFO: Run Behavior\CheckLangBehavior [ RunTime:0.001156s ]
INFO: [ app_begin ] --END-- [ RunTime:0.001866s ]
SQL: SHOW COLUMNS FROM `qw_setting` [ RunTime:0.0014s ]
SQL: SELECT `k`,`v` FROM `qw_setting`  [ RunTime:0.0040s ]
SQL: SHOW COLUMNS FROM `qw_felgproduct` [ RunTime:0.0015s ]
SQL: SHOW COLUMNS FROM `qw_rflinkerproduct` [ RunTime:0.0007s ]
SQL: SELECT `id`,cn_ftname as name,`xl_type` FROM `qw_felgproduct` WHERE ( search = 1 ) UNION SELECT id,cn_rrname as name,xl_type FROM qw_rflinkerproduct where search=1 [ RunTime:0.0004s ]
NOTIC: [8] Undefined variable: new_live /www/web/rflinker_com/public_html/new/App/Home/Controller/ComController.class.php 第 65 行.
SQL: SELECT `id`,cn_ftname as name,`xl_type` FROM `qw_felgproduct` UNION SELECT id,cn_rrname as name,xl_type FROM qw_rflinkerproduct  [ RunTime:0.0004s ]
ERR: 非法操作:Case

[ 2018-05-09T23:59:47+08:00 ] 203.208.60.169 /new/index.php/Home/Feig/index.html
INFO: [ app_init ] --START--
INFO: Run Behavior\BuildLiteBehavior [ RunTime:0.000018s ]
INFO: [ app_init ] --END-- [ RunTime:0.000629s ]
INFO: [ app_begin ] --START--
INFO: Run Behavior\ReadHtmlCacheBehavior [ RunTime:0.000715s ]
INFO: Run Behavior\CheckLangBehavior [ RunTime:0.001284s ]
INFO: [ app_begin ] --END-- [ RunTime:0.002095s ]
SQL: SHOW COLUMNS FROM `qw_setting` [ RunTime:0.0869s ]
SQL: SELECT `k`,`v` FROM `qw_setting`  [ RunTime:0.0042s ]
SQL: SHOW COLUMNS FROM `qw_felgproduct` [ RunTime:0.0009s ]
SQL: SHOW COLUMNS FROM `qw_rflinkerproduct` [ RunTime:0.0007s ]
SQL: SELECT `id`,cn_ftname as name,`xl_type` FROM `qw_felgproduct` WHERE ( search = 1 ) UNION SELECT id,cn_rrname as name,xl_type FROM qw_rflinkerproduct where search=1 [ RunTime:0.0005s ]
NOTIC: [8] Undefined variable: new_live /www/web/rflinker_com/public_html/new/App/Home/Controller/ComController.class.php 第 65 行.
SQL: SELECT `id`,cn_ftname as name,`xl_type` FROM `qw_felgproduct` UNION SELECT id,cn_rrname as name,xl_type FROM qw_rflinkerproduct  [ RunTime:0.0004s ]
SQL: SHOW COLUMNS FROM `qw_felghz` [ RunTime:0.0006s ]
SQL: SELECT `id`,cn_fghz as hzname FROM `qw_felghz` ORDER BY fghzsort  [ RunTime:0.0002s ]
SQL: SHOW COLUMNS FROM `qw_felgtype` [ RunTime:0.0006s ]
SQL: SELECT `id`,cn_fgtypename as fgtypename,cn_hzid as hzid FROM `qw_felgtype` ORDER BY fgtypesort  [ RunTime:0.0002s ]
NOTIC: [8] Undefined variable: languagefghz /www/web/rflinker_com/public_html/new/App/Home/Controller/FeigController.class.php 第 45 行.
SQL: SELECT `id`,cn_fghz as fghz FROM `qw_felghz` ORDER BY fghzsort LIMIT 1   [ RunTime:0.0002s ]
SQL: SELECT `id`,cn_fgtypename as fgtypename,cn_hzid as hzid FROM `qw_felgtype` WHERE ( cn_hzid = 3 ) ORDER BY fgtypesort  [ RunTime:0.0002s ]
SQL: SELECT `id`,cn_ftname as ftname,cn_ftimg as ftimg,cn_fttitle as ftitle,cn_tid as tid FROM `qw_felgproduct` ORDER BY ftsort  [ RunTime:0.0004s ]
INFO: [ view_parse ] --START--
INFO: [ template_filter ] --START--
INFO: Run Behavior\ContentReplaceBehavior [ RunTime:0.000082s ]
INFO: [ template_filter ] --END-- [ RunTime:0.000129s ]
NOTIC: [8] Use of undefined constant Index - assumed 'Index' /www/web/rflinker_com/public_html/new/App/Runtime/Cache/Home/9b1a18e532a17a7b84458e7deea18e89.php 第 86 行.
NOTIC: [8] Use of undefined constant Vocationlist - assumed 'Vocationlist' /www/web/rflinker_com/public_html/new/App/Runtime/Cache/Home/9b1a18e532a17a7b84458e7deea18e89.php 第 102 行.
NOTIC: [8] Use of undefined constant Codeinput - assumed 'Codeinput' /www/web/rflinker_com/public_html/new/App/Runtime/Cache/Home/9b1a18e532a17a7b84458e7deea18e89.php 第 105 行.
NOTIC: [8] Use of undefined constant Aboutus - assumed 'Aboutus' /www/web/rflinker_com/public_html/new/App/Runtime/Cache/Home/9b1a18e532a17a7b84458e7deea18e89.php 第 108 行.
INFO: Run Behavior\ParseTemplateBehavior [ RunTime:0.118241s ]
INFO: [ view_parse ] --END-- [ RunTime:0.118326s ]
INFO: [ view_filter ] --START--
INFO: Run Behavior\WriteHtmlCacheBehavior [ RunTime:0.000832s ]
INFO: [ view_filter ] --END-- [ RunTime:0.000874s ]
INFO: [ app_end ] --START--
INFO: Run Behavior\ShowPageTraceBehavior [ RunTime:0.000771s ]
INFO: [ app_end ] --END-- [ RunTime:0.000824s ]

