[ 2018-06-20T10:07:08+08:00 ] ::1 /newrflinker/
INFO: [ app_init ] --START--
INFO: Run Behavior\BuildLiteBehavior [ RunTime:0.000075s ]
INFO: [ app_init ] --END-- [ RunTime:0.026115s ]
INFO: [ app_begin ] --START--
INFO: Run Behavior\ReadHtmlCacheBehavior [ RunTime:0.032007s ]
INFO: Run Behavior\CheckLangBehavior [ RunTime:0.083324s ]
INFO: [ app_begin ] --END-- [ RunTime:0.116043s ]
SQL: SHOW COLUMNS FROM `qw_setting` [ RunTime:0.1055s ]
SQL: SELECT `k`,`v` FROM `qw_setting`  [ RunTime:0.0021s ]
SQL: SHOW COLUMNS FROM `qw_felgproduct` [ RunTime:0.0421s ]
SQL: SHOW COLUMNS FROM `qw_rflinkerproduct` [ RunTime:0.0294s ]
SQL: SELECT `id`,cn_ftname as name,`xl_type` FROM `qw_felgproduct` WHERE ( search = 1 ) UNION SELECT id,cn_rrname as name,xl_type FROM qw_rflinkerproduct where search=1 [ RunTime:0.0311s ]
NOTIC: [8] Undefined variable: new_live D:\Program Files (x86)\wamp\www\newrflinker\App\Home\Controller\ComController.class.php 第 65 行.
SQL: SELECT `id`,cn_ftname as name,`xl_type` FROM `qw_felgproduct` UNION SELECT id,cn_rrname as name,xl_type FROM qw_rflinkerproduct  [ RunTime:0.0036s ]
SQL: SHOW COLUMNS FROM `qw_indexshow` [ RunTime:0.0276s ]
SQL: SELECT `id`,cn_fghzname as fghzname,cn_fghzshow as fghzshow,cn_rrhzname as rrhzname,cn_rrhzshow as rrhzshow,cn_tjhzname as tjhzname,cn_tjhzshow as tjhzshow FROM `qw_indexshow` LIMIT 1   [ RunTime:0.0019s ]
SQL: SHOW COLUMNS FROM `qw_flashview` [ RunTime:0.0294s ]
SQL: SELECT `id`,cn_flashviewpc as flashviewpc,cn_title as title,cn_fwshowpc as fwshowpc,cn_fwlink as fwlink,`fwsort`,cn_name as name FROM `qw_flashview` ORDER BY fwsort  [ RunTime:0.0034s ]
SQL: SHOW COLUMNS FROM `qw_felghz` [ RunTime:0.0229s ]
SQL: SELECT `id`,cn_fghz as fghz,cn_fghztitle as fghztitle,cn_fghzimg as fghzimg,`fghzsort` FROM `qw_felghz` ORDER BY fghzsort LIMIT 4   [ RunTime:0.0032s ]
SQL: SHOW COLUMNS FROM `qw_felgtype` [ RunTime:0.0231s ]
SQL: SELECT * FROM `qw_felgtype` WHERE ( cn_hzid = 3 ) ORDER BY fgtypesort LIMIT 1   [ RunTime:0.0015s ]
SQL: SELECT * FROM `qw_felgtype` WHERE ( cn_hzid = 4 ) ORDER BY fgtypesort LIMIT 1   [ RunTime:0.0005s ]
SQL: SELECT * FROM `qw_felgtype` WHERE ( cn_hzid = 5 ) ORDER BY fgtypesort LIMIT 1   [ RunTime:0.0005s ]
SQL: SHOW COLUMNS FROM `qw_rflinkerhz` [ RunTime:0.0240s ]
SQL: SELECT `id`,cn_rflinkerhz as rflinkerhz,cn_rrtitle as rrtitle,cn_rrimg as rrimg,`rrsort` FROM `qw_rflinkerhz` ORDER BY rrsort LIMIT 4   [ RunTime:0.0032s ]
SQL: SHOW COLUMNS FROM `qw_tuijian` [ RunTime:0.0277s ]
SQL: SELECT `id`,cn_felgname as felgname,cn_rrname as rrname,`type`,`tjsotr` FROM `qw_tuijian` ORDER BY tjsotr  [ RunTime:0.0037s ]
SQL: SHOW COLUMNS FROM `qw_industry` [ RunTime:0.0303s ]
SQL: SELECT `id`,cn_imgiy as imgiy,`iysort`,cn_nameiy as nameiy,cn_title as title FROM `qw_industry` ORDER BY iysort LIMIT 4   [ RunTime:0.0043s ]
INFO: [ view_parse ] --START--
INFO: [ template_filter ] --START--
INFO: Run Behavior\ContentReplaceBehavior [ RunTime:0.000427s ]
INFO: [ template_filter ] --END-- [ RunTime:0.000711s ]
NOTIC: [8] Undefined variable: commom_field D:\Program Files (x86)\wamp\www\newrflinker\App\Runtime\Cache\Home\3da8682377a51f4116c98bfda6b18a92.php 第 67 行.
NOTIC: [8] Undefined variable: commom_field D:\Program Files (x86)\wamp\www\newrflinker\App\Runtime\Cache\Home\3da8682377a51f4116c98bfda6b18a92.php 第 67 行.
NOTIC: [8] Use of undefined constant Index - assumed 'Index' D:\Program Files (x86)\wamp\www\newrflinker\App\Runtime\Cache\Home\3da8682377a51f4116c98bfda6b18a92.php 第 68 行.
NOTIC: [8] Use of undefined constant Vocationlist - assumed 'Vocationlist' D:\Program Files (x86)\wamp\www\newrflinker\App\Runtime\Cache\Home\3da8682377a51f4116c98bfda6b18a92.php 第 77 行.
NOTIC: [8] Use of undefined constant Codeinput - assumed 'Codeinput' D:\Program Files (x86)\wamp\www\newrflinker\App\Runtime\Cache\Home\3da8682377a51f4116c98bfda6b18a92.php 第 78 行.
NOTIC: [8] Use of undefined constant Aboutus - assumed 'Aboutus' D:\Program Files (x86)\wamp\www\newrflinker\App\Runtime\Cache\Home\3da8682377a51f4116c98bfda6b18a92.php 第 79 行.
NOTIC: [8] Undefined index: typeid D:\Program Files (x86)\wamp\www\newrflinker\App\Runtime\Cache\Home\3da8682377a51f4116c98bfda6b18a92.php 第 119 行.
NOTIC: [8] Undefined index: typeid D:\Program Files (x86)\wamp\www\newrflinker\App\Runtime\Cache\Home\3da8682377a51f4116c98bfda6b18a92.php 第 119 行.
INFO: Run Behavior\ParseTemplateBehavior [ RunTime:0.524724s ]
INFO: [ view_parse ] --END-- [ RunTime:0.524969s ]
INFO: [ view_filter ] --START--
INFO: Run Behavior\WriteHtmlCacheBehavior [ RunTime:0.024520s ]
INFO: [ view_filter ] --END-- [ RunTime:0.024730s ]
INFO: [ app_end ] --START--
INFO: Run Behavior\ShowPageTraceBehavior [ RunTime:0.037883s ]
INFO: [ app_end ] --END-- [ RunTime:0.038301s ]

[ 2018-06-20T10:11:02+08:00 ] ::1 /newrflinker/index.php/Home/Index/Index.html?lang=en-us
INFO: [ app_init ] --START--
INFO: Run Behavior\BuildLiteBehavior [ RunTime:0.000084s ]
INFO: [ app_init ] --END-- [ RunTime:0.001374s ]
INFO: [ app_begin ] --START--
INFO: Run Behavior\ReadHtmlCacheBehavior [ RunTime:0.001467s ]
INFO: Run Behavior\CheckLangBehavior [ RunTime:0.076879s ]
INFO: [ app_begin ] --END-- [ RunTime:0.078961s ]
SQL: SHOW COLUMNS FROM `qw_setting` [ RunTime:0.0235s ]
SQL: SELECT `k`,`v` FROM `qw_setting`  [ RunTime:0.0004s ]
SQL: SHOW COLUMNS FROM `qw_felgproduct` [ RunTime:0.0148s ]
SQL: SHOW COLUMNS FROM `qw_rflinkerproduct` [ RunTime:0.0154s ]
SQL: SELECT `id`,en_ftname as name,`xl_type` FROM `qw_felgproduct` WHERE ( search = 1 ) UNION SELECT id,en_rrname as name,xl_type FROM qw_rflinkerproduct where search=1 [ RunTime:0.0013s ]
NOTIC: [8] Undefined variable: new_live D:\Program Files (x86)\wamp\www\newrflinker\App\Home\Controller\ComController.class.php 第 65 行.
SQL: SELECT `id`,en_ftname as name,`xl_type` FROM `qw_felgproduct` UNION SELECT id,en_rrname as name,xl_type FROM qw_rflinkerproduct  [ RunTime:0.0015s ]
SQL: SHOW COLUMNS FROM `qw_indexshow` [ RunTime:0.0171s ]
SQL: SELECT `id`,en_fghzname as fghzname,en_fghzshow as fghzshow,en_rrhzname as rrhzname,en_rrhzshow as rrhzshow,en_tjhzname as tjhzname,en_tjhzshow as tjhzshow FROM `qw_indexshow` LIMIT 1   [ RunTime:0.0004s ]
SQL: SHOW COLUMNS FROM `qw_flashview` [ RunTime:0.0147s ]
SQL: SELECT `id`,en_flashviewpc as flashviewpc,en_title as title,en_fwshowpc as fwshowpc,en_fwlink as fwlink,`fwsort`,en_name as name FROM `qw_flashview` ORDER BY fwsort  [ RunTime:0.0005s ]
SQL: SHOW COLUMNS FROM `qw_felghz` [ RunTime:0.0144s ]
SQL: SELECT `id`,en_fghz as fghz,en_fghztitle as fghztitle,en_fghzimg as fghzimg,`fghzsort` FROM `qw_felghz` ORDER BY fghzsort LIMIT 4   [ RunTime:0.0005s ]
SQL: SHOW COLUMNS FROM `qw_felgtype` [ RunTime:0.0146s ]
SQL: SELECT * FROM `qw_felgtype` WHERE ( en_hzid = 3 ) ORDER BY fgtypesort LIMIT 1   [ RunTime:0.0005s ]
SQL: SELECT * FROM `qw_felgtype` WHERE ( en_hzid = 4 ) ORDER BY fgtypesort LIMIT 1   [ RunTime:0.0006s ]
SQL: SELECT * FROM `qw_felgtype` WHERE ( en_hzid = 5 ) ORDER BY fgtypesort LIMIT 1   [ RunTime:0.0004s ]
SQL: SHOW COLUMNS FROM `qw_rflinkerhz` [ RunTime:0.0145s ]
SQL: SELECT `id`,en_rflinkerhz as rflinkerhz,en_rrtitle as rrtitle,en_rrimg as rrimg,`rrsort` FROM `qw_rflinkerhz` ORDER BY rrsort LIMIT 4   [ RunTime:0.0004s ]
SQL: SHOW COLUMNS FROM `qw_tuijian` [ RunTime:0.0136s ]
SQL: SELECT `id`,en_felgname as felgname,en_rrname as rrname,`type`,`tjsotr` FROM `qw_tuijian` ORDER BY tjsotr  [ RunTime:0.0004s ]
SQL: SHOW COLUMNS FROM `qw_industry` [ RunTime:0.0181s ]
SQL: SELECT `id`,en_imgiy as imgiy,`iysort`,en_nameiy as nameiy,en_title as title FROM `qw_industry` ORDER BY iysort LIMIT 4   [ RunTime:0.0005s ]
INFO: [ view_parse ] --START--
INFO: [ template_filter ] --START--
INFO: Run Behavior\ContentReplaceBehavior [ RunTime:0.000286s ]
INFO: [ template_filter ] --END-- [ RunTime:0.000506s ]
NOTIC: [8] Undefined variable: commom_field D:\Program Files (x86)\wamp\www\newrflinker\App\Runtime\Cache\Home\3da8682377a51f4116c98bfda6b18a92.php 第 67 行.
NOTIC: [8] Undefined variable: commom_field D:\Program Files (x86)\wamp\www\newrflinker\App\Runtime\Cache\Home\3da8682377a51f4116c98bfda6b18a92.php 第 67 行.
NOTIC: [8] Use of undefined constant Index - assumed 'Index' D:\Program Files (x86)\wamp\www\newrflinker\App\Runtime\Cache\Home\3da8682377a51f4116c98bfda6b18a92.php 第 68 行.
NOTIC: [8] Use of undefined constant Vocationlist - assumed 'Vocationlist' D:\Program Files (x86)\wamp\www\newrflinker\App\Runtime\Cache\Home\3da8682377a51f4116c98bfda6b18a92.php 第 77 行.
NOTIC: [8] Use of undefined constant Codeinput - assumed 'Codeinput' D:\Program Files (x86)\wamp\www\newrflinker\App\Runtime\Cache\Home\3da8682377a51f4116c98bfda6b18a92.php 第 78 行.
NOTIC: [8] Use of undefined constant Aboutus - assumed 'Aboutus' D:\Program Files (x86)\wamp\www\newrflinker\App\Runtime\Cache\Home\3da8682377a51f4116c98bfda6b18a92.php 第 79 行.
INFO: Run Behavior\ParseTemplateBehavior [ RunTime:0.166942s ]
INFO: [ view_parse ] --END-- [ RunTime:0.167169s ]
INFO: [ view_filter ] --START--
INFO: Run Behavior\WriteHtmlCacheBehavior [ RunTime:0.000754s ]
INFO: [ view_filter ] --END-- [ RunTime:0.000950s ]
INFO: [ app_end ] --START--
INFO: Run Behavior\ShowPageTraceBehavior [ RunTime:0.001674s ]
INFO: [ app_end ] --END-- [ RunTime:0.002080s ]

[ 2018-06-20T10:11:05+08:00 ] ::1 /newrflinker/index.php/Home/Feig/Index.html
INFO: [ app_init ] --START--
INFO: Run Behavior\BuildLiteBehavior [ RunTime:0.000047s ]
INFO: [ app_init ] --END-- [ RunTime:0.000802s ]
INFO: [ app_begin ] --START--
INFO: Run Behavior\ReadHtmlCacheBehavior [ RunTime:0.000970s ]
INFO: Run Behavior\CheckLangBehavior [ RunTime:0.002700s ]
INFO: [ app_begin ] --END-- [ RunTime:0.004980s ]
SQL: SHOW COLUMNS FROM `qw_setting` [ RunTime:0.0205s ]
SQL: SELECT `k`,`v` FROM `qw_setting`  [ RunTime:0.0004s ]
SQL: SHOW COLUMNS FROM `qw_felgproduct` [ RunTime:0.0195s ]
SQL: SHOW COLUMNS FROM `qw_rflinkerproduct` [ RunTime:0.0318s ]
SQL: SELECT `id`,en_ftname as name,`xl_type` FROM `qw_felgproduct` WHERE ( search = 1 ) UNION SELECT id,en_rrname as name,xl_type FROM qw_rflinkerproduct where search=1 [ RunTime:0.0008s ]
NOTIC: [8] Undefined variable: new_live D:\Program Files (x86)\wamp\www\newrflinker\App\Home\Controller\ComController.class.php 第 65 行.
SQL: SELECT `id`,en_ftname as name,`xl_type` FROM `qw_felgproduct` UNION SELECT id,en_rrname as name,xl_type FROM qw_rflinkerproduct  [ RunTime:0.0018s ]
SQL: SHOW COLUMNS FROM `qw_felghz` [ RunTime:0.0147s ]
SQL: SELECT `id`,en_fghz as hzname FROM `qw_felghz` ORDER BY fghzsort  [ RunTime:0.0022s ]
SQL: SHOW COLUMNS FROM `qw_felgtype` [ RunTime:0.0144s ]
SQL: SELECT `id`,en_fgtypename as fgtypename,en_hzid as hzid FROM `qw_felgtype` ORDER BY fgtypesort  [ RunTime:0.0006s ]
NOTIC: [8] Undefined variable: languagefghz D:\Program Files (x86)\wamp\www\newrflinker\App\Home\Controller\FeigController.class.php 第 45 行.
SQL: SELECT `id`,en_fghz as fghz FROM `qw_felghz` ORDER BY fghzsort LIMIT 1   [ RunTime:0.0004s ]
SQL: SELECT `id`,en_fgtypename as fgtypename,en_hzid as hzid FROM `qw_felgtype` WHERE ( en_hzid = 3 ) ORDER BY fgtypesort  [ RunTime:0.0005s ]
SQL: SELECT `id`,en_ftname as ftname,en_ftimg as ftimg,en_fttitle as ftitle,en_tid as tid FROM `qw_felgproduct` ORDER BY ftsort  [ RunTime:0.0208s ]
INFO: [ view_parse ] --START--
INFO: [ template_filter ] --START--
INFO: Run Behavior\ContentReplaceBehavior [ RunTime:0.000439s ]
INFO: [ template_filter ] --END-- [ RunTime:0.000752s ]
NOTIC: [8] Undefined variable: commom_field D:\Program Files (x86)\wamp\www\newrflinker\App\Runtime\Cache\Home\614b3ffa92a2ae5ad11dccce659791e8.php 第 71 行.
NOTIC: [8] Undefined variable: commom_field D:\Program Files (x86)\wamp\www\newrflinker\App\Runtime\Cache\Home\614b3ffa92a2ae5ad11dccce659791e8.php 第 71 行.
NOTIC: [8] Use of undefined constant Index - assumed 'Index' D:\Program Files (x86)\wamp\www\newrflinker\App\Runtime\Cache\Home\614b3ffa92a2ae5ad11dccce659791e8.php 第 72 行.
NOTIC: [8] Use of undefined constant Vocationlist - assumed 'Vocationlist' D:\Program Files (x86)\wamp\www\newrflinker\App\Runtime\Cache\Home\614b3ffa92a2ae5ad11dccce659791e8.php 第 81 行.
NOTIC: [8] Use of undefined constant Codeinput - assumed 'Codeinput' D:\Program Files (x86)\wamp\www\newrflinker\App\Runtime\Cache\Home\614b3ffa92a2ae5ad11dccce659791e8.php 第 82 行.
NOTIC: [8] Use of undefined constant Aboutus - assumed 'Aboutus' D:\Program Files (x86)\wamp\www\newrflinker\App\Runtime\Cache\Home\614b3ffa92a2ae5ad11dccce659791e8.php 第 83 行.
INFO: Run Behavior\ParseTemplateBehavior [ RunTime:0.294177s ]
INFO: [ view_parse ] --END-- [ RunTime:0.294428s ]
INFO: [ view_filter ] --START--
INFO: Run Behavior\WriteHtmlCacheBehavior [ RunTime:0.001014s ]
INFO: [ view_filter ] --END-- [ RunTime:0.001228s ]
INFO: [ app_end ] --START--
INFO: Run Behavior\ShowPageTraceBehavior [ RunTime:0.001838s ]
INFO: [ app_end ] --END-- [ RunTime:0.002249s ]

