[ 2018-05-20T03:07:52+08:00 ] 42.236.10.75 /new/index.php/Home/Aboutus/Index/lang/ch-cn.html
INFO: [ app_init ] --START--
INFO: Run Behavior\BuildLiteBehavior [ RunTime:0.000019s ]
INFO: [ app_init ] --END-- [ RunTime:0.003414s ]
INFO: [ app_begin ] --START--
INFO: Run Behavior\ReadHtmlCacheBehavior [ RunTime:0.502761s ]
INFO: Run Behavior\CheckLangBehavior [ RunTime:6.793685s ]
INFO: [ app_begin ] --END-- [ RunTime:9.002925s ]
SQL: SHOW COLUMNS FROM `qw_setting` [ RunTime:2.2116s ]
SQL: SELECT `k`,`v` FROM `qw_setting`  [ RunTime:0.0887s ]
SQL: SHOW COLUMNS FROM `qw_felgproduct` [ RunTime:8.4016s ]
SQL: SHOW COLUMNS FROM `qw_rflinkerproduct` [ RunTime:15.0088s ]
SQL: SELECT `id`,cn_ftname as name,`xl_type` FROM `qw_felgproduct` WHERE ( search = 1 ) UNION SELECT id,cn_rrname as name,xl_type FROM qw_rflinkerproduct where search=1 [ RunTime:7.6036s ]
NOTIC: [8] Undefined variable: new_live /www/web/rflinker_com/public_html/new/App/Home/Controller/ComController.class.php 第 65 行.
SQL: SELECT `id`,cn_ftname as name,`xl_type` FROM `qw_felgproduct` UNION SELECT id,cn_rrname as name,xl_type FROM qw_rflinkerproduct  [ RunTime:10.4080s ]
INFO: [ view_parse ] --START--
INFO: [ template_filter ] --START--
INFO: Run Behavior\ContentReplaceBehavior [ RunTime:0.000090s ]
INFO: [ template_filter ] --END-- [ RunTime:0.000180s ]
NOTIC: [8] Use of undefined constant Index - assumed 'Index' /www/web/rflinker_com/public_html/new/App/Runtime/Cache/Home/6d9195a7ccbe058f45cf16e69b231bd7.php 第 36 行.
NOTIC: [8] Use of undefined constant Vocationlist - assumed 'Vocationlist' /www/web/rflinker_com/public_html/new/App/Runtime/Cache/Home/6d9195a7ccbe058f45cf16e69b231bd7.php 第 36 行.
NOTIC: [8] Use of undefined constant Codeinput - assumed 'Codeinput' /www/web/rflinker_com/public_html/new/App/Runtime/Cache/Home/6d9195a7ccbe058f45cf16e69b231bd7.php 第 36 行.
NOTIC: [8] Use of undefined constant Aboutus - assumed 'Aboutus' /www/web/rflinker_com/public_html/new/App/Runtime/Cache/Home/6d9195a7ccbe058f45cf16e69b231bd7.php 第 36 行.
INFO: Run Behavior\ParseTemplateBehavior [ RunTime:23.507527s ]
INFO: [ view_parse ] --END-- [ RunTime:23.894044s ]
INFO: [ view_filter ] --START--
INFO: Run Behavior\WriteHtmlCacheBehavior [ RunTime:0.694481s ]
INFO: [ view_filter ] --END-- [ RunTime:0.694620s ]
INFO: [ app_end ] --START--
INFO: Run Behavior\ShowPageTraceBehavior [ RunTime:0.205158s ]
INFO: [ app_end ] --END-- [ RunTime:5.206921s ]

[ 2018-05-20T03:07:58+08:00 ] 42.236.10.113 /new/index.php/Home/Codeinput/Index.html
INFO: [ app_init ] --START--
INFO: Run Behavior\BuildLiteBehavior [ RunTime:0.000018s ]
INFO: [ app_init ] --END-- [ RunTime:0.004947s ]
INFO: [ app_begin ] --START--
INFO: Run Behavior\ReadHtmlCacheBehavior [ RunTime:0.503411s ]
INFO: Run Behavior\CheckLangBehavior [ RunTime:6.793524s ]
INFO: [ app_begin ] --END-- [ RunTime:9.003279s ]
SQL: SHOW COLUMNS FROM `qw_setting` [ RunTime:2.2099s ]
SQL: SELECT `k`,`v` FROM `qw_setting`  [ RunTime:0.0904s ]
SQL: SHOW COLUMNS FROM `qw_felgproduct` [ RunTime:8.4028s ]
SQL: SHOW COLUMNS FROM `qw_rflinkerproduct` [ RunTime:15.0081s ]
SQL: SELECT `id`,cn_ftname as name,`xl_type` FROM `qw_felgproduct` WHERE ( search = 1 ) UNION SELECT id,cn_rrname as name,xl_type FROM qw_rflinkerproduct where search=1 [ RunTime:7.6036s ]
NOTIC: [8] Undefined variable: new_live /www/web/rflinker_com/public_html/new/App/Home/Controller/ComController.class.php 第 65 行.
SQL: SELECT `id`,cn_ftname as name,`xl_type` FROM `qw_felgproduct` UNION SELECT id,cn_rrname as name,xl_type FROM qw_rflinkerproduct  [ RunTime:10.4073s ]
SQL: SHOW COLUMNS FROM `qw_support` [ RunTime:21.9970s ]
SQL: SELECT `id`,cn_stname as stname,cn_sttitle as sttitle,cn_file as file,`stsort` FROM `qw_support` WHERE ( cn_sttype = 3 ) ORDER BY stsort  [ RunTime:2.5037s ]
INFO: [ view_parse ] --START--
INFO: [ template_filter ] --START--
INFO: Run Behavior\ContentReplaceBehavior [ RunTime:0.000140s ]
INFO: [ template_filter ] --END-- [ RunTime:0.310102s ]
NOTIC: [8] Use of undefined constant Index - assumed 'Index' /www/web/rflinker_com/public_html/new/App/Runtime/Cache/Home/fb0bba9424e8c48ededf3668965e76e3.php 第 49 行.
NOTIC: [8] Use of undefined constant Vocationlist - assumed 'Vocationlist' /www/web/rflinker_com/public_html/new/App/Runtime/Cache/Home/fb0bba9424e8c48ededf3668965e76e3.php 第 49 行.
NOTIC: [8] Use of undefined constant Codeinput - assumed 'Codeinput' /www/web/rflinker_com/public_html/new/App/Runtime/Cache/Home/fb0bba9424e8c48ededf3668965e76e3.php 第 49 行.
NOTIC: [8] Use of undefined constant Aboutus - assumed 'Aboutus' /www/web/rflinker_com/public_html/new/App/Runtime/Cache/Home/fb0bba9424e8c48ededf3668965e76e3.php 第 49 行.
INFO: Run Behavior\ParseTemplateBehavior [ RunTime:14.006436s ]
INFO: [ view_parse ] --END-- [ RunTime:14.105815s ]
INFO: [ view_filter ] --START--
INFO: Run Behavior\WriteHtmlCacheBehavior [ RunTime:0.403076s ]
INFO: [ view_filter ] --END-- [ RunTime:0.403187s ]
INFO: [ app_end ] --START--
INFO: Run Behavior\ShowPageTraceBehavior [ RunTime:0.005492s ]
INFO: [ app_end ] --END-- [ RunTime:0.005615s ]

[ 2018-05-20T03:07:59+08:00 ] 42.236.102.156 /new/index.php/Home/Feig/Index.html
INFO: [ app_init ] --START--
INFO: Run Behavior\BuildLiteBehavior [ RunTime:0.000018s ]
INFO: [ app_init ] --END-- [ RunTime:0.004128s ]
INFO: [ app_begin ] --START--
INFO: Run Behavior\ReadHtmlCacheBehavior [ RunTime:0.503447s ]
INFO: Run Behavior\CheckLangBehavior [ RunTime:6.793744s ]
INFO: [ app_begin ] --END-- [ RunTime:9.003628s ]
SQL: SHOW COLUMNS FROM `qw_setting` [ RunTime:2.2093s ]
SQL: SELECT `k`,`v` FROM `qw_setting`  [ RunTime:0.0914s ]
SQL: SHOW COLUMNS FROM `qw_felgproduct` [ RunTime:8.4019s ]
SQL: SHOW COLUMNS FROM `qw_rflinkerproduct` [ RunTime:15.0071s ]
SQL: SELECT `id`,cn_ftname as name,`xl_type` FROM `qw_felgproduct` WHERE ( search = 1 ) UNION SELECT id,cn_rrname as name,xl_type FROM qw_rflinkerproduct where search=1 [ RunTime:7.6044s ]
NOTIC: [8] Undefined variable: new_live /www/web/rflinker_com/public_html/new/App/Home/Controller/ComController.class.php 第 65 行.
SQL: SELECT `id`,cn_ftname as name,`xl_type` FROM `qw_felgproduct` UNION SELECT id,cn_rrname as name,xl_type FROM qw_rflinkerproduct  [ RunTime:10.4077s ]
SQL: SHOW COLUMNS FROM `qw_felghz` [ RunTime:21.9983s ]
SQL: SELECT `id`,cn_fghz as hzname FROM `qw_felghz` ORDER BY fghzsort  [ RunTime:2.5037s ]
SQL: SHOW COLUMNS FROM `qw_felgtype` [ RunTime:12.6090s ]
SQL: SELECT `id`,cn_fgtypename as fgtypename,cn_hzid as hzid FROM `qw_felgtype` ORDER BY fgtypesort  [ RunTime:1.4953s ]
NOTIC: [8] Undefined variable: languagefghz /www/web/rflinker_com/public_html/new/App/Home/Controller/FeigController.class.php 第 45 行.
SQL: SELECT `id`,cn_fghz as fghz FROM `qw_felghz` ORDER BY fghzsort LIMIT 1   [ RunTime:0.3913s ]
SQL: SELECT `id`,cn_fgtypename as fgtypename,cn_hzid as hzid FROM `qw_felgtype` WHERE ( cn_hzid = 3 ) ORDER BY fgtypesort  [ RunTime:0.1041s ]
SQL: SELECT `id`,cn_ftname as ftname,cn_ftimg as ftimg,cn_fttitle as ftitle,cn_tid as tid FROM `qw_felgproduct` ORDER BY ftsort  [ RunTime:0.1047s ]
INFO: [ view_parse ] --START--
INFO: [ template_filter ] --START--
INFO: Run Behavior\ContentReplaceBehavior [ RunTime:0.000091s ]
INFO: [ template_filter ] --END-- [ RunTime:0.087631s ]
NOTIC: [8] Use of undefined constant Index - assumed 'Index' /www/web/rflinker_com/public_html/new/App/Runtime/Cache/Home/614b3ffa92a2ae5ad11dccce659791e8.php 第 51 行.
NOTIC: [8] Use of undefined constant Vocationlist - assumed 'Vocationlist' /www/web/rflinker_com/public_html/new/App/Runtime/Cache/Home/614b3ffa92a2ae5ad11dccce659791e8.php 第 51 行.
NOTIC: [8] Use of undefined constant Codeinput - assumed 'Codeinput' /www/web/rflinker_com/public_html/new/App/Runtime/Cache/Home/614b3ffa92a2ae5ad11dccce659791e8.php 第 51 行.
NOTIC: [8] Use of undefined constant Aboutus - assumed 'Aboutus' /www/web/rflinker_com/public_html/new/App/Runtime/Cache/Home/614b3ffa92a2ae5ad11dccce659791e8.php 第 51 行.
INFO: Run Behavior\ParseTemplateBehavior [ RunTime:1.001043s ]
INFO: [ view_parse ] --END-- [ RunTime:1.001126s ]
INFO: [ view_filter ] --START--
INFO: Run Behavior\WriteHtmlCacheBehavior [ RunTime:0.001470s ]
INFO: [ view_filter ] --END-- [ RunTime:0.001523s ]
INFO: [ app_end ] --START--
INFO: Run Behavior\ShowPageTraceBehavior [ RunTime:0.001832s ]
INFO: [ app_end ] --END-- [ RunTime:0.001895s ]

[ 2018-05-20T03:07:59+08:00 ] 42.236.102.223 /new/index.php/Home/Rflinker/Index.html
INFO: [ app_init ] --START--
INFO: Run Behavior\BuildLiteBehavior [ RunTime:0.000019s ]
INFO: [ app_init ] --END-- [ RunTime:0.003717s ]
INFO: [ app_begin ] --START--
INFO: Run Behavior\ReadHtmlCacheBehavior [ RunTime:0.503834s ]
INFO: Run Behavior\CheckLangBehavior [ RunTime:6.794152s ]
INFO: [ app_begin ] --END-- [ RunTime:9.002753s ]
SQL: SHOW COLUMNS FROM `qw_setting` [ RunTime:2.2100s ]
SQL: SELECT `k`,`v` FROM `qw_setting`  [ RunTime:0.0896s ]
SQL: SHOW COLUMNS FROM `qw_felgproduct` [ RunTime:8.4019s ]
SQL: SHOW COLUMNS FROM `qw_rflinkerproduct` [ RunTime:15.0070s ]
SQL: SELECT `id`,cn_ftname as name,`xl_type` FROM `qw_felgproduct` WHERE ( search = 1 ) UNION SELECT id,cn_rrname as name,xl_type FROM qw_rflinkerproduct where search=1 [ RunTime:7.6038s ]
NOTIC: [8] Undefined variable: new_live /www/web/rflinker_com/public_html/new/App/Home/Controller/ComController.class.php 第 65 行.
SQL: SELECT `id`,cn_ftname as name,`xl_type` FROM `qw_felgproduct` UNION SELECT id,cn_rrname as name,xl_type FROM qw_rflinkerproduct  [ RunTime:10.4067s ]
SQL: SHOW COLUMNS FROM `qw_rflinkerhz` [ RunTime:21.9979s ]
SQL: SELECT `id`,cn_rflinkerhz as hzname FROM `qw_rflinkerhz` ORDER BY rrsort  [ RunTime:2.5042s ]
SQL: SHOW COLUMNS FROM `qw_rflinkertype` [ RunTime:12.6100s ]
SQL: SELECT `id`,cn_rflinkertypename as rflinkertypename,cn_hzid as hzid FROM `qw_rflinkertype` ORDER BY rrtypesort  [ RunTime:1.4943s ]
NOTIC: [8] Undefined variable: languagerflinkerhz /www/web/rflinker_com/public_html/new/App/Home/Controller/RflinkerController.class.php 第 47 行.
SQL: SELECT `id`,cn_rflinkerhz as rflinkerhz FROM `qw_rflinkerhz` ORDER BY rrsort LIMIT 1   [ RunTime:0.3928s ]
SQL: SELECT `id`,cn_rflinkertypename as rflinkertypename,cn_hzid as hzid FROM `qw_rflinkertype` WHERE ( cn_hzid = 19 ) ORDER BY rrtypesort  [ RunTime:0.1033s ]
SQL: SELECT `id`,cn_rrname as rrname,cn_rrimg as rrimg,cn_rrtitle as rrtitle,cn_tid as tid FROM `qw_rflinkerproduct` ORDER BY rrsort  [ RunTime:0.0002s ]
INFO: [ view_parse ] --START--
INFO: [ template_filter ] --START--
INFO: Run Behavior\ContentReplaceBehavior [ RunTime:0.000098s ]
INFO: [ template_filter ] --END-- [ RunTime:0.081963s ]
NOTIC: [8] Use of undefined constant Index - assumed 'Index' /www/web/rflinker_com/public_html/new/App/Runtime/Cache/Home/e01dc9f360dcfa1a7694d7f8f2dee76d.php 第 51 行.
NOTIC: [8] Use of undefined constant Vocationlist - assumed 'Vocationlist' /www/web/rflinker_com/public_html/new/App/Runtime/Cache/Home/e01dc9f360dcfa1a7694d7f8f2dee76d.php 第 51 行.
NOTIC: [8] Use of undefined constant Codeinput - assumed 'Codeinput' /www/web/rflinker_com/public_html/new/App/Runtime/Cache/Home/e01dc9f360dcfa1a7694d7f8f2dee76d.php 第 51 行.
NOTIC: [8] Use of undefined constant Aboutus - assumed 'Aboutus' /www/web/rflinker_com/public_html/new/App/Runtime/Cache/Home/e01dc9f360dcfa1a7694d7f8f2dee76d.php 第 51 行.
INFO: Run Behavior\ParseTemplateBehavior [ RunTime:1.005065s ]
INFO: [ view_parse ] --END-- [ RunTime:1.005144s ]
INFO: [ view_filter ] --START--
INFO: Run Behavior\WriteHtmlCacheBehavior [ RunTime:0.000245s ]
INFO: [ view_filter ] --END-- [ RunTime:0.000293s ]
INFO: [ app_end ] --START--
INFO: Run Behavior\ShowPageTraceBehavior [ RunTime:0.000505s ]
INFO: [ app_end ] --END-- [ RunTime:0.000566s ]

[ 2018-05-20T03:55:22+08:00 ] 101.132.100.6 /new/index.php/Home/Productdetails/index.html
INFO: [ app_init ] --START--
INFO: Run Behavior\BuildLiteBehavior [ RunTime:0.000017s ]
INFO: [ app_init ] --END-- [ RunTime:0.000590s ]
INFO: [ app_begin ] --START--
INFO: Run Behavior\ReadHtmlCacheBehavior [ RunTime:0.000772s ]
INFO: Run Behavior\CheckLangBehavior [ RunTime:0.001505s ]
INFO: [ app_begin ] --END-- [ RunTime:0.002384s ]
SQL: SHOW COLUMNS FROM `qw_setting` [ RunTime:0.0883s ]
SQL: SELECT `k`,`v` FROM `qw_setting`  [ RunTime:0.0004s ]
SQL: SHOW COLUMNS FROM `qw_felgproduct` [ RunTime:0.0008s ]
SQL: SHOW COLUMNS FROM `qw_rflinkerproduct` [ RunTime:0.0007s ]
SQL: SELECT `id`,cn_ftname as name,`xl_type` FROM `qw_felgproduct` WHERE ( search = 1 ) UNION SELECT id,cn_rrname as name,xl_type FROM qw_rflinkerproduct where search=1 [ RunTime:0.0005s ]
NOTIC: [8] Undefined variable: new_live /www/web/rflinker_com/public_html/new/App/Home/Controller/ComController.class.php 第 65 行.
SQL: SELECT `id`,cn_ftname as name,`xl_type` FROM `qw_felgproduct` UNION SELECT id,cn_rrname as name,xl_type FROM qw_rflinkerproduct  [ RunTime:0.0005s ]
NOTIC: [8] Undefined index: id /www/web/rflinker_com/public_html/new/App/Home/Controller/ProductdetailsController.class.php 第 17 行.
INFO: [ view_parse ] --START--
INFO: [ template_filter ] --START--
INFO: Run Behavior\ContentReplaceBehavior [ RunTime:0.000077s ]
INFO: [ template_filter ] --END-- [ RunTime:0.000133s ]
NOTIC: [8] Use of undefined constant Index - assumed 'Index' /www/web/rflinker_com/public_html/new/App/Runtime/Cache/Home/4722ce9f6893de4df1acc80e009cbd5a.php 第 46 行.
NOTIC: [8] Use of undefined constant Vocationlist - assumed 'Vocationlist' /www/web/rflinker_com/public_html/new/App/Runtime/Cache/Home/4722ce9f6893de4df1acc80e009cbd5a.php 第 46 行.
NOTIC: [8] Use of undefined constant Codeinput - assumed 'Codeinput' /www/web/rflinker_com/public_html/new/App/Runtime/Cache/Home/4722ce9f6893de4df1acc80e009cbd5a.php 第 46 行.
NOTIC: [8] Use of undefined constant Aboutus - assumed 'Aboutus' /www/web/rflinker_com/public_html/new/App/Runtime/Cache/Home/4722ce9f6893de4df1acc80e009cbd5a.php 第 46 行.
NOTIC: [8] Undefined variable: hztype_arr /www/web/rflinker_com/public_html/new/App/Runtime/Cache/Home/4722ce9f6893de4df1acc80e009cbd5a.php 第 51 行.
NOTIC: [8] Undefined variable: felgxiangqing /www/web/rflinker_com/public_html/new/App/Runtime/Cache/Home/4722ce9f6893de4df1acc80e009cbd5a.php 第 73 行.
NOTIC: [8] Undefined variable: felgxiangqing /www/web/rflinker_com/public_html/new/App/Runtime/Cache/Home/4722ce9f6893de4df1acc80e009cbd5a.php 第 74 行.
NOTIC: [8] Undefined variable: felgxiangqing /www/web/rflinker_com/public_html/new/App/Runtime/Cache/Home/4722ce9f6893de4df1acc80e009cbd5a.php 第 77 行.
NOTIC: [8] Undefined variable: felgptdowns /www/web/rflinker_com/public_html/new/App/Runtime/Cache/Home/4722ce9f6893de4df1acc80e009cbd5a.php 第 79 行.
NOTIC: [8] Undefined variable: felgxiangqing /www/web/rflinker_com/public_html/new/App/Runtime/Cache/Home/4722ce9f6893de4df1acc80e009cbd5a.php 第 89 行.
INFO: Run Behavior\ParseTemplateBehavior [ RunTime:0.096202s ]
INFO: [ view_parse ] --END-- [ RunTime:0.096246s ]
INFO: [ view_filter ] --START--
INFO: Run Behavior\WriteHtmlCacheBehavior [ RunTime:0.000443s ]
INFO: [ view_filter ] --END-- [ RunTime:0.000493s ]
INFO: [ app_end ] --START--
INFO: Run Behavior\ShowPageTraceBehavior [ RunTime:0.001456s ]
INFO: [ app_end ] --END-- [ RunTime:0.001507s ]

[ 2018-05-20T04:36:55+08:00 ] 142.4.200.37 /new/index.php/Home/Aboutus/Index.html
INFO: [ app_init ] --START--
INFO: Run Behavior\BuildLiteBehavior [ RunTime:0.000018s ]
INFO: [ app_init ] --END-- [ RunTime:0.000606s ]
INFO: [ app_begin ] --START--
INFO: Run Behavior\ReadHtmlCacheBehavior [ RunTime:0.000672s ]
INFO: Run Behavior\CheckLangBehavior [ RunTime:0.001446s ]
INFO: [ app_begin ] --END-- [ RunTime:0.002221s ]
SQL: SHOW COLUMNS FROM `qw_setting` [ RunTime:0.0009s ]
SQL: SELECT `k`,`v` FROM `qw_setting`  [ RunTime:0.0002s ]
SQL: SHOW COLUMNS FROM `qw_felgproduct` [ RunTime:0.0009s ]
SQL: SHOW COLUMNS FROM `qw_rflinkerproduct` [ RunTime:0.0007s ]
SQL: SELECT `id`,cn_ftname as name,`xl_type` FROM `qw_felgproduct` WHERE ( search = 1 ) UNION SELECT id,cn_rrname as name,xl_type FROM qw_rflinkerproduct where search=1 [ RunTime:0.0005s ]
NOTIC: [8] Undefined variable: new_live /www/web/rflinker_com/public_html/new/App/Home/Controller/ComController.class.php 第 65 行.
SQL: SELECT `id`,cn_ftname as name,`xl_type` FROM `qw_felgproduct` UNION SELECT id,cn_rrname as name,xl_type FROM qw_rflinkerproduct  [ RunTime:0.0005s ]
INFO: [ view_parse ] --START--
INFO: [ template_filter ] --START--
INFO: Run Behavior\ContentReplaceBehavior [ RunTime:0.000075s ]
INFO: [ template_filter ] --END-- [ RunTime:0.000126s ]
NOTIC: [8] Use of undefined constant Index - assumed 'Index' /www/web/rflinker_com/public_html/new/App/Runtime/Cache/Home/6d9195a7ccbe058f45cf16e69b231bd7.php 第 36 行.
NOTIC: [8] Use of undefined constant Vocationlist - assumed 'Vocationlist' /www/web/rflinker_com/public_html/new/App/Runtime/Cache/Home/6d9195a7ccbe058f45cf16e69b231bd7.php 第 36 行.
NOTIC: [8] Use of undefined constant Codeinput - assumed 'Codeinput' /www/web/rflinker_com/public_html/new/App/Runtime/Cache/Home/6d9195a7ccbe058f45cf16e69b231bd7.php 第 36 行.
NOTIC: [8] Use of undefined constant Aboutus - assumed 'Aboutus' /www/web/rflinker_com/public_html/new/App/Runtime/Cache/Home/6d9195a7ccbe058f45cf16e69b231bd7.php 第 36 行.
INFO: Run Behavior\ParseTemplateBehavior [ RunTime:0.013883s ]
INFO: [ view_parse ] --END-- [ RunTime:0.013929s ]
INFO: [ view_filter ] --START--
INFO: Run Behavior\WriteHtmlCacheBehavior [ RunTime:0.000473s ]
INFO: [ view_filter ] --END-- [ RunTime:0.000512s ]
INFO: [ app_end ] --START--
INFO: Run Behavior\ShowPageTraceBehavior [ RunTime:0.000764s ]
INFO: [ app_end ] --END-- [ RunTime:0.000814s ]

[ 2018-05-20T07:04:32+08:00 ] 101.132.97.6 /new/index.php/Home/Index/Index/lang/en-us.html
INFO: [ app_init ] --START--
INFO: Run Behavior\BuildLiteBehavior [ RunTime:0.000017s ]
INFO: [ app_init ] --END-- [ RunTime:0.000596s ]
INFO: [ app_begin ] --START--
INFO: Run Behavior\ReadHtmlCacheBehavior [ RunTime:0.000667s ]
INFO: Run Behavior\CheckLangBehavior [ RunTime:0.001960s ]
INFO: [ app_begin ] --END-- [ RunTime:0.002705s ]
SQL: SHOW COLUMNS FROM `qw_setting` [ RunTime:0.2874s ]
SQL: SELECT `k`,`v` FROM `qw_setting`  [ RunTime:0.1904s ]
SQL: SHOW COLUMNS FROM `qw_felgproduct` [ RunTime:0.1020s ]
SQL: SHOW COLUMNS FROM `qw_rflinkerproduct` [ RunTime:0.0011s ]
SQL: SELECT `id`,en_ftname as name,`xl_type` FROM `qw_felgproduct` WHERE ( search = 1 ) UNION SELECT id,en_rrname as name,xl_type FROM qw_rflinkerproduct where search=1 [ RunTime:0.1803s ]
NOTIC: [8] Undefined variable: new_live /www/web/rflinker_com/public_html/new/App/Home/Controller/ComController.class.php 第 65 行.
SQL: SELECT `id`,en_ftname as name,`xl_type` FROM `qw_felgproduct` UNION SELECT id,en_rrname as name,xl_type FROM qw_rflinkerproduct  [ RunTime:0.2065s ]
SQL: SHOW COLUMNS FROM `qw_indexshow` [ RunTime:0.6121s ]
SQL: SELECT `id`,en_fghzname as fghzname,en_fghzshow as fghzshow,en_rrhzname as rrhzname,en_rrhzshow as rrhzshow,en_tjhzname as tjhzname,en_tjhzshow as tjhzshow FROM `qw_indexshow` LIMIT 1   [ RunTime:0.3074s ]
SQL: SHOW COLUMNS FROM `qw_flashview` [ RunTime:0.0034s ]
SQL: SELECT `id`,en_flashviewpc as flashviewpc,en_title as title,en_fwshowpc as fwshowpc,en_fwlink as fwlink,`fwsort`,en_name as name FROM `qw_flashview` ORDER BY fwsort  [ RunTime:0.0004s ]
SQL: SHOW COLUMNS FROM `qw_felghz` [ RunTime:0.0007s ]
SQL: SELECT `id`,en_fghz as fghz,en_fghztitle as fghztitle,en_fghzimg as fghzimg,`fghzsort` FROM `qw_felghz` ORDER BY fghzsort LIMIT 4   [ RunTime:0.0002s ]
SQL: SHOW COLUMNS FROM `qw_felgtype` [ RunTime:0.0009s ]
SQL: SELECT * FROM `qw_felgtype` WHERE ( en_hzid = 3 ) ORDER BY fgtypesort LIMIT 1   [ RunTime:0.0094s ]
SQL: SELECT * FROM `qw_felgtype` WHERE ( en_hzid = 4 ) ORDER BY fgtypesort LIMIT 1   [ RunTime:0.0002s ]
SQL: SELECT * FROM `qw_felgtype` WHERE ( en_hzid = 5 ) ORDER BY fgtypesort LIMIT 1   [ RunTime:0.0002s ]
SQL: SHOW COLUMNS FROM `qw_rflinkerhz` [ RunTime:0.0007s ]
SQL: SELECT `id`,en_rflinkerhz as rflinkerhz,en_rrtitle as rrtitle,en_rrimg as rrimg,`rrsort` FROM `qw_rflinkerhz` ORDER BY rrsort LIMIT 4   [ RunTime:0.0003s ]
SQL: SHOW COLUMNS FROM `qw_tuijian` [ RunTime:0.0006s ]
SQL: SELECT `id`,en_felgname as felgname,en_rrname as rrname,`type`,`tjsotr` FROM `qw_tuijian` ORDER BY tjsotr  [ RunTime:0.0002s ]
SQL: SHOW COLUMNS FROM `qw_industry` [ RunTime:0.0009s ]
SQL: SELECT `id`,en_imgiy as imgiy,`iysort`,en_nameiy as nameiy,en_title as title FROM `qw_industry` ORDER BY iysort LIMIT 4   [ RunTime:0.0003s ]
INFO: [ view_parse ] --START--
INFO: [ template_filter ] --START--
INFO: Run Behavior\ContentReplaceBehavior [ RunTime:0.000094s ]
INFO: [ template_filter ] --END-- [ RunTime:0.000152s ]
NOTIC: [8] Use of undefined constant Index - assumed 'Index' /www/web/rflinker_com/public_html/new/App/Runtime/Cache/Home/3da8682377a51f4116c98bfda6b18a92.php 第 1 行.
NOTIC: [8] Use of undefined constant Vocationlist - assumed 'Vocationlist' /www/web/rflinker_com/public_html/new/App/Runtime/Cache/Home/3da8682377a51f4116c98bfda6b18a92.php 第 1 行.
NOTIC: [8] Use of undefined constant Codeinput - assumed 'Codeinput' /www/web/rflinker_com/public_html/new/App/Runtime/Cache/Home/3da8682377a51f4116c98bfda6b18a92.php 第 1 行.
NOTIC: [8] Use of undefined constant Aboutus - assumed 'Aboutus' /www/web/rflinker_com/public_html/new/App/Runtime/Cache/Home/3da8682377a51f4116c98bfda6b18a92.php 第 1 行.
INFO: Run Behavior\ParseTemplateBehavior [ RunTime:0.201999s ]
INFO: [ view_parse ] --END-- [ RunTime:0.202055s ]
INFO: [ view_filter ] --START--
INFO: Run Behavior\WriteHtmlCacheBehavior [ RunTime:0.000653s ]
INFO: [ view_filter ] --END-- [ RunTime:0.000691s ]
INFO: [ app_end ] --START--
INFO: Run Behavior\ShowPageTraceBehavior [ RunTime:0.000742s ]
INFO: [ app_end ] --END-- [ RunTime:0.000795s ]

[ 2018-05-20T09:23:01+08:00 ] 54.36.148.174 /new/index.php/Home/Rflinker/Index/lang/ch-cn.html
INFO: [ app_init ] --START--
INFO: Run Behavior\BuildLiteBehavior [ RunTime:0.000017s ]
INFO: [ app_init ] --END-- [ RunTime:0.000681s ]
INFO: [ app_begin ] --START--
INFO: Run Behavior\ReadHtmlCacheBehavior [ RunTime:0.000701s ]
INFO: Run Behavior\CheckLangBehavior [ RunTime:0.001636s ]
INFO: [ app_begin ] --END-- [ RunTime:0.002415s ]
SQL: SHOW COLUMNS FROM `qw_setting` [ RunTime:0.1986s ]
SQL: SELECT `k`,`v` FROM `qw_setting`  [ RunTime:0.0078s ]
SQL: SHOW COLUMNS FROM `qw_felgproduct` [ RunTime:0.0978s ]
SQL: SHOW COLUMNS FROM `qw_rflinkerproduct` [ RunTime:0.0011s ]
SQL: SELECT `id`,cn_ftname as name,`xl_type` FROM `qw_felgproduct` WHERE ( search = 1 ) UNION SELECT id,cn_rrname as name,xl_type FROM qw_rflinkerproduct where search=1 [ RunTime:0.1950s ]
NOTIC: [8] Undefined variable: new_live /www/web/rflinker_com/public_html/new/App/Home/Controller/ComController.class.php 第 65 行.
SQL: SELECT `id`,cn_ftname as name,`xl_type` FROM `qw_felgproduct` UNION SELECT id,cn_rrname as name,xl_type FROM qw_rflinkerproduct  [ RunTime:0.1896s ]
SQL: SHOW COLUMNS FROM `qw_rflinkerhz` [ RunTime:0.0011s ]
SQL: SELECT `id`,cn_rflinkerhz as hzname FROM `qw_rflinkerhz` ORDER BY rrsort  [ RunTime:0.0037s ]
SQL: SHOW COLUMNS FROM `qw_rflinkertype` [ RunTime:0.0007s ]
SQL: SELECT `id`,cn_rflinkertypename as rflinkertypename,cn_hzid as hzid FROM `qw_rflinkertype` ORDER BY rrtypesort  [ RunTime:0.0002s ]
NOTIC: [8] Undefined variable: languagerflinkerhz /www/web/rflinker_com/public_html/new/App/Home/Controller/RflinkerController.class.php 第 47 行.
SQL: SELECT `id`,cn_rflinkerhz as rflinkerhz FROM `qw_rflinkerhz` ORDER BY rrsort LIMIT 1   [ RunTime:0.0002s ]
SQL: SELECT `id`,cn_rflinkertypename as rflinkertypename,cn_hzid as hzid FROM `qw_rflinkertype` WHERE ( cn_hzid = 19 ) ORDER BY rrtypesort  [ RunTime:0.0002s ]
SQL: SELECT `id`,cn_rrname as rrname,cn_rrimg as rrimg,cn_rrtitle as rrtitle,cn_tid as tid FROM `qw_rflinkerproduct` ORDER BY rrsort  [ RunTime:0.0002s ]
INFO: [ view_parse ] --START--
INFO: [ template_filter ] --START--
INFO: Run Behavior\ContentReplaceBehavior [ RunTime:0.000084s ]
INFO: [ template_filter ] --END-- [ RunTime:0.000141s ]
NOTIC: [8] Use of undefined constant Index - assumed 'Index' /www/web/rflinker_com/public_html/new/App/Runtime/Cache/Home/e01dc9f360dcfa1a7694d7f8f2dee76d.php 第 51 行.
NOTIC: [8] Use of undefined constant Vocationlist - assumed 'Vocationlist' /www/web/rflinker_com/public_html/new/App/Runtime/Cache/Home/e01dc9f360dcfa1a7694d7f8f2dee76d.php 第 51 行.
NOTIC: [8] Use of undefined constant Codeinput - assumed 'Codeinput' /www/web/rflinker_com/public_html/new/App/Runtime/Cache/Home/e01dc9f360dcfa1a7694d7f8f2dee76d.php 第 51 行.
NOTIC: [8] Use of undefined constant Aboutus - assumed 'Aboutus' /www/web/rflinker_com/public_html/new/App/Runtime/Cache/Home/e01dc9f360dcfa1a7694d7f8f2dee76d.php 第 51 行.
INFO: Run Behavior\ParseTemplateBehavior [ RunTime:0.130514s ]
INFO: [ view_parse ] --END-- [ RunTime:0.130610s ]
INFO: [ view_filter ] --START--
INFO: Run Behavior\WriteHtmlCacheBehavior [ RunTime:0.001245s ]
INFO: [ view_filter ] --END-- [ RunTime:0.001286s ]
INFO: [ app_end ] --START--
INFO: Run Behavior\ShowPageTraceBehavior [ RunTime:0.000820s ]
INFO: [ app_end ] --END-- [ RunTime:0.000894s ]

[ 2018-05-20T09:38:42+08:00 ] 120.79.184.41 /new/index.php/Home/Productdetails/index.html?type=1&&id=191
INFO: [ app_init ] --START--
INFO: Run Behavior\BuildLiteBehavior [ RunTime:0.000016s ]
INFO: [ app_init ] --END-- [ RunTime:0.000547s ]
INFO: [ app_begin ] --START--
INFO: Run Behavior\ReadHtmlCacheBehavior [ RunTime:0.000652s ]
INFO: Run Behavior\CheckLangBehavior [ RunTime:0.001156s ]
INFO: [ app_begin ] --END-- [ RunTime:0.001883s ]
SQL: SHOW COLUMNS FROM `qw_setting` [ RunTime:0.2055s ]
SQL: SELECT `k`,`v` FROM `qw_setting`  [ RunTime:0.1043s ]
SQL: SHOW COLUMNS FROM `qw_felgproduct` [ RunTime:0.0023s ]
SQL: SHOW COLUMNS FROM `qw_rflinkerproduct` [ RunTime:0.0010s ]
SQL: SELECT `id`,cn_ftname as name,`xl_type` FROM `qw_felgproduct` WHERE ( search = 1 ) UNION SELECT id,cn_rrname as name,xl_type FROM qw_rflinkerproduct where search=1 [ RunTime:0.0898s ]
NOTIC: [8] Undefined variable: new_live /www/web/rflinker_com/public_html/new/App/Home/Controller/ComController.class.php 第 65 行.
SQL: SELECT `id`,cn_ftname as name,`xl_type` FROM `qw_felgproduct` UNION SELECT id,cn_rrname as name,xl_type FROM qw_rflinkerproduct  [ RunTime:0.0008s ]
SQL: SHOW COLUMNS FROM `qw_felghz` [ RunTime:0.0021s ]
SQL: SELECT `id`,cn_fghz as hzname FROM `qw_felghz` ORDER BY fghzsort  [ RunTime:0.1907s ]
SQL: SHOW COLUMNS FROM `qw_felgtype` [ RunTime:0.0012s ]
SQL: SELECT `id`,cn_fgtypename as fgtypename,cn_hzid as hzid FROM `qw_felgtype` ORDER BY fgtypesort  [ RunTime:0.0004s ]
SQL: SELECT `id`,felgcnhzname as hzname,felgcntypename  as typename,cn_ftname as ftname,cn_fttitle as fttitle,cn_ftimg as ftimg,cn_ftspec as ftspec,`ftsort` FROM `qw_felgproduct` WHERE ( id =191 ) ORDER BY ftsort LIMIT 1   [ RunTime:0.0003s ]
SQL: SHOW COLUMNS FROM `qw_matching` [ RunTime:0.0010s ]
SQL: SHOW COLUMNS FROM `qw_felgproduct` [ RunTime:0.1012s ]
SQL: SELECT f.id,cn_ftname as ftname,cn_fttitle as fttitle,cn_ftimg as ftimg FROM qw_felgproduct f INNER JOIN 
						qw_matching m on f.cn_ftname = m.cn_mgname
					     WHERE ( fuid =191 )  [ RunTime:0.0007s ]
SQL: SHOW COLUMNS FROM `qw_felgptdown` [ RunTime:0.0007s ]
SQL: SELECT cn_downname as downname,cn_down as down,`downsort` FROM `qw_felgptdown` WHERE ( felgptid = 191 ) ORDER BY downsort  [ RunTime:0.0003s ]
INFO: [ view_parse ] --START--
INFO: [ template_filter ] --START--
INFO: Run Behavior\ContentReplaceBehavior [ RunTime:0.000066s ]
INFO: [ template_filter ] --END-- [ RunTime:0.000129s ]
NOTIC: [8] Use of undefined constant Index - assumed 'Index' /www/web/rflinker_com/public_html/new/App/Runtime/Cache/Home/4722ce9f6893de4df1acc80e009cbd5a.php 第 46 行.
NOTIC: [8] Use of undefined constant Vocationlist - assumed 'Vocationlist' /www/web/rflinker_com/public_html/new/App/Runtime/Cache/Home/4722ce9f6893de4df1acc80e009cbd5a.php 第 46 行.
NOTIC: [8] Use of undefined constant Codeinput - assumed 'Codeinput' /www/web/rflinker_com/public_html/new/App/Runtime/Cache/Home/4722ce9f6893de4df1acc80e009cbd5a.php 第 46 行.
NOTIC: [8] Use of undefined constant Aboutus - assumed 'Aboutus' /www/web/rflinker_com/public_html/new/App/Runtime/Cache/Home/4722ce9f6893de4df1acc80e009cbd5a.php 第 46 行.
INFO: Run Behavior\ParseTemplateBehavior [ RunTime:0.205099s ]
INFO: [ view_parse ] --END-- [ RunTime:0.205153s ]
INFO: [ view_filter ] --START--
INFO: Run Behavior\WriteHtmlCacheBehavior [ RunTime:0.000737s ]
INFO: [ view_filter ] --END-- [ RunTime:0.000775s ]
INFO: [ app_end ] --START--
INFO: Run Behavior\ShowPageTraceBehavior [ RunTime:0.000778s ]
INFO: [ app_end ] --END-- [ RunTime:0.000852s ]

[ 2018-05-20T10:57:20+08:00 ] 54.36.148.64 /new/index.php/Home/Aboutus/Index/lang/Case.html
INFO: [ app_init ] --START--
INFO: Run Behavior\BuildLiteBehavior [ RunTime:0.000017s ]
INFO: [ app_init ] --END-- [ RunTime:0.000586s ]
INFO: [ app_begin ] --START--
INFO: Run Behavior\ReadHtmlCacheBehavior [ RunTime:0.000672s ]
INFO: Run Behavior\CheckLangBehavior [ RunTime:0.001521s ]
INFO: [ app_begin ] --END-- [ RunTime:0.002292s ]
SQL: SHOW COLUMNS FROM `qw_setting` [ RunTime:0.2010s ]
SQL: SELECT `k`,`v` FROM `qw_setting`  [ RunTime:0.1025s ]
SQL: SHOW COLUMNS FROM `qw_felgproduct` [ RunTime:0.1982s ]
SQL: SHOW COLUMNS FROM `qw_rflinkerproduct` [ RunTime:0.0017s ]
SQL: SELECT `id`,cn_ftname as name,`xl_type` FROM `qw_felgproduct` WHERE ( search = 1 ) UNION SELECT id,cn_rrname as name,xl_type FROM qw_rflinkerproduct where search=1 [ RunTime:0.0014s ]
NOTIC: [8] Undefined variable: new_live /www/web/rflinker_com/public_html/new/App/Home/Controller/ComController.class.php 第 65 行.
SQL: SELECT `id`,cn_ftname as name,`xl_type` FROM `qw_felgproduct` UNION SELECT id,cn_rrname as name,xl_type FROM qw_rflinkerproduct  [ RunTime:0.0008s ]
INFO: [ view_parse ] --START--
INFO: [ template_filter ] --START--
INFO: Run Behavior\ContentReplaceBehavior [ RunTime:0.000071s ]
INFO: [ template_filter ] --END-- [ RunTime:0.000148s ]
NOTIC: [8] Use of undefined constant Index - assumed 'Index' /www/web/rflinker_com/public_html/new/App/Runtime/Cache/Home/6d9195a7ccbe058f45cf16e69b231bd7.php 第 36 行.
NOTIC: [8] Use of undefined constant Vocationlist - assumed 'Vocationlist' /www/web/rflinker_com/public_html/new/App/Runtime/Cache/Home/6d9195a7ccbe058f45cf16e69b231bd7.php 第 36 行.
NOTIC: [8] Use of undefined constant Codeinput - assumed 'Codeinput' /www/web/rflinker_com/public_html/new/App/Runtime/Cache/Home/6d9195a7ccbe058f45cf16e69b231bd7.php 第 36 行.
NOTIC: [8] Use of undefined constant Aboutus - assumed 'Aboutus' /www/web/rflinker_com/public_html/new/App/Runtime/Cache/Home/6d9195a7ccbe058f45cf16e69b231bd7.php 第 36 行.
INFO: Run Behavior\ParseTemplateBehavior [ RunTime:0.507354s ]
INFO: [ view_parse ] --END-- [ RunTime:0.507403s ]
INFO: [ view_filter ] --START--
INFO: Run Behavior\WriteHtmlCacheBehavior [ RunTime:0.000960s ]
INFO: [ view_filter ] --END-- [ RunTime:0.000998s ]
INFO: [ app_end ] --START--
INFO: Run Behavior\ShowPageTraceBehavior [ RunTime:0.000887s ]
INFO: [ app_end ] --END-- [ RunTime:0.000962s ]

[ 2018-05-20T12:56:57+08:00 ] 54.36.148.43 /new/index.php/Home/Feig/Index/lang/index.html
INFO: [ app_init ] --START--
INFO: Run Behavior\BuildLiteBehavior [ RunTime:0.000019s ]
INFO: [ app_init ] --END-- [ RunTime:0.003484s ]
INFO: [ app_begin ] --START--
INFO: Run Behavior\ReadHtmlCacheBehavior [ RunTime:0.000659s ]
INFO: Run Behavior\CheckLangBehavior [ RunTime:0.079288s ]
INFO: [ app_begin ] --END-- [ RunTime:0.080030s ]
SQL: SHOW COLUMNS FROM `qw_setting` [ RunTime:0.0976s ]
SQL: SELECT `k`,`v` FROM `qw_setting`  [ RunTime:0.0041s ]
SQL: SHOW COLUMNS FROM `qw_felgproduct` [ RunTime:0.0015s ]
SQL: SHOW COLUMNS FROM `qw_rflinkerproduct` [ RunTime:0.0010s ]
SQL: SELECT `id`,cn_ftname as name,`xl_type` FROM `qw_felgproduct` WHERE ( search = 1 ) UNION SELECT id,cn_rrname as name,xl_type FROM qw_rflinkerproduct where search=1 [ RunTime:0.3023s ]
NOTIC: [8] Undefined variable: new_live /www/web/rflinker_com/public_html/new/App/Home/Controller/ComController.class.php 第 65 行.
SQL: SELECT `id`,cn_ftname as name,`xl_type` FROM `qw_felgproduct` UNION SELECT id,cn_rrname as name,xl_type FROM qw_rflinkerproduct  [ RunTime:0.0905s ]
SQL: SHOW COLUMNS FROM `qw_felghz` [ RunTime:0.0011s ]
SQL: SELECT `id`,cn_fghz as hzname FROM `qw_felghz` ORDER BY fghzsort  [ RunTime:0.0021s ]
SQL: SHOW COLUMNS FROM `qw_felgtype` [ RunTime:0.0010s ]
SQL: SELECT `id`,cn_fgtypename as fgtypename,cn_hzid as hzid FROM `qw_felgtype` ORDER BY fgtypesort  [ RunTime:0.0004s ]
NOTIC: [8] Undefined variable: languagefghz /www/web/rflinker_com/public_html/new/App/Home/Controller/FeigController.class.php 第 45 行.
SQL: SELECT `id`,cn_fghz as fghz FROM `qw_felghz` ORDER BY fghzsort LIMIT 1   [ RunTime:0.0004s ]
SQL: SELECT `id`,cn_fgtypename as fgtypename,cn_hzid as hzid FROM `qw_felgtype` WHERE ( cn_hzid = 3 ) ORDER BY fgtypesort  [ RunTime:0.0004s ]
SQL: SELECT `id`,cn_ftname as ftname,cn_ftimg as ftimg,cn_fttitle as ftitle,cn_tid as tid FROM `qw_felgproduct` ORDER BY ftsort  [ RunTime:0.0008s ]
INFO: [ view_parse ] --START--
INFO: [ template_filter ] --START--
INFO: Run Behavior\ContentReplaceBehavior [ RunTime:0.000079s ]
INFO: [ template_filter ] --END-- [ RunTime:0.000135s ]
NOTIC: [8] Use of undefined constant Index - assumed 'Index' /www/web/rflinker_com/public_html/new/App/Runtime/Cache/Home/614b3ffa92a2ae5ad11dccce659791e8.php 第 51 行.
NOTIC: [8] Use of undefined constant Vocationlist - assumed 'Vocationlist' /www/web/rflinker_com/public_html/new/App/Runtime/Cache/Home/614b3ffa92a2ae5ad11dccce659791e8.php 第 51 行.
NOTIC: [8] Use of undefined constant Codeinput - assumed 'Codeinput' /www/web/rflinker_com/public_html/new/App/Runtime/Cache/Home/614b3ffa92a2ae5ad11dccce659791e8.php 第 51 行.
NOTIC: [8] Use of undefined constant Aboutus - assumed 'Aboutus' /www/web/rflinker_com/public_html/new/App/Runtime/Cache/Home/614b3ffa92a2ae5ad11dccce659791e8.php 第 51 行.
INFO: Run Behavior\ParseTemplateBehavior [ RunTime:0.204782s ]
INFO: [ view_parse ] --END-- [ RunTime:0.204836s ]
INFO: [ view_filter ] --START--
INFO: Run Behavior\WriteHtmlCacheBehavior [ RunTime:0.000626s ]
INFO: [ view_filter ] --END-- [ RunTime:0.000667s ]
INFO: [ app_end ] --START--
INFO: Run Behavior\ShowPageTraceBehavior [ RunTime:0.000785s ]
INFO: [ app_end ] --END-- [ RunTime:0.000876s ]

