[ 2018-04-16T12:36:52+08:00 ] 104.192.74.37 /new/index.php/Home/Aboutus/Index.html
INFO: [ app_init ] --START--
INFO: Run Behavior\BuildLiteBehavior [ RunTime:0.000015s ]
INFO: [ app_init ] --END-- [ RunTime:0.000527s ]
INFO: [ app_begin ] --START--
INFO: Run Behavior\ReadHtmlCacheBehavior [ RunTime:0.000720s ]
INFO: Run Behavior\CheckLangBehavior [ RunTime:0.001737s ]
INFO: [ app_begin ] --END-- [ RunTime:0.002533s ]
SQL: SHOW COLUMNS FROM `qw_setting` [ RunTime:0.0006s ]
SQL: SELECT `k`,`v` FROM `qw_setting`  [ RunTime:0.0001s ]
SQL: SHOW COLUMNS FROM `qw_felgproduct` [ RunTime:0.0007s ]
SQL: SHOW COLUMNS FROM `qw_rflinkerproduct` [ RunTime:0.0007s ]
SQL: SELECT `id`,en_ftname as name,`xl_type` FROM `qw_felgproduct` WHERE ( search = 1 ) UNION SELECT id,en_rrname as name,xl_type FROM qw_rflinkerproduct where search=1 [ RunTime:0.0003s ]
NOTIC: [8] Undefined variable: new_live /www/web/rflinker_com/public_html/new/App/Home/Controller/ComController.class.php 第 65 行.
SQL: SELECT `id`,en_ftname as name,`xl_type` FROM `qw_felgproduct` UNION SELECT id,en_rrname as name,xl_type FROM qw_rflinkerproduct  [ RunTime:0.0004s ]
INFO: [ view_parse ] --START--
INFO: [ template_filter ] --START--
INFO: Run Behavior\ContentReplaceBehavior [ RunTime:0.000064s ]
INFO: [ template_filter ] --END-- [ RunTime:0.000109s ]
NOTIC: [8] Use of undefined constant Index - assumed 'Index' /www/web/rflinker_com/public_html/new/App/Runtime/Cache/Home/6d9195a7ccbe058f45cf16e69b231bd7.php 第 71 行.
NOTIC: [8] Use of undefined constant Vocationlist - assumed 'Vocationlist' /www/web/rflinker_com/public_html/new/App/Runtime/Cache/Home/6d9195a7ccbe058f45cf16e69b231bd7.php 第 87 行.
NOTIC: [8] Use of undefined constant Codeinput - assumed 'Codeinput' /www/web/rflinker_com/public_html/new/App/Runtime/Cache/Home/6d9195a7ccbe058f45cf16e69b231bd7.php 第 90 行.
NOTIC: [8] Use of undefined constant Aboutus - assumed 'Aboutus' /www/web/rflinker_com/public_html/new/App/Runtime/Cache/Home/6d9195a7ccbe058f45cf16e69b231bd7.php 第 93 行.
INFO: Run Behavior\ParseTemplateBehavior [ RunTime:0.011974s ]
INFO: [ view_parse ] --END-- [ RunTime:0.012013s ]
INFO: [ view_filter ] --START--
INFO: Run Behavior\WriteHtmlCacheBehavior [ RunTime:0.000418s ]
INFO: [ view_filter ] --END-- [ RunTime:0.000455s ]
INFO: [ app_end ] --START--
INFO: Run Behavior\ShowPageTraceBehavior [ RunTime:0.000744s ]
INFO: [ app_end ] --END-- [ RunTime:0.000792s ]

[ 2018-04-16T12:36:52+08:00 ] 104.192.74.37 /new/index.php/Home/Aboutus/Index.html
INFO: [ app_init ] --START--
INFO: Run Behavior\BuildLiteBehavior [ RunTime:0.000024s ]
INFO: [ app_init ] --END-- [ RunTime:0.000355s ]
INFO: [ app_begin ] --START--
INFO: Run Behavior\ReadHtmlCacheBehavior [ RunTime:0.000426s ]
INFO: Run Behavior\CheckLangBehavior [ RunTime:0.001099s ]
INFO: [ app_begin ] --END-- [ RunTime:0.001604s ]
SQL: SHOW COLUMNS FROM `qw_setting` [ RunTime:0.0006s ]
SQL: SELECT `k`,`v` FROM `qw_setting`  [ RunTime:0.0001s ]
SQL: SHOW COLUMNS FROM `qw_felgproduct` [ RunTime:0.0007s ]
SQL: SHOW COLUMNS FROM `qw_rflinkerproduct` [ RunTime:0.0007s ]
SQL: SELECT `id`,cn_ftname as name,`xl_type` FROM `qw_felgproduct` WHERE ( search = 1 ) UNION SELECT id,cn_rrname as name,xl_type FROM qw_rflinkerproduct where search=1 [ RunTime:0.0003s ]
NOTIC: [8] Undefined variable: new_live /www/web/rflinker_com/public_html/new/App/Home/Controller/ComController.class.php 第 65 行.
SQL: SELECT `id`,cn_ftname as name,`xl_type` FROM `qw_felgproduct` UNION SELECT id,cn_rrname as name,xl_type FROM qw_rflinkerproduct  [ RunTime:0.0003s ]
INFO: [ view_parse ] --START--
INFO: [ template_filter ] --START--
INFO: Run Behavior\ContentReplaceBehavior [ RunTime:0.000069s ]
INFO: [ template_filter ] --END-- [ RunTime:0.000115s ]
NOTIC: [8] Use of undefined constant Index - assumed 'Index' /www/web/rflinker_com/public_html/new/App/Runtime/Cache/Home/6d9195a7ccbe058f45cf16e69b231bd7.php 第 71 行.
NOTIC: [8] Use of undefined constant Vocationlist - assumed 'Vocationlist' /www/web/rflinker_com/public_html/new/App/Runtime/Cache/Home/6d9195a7ccbe058f45cf16e69b231bd7.php 第 87 行.
NOTIC: [8] Use of undefined constant Codeinput - assumed 'Codeinput' /www/web/rflinker_com/public_html/new/App/Runtime/Cache/Home/6d9195a7ccbe058f45cf16e69b231bd7.php 第 90 行.
NOTIC: [8] Use of undefined constant Aboutus - assumed 'Aboutus' /www/web/rflinker_com/public_html/new/App/Runtime/Cache/Home/6d9195a7ccbe058f45cf16e69b231bd7.php 第 93 行.
INFO: Run Behavior\ParseTemplateBehavior [ RunTime:0.009754s ]
INFO: [ view_parse ] --END-- [ RunTime:0.009794s ]
INFO: [ view_filter ] --START--
INFO: Run Behavior\WriteHtmlCacheBehavior [ RunTime:0.000206s ]
INFO: [ view_filter ] --END-- [ RunTime:0.000244s ]
INFO: [ app_end ] --START--
INFO: Run Behavior\ShowPageTraceBehavior [ RunTime:0.000430s ]
INFO: [ app_end ] --END-- [ RunTime:0.000477s ]

[ 2018-04-16T13:55:08+08:00 ] 66.249.66.74 /new/index.php/Home/Index/Index.html
INFO: [ app_init ] --START--
INFO: Run Behavior\BuildLiteBehavior [ RunTime:0.000013s ]
INFO: [ app_init ] --END-- [ RunTime:0.000331s ]
INFO: [ app_begin ] --START--
INFO: Run Behavior\ReadHtmlCacheBehavior [ RunTime:0.000428s ]
INFO: Run Behavior\CheckLangBehavior [ RunTime:0.000754s ]
INFO: [ app_begin ] --END-- [ RunTime:0.001256s ]
SQL: SHOW COLUMNS FROM `qw_setting` [ RunTime:0.0009s ]
SQL: SELECT `k`,`v` FROM `qw_setting`  [ RunTime:0.0002s ]
SQL: SHOW COLUMNS FROM `qw_felgproduct` [ RunTime:0.0008s ]
SQL: SHOW COLUMNS FROM `qw_rflinkerproduct` [ RunTime:0.0007s ]
SQL: SELECT `id`,cn_ftname as name,`xl_type` FROM `qw_felgproduct` WHERE ( search = 1 ) UNION SELECT id,cn_rrname as name,xl_type FROM qw_rflinkerproduct where search=1 [ RunTime:0.0004s ]
NOTIC: [8] Undefined variable: new_live /www/web/rflinker_com/public_html/new/App/Home/Controller/ComController.class.php 第 65 行.
SQL: SELECT `id`,cn_ftname as name,`xl_type` FROM `qw_felgproduct` UNION SELECT id,cn_rrname as name,xl_type FROM qw_rflinkerproduct  [ RunTime:0.0004s ]
SQL: SHOW COLUMNS FROM `qw_indexshow` [ RunTime:0.0006s ]
SQL: SELECT `id`,cn_fghzname as fghzname,cn_fghzshow as fghzshow,cn_rrhzname as rrhzname,cn_rrhzshow as rrhzshow,cn_tjhzname as tjhzname,cn_tjhzshow as tjhzshow FROM `qw_indexshow` LIMIT 1   [ RunTime:0.0002s ]
SQL: SHOW COLUMNS FROM `qw_flashview` [ RunTime:0.0007s ]
SQL: SELECT `id`,cn_flashviewpc as flashviewpc,cn_title as title,cn_fwshowpc as fwshowpc,cn_fwlink as fwlink,`fwsort`,cn_name as name FROM `qw_flashview` ORDER BY fwsort  [ RunTime:0.0002s ]
SQL: SHOW COLUMNS FROM `qw_felghz` [ RunTime:0.0006s ]
SQL: SELECT `id`,cn_fghz as fghz,cn_fghztitle as fghztitle,cn_fghzimg as fghzimg,`fghzsort` FROM `qw_felghz` ORDER BY fghzsort LIMIT 4   [ RunTime:0.0002s ]
SQL: SHOW COLUMNS FROM `qw_felgtype` [ RunTime:0.0006s ]
SQL: SELECT * FROM `qw_felgtype` WHERE ( cn_hzid = 3 ) ORDER BY fgtypesort LIMIT 1   [ RunTime:0.0002s ]
SQL: SELECT * FROM `qw_felgtype` WHERE ( cn_hzid = 4 ) ORDER BY fgtypesort LIMIT 1   [ RunTime:0.0002s ]
SQL: SELECT * FROM `qw_felgtype` WHERE ( cn_hzid = 5 ) ORDER BY fgtypesort LIMIT 1   [ RunTime:0.0002s ]
SQL: SHOW COLUMNS FROM `qw_rflinkerhz` [ RunTime:0.0006s ]
SQL: SELECT `id`,cn_rflinkerhz as rflinkerhz,cn_rrtitle as rrtitle,cn_rrimg as rrimg,`rrsort` FROM `qw_rflinkerhz` ORDER BY rrsort LIMIT 4   [ RunTime:0.0002s ]
SQL: SHOW COLUMNS FROM `qw_tuijian` [ RunTime:0.0007s ]
SQL: SELECT `id`,cn_felgname as felgname,cn_rrname as rrname,`type`,`tjsotr` FROM `qw_tuijian` ORDER BY tjsotr  [ RunTime:0.0002s ]
SQL: SHOW COLUMNS FROM `qw_industry` [ RunTime:0.0008s ]
SQL: SELECT `id`,cn_imgiy as imgiy,`iysort`,cn_nameiy as nameiy,cn_title as title FROM `qw_industry` ORDER BY iysort LIMIT 4   [ RunTime:0.0002s ]
INFO: [ view_parse ] --START--
INFO: [ template_filter ] --START--
INFO: Run Behavior\ContentReplaceBehavior [ RunTime:0.000074s ]
INFO: [ template_filter ] --END-- [ RunTime:0.000121s ]
NOTIC: [8] Use of undefined constant Index - assumed 'Index' /www/web/rflinker_com/public_html/new/App/Runtime/Cache/Home/3da8682377a51f4116c98bfda6b18a92.php 第 72 行.
NOTIC: [8] Use of undefined constant Vocationlist - assumed 'Vocationlist' /www/web/rflinker_com/public_html/new/App/Runtime/Cache/Home/3da8682377a51f4116c98bfda6b18a92.php 第 88 行.
NOTIC: [8] Use of undefined constant Codeinput - assumed 'Codeinput' /www/web/rflinker_com/public_html/new/App/Runtime/Cache/Home/3da8682377a51f4116c98bfda6b18a92.php 第 91 行.
NOTIC: [8] Use of undefined constant Aboutus - assumed 'Aboutus' /www/web/rflinker_com/public_html/new/App/Runtime/Cache/Home/3da8682377a51f4116c98bfda6b18a92.php 第 94 行.
NOTIC: [8] Undefined index: typeid /www/web/rflinker_com/public_html/new/App/Runtime/Cache/Home/3da8682377a51f4116c98bfda6b18a92.php 第 171 行.
NOTIC: [8] Undefined index: typeid /www/web/rflinker_com/public_html/new/App/Runtime/Cache/Home/3da8682377a51f4116c98bfda6b18a92.php 第 171 行.
INFO: Run Behavior\ParseTemplateBehavior [ RunTime:0.015805s ]
INFO: [ view_parse ] --END-- [ RunTime:0.015847s ]
INFO: [ view_filter ] --START--
INFO: Run Behavior\WriteHtmlCacheBehavior [ RunTime:0.000214s ]
INFO: [ view_filter ] --END-- [ RunTime:0.000252s ]
INFO: [ app_end ] --START--
INFO: Run Behavior\ShowPageTraceBehavior [ RunTime:0.000472s ]
INFO: [ app_end ] --END-- [ RunTime:0.000524s ]

[ 2018-04-16T14:30:58+08:00 ] 66.249.66.76 /new/index.php/Home/Index/Index/lang/ch-cn.html
INFO: [ app_init ] --START--
INFO: Run Behavior\BuildLiteBehavior [ RunTime:0.000015s ]
INFO: [ app_init ] --END-- [ RunTime:0.000389s ]
INFO: [ app_begin ] --START--
INFO: Run Behavior\ReadHtmlCacheBehavior [ RunTime:0.000474s ]
INFO: Run Behavior\CheckLangBehavior [ RunTime:0.000831s ]
INFO: [ app_begin ] --END-- [ RunTime:0.001391s ]
SQL: SHOW COLUMNS FROM `qw_setting` [ RunTime:0.0009s ]
SQL: SELECT `k`,`v` FROM `qw_setting`  [ RunTime:0.0002s ]
SQL: SHOW COLUMNS FROM `qw_felgproduct` [ RunTime:0.0008s ]
SQL: SHOW COLUMNS FROM `qw_rflinkerproduct` [ RunTime:0.0007s ]
SQL: SELECT `id`,cn_ftname as name,`xl_type` FROM `qw_felgproduct` WHERE ( search = 1 ) UNION SELECT id,cn_rrname as name,xl_type FROM qw_rflinkerproduct where search=1 [ RunTime:0.0004s ]
NOTIC: [8] Undefined variable: new_live /www/web/rflinker_com/public_html/new/App/Home/Controller/ComController.class.php 第 65 行.
SQL: SELECT `id`,cn_ftname as name,`xl_type` FROM `qw_felgproduct` UNION SELECT id,cn_rrname as name,xl_type FROM qw_rflinkerproduct  [ RunTime:0.0004s ]
SQL: SHOW COLUMNS FROM `qw_indexshow` [ RunTime:0.0006s ]
SQL: SELECT `id`,cn_fghzname as fghzname,cn_fghzshow as fghzshow,cn_rrhzname as rrhzname,cn_rrhzshow as rrhzshow,cn_tjhzname as tjhzname,cn_tjhzshow as tjhzshow FROM `qw_indexshow` LIMIT 1   [ RunTime:0.0002s ]
SQL: SHOW COLUMNS FROM `qw_flashview` [ RunTime:0.0007s ]
SQL: SELECT `id`,cn_flashviewpc as flashviewpc,cn_title as title,cn_fwshowpc as fwshowpc,cn_fwlink as fwlink,`fwsort`,cn_name as name FROM `qw_flashview` ORDER BY fwsort  [ RunTime:0.0002s ]
SQL: SHOW COLUMNS FROM `qw_felghz` [ RunTime:0.0006s ]
SQL: SELECT `id`,cn_fghz as fghz,cn_fghztitle as fghztitle,cn_fghzimg as fghzimg,`fghzsort` FROM `qw_felghz` ORDER BY fghzsort LIMIT 4   [ RunTime:0.0002s ]
SQL: SHOW COLUMNS FROM `qw_felgtype` [ RunTime:0.0006s ]
SQL: SELECT * FROM `qw_felgtype` WHERE ( cn_hzid = 3 ) ORDER BY fgtypesort LIMIT 1   [ RunTime:0.0002s ]
SQL: SELECT * FROM `qw_felgtype` WHERE ( cn_hzid = 4 ) ORDER BY fgtypesort LIMIT 1   [ RunTime:0.0002s ]
SQL: SELECT * FROM `qw_felgtype` WHERE ( cn_hzid = 5 ) ORDER BY fgtypesort LIMIT 1   [ RunTime:0.0002s ]
SQL: SHOW COLUMNS FROM `qw_rflinkerhz` [ RunTime:0.0006s ]
SQL: SELECT `id`,cn_rflinkerhz as rflinkerhz,cn_rrtitle as rrtitle,cn_rrimg as rrimg,`rrsort` FROM `qw_rflinkerhz` ORDER BY rrsort LIMIT 4   [ RunTime:0.0002s ]
SQL: SHOW COLUMNS FROM `qw_tuijian` [ RunTime:0.0006s ]
SQL: SELECT `id`,cn_felgname as felgname,cn_rrname as rrname,`type`,`tjsotr` FROM `qw_tuijian` ORDER BY tjsotr  [ RunTime:0.0002s ]
SQL: SHOW COLUMNS FROM `qw_industry` [ RunTime:0.0008s ]
SQL: SELECT `id`,cn_imgiy as imgiy,`iysort`,cn_nameiy as nameiy,cn_title as title FROM `qw_industry` ORDER BY iysort LIMIT 4   [ RunTime:0.0003s ]
INFO: [ view_parse ] --START--
INFO: [ template_filter ] --START--
INFO: Run Behavior\ContentReplaceBehavior [ RunTime:0.000078s ]
INFO: [ template_filter ] --END-- [ RunTime:0.000124s ]
NOTIC: [8] Use of undefined constant Index - assumed 'Index' /www/web/rflinker_com/public_html/new/App/Runtime/Cache/Home/3da8682377a51f4116c98bfda6b18a92.php 第 72 行.
NOTIC: [8] Use of undefined constant Vocationlist - assumed 'Vocationlist' /www/web/rflinker_com/public_html/new/App/Runtime/Cache/Home/3da8682377a51f4116c98bfda6b18a92.php 第 88 行.
NOTIC: [8] Use of undefined constant Codeinput - assumed 'Codeinput' /www/web/rflinker_com/public_html/new/App/Runtime/Cache/Home/3da8682377a51f4116c98bfda6b18a92.php 第 91 行.
NOTIC: [8] Use of undefined constant Aboutus - assumed 'Aboutus' /www/web/rflinker_com/public_html/new/App/Runtime/Cache/Home/3da8682377a51f4116c98bfda6b18a92.php 第 94 行.
NOTIC: [8] Undefined index: typeid /www/web/rflinker_com/public_html/new/App/Runtime/Cache/Home/3da8682377a51f4116c98bfda6b18a92.php 第 171 行.
NOTIC: [8] Undefined index: typeid /www/web/rflinker_com/public_html/new/App/Runtime/Cache/Home/3da8682377a51f4116c98bfda6b18a92.php 第 171 行.
INFO: Run Behavior\ParseTemplateBehavior [ RunTime:0.017348s ]
INFO: [ view_parse ] --END-- [ RunTime:0.017400s ]
INFO: [ view_filter ] --START--
INFO: Run Behavior\WriteHtmlCacheBehavior [ RunTime:0.000191s ]
INFO: [ view_filter ] --END-- [ RunTime:0.000227s ]
INFO: [ app_end ] --START--
INFO: Run Behavior\ShowPageTraceBehavior [ RunTime:0.000443s ]
INFO: [ app_end ] --END-- [ RunTime:0.000489s ]

[ 2018-04-16T15:11:28+08:00 ] 66.249.66.74 /new/index.php/Home/Index/Index.html
INFO: [ app_init ] --START--
INFO: Run Behavior\BuildLiteBehavior [ RunTime:0.000014s ]
INFO: [ app_init ] --END-- [ RunTime:0.000359s ]
INFO: [ app_begin ] --START--
INFO: Run Behavior\ReadHtmlCacheBehavior [ RunTime:0.000486s ]
INFO: Run Behavior\CheckLangBehavior [ RunTime:0.000782s ]
INFO: [ app_begin ] --END-- [ RunTime:0.001343s ]
SQL: SHOW COLUMNS FROM `qw_setting` [ RunTime:0.0008s ]
SQL: SELECT `k`,`v` FROM `qw_setting`  [ RunTime:0.0001s ]
SQL: SHOW COLUMNS FROM `qw_felgproduct` [ RunTime:0.0007s ]
SQL: SHOW COLUMNS FROM `qw_rflinkerproduct` [ RunTime:0.0007s ]
SQL: SELECT `id`,cn_ftname as name,`xl_type` FROM `qw_felgproduct` WHERE ( search = 1 ) UNION SELECT id,cn_rrname as name,xl_type FROM qw_rflinkerproduct where search=1 [ RunTime:0.0003s ]
NOTIC: [8] Undefined variable: new_live /www/web/rflinker_com/public_html/new/App/Home/Controller/ComController.class.php 第 65 行.
SQL: SELECT `id`,cn_ftname as name,`xl_type` FROM `qw_felgproduct` UNION SELECT id,cn_rrname as name,xl_type FROM qw_rflinkerproduct  [ RunTime:0.0003s ]
SQL: SHOW COLUMNS FROM `qw_indexshow` [ RunTime:0.0007s ]
SQL: SELECT `id`,cn_fghzname as fghzname,cn_fghzshow as fghzshow,cn_rrhzname as rrhzname,cn_rrhzshow as rrhzshow,cn_tjhzname as tjhzname,cn_tjhzshow as tjhzshow FROM `qw_indexshow` LIMIT 1   [ RunTime:0.0002s ]
SQL: SHOW COLUMNS FROM `qw_flashview` [ RunTime:0.0007s ]
SQL: SELECT `id`,cn_flashviewpc as flashviewpc,cn_title as title,cn_fwshowpc as fwshowpc,cn_fwlink as fwlink,`fwsort`,cn_name as name FROM `qw_flashview` ORDER BY fwsort  [ RunTime:0.0002s ]
SQL: SHOW COLUMNS FROM `qw_felghz` [ RunTime:0.0006s ]
SQL: SELECT `id`,cn_fghz as fghz,cn_fghztitle as fghztitle,cn_fghzimg as fghzimg,`fghzsort` FROM `qw_felghz` ORDER BY fghzsort LIMIT 4   [ RunTime:0.0002s ]
SQL: SHOW COLUMNS FROM `qw_felgtype` [ RunTime:0.0005s ]
SQL: SELECT * FROM `qw_felgtype` WHERE ( cn_hzid = 3 ) ORDER BY fgtypesort LIMIT 1   [ RunTime:0.0002s ]
SQL: SELECT * FROM `qw_felgtype` WHERE ( cn_hzid = 4 ) ORDER BY fgtypesort LIMIT 1   [ RunTime:0.0002s ]
SQL: SELECT * FROM `qw_felgtype` WHERE ( cn_hzid = 5 ) ORDER BY fgtypesort LIMIT 1   [ RunTime:0.0002s ]
SQL: SHOW COLUMNS FROM `qw_rflinkerhz` [ RunTime:0.0005s ]
SQL: SELECT `id`,cn_rflinkerhz as rflinkerhz,cn_rrtitle as rrtitle,cn_rrimg as rrimg,`rrsort` FROM `qw_rflinkerhz` ORDER BY rrsort LIMIT 4   [ RunTime:0.0002s ]
SQL: SHOW COLUMNS FROM `qw_tuijian` [ RunTime:0.0006s ]
SQL: SELECT `id`,cn_felgname as felgname,cn_rrname as rrname,`type`,`tjsotr` FROM `qw_tuijian` ORDER BY tjsotr  [ RunTime:0.0002s ]
SQL: SHOW COLUMNS FROM `qw_industry` [ RunTime:0.0007s ]
SQL: SELECT `id`,cn_imgiy as imgiy,`iysort`,cn_nameiy as nameiy,cn_title as title FROM `qw_industry` ORDER BY iysort LIMIT 4   [ RunTime:0.0002s ]
INFO: [ view_parse ] --START--
INFO: [ template_filter ] --START--
INFO: Run Behavior\ContentReplaceBehavior [ RunTime:0.000073s ]
INFO: [ template_filter ] --END-- [ RunTime:0.000118s ]
NOTIC: [8] Use of undefined constant Index - assumed 'Index' /www/web/rflinker_com/public_html/new/App/Runtime/Cache/Home/3da8682377a51f4116c98bfda6b18a92.php 第 72 行.
NOTIC: [8] Use of undefined constant Vocationlist - assumed 'Vocationlist' /www/web/rflinker_com/public_html/new/App/Runtime/Cache/Home/3da8682377a51f4116c98bfda6b18a92.php 第 88 行.
NOTIC: [8] Use of undefined constant Codeinput - assumed 'Codeinput' /www/web/rflinker_com/public_html/new/App/Runtime/Cache/Home/3da8682377a51f4116c98bfda6b18a92.php 第 91 行.
NOTIC: [8] Use of undefined constant Aboutus - assumed 'Aboutus' /www/web/rflinker_com/public_html/new/App/Runtime/Cache/Home/3da8682377a51f4116c98bfda6b18a92.php 第 94 行.
NOTIC: [8] Undefined index: typeid /www/web/rflinker_com/public_html/new/App/Runtime/Cache/Home/3da8682377a51f4116c98bfda6b18a92.php 第 171 行.
NOTIC: [8] Undefined index: typeid /www/web/rflinker_com/public_html/new/App/Runtime/Cache/Home/3da8682377a51f4116c98bfda6b18a92.php 第 171 行.
INFO: Run Behavior\ParseTemplateBehavior [ RunTime:0.014358s ]
INFO: [ view_parse ] --END-- [ RunTime:0.014396s ]
INFO: [ view_filter ] --START--
INFO: Run Behavior\WriteHtmlCacheBehavior [ RunTime:0.000202s ]
INFO: [ view_filter ] --END-- [ RunTime:0.000238s ]
INFO: [ app_end ] --START--
INFO: Run Behavior\ShowPageTraceBehavior [ RunTime:0.000442s ]
INFO: [ app_end ] --END-- [ RunTime:0.000488s ]

[ 2018-04-16T16:17:57+08:00 ] 66.249.66.74 /new/index.php/Home/Vocationlist/Index/lang/ch-cn.html
INFO: [ app_init ] --START--
INFO: Run Behavior\BuildLiteBehavior [ RunTime:0.000014s ]
INFO: [ app_init ] --END-- [ RunTime:0.000326s ]
INFO: [ app_begin ] --START--
INFO: Run Behavior\ReadHtmlCacheBehavior [ RunTime:0.000411s ]
INFO: Run Behavior\CheckLangBehavior [ RunTime:0.000742s ]
INFO: [ app_begin ] --END-- [ RunTime:0.001225s ]
SQL: SHOW COLUMNS FROM `qw_setting` [ RunTime:0.0007s ]
SQL: SELECT `k`,`v` FROM `qw_setting`  [ RunTime:0.0001s ]
SQL: SHOW COLUMNS FROM `qw_felgproduct` [ RunTime:0.0007s ]
SQL: SHOW COLUMNS FROM `qw_rflinkerproduct` [ RunTime:0.0006s ]
SQL: SELECT `id`,cn_ftname as name,`xl_type` FROM `qw_felgproduct` WHERE ( search = 1 ) UNION SELECT id,cn_rrname as name,xl_type FROM qw_rflinkerproduct where search=1 [ RunTime:0.0003s ]
NOTIC: [8] Undefined variable: new_live /www/web/rflinker_com/public_html/new/App/Home/Controller/ComController.class.php 第 65 行.
SQL: SELECT `id`,cn_ftname as name,`xl_type` FROM `qw_felgproduct` UNION SELECT id,cn_rrname as name,xl_type FROM qw_rflinkerproduct  [ RunTime:0.0003s ]
SQL: SHOW COLUMNS FROM `qw_industry` [ RunTime:0.0007s ]
SQL: SELECT COUNT(*) AS tp_count FROM `qw_industry` LIMIT 1   [ RunTime:0.0002s ]
SQL: SELECT `id`,cn_imgiy as imgiy,`iysort`,cn_nameiy as nameiy,cn_title as title FROM `qw_industry` ORDER BY iysort LIMIT 4   [ RunTime:0.0002s ]
INFO: [ view_parse ] --START--
INFO: [ template_filter ] --START--
INFO: Run Behavior\ContentReplaceBehavior [ RunTime:0.000067s ]
INFO: [ template_filter ] --END-- [ RunTime:0.000109s ]
NOTIC: [8] Use of undefined constant Index - assumed 'Index' /www/web/rflinker_com/public_html/new/App/Runtime/Cache/Home/17ab6b028a23c7b6c8e8ca42d3d570bd.php 第 90 行.
NOTIC: [8] Use of undefined constant Vocationlist - assumed 'Vocationlist' /www/web/rflinker_com/public_html/new/App/Runtime/Cache/Home/17ab6b028a23c7b6c8e8ca42d3d570bd.php 第 106 行.
NOTIC: [8] Use of undefined constant Codeinput - assumed 'Codeinput' /www/web/rflinker_com/public_html/new/App/Runtime/Cache/Home/17ab6b028a23c7b6c8e8ca42d3d570bd.php 第 109 行.
NOTIC: [8] Use of undefined constant Aboutus - assumed 'Aboutus' /www/web/rflinker_com/public_html/new/App/Runtime/Cache/Home/17ab6b028a23c7b6c8e8ca42d3d570bd.php 第 112 行.
INFO: Run Behavior\ParseTemplateBehavior [ RunTime:0.010769s ]
INFO: [ view_parse ] --END-- [ RunTime:0.010807s ]
INFO: [ view_filter ] --START--
INFO: Run Behavior\WriteHtmlCacheBehavior [ RunTime:0.000202s ]
INFO: [ view_filter ] --END-- [ RunTime:0.000238s ]
INFO: [ app_end ] --START--
INFO: Run Behavior\ShowPageTraceBehavior [ RunTime:0.000456s ]
INFO: [ app_end ] --END-- [ RunTime:0.000502s ]

[ 2018-04-16T19:37:19+08:00 ] 66.249.66.75 /new/index.php/Home/Feig/Index/lang/ch-cn.html
INFO: [ app_init ] --START--
INFO: Run Behavior\BuildLiteBehavior [ RunTime:0.000013s ]
INFO: [ app_init ] --END-- [ RunTime:0.000331s ]
INFO: [ app_begin ] --START--
INFO: Run Behavior\ReadHtmlCacheBehavior [ RunTime:0.000430s ]
INFO: Run Behavior\CheckLangBehavior [ RunTime:0.000732s ]
INFO: [ app_begin ] --END-- [ RunTime:0.001234s ]
SQL: SHOW COLUMNS FROM `qw_setting` [ RunTime:0.0008s ]
SQL: SELECT `k`,`v` FROM `qw_setting`  [ RunTime:0.0002s ]
SQL: SHOW COLUMNS FROM `qw_felgproduct` [ RunTime:0.0007s ]
SQL: SHOW COLUMNS FROM `qw_rflinkerproduct` [ RunTime:0.0007s ]
SQL: SELECT `id`,cn_ftname as name,`xl_type` FROM `qw_felgproduct` WHERE ( search = 1 ) UNION SELECT id,cn_rrname as name,xl_type FROM qw_rflinkerproduct where search=1 [ RunTime:0.0003s ]
NOTIC: [8] Undefined variable: new_live /www/web/rflinker_com/public_html/new/App/Home/Controller/ComController.class.php 第 65 行.
SQL: SELECT `id`,cn_ftname as name,`xl_type` FROM `qw_felgproduct` UNION SELECT id,cn_rrname as name,xl_type FROM qw_rflinkerproduct  [ RunTime:0.0004s ]
SQL: SHOW COLUMNS FROM `qw_felghz` [ RunTime:0.0005s ]
SQL: SELECT `id`,cn_fghz as hzname FROM `qw_felghz` ORDER BY fghzsort  [ RunTime:0.0002s ]
SQL: SHOW COLUMNS FROM `qw_felgtype` [ RunTime:0.0005s ]
SQL: SELECT `id`,cn_fgtypename as fgtypename,cn_hzid as hzid FROM `qw_felgtype` ORDER BY fgtypesort  [ RunTime:0.0002s ]
NOTIC: [8] Undefined variable: languagefghz /www/web/rflinker_com/public_html/new/App/Home/Controller/FeigController.class.php 第 45 行.
SQL: SELECT `id`,cn_fghz as fghz FROM `qw_felghz` ORDER BY fghzsort LIMIT 1   [ RunTime:0.0002s ]
SQL: SELECT `id`,cn_fgtypename as fgtypename,cn_hzid as hzid FROM `qw_felgtype` WHERE ( cn_hzid = 3 ) ORDER BY fgtypesort  [ RunTime:0.0002s ]
SQL: SELECT `id`,cn_ftname as ftname,cn_ftimg as ftimg,cn_fttitle as ftitle,cn_tid as tid FROM `qw_felgproduct` ORDER BY ftsort  [ RunTime:0.0003s ]
INFO: [ view_parse ] --START--
INFO: [ template_filter ] --START--
INFO: Run Behavior\ContentReplaceBehavior [ RunTime:0.000093s ]
INFO: [ template_filter ] --END-- [ RunTime:0.000137s ]
NOTIC: [8] Use of undefined constant Index - assumed 'Index' /www/web/rflinker_com/public_html/new/App/Runtime/Cache/Home/614b3ffa92a2ae5ad11dccce659791e8.php 第 86 行.
NOTIC: [8] Use of undefined constant Vocationlist - assumed 'Vocationlist' /www/web/rflinker_com/public_html/new/App/Runtime/Cache/Home/614b3ffa92a2ae5ad11dccce659791e8.php 第 102 行.
NOTIC: [8] Use of undefined constant Codeinput - assumed 'Codeinput' /www/web/rflinker_com/public_html/new/App/Runtime/Cache/Home/614b3ffa92a2ae5ad11dccce659791e8.php 第 105 行.
NOTIC: [8] Use of undefined constant Aboutus - assumed 'Aboutus' /www/web/rflinker_com/public_html/new/App/Runtime/Cache/Home/614b3ffa92a2ae5ad11dccce659791e8.php 第 108 行.
INFO: Run Behavior\ParseTemplateBehavior [ RunTime:0.014245s ]
INFO: [ view_parse ] --END-- [ RunTime:0.014285s ]
INFO: [ view_filter ] --START--
INFO: Run Behavior\WriteHtmlCacheBehavior [ RunTime:0.000189s ]
INFO: [ view_filter ] --END-- [ RunTime:0.000250s ]
INFO: [ app_end ] --START--
INFO: Run Behavior\ShowPageTraceBehavior [ RunTime:0.000431s ]
INFO: [ app_end ] --END-- [ RunTime:0.000477s ]

[ 2018-04-16T20:13:09+08:00 ] 66.249.66.75 /new/index.php/Home/Productdetails/index.html?type=1&&id=205
INFO: [ app_init ] --START--
INFO: Run Behavior\BuildLiteBehavior [ RunTime:0.000013s ]
INFO: [ app_init ] --END-- [ RunTime:0.000318s ]
INFO: [ app_begin ] --START--
INFO: Run Behavior\ReadHtmlCacheBehavior [ RunTime:0.000442s ]
INFO: Run Behavior\CheckLangBehavior [ RunTime:0.000723s ]
INFO: [ app_begin ] --END-- [ RunTime:0.001245s ]
SQL: SHOW COLUMNS FROM `qw_setting` [ RunTime:0.0008s ]
SQL: SELECT `k`,`v` FROM `qw_setting`  [ RunTime:0.0001s ]
SQL: SHOW COLUMNS FROM `qw_felgproduct` [ RunTime:0.0007s ]
SQL: SHOW COLUMNS FROM `qw_rflinkerproduct` [ RunTime:0.0007s ]
SQL: SELECT `id`,cn_ftname as name,`xl_type` FROM `qw_felgproduct` WHERE ( search = 1 ) UNION SELECT id,cn_rrname as name,xl_type FROM qw_rflinkerproduct where search=1 [ RunTime:0.0003s ]
NOTIC: [8] Undefined variable: new_live /www/web/rflinker_com/public_html/new/App/Home/Controller/ComController.class.php 第 65 行.
SQL: SELECT `id`,cn_ftname as name,`xl_type` FROM `qw_felgproduct` UNION SELECT id,cn_rrname as name,xl_type FROM qw_rflinkerproduct  [ RunTime:0.0003s ]
SQL: SHOW COLUMNS FROM `qw_felghz` [ RunTime:0.0005s ]
SQL: SELECT `id`,cn_fghz as hzname FROM `qw_felghz` ORDER BY fghzsort  [ RunTime:0.0002s ]
SQL: SHOW COLUMNS FROM `qw_felgtype` [ RunTime:0.0005s ]
SQL: SELECT `id`,cn_fgtypename as fgtypename,cn_hzid as hzid FROM `qw_felgtype` ORDER BY fgtypesort  [ RunTime:0.0002s ]
SQL: SELECT `id`,felgcnhzname as hzname,felgcntypename  as typename,cn_ftname as ftname,cn_fttitle as fttitle,cn_ftimg as ftimg,cn_ftspec as ftspec,`ftsort` FROM `qw_felgproduct` WHERE ( id =205 ) ORDER BY ftsort LIMIT 1   [ RunTime:0.0002s ]
SQL: SHOW COLUMNS FROM `qw_matching` [ RunTime:0.0005s ]
SQL: SHOW COLUMNS FROM `qw_felgproduct` [ RunTime:0.0007s ]
SQL: SELECT f.id,cn_ftname as ftname,cn_fttitle as fttitle,cn_ftimg as ftimg FROM qw_felgproduct f INNER JOIN 
						qw_matching m on f.cn_ftname = m.cn_mgname
					     WHERE ( fuid =205 )  [ RunTime:0.0002s ]
SQL: SHOW COLUMNS FROM `qw_felgptdown` [ RunTime:0.0006s ]
SQL: SELECT cn_downname as downname,cn_down as down,`downsort` FROM `qw_felgptdown` WHERE ( felgptid = 205 ) ORDER BY downsort  [ RunTime:0.0002s ]
INFO: [ view_parse ] --START--
INFO: [ template_filter ] --START--
INFO: Run Behavior\ContentReplaceBehavior [ RunTime:0.000071s ]
INFO: [ template_filter ] --END-- [ RunTime:0.000117s ]
NOTIC: [8] Use of undefined constant Index - assumed 'Index' /www/web/rflinker_com/public_html/new/App/Runtime/Cache/Home/4722ce9f6893de4df1acc80e009cbd5a.php 第 81 行.
NOTIC: [8] Use of undefined constant Vocationlist - assumed 'Vocationlist' /www/web/rflinker_com/public_html/new/App/Runtime/Cache/Home/4722ce9f6893de4df1acc80e009cbd5a.php 第 97 行.
NOTIC: [8] Use of undefined constant Codeinput - assumed 'Codeinput' /www/web/rflinker_com/public_html/new/App/Runtime/Cache/Home/4722ce9f6893de4df1acc80e009cbd5a.php 第 100 行.
NOTIC: [8] Use of undefined constant Aboutus - assumed 'Aboutus' /www/web/rflinker_com/public_html/new/App/Runtime/Cache/Home/4722ce9f6893de4df1acc80e009cbd5a.php 第 103 行.
INFO: Run Behavior\ParseTemplateBehavior [ RunTime:0.010664s ]
INFO: [ view_parse ] --END-- [ RunTime:0.010702s ]
INFO: [ view_filter ] --START--
INFO: Run Behavior\WriteHtmlCacheBehavior [ RunTime:0.000198s ]
INFO: [ view_filter ] --END-- [ RunTime:0.000235s ]
INFO: [ app_end ] --START--
INFO: Run Behavior\ShowPageTraceBehavior [ RunTime:0.000435s ]
INFO: [ app_end ] --END-- [ RunTime:0.000475s ]

[ 2018-04-16T20:13:14+08:00 ] 66.249.66.75 /new/index.php/Home/Productdetails/layer/mobile/layer.js
INFO: [ app_init ] --START--
INFO: Run Behavior\BuildLiteBehavior [ RunTime:0.000026s ]
INFO: [ app_init ] --END-- [ RunTime:0.000324s ]
INFO: [ app_begin ] --START--
INFO: Run Behavior\ReadHtmlCacheBehavior [ RunTime:0.000418s ]
INFO: Run Behavior\CheckLangBehavior [ RunTime:0.000950s ]
INFO: [ app_begin ] --END-- [ RunTime:0.001441s ]
SQL: SHOW COLUMNS FROM `qw_setting` [ RunTime:0.0008s ]
SQL: SELECT `k`,`v` FROM `qw_setting`  [ RunTime:0.0002s ]
SQL: SHOW COLUMNS FROM `qw_felgproduct` [ RunTime:0.0007s ]
SQL: SHOW COLUMNS FROM `qw_rflinkerproduct` [ RunTime:0.0006s ]
SQL: SELECT `id`,en_ftname as name,`xl_type` FROM `qw_felgproduct` WHERE ( search = 1 ) UNION SELECT id,en_rrname as name,xl_type FROM qw_rflinkerproduct where search=1 [ RunTime:0.0003s ]
NOTIC: [8] Undefined variable: new_live /www/web/rflinker_com/public_html/new/App/Home/Controller/ComController.class.php 第 65 行.
SQL: SELECT `id`,en_ftname as name,`xl_type` FROM `qw_felgproduct` UNION SELECT id,en_rrname as name,xl_type FROM qw_rflinkerproduct  [ RunTime:0.0003s ]
ERR: Illegal Action:layer

[ 2018-04-16T20:13:15+08:00 ] 66.249.66.75 /new/index.php/Home/Productdetails/js/main.js
INFO: [ app_init ] --START--
INFO: Run Behavior\BuildLiteBehavior [ RunTime:0.000013s ]
INFO: [ app_init ] --END-- [ RunTime:0.000391s ]
INFO: [ app_begin ] --START--
INFO: Run Behavior\ReadHtmlCacheBehavior [ RunTime:0.000493s ]
INFO: Run Behavior\CheckLangBehavior [ RunTime:0.001059s ]
INFO: [ app_begin ] --END-- [ RunTime:0.001639s ]
SQL: SHOW COLUMNS FROM `qw_setting` [ RunTime:0.0009s ]
SQL: SELECT `k`,`v` FROM `qw_setting`  [ RunTime:0.0002s ]
SQL: SHOW COLUMNS FROM `qw_felgproduct` [ RunTime:0.0008s ]
SQL: SHOW COLUMNS FROM `qw_rflinkerproduct` [ RunTime:0.0007s ]
SQL: SELECT `id`,en_ftname as name,`xl_type` FROM `qw_felgproduct` WHERE ( search = 1 ) UNION SELECT id,en_rrname as name,xl_type FROM qw_rflinkerproduct where search=1 [ RunTime:0.0003s ]
NOTIC: [8] Undefined variable: new_live /www/web/rflinker_com/public_html/new/App/Home/Controller/ComController.class.php 第 65 行.
SQL: SELECT `id`,en_ftname as name,`xl_type` FROM `qw_felgproduct` UNION SELECT id,en_rrname as name,xl_type FROM qw_rflinkerproduct  [ RunTime:0.0004s ]
ERR: Illegal Action:js

[ 2018-04-16T20:43:11+08:00 ] 66.249.66.76 /new/index.php/Home/Productdetails/js/main.js
INFO: [ app_init ] --START--
INFO: Run Behavior\BuildLiteBehavior [ RunTime:0.000014s ]
INFO: [ app_init ] --END-- [ RunTime:0.000340s ]
INFO: [ app_begin ] --START--
INFO: Run Behavior\ReadHtmlCacheBehavior [ RunTime:0.000428s ]
INFO: Run Behavior\CheckLangBehavior [ RunTime:0.000925s ]
INFO: [ app_begin ] --END-- [ RunTime:0.001426s ]
SQL: SHOW COLUMNS FROM `qw_setting` [ RunTime:0.0008s ]
SQL: SELECT `k`,`v` FROM `qw_setting`  [ RunTime:0.0002s ]
SQL: SHOW COLUMNS FROM `qw_felgproduct` [ RunTime:0.0007s ]
SQL: SHOW COLUMNS FROM `qw_rflinkerproduct` [ RunTime:0.0007s ]
SQL: SELECT `id`,en_ftname as name,`xl_type` FROM `qw_felgproduct` WHERE ( search = 1 ) UNION SELECT id,en_rrname as name,xl_type FROM qw_rflinkerproduct where search=1 [ RunTime:0.0003s ]
NOTIC: [8] Undefined variable: new_live /www/web/rflinker_com/public_html/new/App/Home/Controller/ComController.class.php 第 65 行.
SQL: SELECT `id`,en_ftname as name,`xl_type` FROM `qw_felgproduct` UNION SELECT id,en_rrname as name,xl_type FROM qw_rflinkerproduct  [ RunTime:0.0004s ]
ERR: Illegal Action:js

[ 2018-04-16T20:43:12+08:00 ] 66.249.66.76 /new/index.php/Home/Productdetails/layer/mobile/layer.js
INFO: [ app_init ] --START--
INFO: Run Behavior\BuildLiteBehavior [ RunTime:0.000014s ]
INFO: [ app_init ] --END-- [ RunTime:0.000325s ]
INFO: [ app_begin ] --START--
INFO: Run Behavior\ReadHtmlCacheBehavior [ RunTime:0.000424s ]
INFO: Run Behavior\CheckLangBehavior [ RunTime:0.000968s ]
INFO: [ app_begin ] --END-- [ RunTime:0.001467s ]
SQL: SHOW COLUMNS FROM `qw_setting` [ RunTime:0.0008s ]
SQL: SELECT `k`,`v` FROM `qw_setting`  [ RunTime:0.0001s ]
SQL: SHOW COLUMNS FROM `qw_felgproduct` [ RunTime:0.0007s ]
SQL: SHOW COLUMNS FROM `qw_rflinkerproduct` [ RunTime:0.0007s ]
SQL: SELECT `id`,en_ftname as name,`xl_type` FROM `qw_felgproduct` WHERE ( search = 1 ) UNION SELECT id,en_rrname as name,xl_type FROM qw_rflinkerproduct where search=1 [ RunTime:0.0003s ]
NOTIC: [8] Undefined variable: new_live /www/web/rflinker_com/public_html/new/App/Home/Controller/ComController.class.php 第 65 行.
SQL: SELECT `id`,en_ftname as name,`xl_type` FROM `qw_felgproduct` UNION SELECT id,en_rrname as name,xl_type FROM qw_rflinkerproduct  [ RunTime:0.0004s ]
ERR: Illegal Action:layer

[ 2018-04-16T21:25:52+08:00 ] 54.36.148.98 /new/index.php/Home/Aboutus/Case.html
INFO: [ app_init ] --START--
INFO: Run Behavior\BuildLiteBehavior [ RunTime:0.000013s ]
INFO: [ app_init ] --END-- [ RunTime:0.000349s ]
INFO: [ app_begin ] --START--
INFO: Run Behavior\ReadHtmlCacheBehavior [ RunTime:0.000436s ]
INFO: Run Behavior\CheckLangBehavior [ RunTime:0.000738s ]
INFO: [ app_begin ] --END-- [ RunTime:0.001257s ]
SQL: SHOW COLUMNS FROM `qw_setting` [ RunTime:0.0013s ]
SQL: SELECT `k`,`v` FROM `qw_setting`  [ RunTime:0.0002s ]
SQL: SHOW COLUMNS FROM `qw_felgproduct` [ RunTime:0.0007s ]
SQL: SHOW COLUMNS FROM `qw_rflinkerproduct` [ RunTime:0.0007s ]
SQL: SELECT `id`,cn_ftname as name,`xl_type` FROM `qw_felgproduct` WHERE ( search = 1 ) UNION SELECT id,cn_rrname as name,xl_type FROM qw_rflinkerproduct where search=1 [ RunTime:0.0003s ]
NOTIC: [8] Undefined variable: new_live /www/web/rflinker_com/public_html/new/App/Home/Controller/ComController.class.php 第 65 行.
SQL: SELECT `id`,cn_ftname as name,`xl_type` FROM `qw_felgproduct` UNION SELECT id,cn_rrname as name,xl_type FROM qw_rflinkerproduct  [ RunTime:0.0003s ]
ERR: 非法操作:Case

[ 2018-04-16T22:05:04+08:00 ] 66.249.66.76 /new/index.php/Home/Vocationlist/Index/lang/en-us.html
INFO: [ app_init ] --START--
INFO: Run Behavior\BuildLiteBehavior [ RunTime:0.000014s ]
INFO: [ app_init ] --END-- [ RunTime:0.000324s ]
INFO: [ app_begin ] --START--
INFO: Run Behavior\ReadHtmlCacheBehavior [ RunTime:0.000423s ]
INFO: Run Behavior\CheckLangBehavior [ RunTime:0.000910s ]
INFO: [ app_begin ] --END-- [ RunTime:0.001405s ]
SQL: SHOW COLUMNS FROM `qw_setting` [ RunTime:0.0008s ]
SQL: SELECT `k`,`v` FROM `qw_setting`  [ RunTime:0.0001s ]
SQL: SHOW COLUMNS FROM `qw_felgproduct` [ RunTime:0.0007s ]
SQL: SHOW COLUMNS FROM `qw_rflinkerproduct` [ RunTime:0.0007s ]
SQL: SELECT `id`,en_ftname as name,`xl_type` FROM `qw_felgproduct` WHERE ( search = 1 ) UNION SELECT id,en_rrname as name,xl_type FROM qw_rflinkerproduct where search=1 [ RunTime:0.0003s ]
NOTIC: [8] Undefined variable: new_live /www/web/rflinker_com/public_html/new/App/Home/Controller/ComController.class.php 第 65 行.
SQL: SELECT `id`,en_ftname as name,`xl_type` FROM `qw_felgproduct` UNION SELECT id,en_rrname as name,xl_type FROM qw_rflinkerproduct  [ RunTime:0.0004s ]
SQL: SHOW COLUMNS FROM `qw_industry` [ RunTime:0.0008s ]
SQL: SELECT COUNT(*) AS tp_count FROM `qw_industry` LIMIT 1   [ RunTime:0.0002s ]
SQL: SELECT `id`,en_imgiy as imgiy,`iysort`,en_nameiy as nameiy,en_title as title FROM `qw_industry` ORDER BY iysort LIMIT 4   [ RunTime:0.0002s ]
INFO: [ view_parse ] --START--
INFO: [ template_filter ] --START--
INFO: Run Behavior\ContentReplaceBehavior [ RunTime:0.000084s ]
INFO: [ template_filter ] --END-- [ RunTime:0.000129s ]
NOTIC: [8] Use of undefined constant Index - assumed 'Index' /www/web/rflinker_com/public_html/new/App/Runtime/Cache/Home/17ab6b028a23c7b6c8e8ca42d3d570bd.php 第 90 行.
NOTIC: [8] Use of undefined constant Vocationlist - assumed 'Vocationlist' /www/web/rflinker_com/public_html/new/App/Runtime/Cache/Home/17ab6b028a23c7b6c8e8ca42d3d570bd.php 第 106 行.
NOTIC: [8] Use of undefined constant Codeinput - assumed 'Codeinput' /www/web/rflinker_com/public_html/new/App/Runtime/Cache/Home/17ab6b028a23c7b6c8e8ca42d3d570bd.php 第 109 行.
NOTIC: [8] Use of undefined constant Aboutus - assumed 'Aboutus' /www/web/rflinker_com/public_html/new/App/Runtime/Cache/Home/17ab6b028a23c7b6c8e8ca42d3d570bd.php 第 112 行.
INFO: Run Behavior\ParseTemplateBehavior [ RunTime:0.011254s ]
INFO: [ view_parse ] --END-- [ RunTime:0.011292s ]
INFO: [ view_filter ] --START--
INFO: Run Behavior\WriteHtmlCacheBehavior [ RunTime:0.000205s ]
INFO: [ view_filter ] --END-- [ RunTime:0.000241s ]
INFO: [ app_end ] --START--
INFO: Run Behavior\ShowPageTraceBehavior [ RunTime:0.000455s ]
INFO: [ app_end ] --END-- [ RunTime:0.000501s ]

[ 2018-04-16T22:53:23+08:00 ] 54.36.149.51 /new/index.php/Home/Feig/Index.html
INFO: [ app_init ] --START--
INFO: Run Behavior\BuildLiteBehavior [ RunTime:0.000024s ]
INFO: [ app_init ] --END-- [ RunTime:0.000414s ]
INFO: [ app_begin ] --START--
INFO: Run Behavior\ReadHtmlCacheBehavior [ RunTime:0.000507s ]
INFO: Run Behavior\CheckLangBehavior [ RunTime:0.000841s ]
INFO: [ app_begin ] --END-- [ RunTime:0.001433s ]
SQL: SHOW COLUMNS FROM `qw_setting` [ RunTime:0.0008s ]
SQL: SELECT `k`,`v` FROM `qw_setting`  [ RunTime:0.0002s ]
SQL: SHOW COLUMNS FROM `qw_felgproduct` [ RunTime:0.0008s ]
SQL: SHOW COLUMNS FROM `qw_rflinkerproduct` [ RunTime:0.0007s ]
SQL: SELECT `id`,cn_ftname as name,`xl_type` FROM `qw_felgproduct` WHERE ( search = 1 ) UNION SELECT id,cn_rrname as name,xl_type FROM qw_rflinkerproduct where search=1 [ RunTime:0.0003s ]
NOTIC: [8] Undefined variable: new_live /www/web/rflinker_com/public_html/new/App/Home/Controller/ComController.class.php 第 65 行.
SQL: SELECT `id`,cn_ftname as name,`xl_type` FROM `qw_felgproduct` UNION SELECT id,cn_rrname as name,xl_type FROM qw_rflinkerproduct  [ RunTime:0.0004s ]
SQL: SHOW COLUMNS FROM `qw_felghz` [ RunTime:0.0006s ]
SQL: SELECT `id`,cn_fghz as hzname FROM `qw_felghz` ORDER BY fghzsort  [ RunTime:0.0002s ]
SQL: SHOW COLUMNS FROM `qw_felgtype` [ RunTime:0.0007s ]
SQL: SELECT `id`,cn_fgtypename as fgtypename,cn_hzid as hzid FROM `qw_felgtype` ORDER BY fgtypesort  [ RunTime:0.0002s ]
NOTIC: [8] Undefined variable: languagefghz /www/web/rflinker_com/public_html/new/App/Home/Controller/FeigController.class.php 第 45 行.
SQL: SELECT `id`,cn_fghz as fghz FROM `qw_felghz` ORDER BY fghzsort LIMIT 1   [ RunTime:0.0002s ]
SQL: SELECT `id`,cn_fgtypename as fgtypename,cn_hzid as hzid FROM `qw_felgtype` WHERE ( cn_hzid = 3 ) ORDER BY fgtypesort  [ RunTime:0.0002s ]
SQL: SELECT `id`,cn_ftname as ftname,cn_ftimg as ftimg,cn_fttitle as ftitle,cn_tid as tid FROM `qw_felgproduct` ORDER BY ftsort  [ RunTime:0.0004s ]
INFO: [ view_parse ] --START--
INFO: [ template_filter ] --START--
INFO: Run Behavior\ContentReplaceBehavior [ RunTime:0.000075s ]
INFO: [ template_filter ] --END-- [ RunTime:0.000119s ]
NOTIC: [8] Use of undefined constant Index - assumed 'Index' /www/web/rflinker_com/public_html/new/App/Runtime/Cache/Home/614b3ffa92a2ae5ad11dccce659791e8.php 第 86 行.
NOTIC: [8] Use of undefined constant Vocationlist - assumed 'Vocationlist' /www/web/rflinker_com/public_html/new/App/Runtime/Cache/Home/614b3ffa92a2ae5ad11dccce659791e8.php 第 102 行.
NOTIC: [8] Use of undefined constant Codeinput - assumed 'Codeinput' /www/web/rflinker_com/public_html/new/App/Runtime/Cache/Home/614b3ffa92a2ae5ad11dccce659791e8.php 第 105 行.
NOTIC: [8] Use of undefined constant Aboutus - assumed 'Aboutus' /www/web/rflinker_com/public_html/new/App/Runtime/Cache/Home/614b3ffa92a2ae5ad11dccce659791e8.php 第 108 行.
INFO: Run Behavior\ParseTemplateBehavior [ RunTime:0.016083s ]
INFO: [ view_parse ] --END-- [ RunTime:0.016121s ]
INFO: [ view_filter ] --START--
INFO: Run Behavior\WriteHtmlCacheBehavior [ RunTime:0.000184s ]
INFO: [ view_filter ] --END-- [ RunTime:0.000256s ]
INFO: [ app_end ] --START--
INFO: Run Behavior\ShowPageTraceBehavior [ RunTime:0.000488s ]
INFO: [ app_end ] --END-- [ RunTime:0.000558s ]

[ 2018-04-16T23:00:47+08:00 ] 66.249.66.75 /new/index.php/Home/Feighztype/Index.html?typeid=27&fid=5
INFO: [ app_init ] --START--
INFO: Run Behavior\BuildLiteBehavior [ RunTime:0.000015s ]
INFO: [ app_init ] --END-- [ RunTime:0.000322s ]
INFO: [ app_begin ] --START--
INFO: Run Behavior\ReadHtmlCacheBehavior [ RunTime:0.000427s ]
INFO: Run Behavior\CheckLangBehavior [ RunTime:0.000731s ]
INFO: [ app_begin ] --END-- [ RunTime:0.001235s ]
SQL: SHOW COLUMNS FROM `qw_setting` [ RunTime:0.0008s ]
SQL: SELECT `k`,`v` FROM `qw_setting`  [ RunTime:0.0002s ]
SQL: SHOW COLUMNS FROM `qw_felgproduct` [ RunTime:0.0007s ]
SQL: SHOW COLUMNS FROM `qw_rflinkerproduct` [ RunTime:0.0007s ]
SQL: SELECT `id`,cn_ftname as name,`xl_type` FROM `qw_felgproduct` WHERE ( search = 1 ) UNION SELECT id,cn_rrname as name,xl_type FROM qw_rflinkerproduct where search=1 [ RunTime:0.0003s ]
NOTIC: [8] Undefined variable: new_live /www/web/rflinker_com/public_html/new/App/Home/Controller/ComController.class.php 第 65 行.
SQL: SELECT `id`,cn_ftname as name,`xl_type` FROM `qw_felgproduct` UNION SELECT id,cn_rrname as name,xl_type FROM qw_rflinkerproduct  [ RunTime:0.0003s ]
SQL: SHOW COLUMNS FROM `qw_felghz` [ RunTime:0.0006s ]
SQL: SELECT `id`,cn_fghz as hzname FROM `qw_felghz` ORDER BY fghzsort  [ RunTime:0.0002s ]
SQL: SHOW COLUMNS FROM `qw_felgtype` [ RunTime:0.0006s ]
SQL: SELECT `id`,cn_fgtypename as fgtypename,cn_hzid as hzid FROM `qw_felgtype` ORDER BY fgtypesort  [ RunTime:0.0002s ]
SQL: SELECT `id`,cn_fgtypename as fgtypename,cn_hzid as hzid FROM `qw_felgtype` WHERE ( cn_hzid = 5 ) ORDER BY fgtypesort  [ RunTime:0.0002s ]
SQL: SELECT `id`,cn_ftname as ftname,cn_ftimg as ftimg,cn_fttitle as ftitle,cn_tid as tid FROM `qw_felgproduct` ORDER BY ftsort asc  [ RunTime:0.0003s ]
INFO: [ view_parse ] --START--
INFO: [ template_filter ] --START--
INFO: Run Behavior\ContentReplaceBehavior [ RunTime:0.000082s ]
INFO: [ template_filter ] --END-- [ RunTime:0.000129s ]
NOTIC: [8] Use of undefined constant Index - assumed 'Index' /www/web/rflinker_com/public_html/new/App/Runtime/Cache/Home/845a70765d00bfebd23f9861d8bbc09e.php 第 92 行.
NOTIC: [8] Use of undefined constant Vocationlist - assumed 'Vocationlist' /www/web/rflinker_com/public_html/new/App/Runtime/Cache/Home/845a70765d00bfebd23f9861d8bbc09e.php 第 108 行.
NOTIC: [8] Use of undefined constant Codeinput - assumed 'Codeinput' /www/web/rflinker_com/public_html/new/App/Runtime/Cache/Home/845a70765d00bfebd23f9861d8bbc09e.php 第 111 行.
NOTIC: [8] Use of undefined constant Aboutus - assumed 'Aboutus' /www/web/rflinker_com/public_html/new/App/Runtime/Cache/Home/845a70765d00bfebd23f9861d8bbc09e.php 第 114 行.
NOTIC: [8] Undefined index: pt /www/web/rflinker_com/public_html/new/App/Runtime/Cache/Home/845a70765d00bfebd23f9861d8bbc09e.php 第 186 行.
INFO: Run Behavior\ParseTemplateBehavior [ RunTime:0.014783s ]
INFO: [ view_parse ] --END-- [ RunTime:0.014823s ]
INFO: [ view_filter ] --START--
INFO: Run Behavior\WriteHtmlCacheBehavior [ RunTime:0.000189s ]
INFO: [ view_filter ] --END-- [ RunTime:0.000226s ]
INFO: [ app_end ] --START--
INFO: Run Behavior\ShowPageTraceBehavior [ RunTime:0.000450s ]
INFO: [ app_end ] --END-- [ RunTime:0.000497s ]

[ 2018-04-16T23:11:31+08:00 ] 180.165.37.219 /new/
INFO: [ app_init ] --START--
INFO: Run Behavior\BuildLiteBehavior [ RunTime:0.000013s ]
INFO: [ app_init ] --END-- [ RunTime:0.000364s ]
INFO: [ app_begin ] --START--
INFO: Run Behavior\ReadHtmlCacheBehavior [ RunTime:0.000562s ]
INFO: Run Behavior\CheckLangBehavior [ RunTime:0.000912s ]
INFO: [ app_begin ] --END-- [ RunTime:0.001561s ]
SQL: SHOW COLUMNS FROM `qw_setting` [ RunTime:0.0009s ]
SQL: SELECT `k`,`v` FROM `qw_setting`  [ RunTime:0.0002s ]
SQL: SHOW COLUMNS FROM `qw_felgproduct` [ RunTime:0.0008s ]
SQL: SHOW COLUMNS FROM `qw_rflinkerproduct` [ RunTime:0.0008s ]
SQL: SELECT `id`,cn_ftname as name,`xl_type` FROM `qw_felgproduct` WHERE ( search = 1 ) UNION SELECT id,cn_rrname as name,xl_type FROM qw_rflinkerproduct where search=1 [ RunTime:0.0003s ]
NOTIC: [8] Undefined variable: new_live /www/web/rflinker_com/public_html/new/App/Home/Controller/ComController.class.php 第 65 行.
SQL: SELECT `id`,cn_ftname as name,`xl_type` FROM `qw_felgproduct` UNION SELECT id,cn_rrname as name,xl_type FROM qw_rflinkerproduct  [ RunTime:0.0005s ]
SQL: SHOW COLUMNS FROM `qw_indexshow` [ RunTime:0.0008s ]
SQL: SELECT `id`,cn_fghzname as fghzname,cn_fghzshow as fghzshow,cn_rrhzname as rrhzname,cn_rrhzshow as rrhzshow,cn_tjhzname as tjhzname,cn_tjhzshow as tjhzshow FROM `qw_indexshow` LIMIT 1   [ RunTime:0.0002s ]
SQL: SHOW COLUMNS FROM `qw_flashview` [ RunTime:0.0007s ]
SQL: SELECT `id`,cn_flashviewpc as flashviewpc,cn_title as title,cn_fwshowpc as fwshowpc,cn_fwlink as fwlink,`fwsort`,cn_name as name FROM `qw_flashview` ORDER BY fwsort  [ RunTime:0.0002s ]
SQL: SHOW COLUMNS FROM `qw_felghz` [ RunTime:0.0006s ]
SQL: SELECT `id`,cn_fghz as fghz,cn_fghztitle as fghztitle,cn_fghzimg as fghzimg,`fghzsort` FROM `qw_felghz` ORDER BY fghzsort LIMIT 4   [ RunTime:0.0002s ]
SQL: SHOW COLUMNS FROM `qw_felgtype` [ RunTime:0.0006s ]
SQL: SELECT * FROM `qw_felgtype` WHERE ( cn_hzid = 3 ) ORDER BY fgtypesort LIMIT 1   [ RunTime:0.0002s ]
SQL: SELECT * FROM `qw_felgtype` WHERE ( cn_hzid = 4 ) ORDER BY fgtypesort LIMIT 1   [ RunTime:0.0002s ]
SQL: SELECT * FROM `qw_felgtype` WHERE ( cn_hzid = 5 ) ORDER BY fgtypesort LIMIT 1   [ RunTime:0.0002s ]
SQL: SHOW COLUMNS FROM `qw_rflinkerhz` [ RunTime:0.0009s ]
SQL: SELECT `id`,cn_rflinkerhz as rflinkerhz,cn_rrtitle as rrtitle,cn_rrimg as rrimg,`rrsort` FROM `qw_rflinkerhz` ORDER BY rrsort LIMIT 4   [ RunTime:0.0002s ]
SQL: SHOW COLUMNS FROM `qw_tuijian` [ RunTime:0.0008s ]
SQL: SELECT `id`,cn_felgname as felgname,cn_rrname as rrname,`type`,`tjsotr` FROM `qw_tuijian` ORDER BY tjsotr  [ RunTime:0.0002s ]
SQL: SHOW COLUMNS FROM `qw_industry` [ RunTime:0.0010s ]
SQL: SELECT `id`,cn_imgiy as imgiy,`iysort`,cn_nameiy as nameiy,cn_title as title FROM `qw_industry` ORDER BY iysort LIMIT 4   [ RunTime:0.0002s ]
INFO: [ view_parse ] --START--
INFO: [ template_filter ] --START--
INFO: Run Behavior\ContentReplaceBehavior [ RunTime:0.000068s ]
INFO: [ template_filter ] --END-- [ RunTime:0.000115s ]
NOTIC: [8] Use of undefined constant Index - assumed 'Index' /www/web/rflinker_com/public_html/new/App/Runtime/Cache/Home/3da8682377a51f4116c98bfda6b18a92.php 第 72 行.
NOTIC: [8] Use of undefined constant Vocationlist - assumed 'Vocationlist' /www/web/rflinker_com/public_html/new/App/Runtime/Cache/Home/3da8682377a51f4116c98bfda6b18a92.php 第 88 行.
NOTIC: [8] Use of undefined constant Codeinput - assumed 'Codeinput' /www/web/rflinker_com/public_html/new/App/Runtime/Cache/Home/3da8682377a51f4116c98bfda6b18a92.php 第 91 行.
NOTIC: [8] Use of undefined constant Aboutus - assumed 'Aboutus' /www/web/rflinker_com/public_html/new/App/Runtime/Cache/Home/3da8682377a51f4116c98bfda6b18a92.php 第 94 行.
NOTIC: [8] Undefined index: typeid /www/web/rflinker_com/public_html/new/App/Runtime/Cache/Home/3da8682377a51f4116c98bfda6b18a92.php 第 171 行.
NOTIC: [8] Undefined index: typeid /www/web/rflinker_com/public_html/new/App/Runtime/Cache/Home/3da8682377a51f4116c98bfda6b18a92.php 第 171 行.
INFO: Run Behavior\ParseTemplateBehavior [ RunTime:0.015123s ]
INFO: [ view_parse ] --END-- [ RunTime:0.015164s ]
INFO: [ view_filter ] --START--
INFO: Run Behavior\WriteHtmlCacheBehavior [ RunTime:0.000198s ]
INFO: [ view_filter ] --END-- [ RunTime:0.000239s ]
INFO: [ app_end ] --START--
INFO: Run Behavior\ShowPageTraceBehavior [ RunTime:0.000455s ]
INFO: [ app_end ] --END-- [ RunTime:0.000503s ]

[ 2018-04-16T23:11:44+08:00 ] 180.165.37.219 /new/index.php/Home/Aboutus/Index.html
INFO: [ app_init ] --START--
INFO: Run Behavior\BuildLiteBehavior [ RunTime:0.000013s ]
INFO: [ app_init ] --END-- [ RunTime:0.000320s ]
INFO: [ app_begin ] --START--
INFO: Run Behavior\ReadHtmlCacheBehavior [ RunTime:0.000419s ]
INFO: Run Behavior\CheckLangBehavior [ RunTime:0.000740s ]
INFO: [ app_begin ] --END-- [ RunTime:0.001242s ]
SQL: SHOW COLUMNS FROM `qw_setting` [ RunTime:0.0008s ]
SQL: SELECT `k`,`v` FROM `qw_setting`  [ RunTime:0.0001s ]
SQL: SHOW COLUMNS FROM `qw_felgproduct` [ RunTime:0.0007s ]
SQL: SHOW COLUMNS FROM `qw_rflinkerproduct` [ RunTime:0.0006s ]
SQL: SELECT `id`,cn_ftname as name,`xl_type` FROM `qw_felgproduct` WHERE ( search = 1 ) UNION SELECT id,cn_rrname as name,xl_type FROM qw_rflinkerproduct where search=1 [ RunTime:0.0003s ]
NOTIC: [8] Undefined variable: new_live /www/web/rflinker_com/public_html/new/App/Home/Controller/ComController.class.php 第 65 行.
SQL: SELECT `id`,cn_ftname as name,`xl_type` FROM `qw_felgproduct` UNION SELECT id,cn_rrname as name,xl_type FROM qw_rflinkerproduct  [ RunTime:0.0003s ]
INFO: [ view_parse ] --START--
INFO: [ template_filter ] --START--
INFO: Run Behavior\ContentReplaceBehavior [ RunTime:0.000066s ]
INFO: [ template_filter ] --END-- [ RunTime:0.000108s ]
NOTIC: [8] Use of undefined constant Index - assumed 'Index' /www/web/rflinker_com/public_html/new/App/Runtime/Cache/Home/6d9195a7ccbe058f45cf16e69b231bd7.php 第 71 行.
NOTIC: [8] Use of undefined constant Vocationlist - assumed 'Vocationlist' /www/web/rflinker_com/public_html/new/App/Runtime/Cache/Home/6d9195a7ccbe058f45cf16e69b231bd7.php 第 87 行.
NOTIC: [8] Use of undefined constant Codeinput - assumed 'Codeinput' /www/web/rflinker_com/public_html/new/App/Runtime/Cache/Home/6d9195a7ccbe058f45cf16e69b231bd7.php 第 90 行.
NOTIC: [8] Use of undefined constant Aboutus - assumed 'Aboutus' /www/web/rflinker_com/public_html/new/App/Runtime/Cache/Home/6d9195a7ccbe058f45cf16e69b231bd7.php 第 93 行.
INFO: Run Behavior\ParseTemplateBehavior [ RunTime:0.009899s ]
INFO: [ view_parse ] --END-- [ RunTime:0.009942s ]
INFO: [ view_filter ] --START--
INFO: Run Behavior\WriteHtmlCacheBehavior [ RunTime:0.000205s ]
INFO: [ view_filter ] --END-- [ RunTime:0.000241s ]
INFO: [ app_end ] --START--
INFO: Run Behavior\ShowPageTraceBehavior [ RunTime:0.000466s ]
INFO: [ app_end ] --END-- [ RunTime:0.000512s ]

[ 2018-04-16T23:11:53+08:00 ] 180.165.37.219 /new/index.php/Home/Codeinput/Index.html
INFO: [ app_init ] --START--
INFO: Run Behavior\BuildLiteBehavior [ RunTime:0.000014s ]
INFO: [ app_init ] --END-- [ RunTime:0.000384s ]
INFO: [ app_begin ] --START--
INFO: Run Behavior\ReadHtmlCacheBehavior [ RunTime:0.000483s ]
INFO: Run Behavior\CheckLangBehavior [ RunTime:0.000792s ]
INFO: [ app_begin ] --END-- [ RunTime:0.001364s ]
SQL: SHOW COLUMNS FROM `qw_setting` [ RunTime:0.0008s ]
SQL: SELECT `k`,`v` FROM `qw_setting`  [ RunTime:0.0002s ]
SQL: SHOW COLUMNS FROM `qw_felgproduct` [ RunTime:0.0007s ]
SQL: SHOW COLUMNS FROM `qw_rflinkerproduct` [ RunTime:0.0007s ]
SQL: SELECT `id`,cn_ftname as name,`xl_type` FROM `qw_felgproduct` WHERE ( search = 1 ) UNION SELECT id,cn_rrname as name,xl_type FROM qw_rflinkerproduct where search=1 [ RunTime:0.0003s ]
NOTIC: [8] Undefined variable: new_live /www/web/rflinker_com/public_html/new/App/Home/Controller/ComController.class.php 第 65 行.
SQL: SELECT `id`,cn_ftname as name,`xl_type` FROM `qw_felgproduct` UNION SELECT id,cn_rrname as name,xl_type FROM qw_rflinkerproduct  [ RunTime:0.0004s ]
SQL: SHOW COLUMNS FROM `qw_support` [ RunTime:0.0007s ]
SQL: SELECT `id`,cn_stname as stname,cn_sttitle as sttitle,cn_file as file,`stsort` FROM `qw_support` WHERE ( cn_sttype = 3 ) ORDER BY stsort  [ RunTime:0.0002s ]
INFO: [ view_parse ] --START--
INFO: [ template_filter ] --START--
INFO: Run Behavior\ContentReplaceBehavior [ RunTime:0.000081s ]
INFO: [ template_filter ] --END-- [ RunTime:0.000127s ]
NOTIC: [8] Use of undefined constant Index - assumed 'Index' /www/web/rflinker_com/public_html/new/App/Runtime/Cache/Home/fb0bba9424e8c48ededf3668965e76e3.php 第 84 行.
NOTIC: [8] Use of undefined constant Vocationlist - assumed 'Vocationlist' /www/web/rflinker_com/public_html/new/App/Runtime/Cache/Home/fb0bba9424e8c48ededf3668965e76e3.php 第 100 行.
NOTIC: [8] Use of undefined constant Codeinput - assumed 'Codeinput' /www/web/rflinker_com/public_html/new/App/Runtime/Cache/Home/fb0bba9424e8c48ededf3668965e76e3.php 第 103 行.
NOTIC: [8] Use of undefined constant Aboutus - assumed 'Aboutus' /www/web/rflinker_com/public_html/new/App/Runtime/Cache/Home/fb0bba9424e8c48ededf3668965e76e3.php 第 106 行.
INFO: Run Behavior\ParseTemplateBehavior [ RunTime:0.012486s ]
INFO: [ view_parse ] --END-- [ RunTime:0.012530s ]
INFO: [ view_filter ] --START--
INFO: Run Behavior\WriteHtmlCacheBehavior [ RunTime:0.000216s ]
INFO: [ view_filter ] --END-- [ RunTime:0.000252s ]
INFO: [ app_end ] --START--
INFO: Run Behavior\ShowPageTraceBehavior [ RunTime:0.000453s ]
INFO: [ app_end ] --END-- [ RunTime:0.000504s ]

[ 2018-04-16T23:12:00+08:00 ] 180.165.37.219 /new/index.php/Home/Vocationlist/Index.html
INFO: [ app_init ] --START--
INFO: Run Behavior\BuildLiteBehavior [ RunTime:0.000014s ]
INFO: [ app_init ] --END-- [ RunTime:0.000331s ]
INFO: [ app_begin ] --START--
INFO: Run Behavior\ReadHtmlCacheBehavior [ RunTime:0.000444s ]
INFO: Run Behavior\CheckLangBehavior [ RunTime:0.000714s ]
INFO: [ app_begin ] --END-- [ RunTime:0.001230s ]
SQL: SHOW COLUMNS FROM `qw_setting` [ RunTime:0.0008s ]
SQL: SELECT `k`,`v` FROM `qw_setting`  [ RunTime:0.0001s ]
SQL: SHOW COLUMNS FROM `qw_felgproduct` [ RunTime:0.0007s ]
SQL: SHOW COLUMNS FROM `qw_rflinkerproduct` [ RunTime:0.0007s ]
SQL: SELECT `id`,cn_ftname as name,`xl_type` FROM `qw_felgproduct` WHERE ( search = 1 ) UNION SELECT id,cn_rrname as name,xl_type FROM qw_rflinkerproduct where search=1 [ RunTime:0.0003s ]
NOTIC: [8] Undefined variable: new_live /www/web/rflinker_com/public_html/new/App/Home/Controller/ComController.class.php 第 65 行.
SQL: SELECT `id`,cn_ftname as name,`xl_type` FROM `qw_felgproduct` UNION SELECT id,cn_rrname as name,xl_type FROM qw_rflinkerproduct  [ RunTime:0.0003s ]
SQL: SHOW COLUMNS FROM `qw_industry` [ RunTime:0.0008s ]
SQL: SELECT COUNT(*) AS tp_count FROM `qw_industry` LIMIT 1   [ RunTime:0.0002s ]
SQL: SELECT `id`,cn_imgiy as imgiy,`iysort`,cn_nameiy as nameiy,cn_title as title FROM `qw_industry` ORDER BY iysort LIMIT 4   [ RunTime:0.0002s ]
INFO: [ view_parse ] --START--
INFO: [ template_filter ] --START--
INFO: Run Behavior\ContentReplaceBehavior [ RunTime:0.000075s ]
INFO: [ template_filter ] --END-- [ RunTime:0.000131s ]
NOTIC: [8] Use of undefined constant Index - assumed 'Index' /www/web/rflinker_com/public_html/new/App/Runtime/Cache/Home/17ab6b028a23c7b6c8e8ca42d3d570bd.php 第 90 行.
NOTIC: [8] Use of undefined constant Vocationlist - assumed 'Vocationlist' /www/web/rflinker_com/public_html/new/App/Runtime/Cache/Home/17ab6b028a23c7b6c8e8ca42d3d570bd.php 第 106 行.
NOTIC: [8] Use of undefined constant Codeinput - assumed 'Codeinput' /www/web/rflinker_com/public_html/new/App/Runtime/Cache/Home/17ab6b028a23c7b6c8e8ca42d3d570bd.php 第 109 行.
NOTIC: [8] Use of undefined constant Aboutus - assumed 'Aboutus' /www/web/rflinker_com/public_html/new/App/Runtime/Cache/Home/17ab6b028a23c7b6c8e8ca42d3d570bd.php 第 112 行.
INFO: Run Behavior\ParseTemplateBehavior [ RunTime:0.010881s ]
INFO: [ view_parse ] --END-- [ RunTime:0.010949s ]
INFO: [ view_filter ] --START--
INFO: Run Behavior\WriteHtmlCacheBehavior [ RunTime:0.000202s ]
INFO: [ view_filter ] --END-- [ RunTime:0.000238s ]
INFO: [ app_end ] --START--
INFO: Run Behavior\ShowPageTraceBehavior [ RunTime:0.000493s ]
INFO: [ app_end ] --END-- [ RunTime:0.000540s ]

[ 2018-04-16T23:12:05+08:00 ] 180.165.37.219 /new/index.php/Home/Vocationlist/Index/lang/en-us.html
INFO: [ app_init ] --START--
INFO: Run Behavior\BuildLiteBehavior [ RunTime:0.000014s ]
INFO: [ app_init ] --END-- [ RunTime:0.000309s ]
INFO: [ app_begin ] --START--
INFO: Run Behavior\ReadHtmlCacheBehavior [ RunTime:0.000423s ]
INFO: Run Behavior\CheckLangBehavior [ RunTime:0.000888s ]
INFO: [ app_begin ] --END-- [ RunTime:0.001386s ]
SQL: SHOW COLUMNS FROM `qw_setting` [ RunTime:0.0008s ]
SQL: SELECT `k`,`v` FROM `qw_setting`  [ RunTime:0.0002s ]
SQL: SHOW COLUMNS FROM `qw_felgproduct` [ RunTime:0.0007s ]
SQL: SHOW COLUMNS FROM `qw_rflinkerproduct` [ RunTime:0.0007s ]
SQL: SELECT `id`,en_ftname as name,`xl_type` FROM `qw_felgproduct` WHERE ( search = 1 ) UNION SELECT id,en_rrname as name,xl_type FROM qw_rflinkerproduct where search=1 [ RunTime:0.0003s ]
NOTIC: [8] Undefined variable: new_live /www/web/rflinker_com/public_html/new/App/Home/Controller/ComController.class.php 第 65 行.
SQL: SELECT `id`,en_ftname as name,`xl_type` FROM `qw_felgproduct` UNION SELECT id,en_rrname as name,xl_type FROM qw_rflinkerproduct  [ RunTime:0.0004s ]
SQL: SHOW COLUMNS FROM `qw_industry` [ RunTime:0.0008s ]
SQL: SELECT COUNT(*) AS tp_count FROM `qw_industry` LIMIT 1   [ RunTime:0.0002s ]
SQL: SELECT `id`,en_imgiy as imgiy,`iysort`,en_nameiy as nameiy,en_title as title FROM `qw_industry` ORDER BY iysort LIMIT 4   [ RunTime:0.0002s ]
INFO: [ view_parse ] --START--
INFO: [ template_filter ] --START--
INFO: Run Behavior\ContentReplaceBehavior [ RunTime:0.000087s ]
INFO: [ template_filter ] --END-- [ RunTime:0.000138s ]
NOTIC: [8] Use of undefined constant Index - assumed 'Index' /www/web/rflinker_com/public_html/new/App/Runtime/Cache/Home/17ab6b028a23c7b6c8e8ca42d3d570bd.php 第 90 行.
NOTIC: [8] Use of undefined constant Vocationlist - assumed 'Vocationlist' /www/web/rflinker_com/public_html/new/App/Runtime/Cache/Home/17ab6b028a23c7b6c8e8ca42d3d570bd.php 第 106 行.
NOTIC: [8] Use of undefined constant Codeinput - assumed 'Codeinput' /www/web/rflinker_com/public_html/new/App/Runtime/Cache/Home/17ab6b028a23c7b6c8e8ca42d3d570bd.php 第 109 行.
NOTIC: [8] Use of undefined constant Aboutus - assumed 'Aboutus' /www/web/rflinker_com/public_html/new/App/Runtime/Cache/Home/17ab6b028a23c7b6c8e8ca42d3d570bd.php 第 112 行.
INFO: Run Behavior\ParseTemplateBehavior [ RunTime:0.010689s ]
INFO: [ view_parse ] --END-- [ RunTime:0.010729s ]
INFO: [ view_filter ] --START--
INFO: Run Behavior\WriteHtmlCacheBehavior [ RunTime:0.000216s ]
INFO: [ view_filter ] --END-- [ RunTime:0.000253s ]
INFO: [ app_end ] --START--
INFO: Run Behavior\ShowPageTraceBehavior [ RunTime:0.000471s ]
INFO: [ app_end ] --END-- [ RunTime:0.000519s ]

[ 2018-04-16T23:12:11+08:00 ] 180.165.37.219 /new/index.php/Home/Vocationlist/Index/lang/en-us.html
INFO: [ app_init ] --START--
INFO: Run Behavior\BuildLiteBehavior [ RunTime:0.000014s ]
INFO: [ app_init ] --END-- [ RunTime:0.000327s ]
INFO: [ app_begin ] --START--
INFO: Run Behavior\ReadHtmlCacheBehavior [ RunTime:0.000426s ]
INFO: Run Behavior\CheckLangBehavior [ RunTime:0.000889s ]
INFO: [ app_begin ] --END-- [ RunTime:0.001405s ]
SQL: SHOW COLUMNS FROM `qw_setting` [ RunTime:0.0011s ]
SQL: SELECT `k`,`v` FROM `qw_setting`  [ RunTime:0.0002s ]
SQL: SHOW COLUMNS FROM `qw_felgproduct` [ RunTime:0.0018s ]
SQL: SHOW COLUMNS FROM `qw_rflinkerproduct` [ RunTime:0.0009s ]
SQL: SELECT `id`,en_ftname as name,`xl_type` FROM `qw_felgproduct` WHERE ( search = 1 ) UNION SELECT id,en_rrname as name,xl_type FROM qw_rflinkerproduct where search=1 [ RunTime:0.0004s ]
NOTIC: [8] Undefined variable: new_live /www/web/rflinker_com/public_html/new/App/Home/Controller/ComController.class.php 第 65 行.
SQL: SELECT `id`,en_ftname as name,`xl_type` FROM `qw_felgproduct` UNION SELECT id,en_rrname as name,xl_type FROM qw_rflinkerproduct  [ RunTime:0.0005s ]
SQL: SHOW COLUMNS FROM `qw_industry` [ RunTime:0.0010s ]
SQL: SELECT COUNT(*) AS tp_count FROM `qw_industry` LIMIT 1   [ RunTime:0.0004s ]
SQL: SELECT `id`,en_imgiy as imgiy,`iysort`,en_nameiy as nameiy,en_title as title FROM `qw_industry` ORDER BY iysort LIMIT 4   [ RunTime:0.0003s ]
INFO: [ view_parse ] --START--
INFO: [ template_filter ] --START--
INFO: Run Behavior\ContentReplaceBehavior [ RunTime:0.000096s ]
INFO: [ template_filter ] --END-- [ RunTime:0.000180s ]
NOTIC: [8] Use of undefined constant Index - assumed 'Index' /www/web/rflinker_com/public_html/new/App/Runtime/Cache/Home/17ab6b028a23c7b6c8e8ca42d3d570bd.php 第 90 行.
NOTIC: [8] Use of undefined constant Vocationlist - assumed 'Vocationlist' /www/web/rflinker_com/public_html/new/App/Runtime/Cache/Home/17ab6b028a23c7b6c8e8ca42d3d570bd.php 第 106 行.
NOTIC: [8] Use of undefined constant Codeinput - assumed 'Codeinput' /www/web/rflinker_com/public_html/new/App/Runtime/Cache/Home/17ab6b028a23c7b6c8e8ca42d3d570bd.php 第 109 行.
NOTIC: [8] Use of undefined constant Aboutus - assumed 'Aboutus' /www/web/rflinker_com/public_html/new/App/Runtime/Cache/Home/17ab6b028a23c7b6c8e8ca42d3d570bd.php 第 112 行.
INFO: Run Behavior\ParseTemplateBehavior [ RunTime:0.016330s ]
INFO: [ view_parse ] --END-- [ RunTime:0.016374s ]
INFO: [ view_filter ] --START--
INFO: Run Behavior\WriteHtmlCacheBehavior [ RunTime:0.000274s ]
INFO: [ view_filter ] --END-- [ RunTime:0.000312s ]
INFO: [ app_end ] --START--
INFO: Run Behavior\ShowPageTraceBehavior [ RunTime:0.000700s ]
INFO: [ app_end ] --END-- [ RunTime:0.000788s ]

[ 2018-04-16T23:12:13+08:00 ] 180.165.37.219 /new/index.php/Home/Index/Index.html
INFO: [ app_init ] --START--
INFO: Run Behavior\BuildLiteBehavior [ RunTime:0.000013s ]
INFO: [ app_init ] --END-- [ RunTime:0.000319s ]
INFO: [ app_begin ] --START--
INFO: Run Behavior\ReadHtmlCacheBehavior [ RunTime:0.000422s ]
INFO: Run Behavior\CheckLangBehavior [ RunTime:0.000868s ]
INFO: [ app_begin ] --END-- [ RunTime:0.001377s ]
SQL: SHOW COLUMNS FROM `qw_setting` [ RunTime:0.0008s ]
SQL: SELECT `k`,`v` FROM `qw_setting`  [ RunTime:0.0001s ]
SQL: SHOW COLUMNS FROM `qw_felgproduct` [ RunTime:0.0007s ]
SQL: SHOW COLUMNS FROM `qw_rflinkerproduct` [ RunTime:0.0006s ]
SQL: SELECT `id`,en_ftname as name,`xl_type` FROM `qw_felgproduct` WHERE ( search = 1 ) UNION SELECT id,en_rrname as name,xl_type FROM qw_rflinkerproduct where search=1 [ RunTime:0.0003s ]
NOTIC: [8] Undefined variable: new_live /www/web/rflinker_com/public_html/new/App/Home/Controller/ComController.class.php 第 65 行.
SQL: SELECT `id`,en_ftname as name,`xl_type` FROM `qw_felgproduct` UNION SELECT id,en_rrname as name,xl_type FROM qw_rflinkerproduct  [ RunTime:0.0004s ]
SQL: SHOW COLUMNS FROM `qw_indexshow` [ RunTime:0.0006s ]
SQL: SELECT `id`,en_fghzname as fghzname,en_fghzshow as fghzshow,en_rrhzname as rrhzname,en_rrhzshow as rrhzshow,en_tjhzname as tjhzname,en_tjhzshow as tjhzshow FROM `qw_indexshow` LIMIT 1   [ RunTime:0.0002s ]
SQL: SHOW COLUMNS FROM `qw_flashview` [ RunTime:0.0006s ]
SQL: SELECT `id`,en_flashviewpc as flashviewpc,en_title as title,en_fwshowpc as fwshowpc,en_fwlink as fwlink,`fwsort`,en_name as name FROM `qw_flashview` ORDER BY fwsort  [ RunTime:0.0002s ]
SQL: SHOW COLUMNS FROM `qw_felghz` [ RunTime:0.0006s ]
SQL: SELECT `id`,en_fghz as fghz,en_fghztitle as fghztitle,en_fghzimg as fghzimg,`fghzsort` FROM `qw_felghz` ORDER BY fghzsort LIMIT 4   [ RunTime:0.0002s ]
SQL: SHOW COLUMNS FROM `qw_felgtype` [ RunTime:0.0005s ]
SQL: SELECT * FROM `qw_felgtype` WHERE ( en_hzid = 3 ) ORDER BY fgtypesort LIMIT 1   [ RunTime:0.0002s ]
SQL: SELECT * FROM `qw_felgtype` WHERE ( en_hzid = 4 ) ORDER BY fgtypesort LIMIT 1   [ RunTime:0.0002s ]
SQL: SELECT * FROM `qw_felgtype` WHERE ( en_hzid = 5 ) ORDER BY fgtypesort LIMIT 1   [ RunTime:0.0002s ]
SQL: SHOW COLUMNS FROM `qw_rflinkerhz` [ RunTime:0.0006s ]
SQL: SELECT `id`,en_rflinkerhz as rflinkerhz,en_rrtitle as rrtitle,en_rrimg as rrimg,`rrsort` FROM `qw_rflinkerhz` ORDER BY rrsort LIMIT 4   [ RunTime:0.0002s ]
SQL: SHOW COLUMNS FROM `qw_tuijian` [ RunTime:0.0006s ]
SQL: SELECT `id`,en_felgname as felgname,en_rrname as rrname,`type`,`tjsotr` FROM `qw_tuijian` ORDER BY tjsotr  [ RunTime:0.0002s ]
SQL: SHOW COLUMNS FROM `qw_industry` [ RunTime:0.0007s ]
SQL: SELECT `id`,en_imgiy as imgiy,`iysort`,en_nameiy as nameiy,en_title as title FROM `qw_industry` ORDER BY iysort LIMIT 4   [ RunTime:0.0002s ]
INFO: [ view_parse ] --START--
INFO: [ template_filter ] --START--
INFO: Run Behavior\ContentReplaceBehavior [ RunTime:0.000073s ]
INFO: [ template_filter ] --END-- [ RunTime:0.000118s ]
NOTIC: [8] Use of undefined constant Index - assumed 'Index' /www/web/rflinker_com/public_html/new/App/Runtime/Cache/Home/3da8682377a51f4116c98bfda6b18a92.php 第 72 行.
NOTIC: [8] Use of undefined constant Vocationlist - assumed 'Vocationlist' /www/web/rflinker_com/public_html/new/App/Runtime/Cache/Home/3da8682377a51f4116c98bfda6b18a92.php 第 88 行.
NOTIC: [8] Use of undefined constant Codeinput - assumed 'Codeinput' /www/web/rflinker_com/public_html/new/App/Runtime/Cache/Home/3da8682377a51f4116c98bfda6b18a92.php 第 91 行.
NOTIC: [8] Use of undefined constant Aboutus - assumed 'Aboutus' /www/web/rflinker_com/public_html/new/App/Runtime/Cache/Home/3da8682377a51f4116c98bfda6b18a92.php 第 94 行.
INFO: Run Behavior\ParseTemplateBehavior [ RunTime:0.014152s ]
INFO: [ view_parse ] --END-- [ RunTime:0.014192s ]
INFO: [ view_filter ] --START--
INFO: Run Behavior\WriteHtmlCacheBehavior [ RunTime:0.000190s ]
INFO: [ view_filter ] --END-- [ RunTime:0.000226s ]
INFO: [ app_end ] --START--
INFO: Run Behavior\ShowPageTraceBehavior [ RunTime:0.000441s ]
INFO: [ app_end ] --END-- [ RunTime:0.000488s ]

[ 2018-04-16T23:12:36+08:00 ] 180.165.37.219 /new/index.php/Home/Feig/Index.html
INFO: [ app_init ] --START--
INFO: Run Behavior\BuildLiteBehavior [ RunTime:0.000014s ]
INFO: [ app_init ] --END-- [ RunTime:0.000315s ]
INFO: [ app_begin ] --START--
INFO: Run Behavior\ReadHtmlCacheBehavior [ RunTime:0.000410s ]
INFO: Run Behavior\CheckLangBehavior [ RunTime:0.000891s ]
INFO: [ app_begin ] --END-- [ RunTime:0.001374s ]
SQL: SHOW COLUMNS FROM `qw_setting` [ RunTime:0.0008s ]
SQL: SELECT `k`,`v` FROM `qw_setting`  [ RunTime:0.0001s ]
SQL: SHOW COLUMNS FROM `qw_felgproduct` [ RunTime:0.0007s ]
SQL: SHOW COLUMNS FROM `qw_rflinkerproduct` [ RunTime:0.0006s ]
SQL: SELECT `id`,en_ftname as name,`xl_type` FROM `qw_felgproduct` WHERE ( search = 1 ) UNION SELECT id,en_rrname as name,xl_type FROM qw_rflinkerproduct where search=1 [ RunTime:0.0003s ]
NOTIC: [8] Undefined variable: new_live /www/web/rflinker_com/public_html/new/App/Home/Controller/ComController.class.php 第 65 行.
SQL: SELECT `id`,en_ftname as name,`xl_type` FROM `qw_felgproduct` UNION SELECT id,en_rrname as name,xl_type FROM qw_rflinkerproduct  [ RunTime:0.0004s ]
SQL: SHOW COLUMNS FROM `qw_felghz` [ RunTime:0.0006s ]
SQL: SELECT `id`,en_fghz as hzname FROM `qw_felghz` ORDER BY fghzsort  [ RunTime:0.0002s ]
SQL: SHOW COLUMNS FROM `qw_felgtype` [ RunTime:0.0005s ]
SQL: SELECT `id`,en_fgtypename as fgtypename,en_hzid as hzid FROM `qw_felgtype` ORDER BY fgtypesort  [ RunTime:0.0002s ]
NOTIC: [8] Undefined variable: languagefghz /www/web/rflinker_com/public_html/new/App/Home/Controller/FeigController.class.php 第 45 行.
SQL: SELECT `id`,en_fghz as fghz FROM `qw_felghz` ORDER BY fghzsort LIMIT 1   [ RunTime:0.0002s ]
SQL: SELECT `id`,en_fgtypename as fgtypename,en_hzid as hzid FROM `qw_felgtype` WHERE ( en_hzid = 3 ) ORDER BY fgtypesort  [ RunTime:0.0002s ]
SQL: SELECT `id`,en_ftname as ftname,en_ftimg as ftimg,en_fttitle as ftitle,en_tid as tid FROM `qw_felgproduct` ORDER BY ftsort  [ RunTime:0.0003s ]
INFO: [ view_parse ] --START--
INFO: [ template_filter ] --START--
INFO: Run Behavior\ContentReplaceBehavior [ RunTime:0.000081s ]
INFO: [ template_filter ] --END-- [ RunTime:0.000127s ]
NOTIC: [8] Use of undefined constant Index - assumed 'Index' /www/web/rflinker_com/public_html/new/App/Runtime/Cache/Home/614b3ffa92a2ae5ad11dccce659791e8.php 第 86 行.
NOTIC: [8] Use of undefined constant Vocationlist - assumed 'Vocationlist' /www/web/rflinker_com/public_html/new/App/Runtime/Cache/Home/614b3ffa92a2ae5ad11dccce659791e8.php 第 102 行.
NOTIC: [8] Use of undefined constant Codeinput - assumed 'Codeinput' /www/web/rflinker_com/public_html/new/App/Runtime/Cache/Home/614b3ffa92a2ae5ad11dccce659791e8.php 第 105 行.
NOTIC: [8] Use of undefined constant Aboutus - assumed 'Aboutus' /www/web/rflinker_com/public_html/new/App/Runtime/Cache/Home/614b3ffa92a2ae5ad11dccce659791e8.php 第 108 行.
INFO: Run Behavior\ParseTemplateBehavior [ RunTime:0.014924s ]
INFO: [ view_parse ] --END-- [ RunTime:0.014965s ]
INFO: [ view_filter ] --START--
INFO: Run Behavior\WriteHtmlCacheBehavior [ RunTime:0.000197s ]
INFO: [ view_filter ] --END-- [ RunTime:0.000236s ]
INFO: [ app_end ] --START--
INFO: Run Behavior\ShowPageTraceBehavior [ RunTime:0.000462s ]
INFO: [ app_end ] --END-- [ RunTime:0.000510s ]

[ 2018-04-16T23:12:42+08:00 ] 180.165.37.219 /new/index.php/Home/Feighztype/index.html?typeid=13&fid=4
INFO: [ app_init ] --START--
INFO: Run Behavior\BuildLiteBehavior [ RunTime:0.000014s ]
INFO: [ app_init ] --END-- [ RunTime:0.000347s ]
INFO: [ app_begin ] --START--
INFO: Run Behavior\ReadHtmlCacheBehavior [ RunTime:0.000438s ]
INFO: Run Behavior\CheckLangBehavior [ RunTime:0.000924s ]
INFO: [ app_begin ] --END-- [ RunTime:0.001445s ]
SQL: SHOW COLUMNS FROM `qw_setting` [ RunTime:0.0008s ]
SQL: SELECT `k`,`v` FROM `qw_setting`  [ RunTime:0.0001s ]
SQL: SHOW COLUMNS FROM `qw_felgproduct` [ RunTime:0.0007s ]
SQL: SHOW COLUMNS FROM `qw_rflinkerproduct` [ RunTime:0.0007s ]
SQL: SELECT `id`,en_ftname as name,`xl_type` FROM `qw_felgproduct` WHERE ( search = 1 ) UNION SELECT id,en_rrname as name,xl_type FROM qw_rflinkerproduct where search=1 [ RunTime:0.0003s ]
NOTIC: [8] Undefined variable: new_live /www/web/rflinker_com/public_html/new/App/Home/Controller/ComController.class.php 第 65 行.
SQL: SELECT `id`,en_ftname as name,`xl_type` FROM `qw_felgproduct` UNION SELECT id,en_rrname as name,xl_type FROM qw_rflinkerproduct  [ RunTime:0.0004s ]
SQL: SHOW COLUMNS FROM `qw_felghz` [ RunTime:0.0005s ]
SQL: SELECT `id`,en_fghz as hzname FROM `qw_felghz` ORDER BY fghzsort  [ RunTime:0.0002s ]
SQL: SHOW COLUMNS FROM `qw_felgtype` [ RunTime:0.0005s ]
SQL: SELECT `id`,en_fgtypename as fgtypename,en_hzid as hzid FROM `qw_felgtype` ORDER BY fgtypesort  [ RunTime:0.0002s ]
SQL: SELECT `id`,en_fgtypename as fgtypename,en_hzid as hzid FROM `qw_felgtype` WHERE ( en_hzid = 4 ) ORDER BY fgtypesort  [ RunTime:0.0002s ]
SQL: SELECT `id`,en_ftname as ftname,en_ftimg as ftimg,en_fttitle as ftitle,en_tid as tid FROM `qw_felgproduct` ORDER BY ftsort asc  [ RunTime:0.0004s ]
INFO: [ view_parse ] --START--
INFO: [ template_filter ] --START--
INFO: Run Behavior\ContentReplaceBehavior [ RunTime:0.000083s ]
INFO: [ template_filter ] --END-- [ RunTime:0.000127s ]
NOTIC: [8] Use of undefined constant Index - assumed 'Index' /www/web/rflinker_com/public_html/new/App/Runtime/Cache/Home/bcc0772c476943b2e4444c6b1be8346a.php 第 92 行.
NOTIC: [8] Use of undefined constant Vocationlist - assumed 'Vocationlist' /www/web/rflinker_com/public_html/new/App/Runtime/Cache/Home/bcc0772c476943b2e4444c6b1be8346a.php 第 108 行.
NOTIC: [8] Use of undefined constant Codeinput - assumed 'Codeinput' /www/web/rflinker_com/public_html/new/App/Runtime/Cache/Home/bcc0772c476943b2e4444c6b1be8346a.php 第 111 行.
NOTIC: [8] Use of undefined constant Aboutus - assumed 'Aboutus' /www/web/rflinker_com/public_html/new/App/Runtime/Cache/Home/bcc0772c476943b2e4444c6b1be8346a.php 第 114 行.
NOTIC: [8] Undefined index: pt /www/web/rflinker_com/public_html/new/App/Runtime/Cache/Home/bcc0772c476943b2e4444c6b1be8346a.php 第 186 行.
INFO: Run Behavior\ParseTemplateBehavior [ RunTime:0.017087s ]
INFO: [ view_parse ] --END-- [ RunTime:0.017131s ]
INFO: [ view_filter ] --START--
INFO: Run Behavior\WriteHtmlCacheBehavior [ RunTime:0.000197s ]
INFO: [ view_filter ] --END-- [ RunTime:0.000235s ]
INFO: [ app_end ] --START--
INFO: Run Behavior\ShowPageTraceBehavior [ RunTime:0.000436s ]
INFO: [ app_end ] --END-- [ RunTime:0.000495s ]

[ 2018-04-16T23:13:11+08:00 ] 180.165.37.219 /new/index.php/Home/Feighztype/index.html?typeid=29&fid=5
INFO: [ app_init ] --START--
INFO: Run Behavior\BuildLiteBehavior [ RunTime:0.000014s ]
INFO: [ app_init ] --END-- [ RunTime:0.000327s ]
INFO: [ app_begin ] --START--
INFO: Run Behavior\ReadHtmlCacheBehavior [ RunTime:0.000421s ]
INFO: Run Behavior\CheckLangBehavior [ RunTime:0.000876s ]
INFO: [ app_begin ] --END-- [ RunTime:0.001372s ]
SQL: SHOW COLUMNS FROM `qw_setting` [ RunTime:0.0008s ]
SQL: SELECT `k`,`v` FROM `qw_setting`  [ RunTime:0.0001s ]
SQL: SHOW COLUMNS FROM `qw_felgproduct` [ RunTime:0.0007s ]
SQL: SHOW COLUMNS FROM `qw_rflinkerproduct` [ RunTime:0.0007s ]
SQL: SELECT `id`,en_ftname as name,`xl_type` FROM `qw_felgproduct` WHERE ( search = 1 ) UNION SELECT id,en_rrname as name,xl_type FROM qw_rflinkerproduct where search=1 [ RunTime:0.0004s ]
NOTIC: [8] Undefined variable: new_live /www/web/rflinker_com/public_html/new/App/Home/Controller/ComController.class.php 第 65 行.
SQL: SELECT `id`,en_ftname as name,`xl_type` FROM `qw_felgproduct` UNION SELECT id,en_rrname as name,xl_type FROM qw_rflinkerproduct  [ RunTime:0.0004s ]
SQL: SHOW COLUMNS FROM `qw_felghz` [ RunTime:0.0006s ]
SQL: SELECT `id`,en_fghz as hzname FROM `qw_felghz` ORDER BY fghzsort  [ RunTime:0.0002s ]
SQL: SHOW COLUMNS FROM `qw_felgtype` [ RunTime:0.0005s ]
SQL: SELECT `id`,en_fgtypename as fgtypename,en_hzid as hzid FROM `qw_felgtype` ORDER BY fgtypesort  [ RunTime:0.0002s ]
SQL: SELECT `id`,en_fgtypename as fgtypename,en_hzid as hzid FROM `qw_felgtype` WHERE ( en_hzid = 5 ) ORDER BY fgtypesort  [ RunTime:0.0002s ]
SQL: SELECT `id`,en_ftname as ftname,en_ftimg as ftimg,en_fttitle as ftitle,en_tid as tid FROM `qw_felgproduct` ORDER BY ftsort asc  [ RunTime:0.0003s ]
INFO: [ view_parse ] --START--
INFO: [ template_filter ] --START--
INFO: Run Behavior\ContentReplaceBehavior [ RunTime:0.000097s ]
INFO: [ template_filter ] --END-- [ RunTime:0.000143s ]
NOTIC: [8] Use of undefined constant Index - assumed 'Index' /www/web/rflinker_com/public_html/new/App/Runtime/Cache/Home/bcc0772c476943b2e4444c6b1be8346a.php 第 92 行.
NOTIC: [8] Use of undefined constant Vocationlist - assumed 'Vocationlist' /www/web/rflinker_com/public_html/new/App/Runtime/Cache/Home/bcc0772c476943b2e4444c6b1be8346a.php 第 108 行.
NOTIC: [8] Use of undefined constant Codeinput - assumed 'Codeinput' /www/web/rflinker_com/public_html/new/App/Runtime/Cache/Home/bcc0772c476943b2e4444c6b1be8346a.php 第 111 行.
NOTIC: [8] Use of undefined constant Aboutus - assumed 'Aboutus' /www/web/rflinker_com/public_html/new/App/Runtime/Cache/Home/bcc0772c476943b2e4444c6b1be8346a.php 第 114 行.
NOTIC: [8] Undefined index: pt /www/web/rflinker_com/public_html/new/App/Runtime/Cache/Home/bcc0772c476943b2e4444c6b1be8346a.php 第 186 行.
NOTIC: [8] Undefined index: pt /www/web/rflinker_com/public_html/new/App/Runtime/Cache/Home/bcc0772c476943b2e4444c6b1be8346a.php 第 186 行.
INFO: Run Behavior\ParseTemplateBehavior [ RunTime:0.015227s ]
INFO: [ view_parse ] --END-- [ RunTime:0.015266s ]
INFO: [ view_filter ] --START--
INFO: Run Behavior\WriteHtmlCacheBehavior [ RunTime:0.000206s ]
INFO: [ view_filter ] --END-- [ RunTime:0.000244s ]
INFO: [ app_end ] --START--
INFO: Run Behavior\ShowPageTraceBehavior [ RunTime:0.000452s ]
INFO: [ app_end ] --END-- [ RunTime:0.000499s ]

[ 2018-04-16T23:13:25+08:00 ] 180.165.37.219 /new/index.php/Home/Productdetails/index.html?type=1&&id=234
INFO: [ app_init ] --START--
INFO: Run Behavior\BuildLiteBehavior [ RunTime:0.000014s ]
INFO: [ app_init ] --END-- [ RunTime:0.000334s ]
INFO: [ app_begin ] --START--
INFO: Run Behavior\ReadHtmlCacheBehavior [ RunTime:0.000432s ]
INFO: Run Behavior\CheckLangBehavior [ RunTime:0.000878s ]
INFO: [ app_begin ] --END-- [ RunTime:0.001397s ]
SQL: SHOW COLUMNS FROM `qw_setting` [ RunTime:0.0008s ]
SQL: SELECT `k`,`v` FROM `qw_setting`  [ RunTime:0.0001s ]
SQL: SHOW COLUMNS FROM `qw_felgproduct` [ RunTime:0.0007s ]
SQL: SHOW COLUMNS FROM `qw_rflinkerproduct` [ RunTime:0.0007s ]
SQL: SELECT `id`,en_ftname as name,`xl_type` FROM `qw_felgproduct` WHERE ( search = 1 ) UNION SELECT id,en_rrname as name,xl_type FROM qw_rflinkerproduct where search=1 [ RunTime:0.0003s ]
NOTIC: [8] Undefined variable: new_live /www/web/rflinker_com/public_html/new/App/Home/Controller/ComController.class.php 第 65 行.
SQL: SELECT `id`,en_ftname as name,`xl_type` FROM `qw_felgproduct` UNION SELECT id,en_rrname as name,xl_type FROM qw_rflinkerproduct  [ RunTime:0.0003s ]
SQL: SHOW COLUMNS FROM `qw_felghz` [ RunTime:0.0006s ]
SQL: SELECT `id`,en_fghz as hzname FROM `qw_felghz` ORDER BY fghzsort  [ RunTime:0.0002s ]
SQL: SHOW COLUMNS FROM `qw_felgtype` [ RunTime:0.0006s ]
SQL: SELECT `id`,en_fgtypename as fgtypename,en_hzid as hzid FROM `qw_felgtype` ORDER BY fgtypesort  [ RunTime:0.0002s ]
SQL: SELECT `id`,felgenhzname as hzname,felgentypename  as typename,en_ftname as ftname,en_fttitle as fttitle,en_ftimg as ftimg,en_ftspec as ftspec,`ftsort` FROM `qw_felgproduct` WHERE ( id =234 ) ORDER BY ftsort LIMIT 1   [ RunTime:0.0002s ]
SQL: SHOW COLUMNS FROM `qw_matching` [ RunTime:0.0005s ]
SQL: SHOW COLUMNS FROM `qw_felgproduct` [ RunTime:0.0007s ]
SQL: SELECT f.id,en_ftname as ftname,en_fttitle as fttitle,en_ftimg as ftimg FROM qw_felgproduct f INNER JOIN 
						qw_matching m on f.en_ftname = m.en_mgname
					     WHERE ( fuid =234 )  [ RunTime:0.0002s ]
SQL: SHOW COLUMNS FROM `qw_felgptdown` [ RunTime:0.0006s ]
SQL: SELECT en_downname as downname,en_down as down,`downsort` FROM `qw_felgptdown` WHERE ( felgptid = 234 ) ORDER BY downsort  [ RunTime:0.0002s ]
INFO: [ view_parse ] --START--
INFO: [ template_filter ] --START--
INFO: Run Behavior\ContentReplaceBehavior [ RunTime:0.000060s ]
INFO: [ template_filter ] --END-- [ RunTime:0.000103s ]
NOTIC: [8] Use of undefined constant Index - assumed 'Index' /www/web/rflinker_com/public_html/new/App/Runtime/Cache/Home/4722ce9f6893de4df1acc80e009cbd5a.php 第 81 行.
NOTIC: [8] Use of undefined constant Vocationlist - assumed 'Vocationlist' /www/web/rflinker_com/public_html/new/App/Runtime/Cache/Home/4722ce9f6893de4df1acc80e009cbd5a.php 第 97 行.
NOTIC: [8] Use of undefined constant Codeinput - assumed 'Codeinput' /www/web/rflinker_com/public_html/new/App/Runtime/Cache/Home/4722ce9f6893de4df1acc80e009cbd5a.php 第 100 行.
NOTIC: [8] Use of undefined constant Aboutus - assumed 'Aboutus' /www/web/rflinker_com/public_html/new/App/Runtime/Cache/Home/4722ce9f6893de4df1acc80e009cbd5a.php 第 103 行.
INFO: Run Behavior\ParseTemplateBehavior [ RunTime:0.010915s ]
INFO: [ view_parse ] --END-- [ RunTime:0.010957s ]
INFO: [ view_filter ] --START--
INFO: Run Behavior\WriteHtmlCacheBehavior [ RunTime:0.000207s ]
INFO: [ view_filter ] --END-- [ RunTime:0.000244s ]
INFO: [ app_end ] --START--
INFO: Run Behavior\ShowPageTraceBehavior [ RunTime:0.000461s ]
INFO: [ app_end ] --END-- [ RunTime:0.000519s ]

[ 2018-04-16T23:13:25+08:00 ] 180.165.37.219 /new/index.php/Home/Productdetails/js/main.js
INFO: [ app_init ] --START--
INFO: Run Behavior\BuildLiteBehavior [ RunTime:0.000013s ]
INFO: [ app_init ] --END-- [ RunTime:0.000309s ]
INFO: [ app_begin ] --START--
INFO: Run Behavior\ReadHtmlCacheBehavior [ RunTime:0.000434s ]
INFO: Run Behavior\CheckLangBehavior [ RunTime:0.000946s ]
INFO: [ app_begin ] --END-- [ RunTime:0.001454s ]
SQL: SHOW COLUMNS FROM `qw_setting` [ RunTime:0.0008s ]
SQL: SELECT `k`,`v` FROM `qw_setting`  [ RunTime:0.0001s ]
SQL: SHOW COLUMNS FROM `qw_felgproduct` [ RunTime:0.0007s ]
SQL: SHOW COLUMNS FROM `qw_rflinkerproduct` [ RunTime:0.0007s ]
SQL: SELECT `id`,en_ftname as name,`xl_type` FROM `qw_felgproduct` WHERE ( search = 1 ) UNION SELECT id,en_rrname as name,xl_type FROM qw_rflinkerproduct where search=1 [ RunTime:0.0003s ]
NOTIC: [8] Undefined variable: new_live /www/web/rflinker_com/public_html/new/App/Home/Controller/ComController.class.php 第 65 行.
SQL: SELECT `id`,en_ftname as name,`xl_type` FROM `qw_felgproduct` UNION SELECT id,en_rrname as name,xl_type FROM qw_rflinkerproduct  [ RunTime:0.0004s ]
ERR: Illegal Action:js

[ 2018-04-16T23:13:25+08:00 ] 180.165.37.219 /new/index.php/Home/Productdetails/layer/mobile/layer.js
INFO: [ app_init ] --START--
INFO: Run Behavior\BuildLiteBehavior [ RunTime:0.000012s ]
INFO: [ app_init ] --END-- [ RunTime:0.000294s ]
INFO: [ app_begin ] --START--
INFO: Run Behavior\ReadHtmlCacheBehavior [ RunTime:0.000425s ]
INFO: Run Behavior\CheckLangBehavior [ RunTime:0.000867s ]
INFO: [ app_begin ] --END-- [ RunTime:0.001365s ]
SQL: SHOW COLUMNS FROM `qw_setting` [ RunTime:0.0007s ]
SQL: SELECT `k`,`v` FROM `qw_setting`  [ RunTime:0.0002s ]
SQL: SHOW COLUMNS FROM `qw_felgproduct` [ RunTime:0.0007s ]
SQL: SHOW COLUMNS FROM `qw_rflinkerproduct` [ RunTime:0.0007s ]
SQL: SELECT `id`,en_ftname as name,`xl_type` FROM `qw_felgproduct` WHERE ( search = 1 ) UNION SELECT id,en_rrname as name,xl_type FROM qw_rflinkerproduct where search=1 [ RunTime:0.0003s ]
NOTIC: [8] Undefined variable: new_live /www/web/rflinker_com/public_html/new/App/Home/Controller/ComController.class.php 第 65 行.
SQL: SELECT `id`,en_ftname as name,`xl_type` FROM `qw_felgproduct` UNION SELECT id,en_rrname as name,xl_type FROM qw_rflinkerproduct  [ RunTime:0.0004s ]
ERR: Illegal Action:layer

[ 2018-04-16T23:13:38+08:00 ] 180.165.37.219 /new/index.php/Home/Aboutus/Index.html
INFO: [ app_init ] --START--
INFO: Run Behavior\BuildLiteBehavior [ RunTime:0.000015s ]
INFO: [ app_init ] --END-- [ RunTime:0.000371s ]
INFO: [ app_begin ] --START--
INFO: Run Behavior\ReadHtmlCacheBehavior [ RunTime:0.000478s ]
INFO: Run Behavior\CheckLangBehavior [ RunTime:0.000941s ]
INFO: [ app_begin ] --END-- [ RunTime:0.001501s ]
SQL: SHOW COLUMNS FROM `qw_setting` [ RunTime:0.0008s ]
SQL: SELECT `k`,`v` FROM `qw_setting`  [ RunTime:0.0002s ]
SQL: SHOW COLUMNS FROM `qw_felgproduct` [ RunTime:0.0007s ]
SQL: SHOW COLUMNS FROM `qw_rflinkerproduct` [ RunTime:0.0007s ]
SQL: SELECT `id`,en_ftname as name,`xl_type` FROM `qw_felgproduct` WHERE ( search = 1 ) UNION SELECT id,en_rrname as name,xl_type FROM qw_rflinkerproduct where search=1 [ RunTime:0.0004s ]
NOTIC: [8] Undefined variable: new_live /www/web/rflinker_com/public_html/new/App/Home/Controller/ComController.class.php 第 65 行.
SQL: SELECT `id`,en_ftname as name,`xl_type` FROM `qw_felgproduct` UNION SELECT id,en_rrname as name,xl_type FROM qw_rflinkerproduct  [ RunTime:0.0004s ]
INFO: [ view_parse ] --START--
INFO: [ template_filter ] --START--
INFO: Run Behavior\ContentReplaceBehavior [ RunTime:0.000067s ]
INFO: [ template_filter ] --END-- [ RunTime:0.000111s ]
NOTIC: [8] Use of undefined constant Index - assumed 'Index' /www/web/rflinker_com/public_html/new/App/Runtime/Cache/Home/6d9195a7ccbe058f45cf16e69b231bd7.php 第 71 行.
NOTIC: [8] Use of undefined constant Vocationlist - assumed 'Vocationlist' /www/web/rflinker_com/public_html/new/App/Runtime/Cache/Home/6d9195a7ccbe058f45cf16e69b231bd7.php 第 87 行.
NOTIC: [8] Use of undefined constant Codeinput - assumed 'Codeinput' /www/web/rflinker_com/public_html/new/App/Runtime/Cache/Home/6d9195a7ccbe058f45cf16e69b231bd7.php 第 90 行.
NOTIC: [8] Use of undefined constant Aboutus - assumed 'Aboutus' /www/web/rflinker_com/public_html/new/App/Runtime/Cache/Home/6d9195a7ccbe058f45cf16e69b231bd7.php 第 93 行.
INFO: Run Behavior\ParseTemplateBehavior [ RunTime:0.010270s ]
INFO: [ view_parse ] --END-- [ RunTime:0.010311s ]
INFO: [ view_filter ] --START--
INFO: Run Behavior\WriteHtmlCacheBehavior [ RunTime:0.000241s ]
INFO: [ view_filter ] --END-- [ RunTime:0.000293s ]
INFO: [ app_end ] --START--
INFO: Run Behavior\ShowPageTraceBehavior [ RunTime:0.000514s ]
INFO: [ app_end ] --END-- [ RunTime:0.000563s ]

[ 2018-04-16T23:13:45+08:00 ] 180.165.37.219 /new/index.php/Home/Codeinput/Index.html
INFO: [ app_init ] --START--
INFO: Run Behavior\BuildLiteBehavior [ RunTime:0.000015s ]
INFO: [ app_init ] --END-- [ RunTime:0.000331s ]
INFO: [ app_begin ] --START--
INFO: Run Behavior\ReadHtmlCacheBehavior [ RunTime:0.000428s ]
INFO: Run Behavior\CheckLangBehavior [ RunTime:0.000906s ]
INFO: [ app_begin ] --END-- [ RunTime:0.001408s ]
SQL: SHOW COLUMNS FROM `qw_setting` [ RunTime:0.0008s ]
SQL: SELECT `k`,`v` FROM `qw_setting`  [ RunTime:0.0001s ]
SQL: SHOW COLUMNS FROM `qw_felgproduct` [ RunTime:0.0007s ]
SQL: SHOW COLUMNS FROM `qw_rflinkerproduct` [ RunTime:0.0007s ]
SQL: SELECT `id`,en_ftname as name,`xl_type` FROM `qw_felgproduct` WHERE ( search = 1 ) UNION SELECT id,en_rrname as name,xl_type FROM qw_rflinkerproduct where search=1 [ RunTime:0.0003s ]
NOTIC: [8] Undefined variable: new_live /www/web/rflinker_com/public_html/new/App/Home/Controller/ComController.class.php 第 65 行.
SQL: SELECT `id`,en_ftname as name,`xl_type` FROM `qw_felgproduct` UNION SELECT id,en_rrname as name,xl_type FROM qw_rflinkerproduct  [ RunTime:0.0003s ]
SQL: SHOW COLUMNS FROM `qw_support` [ RunTime:0.0006s ]
SQL: SELECT `id`,en_stname as stname,en_sttitle as sttitle,en_file as file,`stsort` FROM `qw_support` WHERE ( en_sttype = 3 ) ORDER BY stsort  [ RunTime:0.0002s ]
INFO: [ view_parse ] --START--
INFO: [ template_filter ] --START--
INFO: Run Behavior\ContentReplaceBehavior [ RunTime:0.000076s ]
INFO: [ template_filter ] --END-- [ RunTime:0.000134s ]
NOTIC: [8] Use of undefined constant Index - assumed 'Index' /www/web/rflinker_com/public_html/new/App/Runtime/Cache/Home/fb0bba9424e8c48ededf3668965e76e3.php 第 84 行.
NOTIC: [8] Use of undefined constant Vocationlist - assumed 'Vocationlist' /www/web/rflinker_com/public_html/new/App/Runtime/Cache/Home/fb0bba9424e8c48ededf3668965e76e3.php 第 100 行.
NOTIC: [8] Use of undefined constant Codeinput - assumed 'Codeinput' /www/web/rflinker_com/public_html/new/App/Runtime/Cache/Home/fb0bba9424e8c48ededf3668965e76e3.php 第 103 行.
NOTIC: [8] Use of undefined constant Aboutus - assumed 'Aboutus' /www/web/rflinker_com/public_html/new/App/Runtime/Cache/Home/fb0bba9424e8c48ededf3668965e76e3.php 第 106 行.
INFO: Run Behavior\ParseTemplateBehavior [ RunTime:0.011111s ]
INFO: [ view_parse ] --END-- [ RunTime:0.011150s ]
INFO: [ view_filter ] --START--
INFO: Run Behavior\WriteHtmlCacheBehavior [ RunTime:0.000213s ]
INFO: [ view_filter ] --END-- [ RunTime:0.000251s ]
INFO: [ app_end ] --START--
INFO: Run Behavior\ShowPageTraceBehavior [ RunTime:0.000472s ]
INFO: [ app_end ] --END-- [ RunTime:0.000518s ]

[ 2018-04-16T23:13:48+08:00 ] 180.165.37.219 /new/index.php/Home/Vocationlist/Index.html
INFO: [ app_init ] --START--
INFO: Run Behavior\BuildLiteBehavior [ RunTime:0.000015s ]
INFO: [ app_init ] --END-- [ RunTime:0.000366s ]
INFO: [ app_begin ] --START--
INFO: Run Behavior\ReadHtmlCacheBehavior [ RunTime:0.000471s ]
INFO: Run Behavior\CheckLangBehavior [ RunTime:0.000981s ]
INFO: [ app_begin ] --END-- [ RunTime:0.001528s ]
SQL: SHOW COLUMNS FROM `qw_setting` [ RunTime:0.0009s ]
SQL: SELECT `k`,`v` FROM `qw_setting`  [ RunTime:0.0002s ]
SQL: SHOW COLUMNS FROM `qw_felgproduct` [ RunTime:0.0008s ]
SQL: SHOW COLUMNS FROM `qw_rflinkerproduct` [ RunTime:0.0007s ]
SQL: SELECT `id`,en_ftname as name,`xl_type` FROM `qw_felgproduct` WHERE ( search = 1 ) UNION SELECT id,en_rrname as name,xl_type FROM qw_rflinkerproduct where search=1 [ RunTime:0.0003s ]
NOTIC: [8] Undefined variable: new_live /www/web/rflinker_com/public_html/new/App/Home/Controller/ComController.class.php 第 65 行.
SQL: SELECT `id`,en_ftname as name,`xl_type` FROM `qw_felgproduct` UNION SELECT id,en_rrname as name,xl_type FROM qw_rflinkerproduct  [ RunTime:0.0004s ]
SQL: SHOW COLUMNS FROM `qw_industry` [ RunTime:0.0008s ]
SQL: SELECT COUNT(*) AS tp_count FROM `qw_industry` LIMIT 1   [ RunTime:0.0002s ]
SQL: SELECT `id`,en_imgiy as imgiy,`iysort`,en_nameiy as nameiy,en_title as title FROM `qw_industry` ORDER BY iysort LIMIT 4   [ RunTime:0.0002s ]
INFO: [ view_parse ] --START--
INFO: [ template_filter ] --START--
INFO: Run Behavior\ContentReplaceBehavior [ RunTime:0.000083s ]
INFO: [ template_filter ] --END-- [ RunTime:0.000141s ]
NOTIC: [8] Use of undefined constant Index - assumed 'Index' /www/web/rflinker_com/public_html/new/App/Runtime/Cache/Home/17ab6b028a23c7b6c8e8ca42d3d570bd.php 第 90 行.
NOTIC: [8] Use of undefined constant Vocationlist - assumed 'Vocationlist' /www/web/rflinker_com/public_html/new/App/Runtime/Cache/Home/17ab6b028a23c7b6c8e8ca42d3d570bd.php 第 106 行.
NOTIC: [8] Use of undefined constant Codeinput - assumed 'Codeinput' /www/web/rflinker_com/public_html/new/App/Runtime/Cache/Home/17ab6b028a23c7b6c8e8ca42d3d570bd.php 第 109 行.
NOTIC: [8] Use of undefined constant Aboutus - assumed 'Aboutus' /www/web/rflinker_com/public_html/new/App/Runtime/Cache/Home/17ab6b028a23c7b6c8e8ca42d3d570bd.php 第 112 行.
INFO: Run Behavior\ParseTemplateBehavior [ RunTime:0.011458s ]
INFO: [ view_parse ] --END-- [ RunTime:0.011507s ]
INFO: [ view_filter ] --START--
INFO: Run Behavior\WriteHtmlCacheBehavior [ RunTime:0.000224s ]
INFO: [ view_filter ] --END-- [ RunTime:0.000262s ]
INFO: [ app_end ] --START--
INFO: Run Behavior\ShowPageTraceBehavior [ RunTime:0.000505s ]
INFO: [ app_end ] --END-- [ RunTime:0.000552s ]

[ 2018-04-16T23:13:53+08:00 ] 180.165.37.219 /new/index.php/Home/Vocationlistmain/index.html?id=12
INFO: [ app_init ] --START--
INFO: Run Behavior\BuildLiteBehavior [ RunTime:0.000014s ]
INFO: [ app_init ] --END-- [ RunTime:0.000325s ]
INFO: [ app_begin ] --START--
INFO: Run Behavior\ReadHtmlCacheBehavior [ RunTime:0.000443s ]
INFO: Run Behavior\CheckLangBehavior [ RunTime:0.000884s ]
INFO: [ app_begin ] --END-- [ RunTime:0.001400s ]
SQL: SHOW COLUMNS FROM `qw_setting` [ RunTime:0.0008s ]
SQL: SELECT `k`,`v` FROM `qw_setting`  [ RunTime:0.0001s ]
SQL: SHOW COLUMNS FROM `qw_felgproduct` [ RunTime:0.0007s ]
SQL: SHOW COLUMNS FROM `qw_rflinkerproduct` [ RunTime:0.0006s ]
SQL: SELECT `id`,en_ftname as name,`xl_type` FROM `qw_felgproduct` WHERE ( search = 1 ) UNION SELECT id,en_rrname as name,xl_type FROM qw_rflinkerproduct where search=1 [ RunTime:0.0004s ]
NOTIC: [8] Undefined variable: new_live /www/web/rflinker_com/public_html/new/App/Home/Controller/ComController.class.php 第 65 行.
SQL: SELECT `id`,en_ftname as name,`xl_type` FROM `qw_felgproduct` UNION SELECT id,en_rrname as name,xl_type FROM qw_rflinkerproduct  [ RunTime:0.0003s ]
SQL: SHOW COLUMNS FROM `qw_industry` [ RunTime:0.0008s ]
SQL: SELECT `id`,en_nameiy as nameiy,en_iycontent as iycontent,en_iylogo as iylogo,en_logoshow as logoshow,en_anli1 as anli1,en_anli2 as anli2,en_anli3 as anli3,en_anli1show as anli1show,en_anli2show as anli2show,en_anli3show as anli3show,en_linksiy as linksiy,`en_logoshow`,en_anliname1 as anliname1,en_anliname2 as anliname2,en_anliname3 as anliname3 FROM `qw_industry` WHERE `id` = 12 LIMIT 1   [ RunTime:0.0003s ]
SQL: SELECT `id`,en_nameiy as nameiy,en_iycontent as iycontent FROM `qw_industry` WHERE ( id = 12 ) LIMIT 1   [ RunTime:0.0001s ]
SQL: SHOW COLUMNS FROM `qw_industryimgs` [ RunTime:0.0005s ]
SQL: SELECT `id`,en_iyimgs as iyimgs FROM `qw_industryimgs` WHERE `iyid` = 12 ORDER BY iyimgssort  [ RunTime:0.0002s ]
INFO: [ view_parse ] --START--
INFO: [ template_filter ] --START--
INFO: Run Behavior\ContentReplaceBehavior [ RunTime:0.000074s ]
INFO: [ template_filter ] --END-- [ RunTime:0.000125s ]
NOTIC: [8] Use of undefined constant Index - assumed 'Index' /www/web/rflinker_com/public_html/new/App/Runtime/Cache/Home/6caa58430904c3fc15e164a15e4ff995.php 第 127 行.
NOTIC: [8] Use of undefined constant Vocationlist - assumed 'Vocationlist' /www/web/rflinker_com/public_html/new/App/Runtime/Cache/Home/6caa58430904c3fc15e164a15e4ff995.php 第 143 行.
NOTIC: [8] Use of undefined constant Codeinput - assumed 'Codeinput' /www/web/rflinker_com/public_html/new/App/Runtime/Cache/Home/6caa58430904c3fc15e164a15e4ff995.php 第 146 行.
NOTIC: [8] Use of undefined constant Aboutus - assumed 'Aboutus' /www/web/rflinker_com/public_html/new/App/Runtime/Cache/Home/6caa58430904c3fc15e164a15e4ff995.php 第 149 行.
INFO: Run Behavior\ParseTemplateBehavior [ RunTime:0.011356s ]
INFO: [ view_parse ] --END-- [ RunTime:0.011393s ]
INFO: [ view_filter ] --START--
INFO: Run Behavior\WriteHtmlCacheBehavior [ RunTime:0.000202s ]
INFO: [ view_filter ] --END-- [ RunTime:0.000239s ]
INFO: [ app_end ] --START--
INFO: Run Behavior\ShowPageTraceBehavior [ RunTime:0.000463s ]
INFO: [ app_end ] --END-- [ RunTime:0.000509s ]

