[ 2018-06-14T10:37:31+08:00 ] ::1 /rflinker/index.php/Home/Productdetails/js/main.js
INFO: [ app_init ] --START--
INFO: Run Behavior\BuildLiteBehavior [ RunTime:0.000051s ]
INFO: [ app_init ] --END-- [ RunTime:0.022174s ]
INFO: [ app_begin ] --START--
INFO: Run Behavior\ReadHtmlCacheBehavior [ RunTime:0.030377s ]
INFO: Run Behavior\CheckLangBehavior [ RunTime:0.050742s ]
INFO: [ app_begin ] --END-- [ RunTime:0.081511s ]
SQL: SHOW COLUMNS FROM `qw_setting` [ RunTime:0.0773s ]
SQL: SELECT `k`,`v` FROM `qw_setting`  [ RunTime:0.0018s ]
SQL: SHOW COLUMNS FROM `qw_felgproduct` [ RunTime:0.0300s ]
SQL: SHOW COLUMNS FROM `qw_rflinkerproduct` [ RunTime:0.0275s ]
SQL: SELECT `id`,cn_ftname as name,`xl_type` FROM `qw_felgproduct` WHERE ( search = 1 ) UNION SELECT id,cn_rrname as name,xl_type FROM qw_rflinkerproduct where search=1 [ RunTime:0.0298s ]
NOTIC: [8] Undefined variable: new_live D:\Program Files (x86)\wamp\www\rflinker\App\Home\Controller\ComController.class.php 第 65 行.
SQL: SELECT `id`,cn_ftname as name,`xl_type` FROM `qw_felgproduct` UNION SELECT id,cn_rrname as name,xl_type FROM qw_rflinkerproduct  [ RunTime:0.0083s ]
ERR: 非法操作:js

[ 2018-06-14T10:37:31+08:00 ] ::1 /rflinker/index.php/Home/Productdetails/layer/mobile/layer.js
INFO: [ app_init ] --START--
INFO: Run Behavior\BuildLiteBehavior [ RunTime:0.000052s ]
INFO: [ app_init ] --END-- [ RunTime:0.022148s ]
INFO: [ app_begin ] --START--
INFO: Run Behavior\ReadHtmlCacheBehavior [ RunTime:0.030410s ]
INFO: Run Behavior\CheckLangBehavior [ RunTime:0.060889s ]
INFO: [ app_begin ] --END-- [ RunTime:0.091679s ]
SQL: SHOW COLUMNS FROM `qw_setting` [ RunTime:0.0082s ]
SQL: SELECT `k`,`v` FROM `qw_setting`  [ RunTime:0.0006s ]
SQL: SHOW COLUMNS FROM `qw_felgproduct` [ RunTime:0.0081s ]
SQL: SHOW COLUMNS FROM `qw_rflinkerproduct` [ RunTime:0.0116s ]
SQL: SELECT `id`,cn_ftname as name,`xl_type` FROM `qw_felgproduct` WHERE ( search = 1 ) UNION SELECT id,cn_rrname as name,xl_type FROM qw_rflinkerproduct where search=1 [ RunTime:0.0010s ]
NOTIC: [8] Undefined variable: new_live D:\Program Files (x86)\wamp\www\rflinker\App\Home\Controller\ComController.class.php 第 65 行.
SQL: SELECT `id`,cn_ftname as name,`xl_type` FROM `qw_felgproduct` UNION SELECT id,cn_rrname as name,xl_type FROM qw_rflinkerproduct  [ RunTime:0.0037s ]
ERR: 非法操作:layer

[ 2018-06-14T10:37:32+08:00 ] ::1 /rflinker/index.php/Home/Productdetails/index.html?lang=ch-cn
INFO: [ app_init ] --START--
INFO: Run Behavior\BuildLiteBehavior [ RunTime:0.000027s ]
INFO: [ app_init ] --END-- [ RunTime:0.000416s ]
INFO: [ app_begin ] --START--
INFO: Run Behavior\ReadHtmlCacheBehavior [ RunTime:0.000448s ]
INFO: Run Behavior\CheckLangBehavior [ RunTime:0.000891s ]
INFO: [ app_begin ] --END-- [ RunTime:0.001556s ]
SQL: SHOW COLUMNS FROM `qw_setting` [ RunTime:0.0158s ]
SQL: SELECT `k`,`v` FROM `qw_setting`  [ RunTime:0.0003s ]
SQL: SHOW COLUMNS FROM `qw_felgproduct` [ RunTime:0.0303s ]
SQL: SHOW COLUMNS FROM `qw_rflinkerproduct` [ RunTime:0.0106s ]
SQL: SELECT `id`,cn_ftname as name,`xl_type` FROM `qw_felgproduct` WHERE ( search = 1 ) UNION SELECT id,cn_rrname as name,xl_type FROM qw_rflinkerproduct where search=1 [ RunTime:0.0005s ]
NOTIC: [8] Undefined variable: new_live D:\Program Files (x86)\wamp\www\rflinker\App\Home\Controller\ComController.class.php 第 65 行.
SQL: SELECT `id`,cn_ftname as name,`xl_type` FROM `qw_felgproduct` UNION SELECT id,cn_rrname as name,xl_type FROM qw_rflinkerproduct  [ RunTime:0.0012s ]
NOTIC: [8] Undefined index: id D:\Program Files (x86)\wamp\www\rflinker\App\Home\Controller\ProductdetailsController.class.php 第 17 行.
INFO: [ view_parse ] --START--
INFO: [ template_filter ] --START--
INFO: Run Behavior\ContentReplaceBehavior [ RunTime:0.000162s ]
INFO: [ template_filter ] --END-- [ RunTime:0.000315s ]
NOTIC: [8] Undefined variable: commom_field D:\Program Files (x86)\wamp\www\rflinker\App\Runtime\Cache\Home\4722ce9f6893de4df1acc80e009cbd5a.php 第 66 行.
NOTIC: [8] Undefined variable: commom_field D:\Program Files (x86)\wamp\www\rflinker\App\Runtime\Cache\Home\4722ce9f6893de4df1acc80e009cbd5a.php 第 66 行.
NOTIC: [8] Use of undefined constant Index - assumed 'Index' D:\Program Files (x86)\wamp\www\rflinker\App\Runtime\Cache\Home\4722ce9f6893de4df1acc80e009cbd5a.php 第 67 行.
NOTIC: [8] Use of undefined constant Vocationlist - assumed 'Vocationlist' D:\Program Files (x86)\wamp\www\rflinker\App\Runtime\Cache\Home\4722ce9f6893de4df1acc80e009cbd5a.php 第 76 行.
NOTIC: [8] Use of undefined constant Codeinput - assumed 'Codeinput' D:\Program Files (x86)\wamp\www\rflinker\App\Runtime\Cache\Home\4722ce9f6893de4df1acc80e009cbd5a.php 第 77 行.
NOTIC: [8] Use of undefined constant Aboutus - assumed 'Aboutus' D:\Program Files (x86)\wamp\www\rflinker\App\Runtime\Cache\Home\4722ce9f6893de4df1acc80e009cbd5a.php 第 78 行.
NOTIC: [8] Undefined variable: hztype_arr D:\Program Files (x86)\wamp\www\rflinker\App\Runtime\Cache\Home\4722ce9f6893de4df1acc80e009cbd5a.php 第 97 行.
NOTIC: [8] Undefined variable: felgxiangqing D:\Program Files (x86)\wamp\www\rflinker\App\Runtime\Cache\Home\4722ce9f6893de4df1acc80e009cbd5a.php 第 119 行.
NOTIC: [8] Undefined variable: felgxiangqing D:\Program Files (x86)\wamp\www\rflinker\App\Runtime\Cache\Home\4722ce9f6893de4df1acc80e009cbd5a.php 第 120 行.
NOTIC: [8] Undefined variable: felgxiangqing D:\Program Files (x86)\wamp\www\rflinker\App\Runtime\Cache\Home\4722ce9f6893de4df1acc80e009cbd5a.php 第 123 行.
NOTIC: [8] Undefined variable: felgptdowns D:\Program Files (x86)\wamp\www\rflinker\App\Runtime\Cache\Home\4722ce9f6893de4df1acc80e009cbd5a.php 第 125 行.
NOTIC: [8] Undefined variable: felgxiangqing D:\Program Files (x86)\wamp\www\rflinker\App\Runtime\Cache\Home\4722ce9f6893de4df1acc80e009cbd5a.php 第 135 行.
INFO: Run Behavior\ParseTemplateBehavior [ RunTime:0.229399s ]
INFO: [ view_parse ] --END-- [ RunTime:0.229537s ]
INFO: [ view_filter ] --START--
INFO: Run Behavior\WriteHtmlCacheBehavior [ RunTime:0.014668s ]
INFO: [ view_filter ] --END-- [ RunTime:0.014812s ]
INFO: [ app_end ] --START--
INFO: Run Behavior\ShowPageTraceBehavior [ RunTime:0.013705s ]
INFO: [ app_end ] --END-- [ RunTime:0.013903s ]

[ 2018-06-14T10:37:33+08:00 ] ::1 /rflinker/index.php/Home/Productdetails/layer/mobile/layer.js
INFO: [ app_init ] --START--
INFO: Run Behavior\BuildLiteBehavior [ RunTime:0.000033s ]
INFO: [ app_init ] --END-- [ RunTime:0.000611s ]
INFO: [ app_begin ] --START--
INFO: Run Behavior\ReadHtmlCacheBehavior [ RunTime:0.000930s ]
INFO: Run Behavior\CheckLangBehavior [ RunTime:0.004295s ]
INFO: [ app_begin ] --END-- [ RunTime:0.005614s ]
SQL: SHOW COLUMNS FROM `qw_setting` [ RunTime:0.0377s ]
SQL: SELECT `k`,`v` FROM `qw_setting`  [ RunTime:0.0004s ]
SQL: SHOW COLUMNS FROM `qw_felgproduct` [ RunTime:0.0147s ]
SQL: SHOW COLUMNS FROM `qw_rflinkerproduct` [ RunTime:0.0113s ]
SQL: SELECT `id`,cn_ftname as name,`xl_type` FROM `qw_felgproduct` WHERE ( search = 1 ) UNION SELECT id,cn_rrname as name,xl_type FROM qw_rflinkerproduct where search=1 [ RunTime:0.0005s ]
NOTIC: [8] Undefined variable: new_live D:\Program Files (x86)\wamp\www\rflinker\App\Home\Controller\ComController.class.php 第 65 行.
SQL: SELECT `id`,cn_ftname as name,`xl_type` FROM `qw_felgproduct` UNION SELECT id,cn_rrname as name,xl_type FROM qw_rflinkerproduct  [ RunTime:0.0007s ]
ERR: 非法操作:layer

[ 2018-06-14T10:37:33+08:00 ] ::1 /rflinker/index.php/Home/Productdetails/js/main.js
INFO: [ app_init ] --START--
INFO: Run Behavior\BuildLiteBehavior [ RunTime:0.000061s ]
INFO: [ app_init ] --END-- [ RunTime:0.001334s ]
INFO: [ app_begin ] --START--
INFO: Run Behavior\ReadHtmlCacheBehavior [ RunTime:0.001012s ]
INFO: Run Behavior\CheckLangBehavior [ RunTime:0.002164s ]
INFO: [ app_begin ] --END-- [ RunTime:0.003588s ]
SQL: SHOW COLUMNS FROM `qw_setting` [ RunTime:0.0068s ]
SQL: SELECT `k`,`v` FROM `qw_setting`  [ RunTime:0.0003s ]
SQL: SHOW COLUMNS FROM `qw_felgproduct` [ RunTime:0.0071s ]
SQL: SHOW COLUMNS FROM `qw_rflinkerproduct` [ RunTime:0.0065s ]
SQL: SELECT `id`,cn_ftname as name,`xl_type` FROM `qw_felgproduct` WHERE ( search = 1 ) UNION SELECT id,cn_rrname as name,xl_type FROM qw_rflinkerproduct where search=1 [ RunTime:0.0005s ]
NOTIC: [8] Undefined variable: new_live D:\Program Files (x86)\wamp\www\rflinker\App\Home\Controller\ComController.class.php 第 65 行.
SQL: SELECT `id`,cn_ftname as name,`xl_type` FROM `qw_felgproduct` UNION SELECT id,cn_rrname as name,xl_type FROM qw_rflinkerproduct  [ RunTime:0.0010s ]
ERR: 非法操作:js

[ 2018-06-14T10:37:33+08:00 ] ::1 /rflinker/
INFO: [ app_init ] --START--
INFO: Run Behavior\BuildLiteBehavior [ RunTime:0.000043s ]
INFO: [ app_init ] --END-- [ RunTime:0.000774s ]
INFO: [ app_begin ] --START--
INFO: Run Behavior\ReadHtmlCacheBehavior [ RunTime:0.000674s ]
INFO: Run Behavior\CheckLangBehavior [ RunTime:0.002379s ]
INFO: [ app_begin ] --END-- [ RunTime:0.003362s ]
SQL: SHOW COLUMNS FROM `qw_setting` [ RunTime:0.0060s ]
SQL: SELECT `k`,`v` FROM `qw_setting`  [ RunTime:0.0003s ]
SQL: SHOW COLUMNS FROM `qw_felgproduct` [ RunTime:0.0072s ]
SQL: SHOW COLUMNS FROM `qw_rflinkerproduct` [ RunTime:0.0066s ]
SQL: SELECT `id`,cn_ftname as name,`xl_type` FROM `qw_felgproduct` WHERE ( search = 1 ) UNION SELECT id,cn_rrname as name,xl_type FROM qw_rflinkerproduct where search=1 [ RunTime:0.0006s ]
NOTIC: [8] Undefined variable: new_live D:\Program Files (x86)\wamp\www\rflinker\App\Home\Controller\ComController.class.php 第 65 行.
SQL: SELECT `id`,cn_ftname as name,`xl_type` FROM `qw_felgproduct` UNION SELECT id,cn_rrname as name,xl_type FROM qw_rflinkerproduct  [ RunTime:0.0010s ]
SQL: SHOW COLUMNS FROM `qw_indexshow` [ RunTime:0.0203s ]
SQL: SELECT `id`,cn_fghzname as fghzname,cn_fghzshow as fghzshow,cn_rrhzname as rrhzname,cn_rrhzshow as rrhzshow,cn_tjhzname as tjhzname,cn_tjhzshow as tjhzshow FROM `qw_indexshow` LIMIT 1   [ RunTime:0.0032s ]
SQL: SHOW COLUMNS FROM `qw_flashview` [ RunTime:0.0154s ]
SQL: SELECT `id`,cn_flashviewpc as flashviewpc,cn_title as title,cn_fwshowpc as fwshowpc,cn_fwlink as fwlink,`fwsort`,cn_name as name FROM `qw_flashview` ORDER BY fwsort  [ RunTime:0.0063s ]
SQL: SHOW COLUMNS FROM `qw_felghz` [ RunTime:0.0164s ]
SQL: SELECT `id`,cn_fghz as fghz,cn_fghztitle as fghztitle,cn_fghzimg as fghzimg,`fghzsort` FROM `qw_felghz` ORDER BY fghzsort LIMIT 4   [ RunTime:0.0032s ]
SQL: SHOW COLUMNS FROM `qw_felgtype` [ RunTime:0.0164s ]
SQL: SELECT * FROM `qw_felgtype` WHERE ( cn_hzid = 3 ) ORDER BY fgtypesort LIMIT 1   [ RunTime:0.0039s ]
SQL: SELECT * FROM `qw_felgtype` WHERE ( cn_hzid = 4 ) ORDER BY fgtypesort LIMIT 1   [ RunTime:0.0003s ]
SQL: SELECT * FROM `qw_felgtype` WHERE ( cn_hzid = 5 ) ORDER BY fgtypesort LIMIT 1   [ RunTime:0.0008s ]
SQL: SHOW COLUMNS FROM `qw_rflinkerhz` [ RunTime:0.0164s ]
SQL: SELECT `id`,cn_rflinkerhz as rflinkerhz,cn_rrtitle as rrtitle,cn_rrimg as rrimg,`rrsort` FROM `qw_rflinkerhz` ORDER BY rrsort LIMIT 4   [ RunTime:0.0036s ]
SQL: SHOW COLUMNS FROM `qw_tuijian` [ RunTime:0.0161s ]
SQL: SELECT `id`,cn_felgname as felgname,cn_rrname as rrname,`type`,`tjsotr` FROM `qw_tuijian` ORDER BY tjsotr  [ RunTime:0.0035s ]
SQL: SHOW COLUMNS FROM `qw_industry` [ RunTime:0.0185s ]
SQL: SELECT `id`,cn_imgiy as imgiy,`iysort`,cn_nameiy as nameiy,cn_title as title FROM `qw_industry` ORDER BY iysort LIMIT 4   [ RunTime:0.0038s ]
INFO: [ view_parse ] --START--
INFO: [ template_filter ] --START--
INFO: Run Behavior\ContentReplaceBehavior [ RunTime:0.000895s ]
INFO: [ template_filter ] --END-- [ RunTime:0.001732s ]
NOTIC: [8] Undefined variable: commom_field D:\Program Files (x86)\wamp\www\rflinker\App\Runtime\Cache\Home\3da8682377a51f4116c98bfda6b18a92.php 第 56 行.
NOTIC: [8] Undefined variable: commom_field D:\Program Files (x86)\wamp\www\rflinker\App\Runtime\Cache\Home\3da8682377a51f4116c98bfda6b18a92.php 第 56 行.
NOTIC: [8] Use of undefined constant Index - assumed 'Index' D:\Program Files (x86)\wamp\www\rflinker\App\Runtime\Cache\Home\3da8682377a51f4116c98bfda6b18a92.php 第 57 行.
NOTIC: [8] Use of undefined constant Vocationlist - assumed 'Vocationlist' D:\Program Files (x86)\wamp\www\rflinker\App\Runtime\Cache\Home\3da8682377a51f4116c98bfda6b18a92.php 第 66 行.
NOTIC: [8] Use of undefined constant Codeinput - assumed 'Codeinput' D:\Program Files (x86)\wamp\www\rflinker\App\Runtime\Cache\Home\3da8682377a51f4116c98bfda6b18a92.php 第 67 行.
NOTIC: [8] Use of undefined constant Aboutus - assumed 'Aboutus' D:\Program Files (x86)\wamp\www\rflinker\App\Runtime\Cache\Home\3da8682377a51f4116c98bfda6b18a92.php 第 68 行.
NOTIC: [8] Undefined index: typeid D:\Program Files (x86)\wamp\www\rflinker\App\Runtime\Cache\Home\3da8682377a51f4116c98bfda6b18a92.php 第 108 行.
NOTIC: [8] Undefined index: typeid D:\Program Files (x86)\wamp\www\rflinker\App\Runtime\Cache\Home\3da8682377a51f4116c98bfda6b18a92.php 第 108 行.
INFO: Run Behavior\ParseTemplateBehavior [ RunTime:0.401921s ]
INFO: [ view_parse ] --END-- [ RunTime:0.402183s ]
INFO: [ view_filter ] --START--
INFO: Run Behavior\WriteHtmlCacheBehavior [ RunTime:0.001170s ]
INFO: [ view_filter ] --END-- [ RunTime:0.001503s ]
INFO: [ app_end ] --START--
INFO: Run Behavior\ShowPageTraceBehavior [ RunTime:0.002960s ]
INFO: [ app_end ] --END-- [ RunTime:0.003683s ]

[ 2018-06-14T10:37:34+08:00 ] ::1 /rflinker/index.php/Home/Productdetails/layer/mobile/layer.js
INFO: [ app_init ] --START--
INFO: Run Behavior\BuildLiteBehavior [ RunTime:0.000029s ]
INFO: [ app_init ] --END-- [ RunTime:0.000475s ]
INFO: [ app_begin ] --START--
INFO: Run Behavior\ReadHtmlCacheBehavior [ RunTime:0.000504s ]
INFO: Run Behavior\CheckLangBehavior [ RunTime:0.001706s ]
INFO: [ app_begin ] --END-- [ RunTime:0.002512s ]
SQL: SHOW COLUMNS FROM `qw_setting` [ RunTime:0.0219s ]
SQL: SELECT `k`,`v` FROM `qw_setting`  [ RunTime:0.0007s ]
SQL: SHOW COLUMNS FROM `qw_felgproduct` [ RunTime:0.0201s ]
SQL: SHOW COLUMNS FROM `qw_rflinkerproduct` [ RunTime:0.0202s ]
SQL: SELECT `id`,cn_ftname as name,`xl_type` FROM `qw_felgproduct` WHERE ( search = 1 ) UNION SELECT id,cn_rrname as name,xl_type FROM qw_rflinkerproduct where search=1 [ RunTime:0.0014s ]
NOTIC: [8] Undefined variable: new_live D:\Program Files (x86)\wamp\www\rflinker\App\Home\Controller\ComController.class.php 第 65 行.
SQL: SELECT `id`,cn_ftname as name,`xl_type` FROM `qw_felgproduct` UNION SELECT id,cn_rrname as name,xl_type FROM qw_rflinkerproduct  [ RunTime:0.0024s ]
ERR: 非法操作:layer

[ 2018-06-14T10:37:34+08:00 ] ::1 /rflinker/index.php/Home/Vocationlist/Index.html
INFO: [ app_init ] --START--
INFO: Run Behavior\BuildLiteBehavior [ RunTime:0.000025s ]
INFO: [ app_init ] --END-- [ RunTime:0.000383s ]
INFO: [ app_begin ] --START--
INFO: Run Behavior\ReadHtmlCacheBehavior [ RunTime:0.000495s ]
INFO: Run Behavior\CheckLangBehavior [ RunTime:0.000976s ]
INFO: [ app_begin ] --END-- [ RunTime:0.002025s ]
SQL: SHOW COLUMNS FROM `qw_setting` [ RunTime:0.0285s ]
SQL: SELECT `k`,`v` FROM `qw_setting`  [ RunTime:0.0003s ]
SQL: SHOW COLUMNS FROM `qw_felgproduct` [ RunTime:0.0238s ]
SQL: SHOW COLUMNS FROM `qw_rflinkerproduct` [ RunTime:0.0100s ]
SQL: SELECT `id`,cn_ftname as name,`xl_type` FROM `qw_felgproduct` WHERE ( search = 1 ) UNION SELECT id,cn_rrname as name,xl_type FROM qw_rflinkerproduct where search=1 [ RunTime:0.0005s ]
NOTIC: [8] Undefined variable: new_live D:\Program Files (x86)\wamp\www\rflinker\App\Home\Controller\ComController.class.php 第 65 行.
SQL: SELECT `id`,cn_ftname as name,`xl_type` FROM `qw_felgproduct` UNION SELECT id,cn_rrname as name,xl_type FROM qw_rflinkerproduct  [ RunTime:0.0007s ]
SQL: SHOW COLUMNS FROM `qw_industry` [ RunTime:0.0104s ]
SQL: SELECT COUNT(*) AS tp_count FROM `qw_industry` LIMIT 1   [ RunTime:0.0019s ]
SQL: SELECT `id`,cn_imgiy as imgiy,`iysort`,cn_nameiy as nameiy,cn_title as title FROM `qw_industry` ORDER BY iysort LIMIT 4   [ RunTime:0.0003s ]
INFO: [ view_parse ] --START--
INFO: [ template_filter ] --START--
INFO: Run Behavior\ContentReplaceBehavior [ RunTime:0.000179s ]
INFO: [ template_filter ] --END-- [ RunTime:0.000369s ]
NOTIC: [8] Undefined variable: commom_field D:\Program Files (x86)\wamp\www\rflinker\App\Runtime\Cache\Home\17ab6b028a23c7b6c8e8ca42d3d570bd.php 第 76 行.
NOTIC: [8] Undefined variable: commom_field D:\Program Files (x86)\wamp\www\rflinker\App\Runtime\Cache\Home\17ab6b028a23c7b6c8e8ca42d3d570bd.php 第 76 行.
NOTIC: [8] Use of undefined constant Index - assumed 'Index' D:\Program Files (x86)\wamp\www\rflinker\App\Runtime\Cache\Home\17ab6b028a23c7b6c8e8ca42d3d570bd.php 第 77 行.
NOTIC: [8] Use of undefined constant Vocationlist - assumed 'Vocationlist' D:\Program Files (x86)\wamp\www\rflinker\App\Runtime\Cache\Home\17ab6b028a23c7b6c8e8ca42d3d570bd.php 第 86 行.
NOTIC: [8] Use of undefined constant Codeinput - assumed 'Codeinput' D:\Program Files (x86)\wamp\www\rflinker\App\Runtime\Cache\Home\17ab6b028a23c7b6c8e8ca42d3d570bd.php 第 87 行.
NOTIC: [8] Use of undefined constant Aboutus - assumed 'Aboutus' D:\Program Files (x86)\wamp\www\rflinker\App\Runtime\Cache\Home\17ab6b028a23c7b6c8e8ca42d3d570bd.php 第 88 行.
INFO: Run Behavior\ParseTemplateBehavior [ RunTime:0.078244s ]
INFO: [ view_parse ] --END-- [ RunTime:0.078398s ]
INFO: [ view_filter ] --START--
INFO: Run Behavior\WriteHtmlCacheBehavior [ RunTime:0.000459s ]
INFO: [ view_filter ] --END-- [ RunTime:0.000570s ]
INFO: [ app_end ] --START--
INFO: Run Behavior\ShowPageTraceBehavior [ RunTime:0.000744s ]
INFO: [ app_end ] --END-- [ RunTime:0.000943s ]

[ 2018-06-14T10:37:37+08:00 ] ::1 /rflinker/index.php/Home/Vocationlistmain/index.html?id=12
INFO: [ app_init ] --START--
INFO: Run Behavior\BuildLiteBehavior [ RunTime:0.000047s ]
INFO: [ app_init ] --END-- [ RunTime:0.000667s ]
INFO: [ app_begin ] --START--
INFO: Run Behavior\ReadHtmlCacheBehavior [ RunTime:0.002630s ]
INFO: Run Behavior\CheckLangBehavior [ RunTime:0.002018s ]
INFO: [ app_begin ] --END-- [ RunTime:0.005038s ]
SQL: SHOW COLUMNS FROM `qw_setting` [ RunTime:0.0187s ]
SQL: SELECT `k`,`v` FROM `qw_setting`  [ RunTime:0.0003s ]
SQL: SHOW COLUMNS FROM `qw_felgproduct` [ RunTime:0.0112s ]
SQL: SHOW COLUMNS FROM `qw_rflinkerproduct` [ RunTime:0.0127s ]
SQL: SELECT `id`,cn_ftname as name,`xl_type` FROM `qw_felgproduct` WHERE ( search = 1 ) UNION SELECT id,cn_rrname as name,xl_type FROM qw_rflinkerproduct where search=1 [ RunTime:0.0007s ]
NOTIC: [8] Undefined variable: new_live D:\Program Files (x86)\wamp\www\rflinker\App\Home\Controller\ComController.class.php 第 65 行.
SQL: SELECT `id`,cn_ftname as name,`xl_type` FROM `qw_felgproduct` UNION SELECT id,cn_rrname as name,xl_type FROM qw_rflinkerproduct  [ RunTime:0.0008s ]
SQL: SHOW COLUMNS FROM `qw_industry` [ RunTime:0.0116s ]
SQL: SELECT `id`,cn_nameiy as nameiy,cn_iycontent as iycontent,cn_iylogo as iylogo,cn_logoshow as logoshow,cn_anli1 as anli1,cn_anli2 as anli2,cn_anli3 as anli3,cn_anli1show as anli1show,cn_anli2show as anli2show,cn_anli3show as anli3show,cn_linksiy as linksiy,`cn_logoshow`,cn_anliname1 as anliname1,cn_anliname2 as anliname2,cn_anliname3 as anliname3 FROM `qw_industry` WHERE `id` = 12 LIMIT 1   [ RunTime:0.0031s ]
SQL: SELECT `id`,cn_nameiy as nameiy,cn_iycontent as iycontent FROM `qw_industry` WHERE ( id = 12 ) LIMIT 1   [ RunTime:0.0003s ]
SQL: SHOW COLUMNS FROM `qw_industryimgs` [ RunTime:0.0171s ]
SQL: SELECT `id`,cn_iyimgs as iyimgs FROM `qw_industryimgs` WHERE `iyid` = 12 ORDER BY iyimgssort  [ RunTime:0.0049s ]
INFO: [ view_parse ] --START--
INFO: [ template_filter ] --START--
INFO: Run Behavior\ContentReplaceBehavior [ RunTime:0.000178s ]
INFO: [ template_filter ] --END-- [ RunTime:0.000357s ]
NOTIC: [8] Use of undefined constant Index - assumed 'Index' D:\Program Files (x86)\wamp\www\rflinker\App\Runtime\Cache\Home\6caa58430904c3fc15e164a15e4ff995.php 第 109 行.
NOTIC: [8] Use of undefined constant Vocationlist - assumed 'Vocationlist' D:\Program Files (x86)\wamp\www\rflinker\App\Runtime\Cache\Home\6caa58430904c3fc15e164a15e4ff995.php 第 118 行.
NOTIC: [8] Use of undefined constant Codeinput - assumed 'Codeinput' D:\Program Files (x86)\wamp\www\rflinker\App\Runtime\Cache\Home\6caa58430904c3fc15e164a15e4ff995.php 第 119 行.
NOTIC: [8] Use of undefined constant Aboutus - assumed 'Aboutus' D:\Program Files (x86)\wamp\www\rflinker\App\Runtime\Cache\Home\6caa58430904c3fc15e164a15e4ff995.php 第 120 行.
INFO: Run Behavior\ParseTemplateBehavior [ RunTime:0.217101s ]
INFO: [ view_parse ] --END-- [ RunTime:0.217327s ]
INFO: [ view_filter ] --START--
INFO: Run Behavior\WriteHtmlCacheBehavior [ RunTime:0.001040s ]
INFO: [ view_filter ] --END-- [ RunTime:0.001318s ]
INFO: [ app_end ] --START--
INFO: Run Behavior\ShowPageTraceBehavior [ RunTime:0.002368s ]
INFO: [ app_end ] --END-- [ RunTime:0.003098s ]

[ 2018-06-14T10:37:44+08:00 ] ::1 /rflinker/index.php/Home/Index/Index.html
INFO: [ app_init ] --START--
INFO: Run Behavior\BuildLiteBehavior [ RunTime:0.000035s ]
INFO: [ app_init ] --END-- [ RunTime:0.000933s ]
INFO: [ app_begin ] --START--
INFO: Run Behavior\ReadHtmlCacheBehavior [ RunTime:0.000561s ]
INFO: Run Behavior\CheckLangBehavior [ RunTime:0.001061s ]
INFO: [ app_begin ] --END-- [ RunTime:0.001872s ]
SQL: SHOW COLUMNS FROM `qw_setting` [ RunTime:0.0230s ]
SQL: SELECT `k`,`v` FROM `qw_setting`  [ RunTime:0.0003s ]
SQL: SHOW COLUMNS FROM `qw_felgproduct` [ RunTime:0.0126s ]
SQL: SHOW COLUMNS FROM `qw_rflinkerproduct` [ RunTime:0.0102s ]
SQL: SELECT `id`,cn_ftname as name,`xl_type` FROM `qw_felgproduct` WHERE ( search = 1 ) UNION SELECT id,cn_rrname as name,xl_type FROM qw_rflinkerproduct where search=1 [ RunTime:0.0006s ]
NOTIC: [8] Undefined variable: new_live D:\Program Files (x86)\wamp\www\rflinker\App\Home\Controller\ComController.class.php 第 65 行.
SQL: SELECT `id`,cn_ftname as name,`xl_type` FROM `qw_felgproduct` UNION SELECT id,cn_rrname as name,xl_type FROM qw_rflinkerproduct  [ RunTime:0.0037s ]
SQL: SHOW COLUMNS FROM `qw_indexshow` [ RunTime:0.0110s ]
SQL: SELECT `id`,cn_fghzname as fghzname,cn_fghzshow as fghzshow,cn_rrhzname as rrhzname,cn_rrhzshow as rrhzshow,cn_tjhzname as tjhzname,cn_tjhzshow as tjhzshow FROM `qw_indexshow` LIMIT 1   [ RunTime:0.0004s ]
SQL: SHOW COLUMNS FROM `qw_flashview` [ RunTime:0.0110s ]
SQL: SELECT `id`,cn_flashviewpc as flashviewpc,cn_title as title,cn_fwshowpc as fwshowpc,cn_fwlink as fwlink,`fwsort`,cn_name as name FROM `qw_flashview` ORDER BY fwsort  [ RunTime:0.0004s ]
SQL: SHOW COLUMNS FROM `qw_felghz` [ RunTime:0.0102s ]
SQL: SELECT `id`,cn_fghz as fghz,cn_fghztitle as fghztitle,cn_fghzimg as fghzimg,`fghzsort` FROM `qw_felghz` ORDER BY fghzsort LIMIT 4   [ RunTime:0.0003s ]
SQL: SHOW COLUMNS FROM `qw_felgtype` [ RunTime:0.0101s ]
SQL: SELECT * FROM `qw_felgtype` WHERE ( cn_hzid = 3 ) ORDER BY fgtypesort LIMIT 1   [ RunTime:0.0003s ]
SQL: SELECT * FROM `qw_felgtype` WHERE ( cn_hzid = 4 ) ORDER BY fgtypesort LIMIT 1   [ RunTime:0.0003s ]
SQL: SELECT * FROM `qw_felgtype` WHERE ( cn_hzid = 5 ) ORDER BY fgtypesort LIMIT 1   [ RunTime:0.0003s ]
SQL: SHOW COLUMNS FROM `qw_rflinkerhz` [ RunTime:0.0106s ]
SQL: SELECT `id`,cn_rflinkerhz as rflinkerhz,cn_rrtitle as rrtitle,cn_rrimg as rrimg,`rrsort` FROM `qw_rflinkerhz` ORDER BY rrsort LIMIT 4   [ RunTime:0.0003s ]
SQL: SHOW COLUMNS FROM `qw_tuijian` [ RunTime:0.0119s ]
SQL: SELECT `id`,cn_felgname as felgname,cn_rrname as rrname,`type`,`tjsotr` FROM `qw_tuijian` ORDER BY tjsotr  [ RunTime:0.0003s ]
SQL: SHOW COLUMNS FROM `qw_industry` [ RunTime:0.0219s ]
SQL: SELECT `id`,cn_imgiy as imgiy,`iysort`,cn_nameiy as nameiy,cn_title as title FROM `qw_industry` ORDER BY iysort LIMIT 4   [ RunTime:0.0004s ]
INFO: [ view_parse ] --START--
INFO: [ template_filter ] --START--
INFO: Run Behavior\ContentReplaceBehavior [ RunTime:0.000162s ]
INFO: [ template_filter ] --END-- [ RunTime:0.000290s ]
NOTIC: [8] Undefined variable: commom_field D:\Program Files (x86)\wamp\www\rflinker\App\Runtime\Cache\Home\3da8682377a51f4116c98bfda6b18a92.php 第 56 行.
NOTIC: [8] Undefined variable: commom_field D:\Program Files (x86)\wamp\www\rflinker\App\Runtime\Cache\Home\3da8682377a51f4116c98bfda6b18a92.php 第 56 行.
NOTIC: [8] Use of undefined constant Index - assumed 'Index' D:\Program Files (x86)\wamp\www\rflinker\App\Runtime\Cache\Home\3da8682377a51f4116c98bfda6b18a92.php 第 57 行.
NOTIC: [8] Use of undefined constant Vocationlist - assumed 'Vocationlist' D:\Program Files (x86)\wamp\www\rflinker\App\Runtime\Cache\Home\3da8682377a51f4116c98bfda6b18a92.php 第 66 行.
NOTIC: [8] Use of undefined constant Codeinput - assumed 'Codeinput' D:\Program Files (x86)\wamp\www\rflinker\App\Runtime\Cache\Home\3da8682377a51f4116c98bfda6b18a92.php 第 67 行.
NOTIC: [8] Use of undefined constant Aboutus - assumed 'Aboutus' D:\Program Files (x86)\wamp\www\rflinker\App\Runtime\Cache\Home\3da8682377a51f4116c98bfda6b18a92.php 第 68 行.
NOTIC: [8] Undefined index: typeid D:\Program Files (x86)\wamp\www\rflinker\App\Runtime\Cache\Home\3da8682377a51f4116c98bfda6b18a92.php 第 108 行.
NOTIC: [8] Undefined index: typeid D:\Program Files (x86)\wamp\www\rflinker\App\Runtime\Cache\Home\3da8682377a51f4116c98bfda6b18a92.php 第 108 行.
INFO: Run Behavior\ParseTemplateBehavior [ RunTime:0.106541s ]
INFO: [ view_parse ] --END-- [ RunTime:0.106710s ]
INFO: [ view_filter ] --START--
INFO: Run Behavior\WriteHtmlCacheBehavior [ RunTime:0.000582s ]
INFO: [ view_filter ] --END-- [ RunTime:0.000706s ]
INFO: [ app_end ] --START--
INFO: Run Behavior\ShowPageTraceBehavior [ RunTime:0.001160s ]
INFO: [ app_end ] --END-- [ RunTime:0.001425s ]

[ 2018-06-14T10:38:20+08:00 ] ::1 /rflinker/index.php/Home/Vocationlist/Index.html
INFO: [ app_init ] --START--
INFO: Run Behavior\BuildLiteBehavior [ RunTime:0.000026s ]
INFO: [ app_init ] --END-- [ RunTime:0.000415s ]
INFO: [ app_begin ] --START--
INFO: Run Behavior\ReadHtmlCacheBehavior [ RunTime:0.000457s ]
INFO: Run Behavior\CheckLangBehavior [ RunTime:0.002467s ]
INFO: [ app_begin ] --END-- [ RunTime:0.003147s ]
SQL: SHOW COLUMNS FROM `qw_setting` [ RunTime:0.0157s ]
SQL: SELECT `k`,`v` FROM `qw_setting`  [ RunTime:0.0003s ]
SQL: SHOW COLUMNS FROM `qw_felgproduct` [ RunTime:0.0110s ]
SQL: SHOW COLUMNS FROM `qw_rflinkerproduct` [ RunTime:0.0117s ]
SQL: SELECT `id`,cn_ftname as name,`xl_type` FROM `qw_felgproduct` WHERE ( search = 1 ) UNION SELECT id,cn_rrname as name,xl_type FROM qw_rflinkerproduct where search=1 [ RunTime:0.0006s ]
NOTIC: [8] Undefined variable: new_live D:\Program Files (x86)\wamp\www\rflinker\App\Home\Controller\ComController.class.php 第 65 行.
SQL: SELECT `id`,cn_ftname as name,`xl_type` FROM `qw_felgproduct` UNION SELECT id,cn_rrname as name,xl_type FROM qw_rflinkerproduct  [ RunTime:0.0008s ]
SQL: SHOW COLUMNS FROM `qw_industry` [ RunTime:0.0098s ]
SQL: SELECT COUNT(*) AS tp_count FROM `qw_industry` LIMIT 1   [ RunTime:0.0003s ]
SQL: SELECT `id`,cn_imgiy as imgiy,`iysort`,cn_nameiy as nameiy,cn_title as title FROM `qw_industry` ORDER BY iysort LIMIT 4   [ RunTime:0.0004s ]
INFO: [ view_parse ] --START--
INFO: [ template_filter ] --START--
INFO: Run Behavior\ContentReplaceBehavior [ RunTime:0.000155s ]
INFO: [ template_filter ] --END-- [ RunTime:0.000282s ]
NOTIC: [8] Undefined variable: commom_field D:\Program Files (x86)\wamp\www\rflinker\App\Runtime\Cache\Home\17ab6b028a23c7b6c8e8ca42d3d570bd.php 第 76 行.
NOTIC: [8] Undefined variable: commom_field D:\Program Files (x86)\wamp\www\rflinker\App\Runtime\Cache\Home\17ab6b028a23c7b6c8e8ca42d3d570bd.php 第 76 行.
NOTIC: [8] Use of undefined constant Index - assumed 'Index' D:\Program Files (x86)\wamp\www\rflinker\App\Runtime\Cache\Home\17ab6b028a23c7b6c8e8ca42d3d570bd.php 第 77 行.
NOTIC: [8] Use of undefined constant Vocationlist - assumed 'Vocationlist' D:\Program Files (x86)\wamp\www\rflinker\App\Runtime\Cache\Home\17ab6b028a23c7b6c8e8ca42d3d570bd.php 第 86 行.
NOTIC: [8] Use of undefined constant Codeinput - assumed 'Codeinput' D:\Program Files (x86)\wamp\www\rflinker\App\Runtime\Cache\Home\17ab6b028a23c7b6c8e8ca42d3d570bd.php 第 87 行.
NOTIC: [8] Use of undefined constant Aboutus - assumed 'Aboutus' D:\Program Files (x86)\wamp\www\rflinker\App\Runtime\Cache\Home\17ab6b028a23c7b6c8e8ca42d3d570bd.php 第 88 行.
INFO: Run Behavior\ParseTemplateBehavior [ RunTime:0.068136s ]
INFO: [ view_parse ] --END-- [ RunTime:0.068335s ]
INFO: [ view_filter ] --START--
INFO: Run Behavior\WriteHtmlCacheBehavior [ RunTime:0.000950s ]
INFO: [ view_filter ] --END-- [ RunTime:0.001094s ]
INFO: [ app_end ] --START--
INFO: Run Behavior\ShowPageTraceBehavior [ RunTime:0.001191s ]
INFO: [ app_end ] --END-- [ RunTime:0.001453s ]

[ 2018-06-14T10:38:22+08:00 ] ::1 /rflinker/index.php/Home/Vocationlistmain/index.html?id=13
INFO: [ app_init ] --START--
INFO: Run Behavior\BuildLiteBehavior [ RunTime:0.000027s ]
INFO: [ app_init ] --END-- [ RunTime:0.000458s ]
INFO: [ app_begin ] --START--
INFO: Run Behavior\ReadHtmlCacheBehavior [ RunTime:0.000447s ]
INFO: Run Behavior\CheckLangBehavior [ RunTime:0.000994s ]
INFO: [ app_begin ] --END-- [ RunTime:0.001697s ]
SQL: SHOW COLUMNS FROM `qw_setting` [ RunTime:0.0133s ]
SQL: SELECT `k`,`v` FROM `qw_setting`  [ RunTime:0.0016s ]
SQL: SHOW COLUMNS FROM `qw_felgproduct` [ RunTime:0.0105s ]
SQL: SHOW COLUMNS FROM `qw_rflinkerproduct` [ RunTime:0.0117s ]
SQL: SELECT `id`,cn_ftname as name,`xl_type` FROM `qw_felgproduct` WHERE ( search = 1 ) UNION SELECT id,cn_rrname as name,xl_type FROM qw_rflinkerproduct where search=1 [ RunTime:0.0005s ]
NOTIC: [8] Undefined variable: new_live D:\Program Files (x86)\wamp\www\rflinker\App\Home\Controller\ComController.class.php 第 65 行.
SQL: SELECT `id`,cn_ftname as name,`xl_type` FROM `qw_felgproduct` UNION SELECT id,cn_rrname as name,xl_type FROM qw_rflinkerproduct  [ RunTime:0.0008s ]
SQL: SHOW COLUMNS FROM `qw_industry` [ RunTime:0.0121s ]
SQL: SELECT `id`,cn_nameiy as nameiy,cn_iycontent as iycontent,cn_iylogo as iylogo,cn_logoshow as logoshow,cn_anli1 as anli1,cn_anli2 as anli2,cn_anli3 as anli3,cn_anli1show as anli1show,cn_anli2show as anli2show,cn_anli3show as anli3show,cn_linksiy as linksiy,`cn_logoshow`,cn_anliname1 as anliname1,cn_anliname2 as anliname2,cn_anliname3 as anliname3 FROM `qw_industry` WHERE `id` = 13 LIMIT 1   [ RunTime:0.0004s ]
SQL: SELECT `id`,cn_nameiy as nameiy,cn_iycontent as iycontent FROM `qw_industry` WHERE ( id = 13 ) LIMIT 1   [ RunTime:0.0002s ]
SQL: SHOW COLUMNS FROM `qw_industryimgs` [ RunTime:0.0130s ]
SQL: SELECT `id`,cn_iyimgs as iyimgs FROM `qw_industryimgs` WHERE `iyid` = 13 ORDER BY iyimgssort  [ RunTime:0.0005s ]
INFO: [ view_parse ] --START--
INFO: [ template_filter ] --START--
INFO: Run Behavior\ContentReplaceBehavior [ RunTime:0.000194s ]
INFO: [ template_filter ] --END-- [ RunTime:0.000316s ]
NOTIC: [8] Use of undefined constant Index - assumed 'Index' D:\Program Files (x86)\wamp\www\rflinker\App\Runtime\Cache\Home\6caa58430904c3fc15e164a15e4ff995.php 第 109 行.
NOTIC: [8] Use of undefined constant Vocationlist - assumed 'Vocationlist' D:\Program Files (x86)\wamp\www\rflinker\App\Runtime\Cache\Home\6caa58430904c3fc15e164a15e4ff995.php 第 118 行.
NOTIC: [8] Use of undefined constant Codeinput - assumed 'Codeinput' D:\Program Files (x86)\wamp\www\rflinker\App\Runtime\Cache\Home\6caa58430904c3fc15e164a15e4ff995.php 第 119 行.
NOTIC: [8] Use of undefined constant Aboutus - assumed 'Aboutus' D:\Program Files (x86)\wamp\www\rflinker\App\Runtime\Cache\Home\6caa58430904c3fc15e164a15e4ff995.php 第 120 行.
INFO: Run Behavior\ParseTemplateBehavior [ RunTime:0.107441s ]
INFO: [ view_parse ] --END-- [ RunTime:0.107662s ]
INFO: [ view_filter ] --START--
INFO: Run Behavior\WriteHtmlCacheBehavior [ RunTime:0.000677s ]
INFO: [ view_filter ] --END-- [ RunTime:0.000860s ]
INFO: [ app_end ] --START--
INFO: Run Behavior\ShowPageTraceBehavior [ RunTime:0.002012s ]
INFO: [ app_end ] --END-- [ RunTime:0.002311s ]

[ 2018-06-14T10:38:25+08:00 ] ::1 /rflinker/index.php/Home/Index/Index.html
INFO: [ app_init ] --START--
INFO: Run Behavior\BuildLiteBehavior [ RunTime:0.000042s ]
INFO: [ app_init ] --END-- [ RunTime:0.000643s ]
INFO: [ app_begin ] --START--
INFO: Run Behavior\ReadHtmlCacheBehavior [ RunTime:0.000468s ]
INFO: Run Behavior\CheckLangBehavior [ RunTime:0.001093s ]
INFO: [ app_begin ] --END-- [ RunTime:0.001781s ]
SQL: SHOW COLUMNS FROM `qw_setting` [ RunTime:0.0197s ]
SQL: SELECT `k`,`v` FROM `qw_setting`  [ RunTime:0.0003s ]
SQL: SHOW COLUMNS FROM `qw_felgproduct` [ RunTime:0.0152s ]
SQL: SHOW COLUMNS FROM `qw_rflinkerproduct` [ RunTime:0.0111s ]
SQL: SELECT `id`,cn_ftname as name,`xl_type` FROM `qw_felgproduct` WHERE ( search = 1 ) UNION SELECT id,cn_rrname as name,xl_type FROM qw_rflinkerproduct where search=1 [ RunTime:0.0009s ]
NOTIC: [8] Undefined variable: new_live D:\Program Files (x86)\wamp\www\rflinker\App\Home\Controller\ComController.class.php 第 65 行.
SQL: SELECT `id`,cn_ftname as name,`xl_type` FROM `qw_felgproduct` UNION SELECT id,cn_rrname as name,xl_type FROM qw_rflinkerproduct  [ RunTime:0.0009s ]
SQL: SHOW COLUMNS FROM `qw_indexshow` [ RunTime:0.0117s ]
SQL: SELECT `id`,cn_fghzname as fghzname,cn_fghzshow as fghzshow,cn_rrhzname as rrhzname,cn_rrhzshow as rrhzshow,cn_tjhzname as tjhzname,cn_tjhzshow as tjhzshow FROM `qw_indexshow` LIMIT 1   [ RunTime:0.0003s ]
SQL: SHOW COLUMNS FROM `qw_flashview` [ RunTime:0.0152s ]
SQL: SELECT `id`,cn_flashviewpc as flashviewpc,cn_title as title,cn_fwshowpc as fwshowpc,cn_fwlink as fwlink,`fwsort`,cn_name as name FROM `qw_flashview` ORDER BY fwsort  [ RunTime:0.0004s ]
SQL: SHOW COLUMNS FROM `qw_felghz` [ RunTime:0.0163s ]
SQL: SELECT `id`,cn_fghz as fghz,cn_fghztitle as fghztitle,cn_fghzimg as fghzimg,`fghzsort` FROM `qw_felghz` ORDER BY fghzsort LIMIT 4   [ RunTime:0.0004s ]
SQL: SHOW COLUMNS FROM `qw_felgtype` [ RunTime:0.0100s ]
SQL: SELECT * FROM `qw_felgtype` WHERE ( cn_hzid = 3 ) ORDER BY fgtypesort LIMIT 1   [ RunTime:0.0004s ]
SQL: SELECT * FROM `qw_felgtype` WHERE ( cn_hzid = 4 ) ORDER BY fgtypesort LIMIT 1   [ RunTime:0.0003s ]
SQL: SELECT * FROM `qw_felgtype` WHERE ( cn_hzid = 5 ) ORDER BY fgtypesort LIMIT 1   [ RunTime:0.0003s ]
SQL: SHOW COLUMNS FROM `qw_rflinkerhz` [ RunTime:0.0156s ]
SQL: SELECT `id`,cn_rflinkerhz as rflinkerhz,cn_rrtitle as rrtitle,cn_rrimg as rrimg,`rrsort` FROM `qw_rflinkerhz` ORDER BY rrsort LIMIT 4   [ RunTime:0.0004s ]
SQL: SHOW COLUMNS FROM `qw_tuijian` [ RunTime:0.0120s ]
SQL: SELECT `id`,cn_felgname as felgname,cn_rrname as rrname,`type`,`tjsotr` FROM `qw_tuijian` ORDER BY tjsotr  [ RunTime:0.0004s ]
SQL: SHOW COLUMNS FROM `qw_industry` [ RunTime:0.0133s ]
SQL: SELECT `id`,cn_imgiy as imgiy,`iysort`,cn_nameiy as nameiy,cn_title as title FROM `qw_industry` ORDER BY iysort LIMIT 4   [ RunTime:0.0004s ]
INFO: [ view_parse ] --START--
INFO: [ template_filter ] --START--
INFO: Run Behavior\ContentReplaceBehavior [ RunTime:0.000183s ]
INFO: [ template_filter ] --END-- [ RunTime:0.000324s ]
NOTIC: [8] Undefined variable: commom_field D:\Program Files (x86)\wamp\www\rflinker\App\Runtime\Cache\Home\3da8682377a51f4116c98bfda6b18a92.php 第 56 行.
NOTIC: [8] Undefined variable: commom_field D:\Program Files (x86)\wamp\www\rflinker\App\Runtime\Cache\Home\3da8682377a51f4116c98bfda6b18a92.php 第 56 行.
NOTIC: [8] Use of undefined constant Index - assumed 'Index' D:\Program Files (x86)\wamp\www\rflinker\App\Runtime\Cache\Home\3da8682377a51f4116c98bfda6b18a92.php 第 57 行.
NOTIC: [8] Use of undefined constant Vocationlist - assumed 'Vocationlist' D:\Program Files (x86)\wamp\www\rflinker\App\Runtime\Cache\Home\3da8682377a51f4116c98bfda6b18a92.php 第 66 行.
NOTIC: [8] Use of undefined constant Codeinput - assumed 'Codeinput' D:\Program Files (x86)\wamp\www\rflinker\App\Runtime\Cache\Home\3da8682377a51f4116c98bfda6b18a92.php 第 67 行.
NOTIC: [8] Use of undefined constant Aboutus - assumed 'Aboutus' D:\Program Files (x86)\wamp\www\rflinker\App\Runtime\Cache\Home\3da8682377a51f4116c98bfda6b18a92.php 第 68 行.
NOTIC: [8] Undefined index: typeid D:\Program Files (x86)\wamp\www\rflinker\App\Runtime\Cache\Home\3da8682377a51f4116c98bfda6b18a92.php 第 108 行.
NOTIC: [8] Undefined index: typeid D:\Program Files (x86)\wamp\www\rflinker\App\Runtime\Cache\Home\3da8682377a51f4116c98bfda6b18a92.php 第 108 行.
INFO: Run Behavior\ParseTemplateBehavior [ RunTime:0.130396s ]
INFO: [ view_parse ] --END-- [ RunTime:0.130542s ]
INFO: [ view_filter ] --START--
INFO: Run Behavior\WriteHtmlCacheBehavior [ RunTime:0.000529s ]
INFO: [ view_filter ] --END-- [ RunTime:0.000650s ]
INFO: [ app_end ] --START--
INFO: Run Behavior\ShowPageTraceBehavior [ RunTime:0.000922s ]
INFO: [ app_end ] --END-- [ RunTime:0.001094s ]

[ 2018-06-14T10:38:27+08:00 ] ::1 /rflinker/index.php/Home/Feighztype/Index.html?typeid=&fid=4
INFO: [ app_init ] --START--
INFO: Run Behavior\BuildLiteBehavior [ RunTime:0.000028s ]
INFO: [ app_init ] --END-- [ RunTime:0.000454s ]
INFO: [ app_begin ] --START--
INFO: Run Behavior\ReadHtmlCacheBehavior [ RunTime:0.000468s ]
INFO: Run Behavior\CheckLangBehavior [ RunTime:0.001608s ]
INFO: [ app_begin ] --END-- [ RunTime:0.002340s ]
SQL: SHOW COLUMNS FROM `qw_setting` [ RunTime:0.0144s ]
SQL: SELECT `k`,`v` FROM `qw_setting`  [ RunTime:0.0003s ]
SQL: SHOW COLUMNS FROM `qw_felgproduct` [ RunTime:0.0107s ]
SQL: SHOW COLUMNS FROM `qw_rflinkerproduct` [ RunTime:0.0132s ]
SQL: SELECT `id`,cn_ftname as name,`xl_type` FROM `qw_felgproduct` WHERE ( search = 1 ) UNION SELECT id,cn_rrname as name,xl_type FROM qw_rflinkerproduct where search=1 [ RunTime:0.0006s ]
NOTIC: [8] Undefined variable: new_live D:\Program Files (x86)\wamp\www\rflinker\App\Home\Controller\ComController.class.php 第 65 行.
SQL: SELECT `id`,cn_ftname as name,`xl_type` FROM `qw_felgproduct` UNION SELECT id,cn_rrname as name,xl_type FROM qw_rflinkerproduct  [ RunTime:0.0009s ]
SQL: SHOW COLUMNS FROM `qw_felghz` [ RunTime:0.0111s ]
SQL: SELECT `id`,cn_fghz as hzname FROM `qw_felghz` ORDER BY fghzsort  [ RunTime:0.0011s ]
SQL: SHOW COLUMNS FROM `qw_felgtype` [ RunTime:0.0112s ]
SQL: SELECT `id`,cn_fgtypename as fgtypename,cn_hzid as hzid FROM `qw_felgtype` ORDER BY fgtypesort  [ RunTime:0.0008s ]
SQL: SELECT `id`,cn_fgtypename as fgtypename,cn_hzid as hzid FROM `qw_felgtype` WHERE ( cn_hzid = 4 ) ORDER BY fgtypesort  [ RunTime:0.0004s ]
SQL: SELECT `id`,cn_ftname as ftname,cn_ftimg as ftimg,cn_fttitle as ftitle,cn_tid as tid FROM `qw_felgproduct` ORDER BY ftsort asc  [ RunTime:0.0174s ]
INFO: [ view_parse ] --START--
INFO: [ template_filter ] --START--
INFO: Run Behavior\ContentReplaceBehavior [ RunTime:0.000154s ]
INFO: [ template_filter ] --END-- [ RunTime:0.000286s ]
NOTIC: [8] Use of undefined constant Index - assumed 'Index' D:\Program Files (x86)\wamp\www\rflinker\App\Runtime\Cache\Home\845a70765d00bfebd23f9861d8bbc09e.php 第 76 行.
NOTIC: [8] Use of undefined constant Vocationlist - assumed 'Vocationlist' D:\Program Files (x86)\wamp\www\rflinker\App\Runtime\Cache\Home\845a70765d00bfebd23f9861d8bbc09e.php 第 85 行.
NOTIC: [8] Use of undefined constant Codeinput - assumed 'Codeinput' D:\Program Files (x86)\wamp\www\rflinker\App\Runtime\Cache\Home\845a70765d00bfebd23f9861d8bbc09e.php 第 86 行.
NOTIC: [8] Use of undefined constant Aboutus - assumed 'Aboutus' D:\Program Files (x86)\wamp\www\rflinker\App\Runtime\Cache\Home\845a70765d00bfebd23f9861d8bbc09e.php 第 87 行.
INFO: Run Behavior\ParseTemplateBehavior [ RunTime:0.123350s ]
INFO: [ view_parse ] --END-- [ RunTime:0.123526s ]
INFO: [ view_filter ] --START--
INFO: Run Behavior\WriteHtmlCacheBehavior [ RunTime:0.000426s ]
INFO: [ view_filter ] --END-- [ RunTime:0.000537s ]
INFO: [ app_end ] --START--
INFO: Run Behavior\ShowPageTraceBehavior [ RunTime:0.002046s ]
INFO: [ app_end ] --END-- [ RunTime:0.002259s ]

[ 2018-06-14T10:38:42+08:00 ] ::1 /rflinker/index.php/Home/Feighztype/Index.html?typeid=&fid=3
INFO: [ app_init ] --START--
INFO: Run Behavior\BuildLiteBehavior [ RunTime:0.000026s ]
INFO: [ app_init ] --END-- [ RunTime:0.000378s ]
INFO: [ app_begin ] --START--
INFO: Run Behavior\ReadHtmlCacheBehavior [ RunTime:0.000409s ]
INFO: Run Behavior\CheckLangBehavior [ RunTime:0.001018s ]
INFO: [ app_begin ] --END-- [ RunTime:0.001618s ]
SQL: SHOW COLUMNS FROM `qw_setting` [ RunTime:0.0158s ]
SQL: SELECT `k`,`v` FROM `qw_setting`  [ RunTime:0.0003s ]
SQL: SHOW COLUMNS FROM `qw_felgproduct` [ RunTime:0.0101s ]
SQL: SHOW COLUMNS FROM `qw_rflinkerproduct` [ RunTime:0.0102s ]
SQL: SELECT `id`,cn_ftname as name,`xl_type` FROM `qw_felgproduct` WHERE ( search = 1 ) UNION SELECT id,cn_rrname as name,xl_type FROM qw_rflinkerproduct where search=1 [ RunTime:0.0007s ]
NOTIC: [8] Undefined variable: new_live D:\Program Files (x86)\wamp\www\rflinker\App\Home\Controller\ComController.class.php 第 65 行.
SQL: SELECT `id`,cn_ftname as name,`xl_type` FROM `qw_felgproduct` UNION SELECT id,cn_rrname as name,xl_type FROM qw_rflinkerproduct  [ RunTime:0.0007s ]
SQL: SHOW COLUMNS FROM `qw_felghz` [ RunTime:0.0103s ]
SQL: SELECT `id`,cn_fghz as hzname FROM `qw_felghz` ORDER BY fghzsort  [ RunTime:0.0006s ]
SQL: SHOW COLUMNS FROM `qw_felgtype` [ RunTime:0.0098s ]
SQL: SELECT `id`,cn_fgtypename as fgtypename,cn_hzid as hzid FROM `qw_felgtype` ORDER BY fgtypesort  [ RunTime:0.0004s ]
SQL: SELECT `id`,cn_fgtypename as fgtypename,cn_hzid as hzid FROM `qw_felgtype` WHERE ( cn_hzid = 3 ) ORDER BY fgtypesort  [ RunTime:0.0003s ]
SQL: SELECT `id`,cn_ftname as ftname,cn_ftimg as ftimg,cn_fttitle as ftitle,cn_tid as tid FROM `qw_felgproduct` ORDER BY ftsort asc  [ RunTime:0.0017s ]
INFO: [ view_parse ] --START--
INFO: [ template_filter ] --START--
INFO: Run Behavior\ContentReplaceBehavior [ RunTime:0.000150s ]
INFO: [ template_filter ] --END-- [ RunTime:0.000271s ]
NOTIC: [8] Use of undefined constant Index - assumed 'Index' D:\Program Files (x86)\wamp\www\rflinker\App\Runtime\Cache\Home\845a70765d00bfebd23f9861d8bbc09e.php 第 76 行.
NOTIC: [8] Use of undefined constant Vocationlist - assumed 'Vocationlist' D:\Program Files (x86)\wamp\www\rflinker\App\Runtime\Cache\Home\845a70765d00bfebd23f9861d8bbc09e.php 第 85 行.
NOTIC: [8] Use of undefined constant Codeinput - assumed 'Codeinput' D:\Program Files (x86)\wamp\www\rflinker\App\Runtime\Cache\Home\845a70765d00bfebd23f9861d8bbc09e.php 第 86 行.
NOTIC: [8] Use of undefined constant Aboutus - assumed 'Aboutus' D:\Program Files (x86)\wamp\www\rflinker\App\Runtime\Cache\Home\845a70765d00bfebd23f9861d8bbc09e.php 第 87 行.
INFO: Run Behavior\ParseTemplateBehavior [ RunTime:0.093758s ]
INFO: [ view_parse ] --END-- [ RunTime:0.093887s ]
INFO: [ view_filter ] --START--
INFO: Run Behavior\WriteHtmlCacheBehavior [ RunTime:0.000523s ]
INFO: [ view_filter ] --END-- [ RunTime:0.000640s ]
INFO: [ app_end ] --START--
INFO: Run Behavior\ShowPageTraceBehavior [ RunTime:0.001411s ]
INFO: [ app_end ] --END-- [ RunTime:0.001643s ]

[ 2018-06-14T10:39:01+08:00 ] ::1 /rflinker/index.php/Home/Vocationlistmain/index.html?id=12
INFO: [ app_init ] --START--
INFO: Run Behavior\BuildLiteBehavior [ RunTime:0.000029s ]
INFO: [ app_init ] --END-- [ RunTime:0.000490s ]
INFO: [ app_begin ] --START--
INFO: Run Behavior\ReadHtmlCacheBehavior [ RunTime:0.000578s ]
INFO: Run Behavior\CheckLangBehavior [ RunTime:0.001509s ]
INFO: [ app_begin ] --END-- [ RunTime:0.002393s ]
SQL: SHOW COLUMNS FROM `qw_setting` [ RunTime:0.0218s ]
SQL: SELECT `k`,`v` FROM `qw_setting`  [ RunTime:0.0003s ]
SQL: SHOW COLUMNS FROM `qw_felgproduct` [ RunTime:0.0176s ]
SQL: SHOW COLUMNS FROM `qw_rflinkerproduct` [ RunTime:0.0173s ]
SQL: SELECT `id`,cn_ftname as name,`xl_type` FROM `qw_felgproduct` WHERE ( search = 1 ) UNION SELECT id,cn_rrname as name,xl_type FROM qw_rflinkerproduct where search=1 [ RunTime:0.0009s ]
NOTIC: [8] Undefined variable: new_live D:\Program Files (x86)\wamp\www\rflinker\App\Home\Controller\ComController.class.php 第 65 行.
SQL: SELECT `id`,cn_ftname as name,`xl_type` FROM `qw_felgproduct` UNION SELECT id,cn_rrname as name,xl_type FROM qw_rflinkerproduct  [ RunTime:0.0011s ]
SQL: SHOW COLUMNS FROM `qw_industry` [ RunTime:0.0136s ]
SQL: SELECT `id`,cn_nameiy as nameiy,cn_iycontent as iycontent,cn_iylogo as iylogo,cn_logoshow as logoshow,cn_anli1 as anli1,cn_anli2 as anli2,cn_anli3 as anli3,cn_anli1show as anli1show,cn_anli2show as anli2show,cn_anli3show as anli3show,cn_linksiy as linksiy,`cn_logoshow`,cn_anliname1 as anliname1,cn_anliname2 as anliname2,cn_anliname3 as anliname3 FROM `qw_industry` WHERE `id` = 12 LIMIT 1   [ RunTime:0.0005s ]
SQL: SELECT `id`,cn_nameiy as nameiy,cn_iycontent as iycontent FROM `qw_industry` WHERE ( id = 12 ) LIMIT 1   [ RunTime:0.0003s ]
SQL: SHOW COLUMNS FROM `qw_industryimgs` [ RunTime:0.0155s ]
SQL: SELECT `id`,cn_iyimgs as iyimgs FROM `qw_industryimgs` WHERE `iyid` = 12 ORDER BY iyimgssort  [ RunTime:0.0004s ]
INFO: [ view_parse ] --START--
INFO: [ template_filter ] --START--
INFO: Run Behavior\ContentReplaceBehavior [ RunTime:0.000325s ]
INFO: [ template_filter ] --END-- [ RunTime:0.000555s ]
NOTIC: [8] Use of undefined constant Index - assumed 'Index' D:\Program Files (x86)\wamp\www\rflinker\App\Runtime\Cache\Home\6caa58430904c3fc15e164a15e4ff995.php 第 109 行.
NOTIC: [8] Use of undefined constant Vocationlist - assumed 'Vocationlist' D:\Program Files (x86)\wamp\www\rflinker\App\Runtime\Cache\Home\6caa58430904c3fc15e164a15e4ff995.php 第 118 行.
NOTIC: [8] Use of undefined constant Codeinput - assumed 'Codeinput' D:\Program Files (x86)\wamp\www\rflinker\App\Runtime\Cache\Home\6caa58430904c3fc15e164a15e4ff995.php 第 119 行.
NOTIC: [8] Use of undefined constant Aboutus - assumed 'Aboutus' D:\Program Files (x86)\wamp\www\rflinker\App\Runtime\Cache\Home\6caa58430904c3fc15e164a15e4ff995.php 第 120 行.
INFO: Run Behavior\ParseTemplateBehavior [ RunTime:0.133742s ]
INFO: [ view_parse ] --END-- [ RunTime:0.133951s ]
INFO: [ view_filter ] --START--
INFO: Run Behavior\WriteHtmlCacheBehavior [ RunTime:0.000592s ]
INFO: [ view_filter ] --END-- [ RunTime:0.000781s ]
INFO: [ app_end ] --START--
INFO: Run Behavior\ShowPageTraceBehavior [ RunTime:0.002613s ]
INFO: [ app_end ] --END-- [ RunTime:0.003174s ]

[ 2018-06-14T10:40:18+08:00 ] ::1 /rflinker/index.php/Home/Vocationlistmain/index.html?id=12
INFO: [ app_init ] --START--
INFO: Run Behavior\BuildLiteBehavior [ RunTime:0.000027s ]
INFO: [ app_init ] --END-- [ RunTime:0.000524s ]
INFO: [ app_begin ] --START--
INFO: Run Behavior\ReadHtmlCacheBehavior [ RunTime:0.002643s ]
INFO: Run Behavior\CheckLangBehavior [ RunTime:0.002173s ]
INFO: [ app_begin ] --END-- [ RunTime:0.005159s ]
SQL: SHOW COLUMNS FROM `qw_setting` [ RunTime:0.0140s ]
SQL: SELECT `k`,`v` FROM `qw_setting`  [ RunTime:0.0004s ]
SQL: SHOW COLUMNS FROM `qw_felgproduct` [ RunTime:0.0098s ]
SQL: SHOW COLUMNS FROM `qw_rflinkerproduct` [ RunTime:0.0120s ]
SQL: SELECT `id`,cn_ftname as name,`xl_type` FROM `qw_felgproduct` WHERE ( search = 1 ) UNION SELECT id,cn_rrname as name,xl_type FROM qw_rflinkerproduct where search=1 [ RunTime:0.0007s ]
NOTIC: [8] Undefined variable: new_live D:\Program Files (x86)\wamp\www\rflinker\App\Home\Controller\ComController.class.php 第 65 行.
SQL: SELECT `id`,cn_ftname as name,`xl_type` FROM `qw_felgproduct` UNION SELECT id,cn_rrname as name,xl_type FROM qw_rflinkerproduct  [ RunTime:0.0007s ]
SQL: SHOW COLUMNS FROM `qw_industry` [ RunTime:0.0117s ]
SQL: SELECT `id`,cn_nameiy as nameiy,cn_iycontent as iycontent,cn_iylogo as iylogo,cn_logoshow as logoshow,cn_anli1 as anli1,cn_anli2 as anli2,cn_anli3 as anli3,cn_anli1show as anli1show,cn_anli2show as anli2show,cn_anli3show as anli3show,cn_linksiy as linksiy,`cn_logoshow`,cn_anliname1 as anliname1,cn_anliname2 as anliname2,cn_anliname3 as anliname3 FROM `qw_industry` WHERE `id` = 12 LIMIT 1   [ RunTime:0.0004s ]
SQL: SELECT `id`,cn_nameiy as nameiy,cn_iycontent as iycontent FROM `qw_industry` WHERE ( id = 12 ) LIMIT 1   [ RunTime:0.0002s ]
SQL: SHOW COLUMNS FROM `qw_industryimgs` [ RunTime:0.0113s ]
SQL: SELECT `id`,cn_iyimgs as iyimgs FROM `qw_industryimgs` WHERE `iyid` = 12 ORDER BY iyimgssort  [ RunTime:0.0004s ]
INFO: [ view_parse ] --START--
INFO: [ template_filter ] --START--
INFO: Run Behavior\ContentReplaceBehavior [ RunTime:0.000157s ]
INFO: [ template_filter ] --END-- [ RunTime:0.000281s ]
NOTIC: [8] Use of undefined constant Index - assumed 'Index' D:\Program Files (x86)\wamp\www\rflinker\App\Runtime\Cache\Home\6caa58430904c3fc15e164a15e4ff995.php 第 109 行.
NOTIC: [8] Use of undefined constant Vocationlist - assumed 'Vocationlist' D:\Program Files (x86)\wamp\www\rflinker\App\Runtime\Cache\Home\6caa58430904c3fc15e164a15e4ff995.php 第 118 行.
NOTIC: [8] Use of undefined constant Codeinput - assumed 'Codeinput' D:\Program Files (x86)\wamp\www\rflinker\App\Runtime\Cache\Home\6caa58430904c3fc15e164a15e4ff995.php 第 119 行.
NOTIC: [8] Use of undefined constant Aboutus - assumed 'Aboutus' D:\Program Files (x86)\wamp\www\rflinker\App\Runtime\Cache\Home\6caa58430904c3fc15e164a15e4ff995.php 第 120 行.
INFO: Run Behavior\ParseTemplateBehavior [ RunTime:0.115561s ]
INFO: [ view_parse ] --END-- [ RunTime:0.115725s ]
INFO: [ view_filter ] --START--
INFO: Run Behavior\WriteHtmlCacheBehavior [ RunTime:0.000496s ]
INFO: [ view_filter ] --END-- [ RunTime:0.000607s ]
INFO: [ app_end ] --START--
INFO: Run Behavior\ShowPageTraceBehavior [ RunTime:0.001170s ]
INFO: [ app_end ] --END-- [ RunTime:0.001451s ]

[ 2018-06-14T14:02:09+08:00 ] ::1 /newrflinker/
INFO: [ app_init ] --START--
INFO: Run Behavior\BuildLiteBehavior [ RunTime:0.000038s ]
INFO: [ app_init ] --END-- [ RunTime:0.020206s ]
INFO: [ app_begin ] --START--
INFO: Run Behavior\ReadHtmlCacheBehavior [ RunTime:0.026333s ]
INFO: Run Behavior\CheckLangBehavior [ RunTime:0.023586s ]
INFO: [ app_begin ] --END-- [ RunTime:0.050199s ]
SQL: SHOW COLUMNS FROM `qw_setting` [ RunTime:0.0604s ]
SQL: SELECT `k`,`v` FROM `qw_setting`  [ RunTime:0.0016s ]
SQL: SHOW COLUMNS FROM `qw_felgproduct` [ RunTime:0.0282s ]
SQL: SHOW COLUMNS FROM `qw_rflinkerproduct` [ RunTime:0.0157s ]
SQL: SELECT `id`,cn_ftname as name,`xl_type` FROM `qw_felgproduct` WHERE ( search = 1 ) UNION SELECT id,cn_rrname as name,xl_type FROM qw_rflinkerproduct where search=1 [ RunTime:0.0195s ]
NOTIC: [8] Undefined variable: new_live D:\Program Files (x86)\wamp\www\newrflinker\App\Home\Controller\ComController.class.php 第 65 行.
SQL: SELECT `id`,cn_ftname as name,`xl_type` FROM `qw_felgproduct` UNION SELECT id,cn_rrname as name,xl_type FROM qw_rflinkerproduct  [ RunTime:0.0035s ]
SQL: SHOW COLUMNS FROM `qw_indexshow` [ RunTime:0.0187s ]
SQL: SELECT `id`,cn_fghzname as fghzname,cn_fghzshow as fghzshow,cn_rrhzname as rrhzname,cn_rrhzshow as rrhzshow,cn_tjhzname as tjhzname,cn_tjhzshow as tjhzshow FROM `qw_indexshow` LIMIT 1   [ RunTime:0.0023s ]
SQL: SHOW COLUMNS FROM `qw_flashview` [ RunTime:0.0306s ]
SQL: SELECT `id`,cn_flashviewpc as flashviewpc,cn_title as title,cn_fwshowpc as fwshowpc,cn_fwlink as fwlink,`fwsort`,cn_name as name FROM `qw_flashview` ORDER BY fwsort  [ RunTime:0.0042s ]
SQL: SHOW COLUMNS FROM `qw_felghz` [ RunTime:0.0202s ]
SQL: SELECT `id`,cn_fghz as fghz,cn_fghztitle as fghztitle,cn_fghzimg as fghzimg,`fghzsort` FROM `qw_felghz` ORDER BY fghzsort LIMIT 4   [ RunTime:0.0028s ]
SQL: SHOW COLUMNS FROM `qw_felgtype` [ RunTime:0.0159s ]
SQL: SELECT * FROM `qw_felgtype` WHERE ( cn_hzid = 3 ) ORDER BY fgtypesort LIMIT 1   [ RunTime:0.0024s ]
SQL: SELECT * FROM `qw_felgtype` WHERE ( cn_hzid = 4 ) ORDER BY fgtypesort LIMIT 1   [ RunTime:0.0003s ]
SQL: SELECT * FROM `qw_felgtype` WHERE ( cn_hzid = 5 ) ORDER BY fgtypesort LIMIT 1   [ RunTime:0.0007s ]
SQL: SHOW COLUMNS FROM `qw_rflinkerhz` [ RunTime:0.0141s ]
SQL: SELECT `id`,cn_rflinkerhz as rflinkerhz,cn_rrtitle as rrtitle,cn_rrimg as rrimg,`rrsort` FROM `qw_rflinkerhz` ORDER BY rrsort LIMIT 4   [ RunTime:0.0016s ]
SQL: SHOW COLUMNS FROM `qw_tuijian` [ RunTime:0.0171s ]
SQL: SELECT `id`,cn_felgname as felgname,cn_rrname as rrname,`type`,`tjsotr` FROM `qw_tuijian` ORDER BY tjsotr  [ RunTime:0.0033s ]
SQL: SHOW COLUMNS FROM `qw_industry` [ RunTime:0.0200s ]
SQL: SELECT `id`,cn_imgiy as imgiy,`iysort`,cn_nameiy as nameiy,cn_title as title FROM `qw_industry` ORDER BY iysort LIMIT 4   [ RunTime:0.0029s ]
INFO: [ view_parse ] --START--
INFO: [ template_filter ] --START--
INFO: Run Behavior\ContentReplaceBehavior [ RunTime:0.000279s ]
INFO: [ template_filter ] --END-- [ RunTime:0.000513s ]
NOTIC: [8] Undefined variable: commom_field D:\Program Files (x86)\wamp\www\newrflinker\App\Runtime\Cache\Home\3da8682377a51f4116c98bfda6b18a92.php 第 56 行.
NOTIC: [8] Undefined variable: commom_field D:\Program Files (x86)\wamp\www\newrflinker\App\Runtime\Cache\Home\3da8682377a51f4116c98bfda6b18a92.php 第 56 行.
NOTIC: [8] Use of undefined constant Index - assumed 'Index' D:\Program Files (x86)\wamp\www\newrflinker\App\Runtime\Cache\Home\3da8682377a51f4116c98bfda6b18a92.php 第 57 行.
NOTIC: [8] Use of undefined constant Vocationlist - assumed 'Vocationlist' D:\Program Files (x86)\wamp\www\newrflinker\App\Runtime\Cache\Home\3da8682377a51f4116c98bfda6b18a92.php 第 66 行.
NOTIC: [8] Use of undefined constant Codeinput - assumed 'Codeinput' D:\Program Files (x86)\wamp\www\newrflinker\App\Runtime\Cache\Home\3da8682377a51f4116c98bfda6b18a92.php 第 67 行.
NOTIC: [8] Use of undefined constant Aboutus - assumed 'Aboutus' D:\Program Files (x86)\wamp\www\newrflinker\App\Runtime\Cache\Home\3da8682377a51f4116c98bfda6b18a92.php 第 68 行.
NOTIC: [8] Undefined index: typeid D:\Program Files (x86)\wamp\www\newrflinker\App\Runtime\Cache\Home\3da8682377a51f4116c98bfda6b18a92.php 第 108 行.
NOTIC: [8] Undefined index: typeid D:\Program Files (x86)\wamp\www\newrflinker\App\Runtime\Cache\Home\3da8682377a51f4116c98bfda6b18a92.php 第 108 行.
INFO: Run Behavior\ParseTemplateBehavior [ RunTime:0.245704s ]
INFO: [ view_parse ] --END-- [ RunTime:0.245840s ]
INFO: [ view_filter ] --START--
INFO: Run Behavior\WriteHtmlCacheBehavior [ RunTime:0.002236s ]
INFO: [ view_filter ] --END-- [ RunTime:0.002382s ]
INFO: [ app_end ] --START--
INFO: Run Behavior\ShowPageTraceBehavior [ RunTime:0.020792s ]
INFO: [ app_end ] --END-- [ RunTime:0.021057s ]

