[ 2018-05-04T04:59:43+08:00 ] 54.36.148.144 /new/index.php/Home/Productdetails/index/lang/en-us.html
INFO: [ app_init ] --START--
INFO: Run Behavior\BuildLiteBehavior [ RunTime:0.000031s ]
INFO: [ app_init ] --END-- [ RunTime:0.000609s ]
INFO: [ app_begin ] --START--
INFO: Run Behavior\ReadHtmlCacheBehavior [ RunTime:0.000711s ]
INFO: Run Behavior\CheckLangBehavior [ RunTime:0.001951s ]
INFO: [ app_begin ] --END-- [ RunTime:0.002740s ]
SQL: SHOW COLUMNS FROM `qw_setting` [ RunTime:0.0112s ]
SQL: SELECT `k`,`v` FROM `qw_setting`  [ RunTime:0.0005s ]
SQL: SHOW COLUMNS FROM `qw_felgproduct` [ RunTime:0.0010s ]
SQL: SHOW COLUMNS FROM `qw_rflinkerproduct` [ RunTime:0.0009s ]
SQL: SELECT `id`,en_ftname as name,`xl_type` FROM `qw_felgproduct` WHERE ( search = 1 ) UNION SELECT id,en_rrname as name,xl_type FROM qw_rflinkerproduct where search=1 [ RunTime:0.0006s ]
NOTIC: [8] Undefined variable: new_live /www/web/rflinker_com/public_html/new/App/Home/Controller/ComController.class.php 第 65 行.
SQL: SELECT `id`,en_ftname as name,`xl_type` FROM `qw_felgproduct` UNION SELECT id,en_rrname as name,xl_type FROM qw_rflinkerproduct  [ RunTime:0.0005s ]
NOTIC: [8] Undefined index: id /www/web/rflinker_com/public_html/new/App/Home/Controller/ProductdetailsController.class.php 第 17 行.
INFO: [ view_parse ] --START--
INFO: [ template_filter ] --START--
INFO: Run Behavior\ContentReplaceBehavior [ RunTime:0.000077s ]
INFO: [ template_filter ] --END-- [ RunTime:0.000140s ]
NOTIC: [8] Use of undefined constant Index - assumed 'Index' /www/web/rflinker_com/public_html/new/App/Runtime/Cache/Home/4722ce9f6893de4df1acc80e009cbd5a.php 第 81 行.
NOTIC: [8] Use of undefined constant Vocationlist - assumed 'Vocationlist' /www/web/rflinker_com/public_html/new/App/Runtime/Cache/Home/4722ce9f6893de4df1acc80e009cbd5a.php 第 97 行.
NOTIC: [8] Use of undefined constant Codeinput - assumed 'Codeinput' /www/web/rflinker_com/public_html/new/App/Runtime/Cache/Home/4722ce9f6893de4df1acc80e009cbd5a.php 第 100 行.
NOTIC: [8] Use of undefined constant Aboutus - assumed 'Aboutus' /www/web/rflinker_com/public_html/new/App/Runtime/Cache/Home/4722ce9f6893de4df1acc80e009cbd5a.php 第 103 行.
NOTIC: [8] Undefined variable: hztype_arr /www/web/rflinker_com/public_html/new/App/Runtime/Cache/Home/4722ce9f6893de4df1acc80e009cbd5a.php 第 138 行.
NOTIC: [8] Undefined variable: felgxiangqing /www/web/rflinker_com/public_html/new/App/Runtime/Cache/Home/4722ce9f6893de4df1acc80e009cbd5a.php 第 160 行.
NOTIC: [8] Undefined variable: felgxiangqing /www/web/rflinker_com/public_html/new/App/Runtime/Cache/Home/4722ce9f6893de4df1acc80e009cbd5a.php 第 161 行.
NOTIC: [8] Undefined variable: felgxiangqing /www/web/rflinker_com/public_html/new/App/Runtime/Cache/Home/4722ce9f6893de4df1acc80e009cbd5a.php 第 164 行.
NOTIC: [8] Undefined variable: felgptdowns /www/web/rflinker_com/public_html/new/App/Runtime/Cache/Home/4722ce9f6893de4df1acc80e009cbd5a.php 第 166 行.
NOTIC: [8] Undefined variable: felgxiangqing /www/web/rflinker_com/public_html/new/App/Runtime/Cache/Home/4722ce9f6893de4df1acc80e009cbd5a.php 第 176 行.
INFO: Run Behavior\ParseTemplateBehavior [ RunTime:0.094931s ]
INFO: [ view_parse ] --END-- [ RunTime:0.094974s ]
INFO: [ view_filter ] --START--
INFO: Run Behavior\WriteHtmlCacheBehavior [ RunTime:0.000460s ]
INFO: [ view_filter ] --END-- [ RunTime:0.000499s ]
INFO: [ app_end ] --START--
INFO: Run Behavior\ShowPageTraceBehavior [ RunTime:0.000743s ]
INFO: [ app_end ] --END-- [ RunTime:0.000794s ]

[ 2018-05-04T10:39:32+08:00 ] 54.36.148.130 /new/index.php/Home/Productdetails/Case.html
INFO: [ app_init ] --START--
INFO: Run Behavior\BuildLiteBehavior [ RunTime:0.000016s ]
INFO: [ app_init ] --END-- [ RunTime:0.000547s ]
INFO: [ app_begin ] --START--
INFO: Run Behavior\ReadHtmlCacheBehavior [ RunTime:0.000720s ]
INFO: Run Behavior\CheckLangBehavior [ RunTime:0.001398s ]
INFO: [ app_begin ] --END-- [ RunTime:0.002195s ]
SQL: SHOW COLUMNS FROM `qw_setting` [ RunTime:0.0008s ]
SQL: SELECT `k`,`v` FROM `qw_setting`  [ RunTime:0.0002s ]
SQL: SHOW COLUMNS FROM `qw_felgproduct` [ RunTime:0.0007s ]
SQL: SHOW COLUMNS FROM `qw_rflinkerproduct` [ RunTime:0.0006s ]
SQL: SELECT `id`,cn_ftname as name,`xl_type` FROM `qw_felgproduct` WHERE ( search = 1 ) UNION SELECT id,cn_rrname as name,xl_type FROM qw_rflinkerproduct where search=1 [ RunTime:0.0004s ]
NOTIC: [8] Undefined variable: new_live /www/web/rflinker_com/public_html/new/App/Home/Controller/ComController.class.php 第 65 行.
SQL: SELECT `id`,cn_ftname as name,`xl_type` FROM `qw_felgproduct` UNION SELECT id,cn_rrname as name,xl_type FROM qw_rflinkerproduct  [ RunTime:0.0004s ]
ERR: 非法操作:Case

[ 2018-05-04T11:03:42+08:00 ] 54.36.149.75 /new/index.php/Home/Productdetails/index/lang/ch-cn.html
INFO: [ app_init ] --START--
INFO: Run Behavior\BuildLiteBehavior [ RunTime:0.000017s ]
INFO: [ app_init ] --END-- [ RunTime:0.000624s ]
INFO: [ app_begin ] --START--
INFO: Run Behavior\ReadHtmlCacheBehavior [ RunTime:0.000685s ]
INFO: Run Behavior\CheckLangBehavior [ RunTime:0.001547s ]
INFO: [ app_begin ] --END-- [ RunTime:0.002310s ]
SQL: SHOW COLUMNS FROM `qw_setting` [ RunTime:0.0876s ]
SQL: SELECT `k`,`v` FROM `qw_setting`  [ RunTime:0.0005s ]
SQL: SHOW COLUMNS FROM `qw_felgproduct` [ RunTime:0.0007s ]
SQL: SHOW COLUMNS FROM `qw_rflinkerproduct` [ RunTime:0.0006s ]
SQL: SELECT `id`,cn_ftname as name,`xl_type` FROM `qw_felgproduct` WHERE ( search = 1 ) UNION SELECT id,cn_rrname as name,xl_type FROM qw_rflinkerproduct where search=1 [ RunTime:0.0006s ]
NOTIC: [8] Undefined variable: new_live /www/web/rflinker_com/public_html/new/App/Home/Controller/ComController.class.php 第 65 行.
SQL: SELECT `id`,cn_ftname as name,`xl_type` FROM `qw_felgproduct` UNION SELECT id,cn_rrname as name,xl_type FROM qw_rflinkerproduct  [ RunTime:0.0006s ]
NOTIC: [8] Undefined index: id /www/web/rflinker_com/public_html/new/App/Home/Controller/ProductdetailsController.class.php 第 17 行.
INFO: [ view_parse ] --START--
INFO: [ template_filter ] --START--
INFO: Run Behavior\ContentReplaceBehavior [ RunTime:0.000102s ]
INFO: [ template_filter ] --END-- [ RunTime:0.000165s ]
NOTIC: [8] Use of undefined constant Index - assumed 'Index' /www/web/rflinker_com/public_html/new/App/Runtime/Cache/Home/4722ce9f6893de4df1acc80e009cbd5a.php 第 81 行.
NOTIC: [8] Use of undefined constant Vocationlist - assumed 'Vocationlist' /www/web/rflinker_com/public_html/new/App/Runtime/Cache/Home/4722ce9f6893de4df1acc80e009cbd5a.php 第 97 行.
NOTIC: [8] Use of undefined constant Codeinput - assumed 'Codeinput' /www/web/rflinker_com/public_html/new/App/Runtime/Cache/Home/4722ce9f6893de4df1acc80e009cbd5a.php 第 100 行.
NOTIC: [8] Use of undefined constant Aboutus - assumed 'Aboutus' /www/web/rflinker_com/public_html/new/App/Runtime/Cache/Home/4722ce9f6893de4df1acc80e009cbd5a.php 第 103 行.
NOTIC: [8] Undefined variable: hztype_arr /www/web/rflinker_com/public_html/new/App/Runtime/Cache/Home/4722ce9f6893de4df1acc80e009cbd5a.php 第 138 行.
NOTIC: [8] Undefined variable: felgxiangqing /www/web/rflinker_com/public_html/new/App/Runtime/Cache/Home/4722ce9f6893de4df1acc80e009cbd5a.php 第 160 行.
NOTIC: [8] Undefined variable: felgxiangqing /www/web/rflinker_com/public_html/new/App/Runtime/Cache/Home/4722ce9f6893de4df1acc80e009cbd5a.php 第 161 行.
NOTIC: [8] Undefined variable: felgxiangqing /www/web/rflinker_com/public_html/new/App/Runtime/Cache/Home/4722ce9f6893de4df1acc80e009cbd5a.php 第 164 行.
NOTIC: [8] Undefined variable: felgptdowns /www/web/rflinker_com/public_html/new/App/Runtime/Cache/Home/4722ce9f6893de4df1acc80e009cbd5a.php 第 166 行.
NOTIC: [8] Undefined variable: felgxiangqing /www/web/rflinker_com/public_html/new/App/Runtime/Cache/Home/4722ce9f6893de4df1acc80e009cbd5a.php 第 176 行.
INFO: Run Behavior\ParseTemplateBehavior [ RunTime:0.016476s ]
INFO: [ view_parse ] --END-- [ RunTime:0.016534s ]
INFO: [ view_filter ] --START--
INFO: Run Behavior\WriteHtmlCacheBehavior [ RunTime:0.000463s ]
INFO: [ view_filter ] --END-- [ RunTime:0.000502s ]
INFO: [ app_end ] --START--
INFO: Run Behavior\ShowPageTraceBehavior [ RunTime:0.000690s ]
INFO: [ app_end ] --END-- [ RunTime:0.000744s ]

[ 2018-05-04T15:41:21+08:00 ] 54.36.148.48 /new/index.php/Home/Feig/index/lang/index.html
INFO: [ app_init ] --START--
INFO: Run Behavior\BuildLiteBehavior [ RunTime:0.000022s ]
INFO: [ app_init ] --END-- [ RunTime:0.000657s ]
INFO: [ app_begin ] --START--
INFO: Run Behavior\ReadHtmlCacheBehavior [ RunTime:0.000721s ]
INFO: Run Behavior\CheckLangBehavior [ RunTime:0.001609s ]
INFO: [ app_begin ] --END-- [ RunTime:0.002434s ]
SQL: SHOW COLUMNS FROM `qw_setting` [ RunTime:0.0009s ]
SQL: SELECT `k`,`v` FROM `qw_setting`  [ RunTime:0.0002s ]
SQL: SHOW COLUMNS FROM `qw_felgproduct` [ RunTime:0.0008s ]
SQL: SHOW COLUMNS FROM `qw_rflinkerproduct` [ RunTime:0.0007s ]
SQL: SELECT `id`,cn_ftname as name,`xl_type` FROM `qw_felgproduct` WHERE ( search = 1 ) UNION SELECT id,cn_rrname as name,xl_type FROM qw_rflinkerproduct where search=1 [ RunTime:0.0004s ]
NOTIC: [8] Undefined variable: new_live /www/web/rflinker_com/public_html/new/App/Home/Controller/ComController.class.php 第 65 行.
SQL: SELECT `id`,cn_ftname as name,`xl_type` FROM `qw_felgproduct` UNION SELECT id,cn_rrname as name,xl_type FROM qw_rflinkerproduct  [ RunTime:0.0004s ]
SQL: SHOW COLUMNS FROM `qw_felghz` [ RunTime:0.0006s ]
SQL: SELECT `id`,cn_fghz as hzname FROM `qw_felghz` ORDER BY fghzsort  [ RunTime:0.0002s ]
SQL: SHOW COLUMNS FROM `qw_felgtype` [ RunTime:0.0006s ]
SQL: SELECT `id`,cn_fgtypename as fgtypename,cn_hzid as hzid FROM `qw_felgtype` ORDER BY fgtypesort  [ RunTime:0.0002s ]
NOTIC: [8] Undefined variable: languagefghz /www/web/rflinker_com/public_html/new/App/Home/Controller/FeigController.class.php 第 45 行.
SQL: SELECT `id`,cn_fghz as fghz FROM `qw_felghz` ORDER BY fghzsort LIMIT 1   [ RunTime:0.0002s ]
SQL: SELECT `id`,cn_fgtypename as fgtypename,cn_hzid as hzid FROM `qw_felgtype` WHERE ( cn_hzid = 3 ) ORDER BY fgtypesort  [ RunTime:0.0002s ]
SQL: SELECT `id`,cn_ftname as ftname,cn_ftimg as ftimg,cn_fttitle as ftitle,cn_tid as tid FROM `qw_felgproduct` ORDER BY ftsort  [ RunTime:0.0003s ]
INFO: [ view_parse ] --START--
INFO: [ template_filter ] --START--
INFO: Run Behavior\ContentReplaceBehavior [ RunTime:0.000084s ]
INFO: [ template_filter ] --END-- [ RunTime:0.000131s ]
NOTIC: [8] Use of undefined constant Index - assumed 'Index' /www/web/rflinker_com/public_html/new/App/Runtime/Cache/Home/9b1a18e532a17a7b84458e7deea18e89.php 第 86 行.
NOTIC: [8] Use of undefined constant Vocationlist - assumed 'Vocationlist' /www/web/rflinker_com/public_html/new/App/Runtime/Cache/Home/9b1a18e532a17a7b84458e7deea18e89.php 第 102 行.
NOTIC: [8] Use of undefined constant Codeinput - assumed 'Codeinput' /www/web/rflinker_com/public_html/new/App/Runtime/Cache/Home/9b1a18e532a17a7b84458e7deea18e89.php 第 105 行.
NOTIC: [8] Use of undefined constant Aboutus - assumed 'Aboutus' /www/web/rflinker_com/public_html/new/App/Runtime/Cache/Home/9b1a18e532a17a7b84458e7deea18e89.php 第 108 行.
INFO: Run Behavior\ParseTemplateBehavior [ RunTime:0.026751s ]
INFO: [ view_parse ] --END-- [ RunTime:0.026800s ]
INFO: [ view_filter ] --START--
INFO: Run Behavior\WriteHtmlCacheBehavior [ RunTime:0.000496s ]
INFO: [ view_filter ] --END-- [ RunTime:0.000538s ]
INFO: [ app_end ] --START--
INFO: Run Behavior\ShowPageTraceBehavior [ RunTime:0.000707s ]
INFO: [ app_end ] --END-- [ RunTime:0.000757s ]

[ 2018-05-04T16:48:46+08:00 ] 54.36.148.152 /new/index.php/Home/Vocationlist/Index/lang/index.html
INFO: [ app_init ] --START--
INFO: Run Behavior\BuildLiteBehavior [ RunTime:0.000033s ]
INFO: [ app_init ] --END-- [ RunTime:0.000544s ]
INFO: [ app_begin ] --START--
INFO: Run Behavior\ReadHtmlCacheBehavior [ RunTime:0.000645s ]
INFO: Run Behavior\CheckLangBehavior [ RunTime:0.001397s ]
INFO: [ app_begin ] --END-- [ RunTime:0.002122s ]
SQL: SHOW COLUMNS FROM `qw_setting` [ RunTime:0.0010s ]
SQL: SELECT `k`,`v` FROM `qw_setting`  [ RunTime:0.0002s ]
SQL: SHOW COLUMNS FROM `qw_felgproduct` [ RunTime:0.0008s ]
SQL: SHOW COLUMNS FROM `qw_rflinkerproduct` [ RunTime:0.0007s ]
SQL: SELECT `id`,cn_ftname as name,`xl_type` FROM `qw_felgproduct` WHERE ( search = 1 ) UNION SELECT id,cn_rrname as name,xl_type FROM qw_rflinkerproduct where search=1 [ RunTime:0.0003s ]
NOTIC: [8] Undefined variable: new_live /www/web/rflinker_com/public_html/new/App/Home/Controller/ComController.class.php 第 65 行.
SQL: SELECT `id`,cn_ftname as name,`xl_type` FROM `qw_felgproduct` UNION SELECT id,cn_rrname as name,xl_type FROM qw_rflinkerproduct  [ RunTime:0.0003s ]
SQL: SHOW COLUMNS FROM `qw_industry` [ RunTime:0.0008s ]
SQL: SELECT COUNT(*) AS tp_count FROM `qw_industry` LIMIT 1   [ RunTime:0.1387s ]
SQL: SELECT `id`,cn_imgiy as imgiy,`iysort`,cn_nameiy as nameiy,cn_title as title FROM `qw_industry` ORDER BY iysort LIMIT 4   [ RunTime:0.0003s ]
INFO: [ view_parse ] --START--
INFO: [ template_filter ] --START--
INFO: Run Behavior\ContentReplaceBehavior [ RunTime:0.000072s ]
INFO: [ template_filter ] --END-- [ RunTime:0.000119s ]
NOTIC: [8] Use of undefined constant Index - assumed 'Index' /www/web/rflinker_com/public_html/new/App/Runtime/Cache/Home/17ab6b028a23c7b6c8e8ca42d3d570bd.php 第 90 行.
NOTIC: [8] Use of undefined constant Vocationlist - assumed 'Vocationlist' /www/web/rflinker_com/public_html/new/App/Runtime/Cache/Home/17ab6b028a23c7b6c8e8ca42d3d570bd.php 第 106 行.
NOTIC: [8] Use of undefined constant Codeinput - assumed 'Codeinput' /www/web/rflinker_com/public_html/new/App/Runtime/Cache/Home/17ab6b028a23c7b6c8e8ca42d3d570bd.php 第 109 行.
NOTIC: [8] Use of undefined constant Aboutus - assumed 'Aboutus' /www/web/rflinker_com/public_html/new/App/Runtime/Cache/Home/17ab6b028a23c7b6c8e8ca42d3d570bd.php 第 112 行.
INFO: Run Behavior\ParseTemplateBehavior [ RunTime:0.091708s ]
INFO: [ view_parse ] --END-- [ RunTime:0.091791s ]
INFO: [ view_filter ] --START--
INFO: Run Behavior\WriteHtmlCacheBehavior [ RunTime:0.000501s ]
INFO: [ view_filter ] --END-- [ RunTime:0.000555s ]
INFO: [ app_end ] --START--
INFO: Run Behavior\ShowPageTraceBehavior [ RunTime:0.001065s ]
INFO: [ app_end ] --END-- [ RunTime:0.001177s ]

[ 2018-05-04T18:36:03+08:00 ] 54.36.148.185 /new/index.php/Home/Feighztype/index.html?typeid=13&fid=4
INFO: [ app_init ] --START--
INFO: Run Behavior\BuildLiteBehavior [ RunTime:0.000017s ]
INFO: [ app_init ] --END-- [ RunTime:0.002346s ]
INFO: [ app_begin ] --START--
INFO: Run Behavior\ReadHtmlCacheBehavior [ RunTime:0.000690s ]
INFO: Run Behavior\CheckLangBehavior [ RunTime:0.001531s ]
INFO: [ app_begin ] --END-- [ RunTime:0.002304s ]
SQL: SHOW COLUMNS FROM `qw_setting` [ RunTime:0.0855s ]
SQL: SELECT `k`,`v` FROM `qw_setting`  [ RunTime:0.0028s ]
SQL: SHOW COLUMNS FROM `qw_felgproduct` [ RunTime:0.0008s ]
SQL: SHOW COLUMNS FROM `qw_rflinkerproduct` [ RunTime:0.0007s ]
SQL: SELECT `id`,cn_ftname as name,`xl_type` FROM `qw_felgproduct` WHERE ( search = 1 ) UNION SELECT id,cn_rrname as name,xl_type FROM qw_rflinkerproduct where search=1 [ RunTime:0.0005s ]
NOTIC: [8] Undefined variable: new_live /www/web/rflinker_com/public_html/new/App/Home/Controller/ComController.class.php 第 65 行.
SQL: SELECT `id`,cn_ftname as name,`xl_type` FROM `qw_felgproduct` UNION SELECT id,cn_rrname as name,xl_type FROM qw_rflinkerproduct  [ RunTime:0.0003s ]
SQL: SHOW COLUMNS FROM `qw_felghz` [ RunTime:0.0006s ]
SQL: SELECT `id`,cn_fghz as hzname FROM `qw_felghz` ORDER BY fghzsort  [ RunTime:0.0002s ]
SQL: SHOW COLUMNS FROM `qw_felgtype` [ RunTime:0.0005s ]
SQL: SELECT `id`,cn_fgtypename as fgtypename,cn_hzid as hzid FROM `qw_felgtype` ORDER BY fgtypesort  [ RunTime:0.0002s ]
SQL: SELECT `id`,cn_fgtypename as fgtypename,cn_hzid as hzid FROM `qw_felgtype` WHERE ( cn_hzid = 4 ) ORDER BY fgtypesort  [ RunTime:0.0002s ]
SQL: SELECT `id`,cn_ftname as ftname,cn_ftimg as ftimg,cn_fttitle as ftitle,cn_tid as tid FROM `qw_felgproduct` ORDER BY ftsort asc  [ RunTime:0.0003s ]
INFO: [ view_parse ] --START--
INFO: [ template_filter ] --START--
INFO: Run Behavior\ContentReplaceBehavior [ RunTime:0.000078s ]
INFO: [ template_filter ] --END-- [ RunTime:0.000121s ]
NOTIC: [8] Use of undefined constant Index - assumed 'Index' /www/web/rflinker_com/public_html/new/App/Runtime/Cache/Home/bcc0772c476943b2e4444c6b1be8346a.php 第 92 行.
NOTIC: [8] Use of undefined constant Vocationlist - assumed 'Vocationlist' /www/web/rflinker_com/public_html/new/App/Runtime/Cache/Home/bcc0772c476943b2e4444c6b1be8346a.php 第 108 行.
NOTIC: [8] Use of undefined constant Codeinput - assumed 'Codeinput' /www/web/rflinker_com/public_html/new/App/Runtime/Cache/Home/bcc0772c476943b2e4444c6b1be8346a.php 第 111 行.
NOTIC: [8] Use of undefined constant Aboutus - assumed 'Aboutus' /www/web/rflinker_com/public_html/new/App/Runtime/Cache/Home/bcc0772c476943b2e4444c6b1be8346a.php 第 114 行.
INFO: Run Behavior\ParseTemplateBehavior [ RunTime:0.021917s ]
INFO: [ view_parse ] --END-- [ RunTime:0.021972s ]
INFO: [ view_filter ] --START--
INFO: Run Behavior\WriteHtmlCacheBehavior [ RunTime:0.000411s ]
INFO: [ view_filter ] --END-- [ RunTime:0.000449s ]
INFO: [ app_end ] --START--
INFO: Run Behavior\ShowPageTraceBehavior [ RunTime:0.000690s ]
INFO: [ app_end ] --END-- [ RunTime:0.000746s ]

[ 2018-05-04T20:12:04+08:00 ] 54.36.148.237 /new/index.php/Home/Feig/index/lang/Case.html
INFO: [ app_init ] --START--
INFO: Run Behavior\BuildLiteBehavior [ RunTime:0.000030s ]
INFO: [ app_init ] --END-- [ RunTime:0.000554s ]
INFO: [ app_begin ] --START--
INFO: Run Behavior\ReadHtmlCacheBehavior [ RunTime:0.000644s ]
INFO: Run Behavior\CheckLangBehavior [ RunTime:0.001405s ]
INFO: [ app_begin ] --END-- [ RunTime:0.002128s ]
SQL: SHOW COLUMNS FROM `qw_setting` [ RunTime:0.0027s ]
SQL: SELECT `k`,`v` FROM `qw_setting`  [ RunTime:0.0004s ]
SQL: SHOW COLUMNS FROM `qw_felgproduct` [ RunTime:0.0008s ]
SQL: SHOW COLUMNS FROM `qw_rflinkerproduct` [ RunTime:0.0008s ]
SQL: SELECT `id`,cn_ftname as name,`xl_type` FROM `qw_felgproduct` WHERE ( search = 1 ) UNION SELECT id,cn_rrname as name,xl_type FROM qw_rflinkerproduct where search=1 [ RunTime:0.0005s ]
NOTIC: [8] Undefined variable: new_live /www/web/rflinker_com/public_html/new/App/Home/Controller/ComController.class.php 第 65 行.
SQL: SELECT `id`,cn_ftname as name,`xl_type` FROM `qw_felgproduct` UNION SELECT id,cn_rrname as name,xl_type FROM qw_rflinkerproduct  [ RunTime:0.0003s ]
SQL: SHOW COLUMNS FROM `qw_felghz` [ RunTime:0.0007s ]
SQL: SELECT `id`,cn_fghz as hzname FROM `qw_felghz` ORDER BY fghzsort  [ RunTime:0.0002s ]
SQL: SHOW COLUMNS FROM `qw_felgtype` [ RunTime:0.0007s ]
SQL: SELECT `id`,cn_fgtypename as fgtypename,cn_hzid as hzid FROM `qw_felgtype` ORDER BY fgtypesort  [ RunTime:0.0560s ]
NOTIC: [8] Undefined variable: languagefghz /www/web/rflinker_com/public_html/new/App/Home/Controller/FeigController.class.php 第 45 行.
SQL: SELECT `id`,cn_fghz as fghz FROM `qw_felghz` ORDER BY fghzsort LIMIT 1   [ RunTime:0.0002s ]
SQL: SELECT `id`,cn_fgtypename as fgtypename,cn_hzid as hzid FROM `qw_felgtype` WHERE ( cn_hzid = 3 ) ORDER BY fgtypesort  [ RunTime:0.0002s ]
SQL: SELECT `id`,cn_ftname as ftname,cn_ftimg as ftimg,cn_fttitle as ftitle,cn_tid as tid FROM `qw_felgproduct` ORDER BY ftsort  [ RunTime:0.0003s ]
INFO: [ view_parse ] --START--
INFO: [ template_filter ] --START--
INFO: Run Behavior\ContentReplaceBehavior [ RunTime:0.000076s ]
INFO: [ template_filter ] --END-- [ RunTime:0.000120s ]
NOTIC: [8] Use of undefined constant Index - assumed 'Index' /www/web/rflinker_com/public_html/new/App/Runtime/Cache/Home/9b1a18e532a17a7b84458e7deea18e89.php 第 86 行.
NOTIC: [8] Use of undefined constant Vocationlist - assumed 'Vocationlist' /www/web/rflinker_com/public_html/new/App/Runtime/Cache/Home/9b1a18e532a17a7b84458e7deea18e89.php 第 102 行.
NOTIC: [8] Use of undefined constant Codeinput - assumed 'Codeinput' /www/web/rflinker_com/public_html/new/App/Runtime/Cache/Home/9b1a18e532a17a7b84458e7deea18e89.php 第 105 行.
NOTIC: [8] Use of undefined constant Aboutus - assumed 'Aboutus' /www/web/rflinker_com/public_html/new/App/Runtime/Cache/Home/9b1a18e532a17a7b84458e7deea18e89.php 第 108 行.
INFO: Run Behavior\ParseTemplateBehavior [ RunTime:0.017300s ]
INFO: [ view_parse ] --END-- [ RunTime:0.017342s ]
INFO: [ view_filter ] --START--
INFO: Run Behavior\WriteHtmlCacheBehavior [ RunTime:0.000427s ]
INFO: [ view_filter ] --END-- [ RunTime:0.000467s ]
INFO: [ app_end ] --START--
INFO: Run Behavior\ShowPageTraceBehavior [ RunTime:0.000692s ]
INFO: [ app_end ] --END-- [ RunTime:0.000741s ]

[ 2018-05-04T20:37:05+08:00 ] 54.36.148.114 /new/index.php/Home/Feighztype/Index/lang/en-us.html
INFO: [ app_init ] --START--
INFO: Run Behavior\BuildLiteBehavior [ RunTime:0.000016s ]
INFO: [ app_init ] --END-- [ RunTime:0.000370s ]
INFO: [ app_begin ] --START--
INFO: Run Behavior\ReadHtmlCacheBehavior [ RunTime:0.000695s ]
INFO: Run Behavior\CheckLangBehavior [ RunTime:0.001798s ]
INFO: [ app_begin ] --END-- [ RunTime:0.002578s ]
SQL: SHOW COLUMNS FROM `qw_setting` [ RunTime:0.0009s ]
SQL: SELECT `k`,`v` FROM `qw_setting`  [ RunTime:0.0002s ]
SQL: SHOW COLUMNS FROM `qw_felgproduct` [ RunTime:0.0007s ]
SQL: SHOW COLUMNS FROM `qw_rflinkerproduct` [ RunTime:0.0008s ]
SQL: SELECT `id`,en_ftname as name,`xl_type` FROM `qw_felgproduct` WHERE ( search = 1 ) UNION SELECT id,en_rrname as name,xl_type FROM qw_rflinkerproduct where search=1 [ RunTime:0.0004s ]
NOTIC: [8] Undefined variable: new_live /www/web/rflinker_com/public_html/new/App/Home/Controller/ComController.class.php 第 65 行.
SQL: SELECT `id`,en_ftname as name,`xl_type` FROM `qw_felgproduct` UNION SELECT id,en_rrname as name,xl_type FROM qw_rflinkerproduct  [ RunTime:0.0004s ]
SQL: SHOW COLUMNS FROM `qw_felghz` [ RunTime:0.0006s ]
SQL: SELECT `id`,en_fghz as hzname FROM `qw_felghz` ORDER BY fghzsort  [ RunTime:0.0002s ]
SQL: SHOW COLUMNS FROM `qw_felgtype` [ RunTime:0.0005s ]
SQL: SELECT `id`,en_fgtypename as fgtypename,en_hzid as hzid FROM `qw_felgtype` ORDER BY fgtypesort  [ RunTime:0.0002s ]
NOTIC: [8] Undefined index: typeid /www/web/rflinker_com/public_html/new/App/Home/Controller/FeighztypeController.class.php 第 39 行.
NOTIC: [8] Undefined index: fid /www/web/rflinker_com/public_html/new/App/Home/Controller/FeighztypeController.class.php 第 40 行.
ERR: SQLSTATE[42000]: Syntax error or access violation: 1064 You have an error in your SQL syntax; check the manual that corresponds to your MySQL server version for the right syntax to use near ') ORDER BY fgtypesort' at line 1

[ 2018-05-04T22:13:36+08:00 ] 54.36.148.88 /new/index.php/Home/Feighztype/index/lang/en-us.html
INFO: [ app_init ] --START--
INFO: Run Behavior\BuildLiteBehavior [ RunTime:0.000022s ]
INFO: [ app_init ] --END-- [ RunTime:0.000702s ]
INFO: [ app_begin ] --START--
INFO: Run Behavior\ReadHtmlCacheBehavior [ RunTime:0.000916s ]
INFO: Run Behavior\CheckLangBehavior [ RunTime:0.081111s ]
INFO: [ app_begin ] --END-- [ RunTime:0.082180s ]
SQL: SHOW COLUMNS FROM `qw_setting` [ RunTime:0.0025s ]
SQL: SELECT `k`,`v` FROM `qw_setting`  [ RunTime:0.0004s ]
SQL: SHOW COLUMNS FROM `qw_felgproduct` [ RunTime:0.0007s ]
SQL: SHOW COLUMNS FROM `qw_rflinkerproduct` [ RunTime:0.0007s ]
SQL: SELECT `id`,en_ftname as name,`xl_type` FROM `qw_felgproduct` WHERE ( search = 1 ) UNION SELECT id,en_rrname as name,xl_type FROM qw_rflinkerproduct where search=1 [ RunTime:0.0005s ]
NOTIC: [8] Undefined variable: new_live /www/web/rflinker_com/public_html/new/App/Home/Controller/ComController.class.php 第 65 行.
SQL: SELECT `id`,en_ftname as name,`xl_type` FROM `qw_felgproduct` UNION SELECT id,en_rrname as name,xl_type FROM qw_rflinkerproduct  [ RunTime:0.0004s ]
SQL: SHOW COLUMNS FROM `qw_felghz` [ RunTime:0.0006s ]
SQL: SELECT `id`,en_fghz as hzname FROM `qw_felghz` ORDER BY fghzsort  [ RunTime:0.0002s ]
SQL: SHOW COLUMNS FROM `qw_felgtype` [ RunTime:0.0005s ]
SQL: SELECT `id`,en_fgtypename as fgtypename,en_hzid as hzid FROM `qw_felgtype` ORDER BY fgtypesort  [ RunTime:0.0002s ]
NOTIC: [8] Undefined index: typeid /www/web/rflinker_com/public_html/new/App/Home/Controller/FeighztypeController.class.php 第 39 行.
NOTIC: [8] Undefined index: fid /www/web/rflinker_com/public_html/new/App/Home/Controller/FeighztypeController.class.php 第 40 行.
ERR: SQLSTATE[42000]: Syntax error or access violation: 1064 You have an error in your SQL syntax; check the manual that corresponds to your MySQL server version for the right syntax to use near ') ORDER BY fgtypesort' at line 1

[ 2018-05-04T22:46:22+08:00 ] 54.36.149.87 /new/index.php/Home/Rflinkerhztype/index.html
INFO: [ app_init ] --START--
INFO: Run Behavior\BuildLiteBehavior [ RunTime:0.000017s ]
INFO: [ app_init ] --END-- [ RunTime:0.000390s ]
INFO: [ app_begin ] --START--
INFO: Run Behavior\ReadHtmlCacheBehavior [ RunTime:0.000949s ]
INFO: Run Behavior\CheckLangBehavior [ RunTime:0.001609s ]
INFO: [ app_begin ] --END-- [ RunTime:0.002688s ]
SQL: SHOW COLUMNS FROM `qw_setting` [ RunTime:0.0011s ]
SQL: SELECT `k`,`v` FROM `qw_setting`  [ RunTime:0.0005s ]
SQL: SHOW COLUMNS FROM `qw_felgproduct` [ RunTime:0.0010s ]
SQL: SHOW COLUMNS FROM `qw_rflinkerproduct` [ RunTime:0.0009s ]
SQL: SELECT `id`,cn_ftname as name,`xl_type` FROM `qw_felgproduct` WHERE ( search = 1 ) UNION SELECT id,cn_rrname as name,xl_type FROM qw_rflinkerproduct where search=1 [ RunTime:0.0005s ]
NOTIC: [8] Undefined variable: new_live /www/web/rflinker_com/public_html/new/App/Home/Controller/ComController.class.php 第 65 行.
SQL: SELECT `id`,cn_ftname as name,`xl_type` FROM `qw_felgproduct` UNION SELECT id,cn_rrname as name,xl_type FROM qw_rflinkerproduct  [ RunTime:0.0007s ]
SQL: SHOW COLUMNS FROM `qw_rflinkerhz` [ RunTime:0.0011s ]
SQL: SELECT `id`,cn_rflinkerhz as rflinkerhz FROM `qw_rflinkerhz` ORDER BY rrsort  [ RunTime:0.0003s ]
SQL: SHOW COLUMNS FROM `qw_rflinkertype` [ RunTime:0.0009s ]
SQL: SELECT `id`,cn_rflinkertypename as fgtypename,cn_hzid as hzid FROM `qw_rflinkertype` ORDER BY rrtypesort  [ RunTime:0.0003s ]
NOTIC: [8] Undefined index: typeid /www/web/rflinker_com/public_html/new/App/Home/Controller/RflinkerhztypeController.class.php 第 39 行.
NOTIC: [8] Undefined index: fid /www/web/rflinker_com/public_html/new/App/Home/Controller/RflinkerhztypeController.class.php 第 40 行.
ERR: SQLSTATE[42000]: Syntax error or access violation: 1064 You have an error in your SQL syntax; check the manual that corresponds to your MySQL server version for the right syntax to use near ') ORDER BY rrtypesort' at line 1

[ 2018-05-04T23:08:41+08:00 ] 54.36.149.27 /new/index.php/Home/Productdetails/index.html?type=1&&id=204
INFO: [ app_init ] --START--
INFO: Run Behavior\BuildLiteBehavior [ RunTime:0.000017s ]
INFO: [ app_init ] --END-- [ RunTime:0.000353s ]
INFO: [ app_begin ] --START--
INFO: Run Behavior\ReadHtmlCacheBehavior [ RunTime:0.000663s ]
INFO: Run Behavior\CheckLangBehavior [ RunTime:0.000977s ]
INFO: [ app_begin ] --END-- [ RunTime:0.001718s ]
SQL: SHOW COLUMNS FROM `qw_setting` [ RunTime:0.0012s ]
SQL: SELECT `k`,`v` FROM `qw_setting`  [ RunTime:0.0002s ]
SQL: SHOW COLUMNS FROM `qw_felgproduct` [ RunTime:0.0007s ]
SQL: SHOW COLUMNS FROM `qw_rflinkerproduct` [ RunTime:0.0007s ]
SQL: SELECT `id`,cn_ftname as name,`xl_type` FROM `qw_felgproduct` WHERE ( search = 1 ) UNION SELECT id,cn_rrname as name,xl_type FROM qw_rflinkerproduct where search=1 [ RunTime:0.0004s ]
NOTIC: [8] Undefined variable: new_live /www/web/rflinker_com/public_html/new/App/Home/Controller/ComController.class.php 第 65 行.
SQL: SELECT `id`,cn_ftname as name,`xl_type` FROM `qw_felgproduct` UNION SELECT id,cn_rrname as name,xl_type FROM qw_rflinkerproduct  [ RunTime:0.0003s ]
SQL: SHOW COLUMNS FROM `qw_felghz` [ RunTime:0.0006s ]
SQL: SELECT `id`,cn_fghz as hzname FROM `qw_felghz` ORDER BY fghzsort  [ RunTime:0.0002s ]
SQL: SHOW COLUMNS FROM `qw_felgtype` [ RunTime:0.0005s ]
SQL: SELECT `id`,cn_fgtypename as fgtypename,cn_hzid as hzid FROM `qw_felgtype` ORDER BY fgtypesort  [ RunTime:0.0002s ]
SQL: SELECT `id`,felgcnhzname as hzname,felgcntypename  as typename,cn_ftname as ftname,cn_fttitle as fttitle,cn_ftimg as ftimg,cn_ftspec as ftspec,`ftsort` FROM `qw_felgproduct` WHERE ( id =204 ) ORDER BY ftsort LIMIT 1   [ RunTime:0.0694s ]
SQL: SHOW COLUMNS FROM `qw_matching` [ RunTime:0.0008s ]
SQL: SHOW COLUMNS FROM `qw_felgproduct` [ RunTime:0.0007s ]
SQL: SELECT f.id,cn_ftname as ftname,cn_fttitle as fttitle,cn_ftimg as ftimg FROM qw_felgproduct f INNER JOIN 
						qw_matching m on f.cn_ftname = m.cn_mgname
					     WHERE ( fuid =204 )  [ RunTime:0.0904s ]
SQL: SHOW COLUMNS FROM `qw_felgptdown` [ RunTime:0.0009s ]
SQL: SELECT cn_downname as downname,cn_down as down,`downsort` FROM `qw_felgptdown` WHERE ( felgptid = 204 ) ORDER BY downsort  [ RunTime:0.0003s ]
INFO: [ view_parse ] --START--
INFO: [ template_filter ] --START--
INFO: Run Behavior\ContentReplaceBehavior [ RunTime:0.000068s ]
INFO: [ template_filter ] --END-- [ RunTime:0.000113s ]
NOTIC: [8] Use of undefined constant Index - assumed 'Index' /www/web/rflinker_com/public_html/new/App/Runtime/Cache/Home/4722ce9f6893de4df1acc80e009cbd5a.php 第 81 行.
NOTIC: [8] Use of undefined constant Vocationlist - assumed 'Vocationlist' /www/web/rflinker_com/public_html/new/App/Runtime/Cache/Home/4722ce9f6893de4df1acc80e009cbd5a.php 第 97 行.
NOTIC: [8] Use of undefined constant Codeinput - assumed 'Codeinput' /www/web/rflinker_com/public_html/new/App/Runtime/Cache/Home/4722ce9f6893de4df1acc80e009cbd5a.php 第 100 行.
NOTIC: [8] Use of undefined constant Aboutus - assumed 'Aboutus' /www/web/rflinker_com/public_html/new/App/Runtime/Cache/Home/4722ce9f6893de4df1acc80e009cbd5a.php 第 103 行.
INFO: Run Behavior\ParseTemplateBehavior [ RunTime:0.021891s ]
INFO: [ view_parse ] --END-- [ RunTime:0.021944s ]
INFO: [ view_filter ] --START--
INFO: Run Behavior\WriteHtmlCacheBehavior [ RunTime:0.002732s ]
INFO: [ view_filter ] --END-- [ RunTime:0.002773s ]
INFO: [ app_end ] --START--
INFO: Run Behavior\ShowPageTraceBehavior [ RunTime:0.000750s ]
INFO: [ app_end ] --END-- [ RunTime:0.000795s ]

