[ 2018-06-03T00:02:42+08:00 ] 203.208.60.169 /new/index.php/Home/Aboutus/Index.html
INFO: [ app_init ] --START--
INFO: Run Behavior\BuildLiteBehavior [ RunTime:0.000012s ]
INFO: [ app_init ] --END-- [ RunTime:0.000302s ]
INFO: [ app_begin ] --START--
INFO: Run Behavior\ReadHtmlCacheBehavior [ RunTime:0.000415s ]
INFO: Run Behavior\CheckLangBehavior [ RunTime:0.000768s ]
INFO: [ app_begin ] --END-- [ RunTime:0.001259s ]
SQL: SHOW COLUMNS FROM `qw_setting` [ RunTime:0.0006s ]
SQL: SELECT `k`,`v` FROM `qw_setting`  [ RunTime:0.0001s ]
SQL: SHOW COLUMNS FROM `qw_felgproduct` [ RunTime:0.0007s ]
SQL: SHOW COLUMNS FROM `qw_rflinkerproduct` [ RunTime:0.0006s ]
SQL: SELECT `id`,cn_ftname as name,`xl_type` FROM `qw_felgproduct` WHERE ( search = 1 ) UNION SELECT id,cn_rrname as name,xl_type FROM qw_rflinkerproduct where search=1 [ RunTime:0.0004s ]
NOTIC: [8] Undefined variable: new_live /www/web/rflinker_com/public_html/new/App/Home/Controller/ComController.class.php 第 65 行.
SQL: SELECT `id`,cn_ftname as name,`xl_type` FROM `qw_felgproduct` UNION SELECT id,cn_rrname as name,xl_type FROM qw_rflinkerproduct  [ RunTime:0.0005s ]
INFO: [ view_parse ] --START--
INFO: [ template_filter ] --START--
INFO: Run Behavior\ContentReplaceBehavior [ RunTime:0.000067s ]
INFO: [ template_filter ] --END-- [ RunTime:0.000109s ]
NOTIC: [8] Use of undefined constant Index - assumed 'Index' /www/web/rflinker_com/public_html/new/App/Runtime/Cache/Home/6d9195a7ccbe058f45cf16e69b231bd7.php 第 36 行.
NOTIC: [8] Use of undefined constant Vocationlist - assumed 'Vocationlist' /www/web/rflinker_com/public_html/new/App/Runtime/Cache/Home/6d9195a7ccbe058f45cf16e69b231bd7.php 第 36 行.
NOTIC: [8] Use of undefined constant Codeinput - assumed 'Codeinput' /www/web/rflinker_com/public_html/new/App/Runtime/Cache/Home/6d9195a7ccbe058f45cf16e69b231bd7.php 第 36 行.
NOTIC: [8] Use of undefined constant Aboutus - assumed 'Aboutus' /www/web/rflinker_com/public_html/new/App/Runtime/Cache/Home/6d9195a7ccbe058f45cf16e69b231bd7.php 第 36 行.
INFO: Run Behavior\ParseTemplateBehavior [ RunTime:0.009656s ]
INFO: [ view_parse ] --END-- [ RunTime:0.009696s ]
INFO: [ view_filter ] --START--
INFO: Run Behavior\WriteHtmlCacheBehavior [ RunTime:0.000204s ]
INFO: [ view_filter ] --END-- [ RunTime:0.000238s ]
INFO: [ app_end ] --START--
INFO: Run Behavior\ShowPageTraceBehavior [ RunTime:0.000434s ]
INFO: [ app_end ] --END-- [ RunTime:0.000483s ]

[ 2018-06-03T02:35:36+08:00 ] 95.163.255.104 /new/index.php/Home/Aboutus/index.html
INFO: [ app_init ] --START--
INFO: Run Behavior\BuildLiteBehavior [ RunTime:0.000025s ]
INFO: [ app_init ] --END-- [ RunTime:0.000373s ]
INFO: [ app_begin ] --START--
INFO: Run Behavior\ReadHtmlCacheBehavior [ RunTime:0.000471s ]
INFO: Run Behavior\CheckLangBehavior [ RunTime:0.000705s ]
INFO: [ app_begin ] --END-- [ RunTime:0.001266s ]
SQL: SHOW COLUMNS FROM `qw_setting` [ RunTime:0.0006s ]
SQL: SELECT `k`,`v` FROM `qw_setting`  [ RunTime:0.0001s ]
SQL: SHOW COLUMNS FROM `qw_felgproduct` [ RunTime:0.0007s ]
SQL: SHOW COLUMNS FROM `qw_rflinkerproduct` [ RunTime:0.0006s ]
SQL: SELECT `id`,cn_ftname as name,`xl_type` FROM `qw_felgproduct` WHERE ( search = 1 ) UNION SELECT id,cn_rrname as name,xl_type FROM qw_rflinkerproduct where search=1 [ RunTime:0.0003s ]
NOTIC: [8] Undefined variable: new_live /www/web/rflinker_com/public_html/new/App/Home/Controller/ComController.class.php 第 65 行.
SQL: SELECT `id`,cn_ftname as name,`xl_type` FROM `qw_felgproduct` UNION SELECT id,cn_rrname as name,xl_type FROM qw_rflinkerproduct  [ RunTime:0.0005s ]
INFO: [ view_parse ] --START--
INFO: [ template_filter ] --START--
INFO: Run Behavior\ContentReplaceBehavior [ RunTime:0.000063s ]
INFO: [ template_filter ] --END-- [ RunTime:0.000109s ]
NOTIC: [8] Use of undefined constant Index - assumed 'Index' /www/web/rflinker_com/public_html/new/App/Runtime/Cache/Home/2ae18d5129632682445789fc44c2839b.php 第 36 行.
NOTIC: [8] Use of undefined constant Vocationlist - assumed 'Vocationlist' /www/web/rflinker_com/public_html/new/App/Runtime/Cache/Home/2ae18d5129632682445789fc44c2839b.php 第 36 行.
NOTIC: [8] Use of undefined constant Codeinput - assumed 'Codeinput' /www/web/rflinker_com/public_html/new/App/Runtime/Cache/Home/2ae18d5129632682445789fc44c2839b.php 第 36 行.
NOTIC: [8] Use of undefined constant Aboutus - assumed 'Aboutus' /www/web/rflinker_com/public_html/new/App/Runtime/Cache/Home/2ae18d5129632682445789fc44c2839b.php 第 36 行.
INFO: Run Behavior\ParseTemplateBehavior [ RunTime:0.010497s ]
INFO: [ view_parse ] --END-- [ RunTime:0.010539s ]
INFO: [ view_filter ] --START--
INFO: Run Behavior\WriteHtmlCacheBehavior [ RunTime:0.000201s ]
INFO: [ view_filter ] --END-- [ RunTime:0.000235s ]
INFO: [ app_end ] --START--
INFO: Run Behavior\ShowPageTraceBehavior [ RunTime:0.000439s ]
INFO: [ app_end ] --END-- [ RunTime:0.000484s ]

[ 2018-06-03T04:20:55+08:00 ] 203.208.60.171 /new/index.php/Home/Aboutus/Index.html
INFO: [ app_init ] --START--
INFO: Run Behavior\BuildLiteBehavior [ RunTime:0.000013s ]
INFO: [ app_init ] --END-- [ RunTime:0.000595s ]
INFO: [ app_begin ] --START--
INFO: Run Behavior\ReadHtmlCacheBehavior [ RunTime:0.000673s ]
INFO: Run Behavior\CheckLangBehavior [ RunTime:0.001281s ]
INFO: [ app_begin ] --END-- [ RunTime:0.002044s ]
SQL: SHOW COLUMNS FROM `qw_setting` [ RunTime:0.0006s ]
SQL: SELECT `k`,`v` FROM `qw_setting`  [ RunTime:0.0001s ]
SQL: SHOW COLUMNS FROM `qw_felgproduct` [ RunTime:0.0006s ]
SQL: SHOW COLUMNS FROM `qw_rflinkerproduct` [ RunTime:0.0006s ]
SQL: SELECT `id`,cn_ftname as name,`xl_type` FROM `qw_felgproduct` WHERE ( search = 1 ) UNION SELECT id,cn_rrname as name,xl_type FROM qw_rflinkerproduct where search=1 [ RunTime:0.0004s ]
NOTIC: [8] Undefined variable: new_live /www/web/rflinker_com/public_html/new/App/Home/Controller/ComController.class.php 第 65 行.
SQL: SELECT `id`,cn_ftname as name,`xl_type` FROM `qw_felgproduct` UNION SELECT id,cn_rrname as name,xl_type FROM qw_rflinkerproduct  [ RunTime:0.0005s ]
INFO: [ view_parse ] --START--
INFO: [ template_filter ] --START--
INFO: Run Behavior\ContentReplaceBehavior [ RunTime:0.000057s ]
INFO: [ template_filter ] --END-- [ RunTime:0.000099s ]
NOTIC: [8] Use of undefined constant Index - assumed 'Index' /www/web/rflinker_com/public_html/new/App/Runtime/Cache/Home/6d9195a7ccbe058f45cf16e69b231bd7.php 第 36 行.
NOTIC: [8] Use of undefined constant Vocationlist - assumed 'Vocationlist' /www/web/rflinker_com/public_html/new/App/Runtime/Cache/Home/6d9195a7ccbe058f45cf16e69b231bd7.php 第 36 行.
NOTIC: [8] Use of undefined constant Codeinput - assumed 'Codeinput' /www/web/rflinker_com/public_html/new/App/Runtime/Cache/Home/6d9195a7ccbe058f45cf16e69b231bd7.php 第 36 行.
NOTIC: [8] Use of undefined constant Aboutus - assumed 'Aboutus' /www/web/rflinker_com/public_html/new/App/Runtime/Cache/Home/6d9195a7ccbe058f45cf16e69b231bd7.php 第 36 行.
INFO: Run Behavior\ParseTemplateBehavior [ RunTime:0.012163s ]
INFO: [ view_parse ] --END-- [ RunTime:0.012213s ]
INFO: [ view_filter ] --START--
INFO: Run Behavior\WriteHtmlCacheBehavior [ RunTime:0.000469s ]
INFO: [ view_filter ] --END-- [ RunTime:0.000513s ]
INFO: [ app_end ] --START--
INFO: Run Behavior\ShowPageTraceBehavior [ RunTime:0.000737s ]
INFO: [ app_end ] --END-- [ RunTime:0.000781s ]

[ 2018-06-03T05:11:19+08:00 ] 203.208.60.170 /new/index.php/Home/Feig/Index/lang/ch-cn.html
INFO: [ app_init ] --START--
INFO: Run Behavior\BuildLiteBehavior [ RunTime:0.000012s ]
INFO: [ app_init ] --END-- [ RunTime:0.000322s ]
INFO: [ app_begin ] --START--
INFO: Run Behavior\ReadHtmlCacheBehavior [ RunTime:0.000434s ]
INFO: Run Behavior\CheckLangBehavior [ RunTime:0.000898s ]
INFO: [ app_begin ] --END-- [ RunTime:0.001409s ]
SQL: SHOW COLUMNS FROM `qw_setting` [ RunTime:0.0006s ]
SQL: SELECT `k`,`v` FROM `qw_setting`  [ RunTime:0.0002s ]
SQL: SHOW COLUMNS FROM `qw_felgproduct` [ RunTime:0.0006s ]
SQL: SHOW COLUMNS FROM `qw_rflinkerproduct` [ RunTime:0.0006s ]
SQL: SELECT `id`,cn_ftname as name,`xl_type` FROM `qw_felgproduct` WHERE ( search = 1 ) UNION SELECT id,cn_rrname as name,xl_type FROM qw_rflinkerproduct where search=1 [ RunTime:0.0003s ]
NOTIC: [8] Undefined variable: new_live /www/web/rflinker_com/public_html/new/App/Home/Controller/ComController.class.php 第 65 行.
SQL: SELECT `id`,cn_ftname as name,`xl_type` FROM `qw_felgproduct` UNION SELECT id,cn_rrname as name,xl_type FROM qw_rflinkerproduct  [ RunTime:0.0005s ]
SQL: SHOW COLUMNS FROM `qw_felghz` [ RunTime:0.0005s ]
SQL: SELECT `id`,cn_fghz as hzname FROM `qw_felghz` ORDER BY fghzsort  [ RunTime:0.0001s ]
SQL: SHOW COLUMNS FROM `qw_felgtype` [ RunTime:0.0005s ]
SQL: SELECT `id`,cn_fgtypename as fgtypename,cn_hzid as hzid FROM `qw_felgtype` ORDER BY fgtypesort  [ RunTime:0.0002s ]
NOTIC: [8] Undefined variable: languagefghz /www/web/rflinker_com/public_html/new/App/Home/Controller/FeigController.class.php 第 45 行.
SQL: SELECT `id`,cn_fghz as fghz FROM `qw_felghz` ORDER BY fghzsort LIMIT 1   [ RunTime:0.0001s ]
SQL: SELECT `id`,cn_fgtypename as fgtypename,cn_hzid as hzid FROM `qw_felgtype` WHERE ( cn_hzid = 3 ) ORDER BY fgtypesort  [ RunTime:0.0002s ]
SQL: SELECT `id`,cn_ftname as ftname,cn_ftimg as ftimg,cn_fttitle as ftitle,cn_tid as tid FROM `qw_felgproduct` ORDER BY ftsort  [ RunTime:0.0004s ]
INFO: [ view_parse ] --START--
INFO: [ template_filter ] --START--
INFO: Run Behavior\ContentReplaceBehavior [ RunTime:0.000079s ]
INFO: [ template_filter ] --END-- [ RunTime:0.000120s ]
NOTIC: [8] Use of undefined constant Index - assumed 'Index' /www/web/rflinker_com/public_html/new/App/Runtime/Cache/Home/614b3ffa92a2ae5ad11dccce659791e8.php 第 51 行.
NOTIC: [8] Use of undefined constant Vocationlist - assumed 'Vocationlist' /www/web/rflinker_com/public_html/new/App/Runtime/Cache/Home/614b3ffa92a2ae5ad11dccce659791e8.php 第 51 行.
NOTIC: [8] Use of undefined constant Codeinput - assumed 'Codeinput' /www/web/rflinker_com/public_html/new/App/Runtime/Cache/Home/614b3ffa92a2ae5ad11dccce659791e8.php 第 51 行.
NOTIC: [8] Use of undefined constant Aboutus - assumed 'Aboutus' /www/web/rflinker_com/public_html/new/App/Runtime/Cache/Home/614b3ffa92a2ae5ad11dccce659791e8.php 第 51 行.
INFO: Run Behavior\ParseTemplateBehavior [ RunTime:0.014596s ]
INFO: [ view_parse ] --END-- [ RunTime:0.014637s ]
INFO: [ view_filter ] --START--
INFO: Run Behavior\WriteHtmlCacheBehavior [ RunTime:0.000179s ]
INFO: [ view_filter ] --END-- [ RunTime:0.000214s ]
INFO: [ app_end ] --START--
INFO: Run Behavior\ShowPageTraceBehavior [ RunTime:0.000424s ]
INFO: [ app_end ] --END-- [ RunTime:0.000469s ]

[ 2018-06-03T06:53:14+08:00 ] 203.208.60.171 /new/index.php/Home/Aboutus/Index.html
INFO: [ app_init ] --START--
INFO: Run Behavior\BuildLiteBehavior [ RunTime:0.000030s ]
INFO: [ app_init ] --END-- [ RunTime:0.000320s ]
INFO: [ app_begin ] --START--
INFO: Run Behavior\ReadHtmlCacheBehavior [ RunTime:0.000432s ]
INFO: Run Behavior\CheckLangBehavior [ RunTime:0.000706s ]
INFO: [ app_begin ] --END-- [ RunTime:0.001214s ]
SQL: SHOW COLUMNS FROM `qw_setting` [ RunTime:0.0006s ]
SQL: SELECT `k`,`v` FROM `qw_setting`  [ RunTime:0.0001s ]
SQL: SHOW COLUMNS FROM `qw_felgproduct` [ RunTime:0.0006s ]
SQL: SHOW COLUMNS FROM `qw_rflinkerproduct` [ RunTime:0.0006s ]
SQL: SELECT `id`,cn_ftname as name,`xl_type` FROM `qw_felgproduct` WHERE ( search = 1 ) UNION SELECT id,cn_rrname as name,xl_type FROM qw_rflinkerproduct where search=1 [ RunTime:0.0003s ]
NOTIC: [8] Undefined variable: new_live /www/web/rflinker_com/public_html/new/App/Home/Controller/ComController.class.php 第 65 行.
SQL: SELECT `id`,cn_ftname as name,`xl_type` FROM `qw_felgproduct` UNION SELECT id,cn_rrname as name,xl_type FROM qw_rflinkerproduct  [ RunTime:0.0005s ]
INFO: [ view_parse ] --START--
INFO: [ template_filter ] --START--
INFO: Run Behavior\ContentReplaceBehavior [ RunTime:0.000070s ]
INFO: [ template_filter ] --END-- [ RunTime:0.000113s ]
NOTIC: [8] Use of undefined constant Index - assumed 'Index' /www/web/rflinker_com/public_html/new/App/Runtime/Cache/Home/6d9195a7ccbe058f45cf16e69b231bd7.php 第 36 行.
NOTIC: [8] Use of undefined constant Vocationlist - assumed 'Vocationlist' /www/web/rflinker_com/public_html/new/App/Runtime/Cache/Home/6d9195a7ccbe058f45cf16e69b231bd7.php 第 36 行.
NOTIC: [8] Use of undefined constant Codeinput - assumed 'Codeinput' /www/web/rflinker_com/public_html/new/App/Runtime/Cache/Home/6d9195a7ccbe058f45cf16e69b231bd7.php 第 36 行.
NOTIC: [8] Use of undefined constant Aboutus - assumed 'Aboutus' /www/web/rflinker_com/public_html/new/App/Runtime/Cache/Home/6d9195a7ccbe058f45cf16e69b231bd7.php 第 36 行.
INFO: Run Behavior\ParseTemplateBehavior [ RunTime:0.009875s ]
INFO: [ view_parse ] --END-- [ RunTime:0.009915s ]
INFO: [ view_filter ] --START--
INFO: Run Behavior\WriteHtmlCacheBehavior [ RunTime:0.000194s ]
INFO: [ view_filter ] --END-- [ RunTime:0.000228s ]
INFO: [ app_end ] --START--
INFO: Run Behavior\ShowPageTraceBehavior [ RunTime:0.000456s ]
INFO: [ app_end ] --END-- [ RunTime:0.000501s ]

[ 2018-06-03T08:51:03+08:00 ] 54.36.148.182 /new/index.php/Home/Codeinput/index/lang/ch-cn.html
INFO: [ app_init ] --START--
INFO: Run Behavior\BuildLiteBehavior [ RunTime:0.000014s ]
INFO: [ app_init ] --END-- [ RunTime:0.000343s ]
INFO: [ app_begin ] --START--
INFO: Run Behavior\ReadHtmlCacheBehavior [ RunTime:0.000442s ]
INFO: Run Behavior\CheckLangBehavior [ RunTime:0.000771s ]
INFO: [ app_begin ] --END-- [ RunTime:0.001285s ]
SQL: SHOW COLUMNS FROM `qw_setting` [ RunTime:0.0006s ]
SQL: SELECT `k`,`v` FROM `qw_setting`  [ RunTime:0.0001s ]
SQL: SHOW COLUMNS FROM `qw_felgproduct` [ RunTime:0.0006s ]
SQL: SHOW COLUMNS FROM `qw_rflinkerproduct` [ RunTime:0.0006s ]
SQL: SELECT `id`,cn_ftname as name,`xl_type` FROM `qw_felgproduct` WHERE ( search = 1 ) UNION SELECT id,cn_rrname as name,xl_type FROM qw_rflinkerproduct where search=1 [ RunTime:0.0003s ]
NOTIC: [8] Undefined variable: new_live /www/web/rflinker_com/public_html/new/App/Home/Controller/ComController.class.php 第 65 行.
SQL: SELECT `id`,cn_ftname as name,`xl_type` FROM `qw_felgproduct` UNION SELECT id,cn_rrname as name,xl_type FROM qw_rflinkerproduct  [ RunTime:0.0004s ]
SQL: SHOW COLUMNS FROM `qw_support` [ RunTime:0.0005s ]
SQL: SELECT `id`,cn_stname as stname,cn_sttitle as sttitle,cn_file as file,`stsort` FROM `qw_support` WHERE ( cn_sttype = 3 ) ORDER BY stsort  [ RunTime:0.0002s ]
INFO: [ view_parse ] --START--
INFO: [ template_filter ] --START--
INFO: Run Behavior\ContentReplaceBehavior [ RunTime:0.000084s ]
INFO: [ template_filter ] --END-- [ RunTime:0.000127s ]
NOTIC: [8] Use of undefined constant Index - assumed 'Index' /www/web/rflinker_com/public_html/new/App/Runtime/Cache/Home/ea4d94f1b17307559b5fec3d97d7d636.php 第 49 行.
NOTIC: [8] Use of undefined constant Vocationlist - assumed 'Vocationlist' /www/web/rflinker_com/public_html/new/App/Runtime/Cache/Home/ea4d94f1b17307559b5fec3d97d7d636.php 第 49 行.
NOTIC: [8] Use of undefined constant Codeinput - assumed 'Codeinput' /www/web/rflinker_com/public_html/new/App/Runtime/Cache/Home/ea4d94f1b17307559b5fec3d97d7d636.php 第 49 行.
NOTIC: [8] Use of undefined constant Aboutus - assumed 'Aboutus' /www/web/rflinker_com/public_html/new/App/Runtime/Cache/Home/ea4d94f1b17307559b5fec3d97d7d636.php 第 49 行.
INFO: Run Behavior\ParseTemplateBehavior [ RunTime:0.011985s ]
INFO: [ view_parse ] --END-- [ RunTime:0.012034s ]
INFO: [ view_filter ] --START--
INFO: Run Behavior\WriteHtmlCacheBehavior [ RunTime:0.000211s ]
INFO: [ view_filter ] --END-- [ RunTime:0.000246s ]
INFO: [ app_end ] --START--
INFO: Run Behavior\ShowPageTraceBehavior [ RunTime:0.000454s ]
INFO: [ app_end ] --END-- [ RunTime:0.000498s ]

[ 2018-06-03T14:51:39+08:00 ] 114.88.67.192 /new/
INFO: [ app_init ] --START--
INFO: Run Behavior\BuildLiteBehavior [ RunTime:0.000013s ]
INFO: [ app_init ] --END-- [ RunTime:0.000317s ]
INFO: [ app_begin ] --START--
INFO: Run Behavior\ReadHtmlCacheBehavior [ RunTime:0.000433s ]
INFO: Run Behavior\CheckLangBehavior [ RunTime:0.000811s ]
INFO: [ app_begin ] --END-- [ RunTime:0.001321s ]
SQL: SHOW COLUMNS FROM `qw_setting` [ RunTime:0.0006s ]
SQL: SELECT `k`,`v` FROM `qw_setting`  [ RunTime:0.0001s ]
SQL: SHOW COLUMNS FROM `qw_felgproduct` [ RunTime:0.0006s ]
SQL: SHOW COLUMNS FROM `qw_rflinkerproduct` [ RunTime:0.0006s ]
SQL: SELECT `id`,cn_ftname as name,`xl_type` FROM `qw_felgproduct` WHERE ( search = 1 ) UNION SELECT id,cn_rrname as name,xl_type FROM qw_rflinkerproduct where search=1 [ RunTime:0.0003s ]
NOTIC: [8] Undefined variable: new_live /www/web/rflinker_com/public_html/new/App/Home/Controller/ComController.class.php 第 65 行.
SQL: SELECT `id`,cn_ftname as name,`xl_type` FROM `qw_felgproduct` UNION SELECT id,cn_rrname as name,xl_type FROM qw_rflinkerproduct  [ RunTime:0.0005s ]
SQL: SHOW COLUMNS FROM `qw_indexshow` [ RunTime:0.0005s ]
SQL: SELECT `id`,cn_fghzname as fghzname,cn_fghzshow as fghzshow,cn_rrhzname as rrhzname,cn_rrhzshow as rrhzshow,cn_tjhzname as tjhzname,cn_tjhzshow as tjhzshow FROM `qw_indexshow` LIMIT 1   [ RunTime:0.0002s ]
SQL: SHOW COLUMNS FROM `qw_flashview` [ RunTime:0.0005s ]
SQL: SELECT `id`,cn_flashviewpc as flashviewpc,cn_title as title,cn_fwshowpc as fwshowpc,cn_fwlink as fwlink,`fwsort`,cn_name as name FROM `qw_flashview` ORDER BY fwsort  [ RunTime:0.0002s ]
SQL: SHOW COLUMNS FROM `qw_felghz` [ RunTime:0.0005s ]
SQL: SELECT `id`,cn_fghz as fghz,cn_fghztitle as fghztitle,cn_fghzimg as fghzimg,`fghzsort` FROM `qw_felghz` ORDER BY fghzsort LIMIT 4   [ RunTime:0.0002s ]
SQL: SHOW COLUMNS FROM `qw_felgtype` [ RunTime:0.0005s ]
SQL: SELECT * FROM `qw_felgtype` WHERE ( cn_hzid = 3 ) ORDER BY fgtypesort LIMIT 1   [ RunTime:0.0002s ]
SQL: SELECT * FROM `qw_felgtype` WHERE ( cn_hzid = 4 ) ORDER BY fgtypesort LIMIT 1   [ RunTime:0.0001s ]
SQL: SELECT * FROM `qw_felgtype` WHERE ( cn_hzid = 5 ) ORDER BY fgtypesort LIMIT 1   [ RunTime:0.0002s ]
SQL: SHOW COLUMNS FROM `qw_rflinkerhz` [ RunTime:0.0004s ]
SQL: SELECT `id`,cn_rflinkerhz as rflinkerhz,cn_rrtitle as rrtitle,cn_rrimg as rrimg,`rrsort` FROM `qw_rflinkerhz` ORDER BY rrsort LIMIT 4   [ RunTime:0.0002s ]
SQL: SHOW COLUMNS FROM `qw_tuijian` [ RunTime:0.0005s ]
SQL: SELECT `id`,cn_felgname as felgname,cn_rrname as rrname,`type`,`tjsotr` FROM `qw_tuijian` ORDER BY tjsotr  [ RunTime:0.0002s ]
SQL: SHOW COLUMNS FROM `qw_industry` [ RunTime:0.0007s ]
SQL: SELECT `id`,cn_imgiy as imgiy,`iysort`,cn_nameiy as nameiy,cn_title as title FROM `qw_industry` ORDER BY iysort LIMIT 4   [ RunTime:0.0002s ]
INFO: [ view_parse ] --START--
INFO: [ template_filter ] --START--
INFO: Run Behavior\ContentReplaceBehavior [ RunTime:0.000077s ]
INFO: [ template_filter ] --END-- [ RunTime:0.000122s ]
NOTIC: [8] Use of undefined constant Index - assumed 'Index' /www/web/rflinker_com/public_html/new/App/Runtime/Cache/Home/3da8682377a51f4116c98bfda6b18a92.php 第 1 行.
NOTIC: [8] Use of undefined constant Vocationlist - assumed 'Vocationlist' /www/web/rflinker_com/public_html/new/App/Runtime/Cache/Home/3da8682377a51f4116c98bfda6b18a92.php 第 1 行.
NOTIC: [8] Use of undefined constant Codeinput - assumed 'Codeinput' /www/web/rflinker_com/public_html/new/App/Runtime/Cache/Home/3da8682377a51f4116c98bfda6b18a92.php 第 1 行.
NOTIC: [8] Use of undefined constant Aboutus - assumed 'Aboutus' /www/web/rflinker_com/public_html/new/App/Runtime/Cache/Home/3da8682377a51f4116c98bfda6b18a92.php 第 1 行.
NOTIC: [8] Undefined index: typeid /www/web/rflinker_com/public_html/new/App/Runtime/Cache/Home/3da8682377a51f4116c98bfda6b18a92.php 第 1 行.
NOTIC: [8] Undefined index: typeid /www/web/rflinker_com/public_html/new/App/Runtime/Cache/Home/3da8682377a51f4116c98bfda6b18a92.php 第 1 行.
INFO: Run Behavior\ParseTemplateBehavior [ RunTime:0.016107s ]
INFO: [ view_parse ] --END-- [ RunTime:0.016156s ]
INFO: [ view_filter ] --START--
INFO: Run Behavior\WriteHtmlCacheBehavior [ RunTime:0.000186s ]
INFO: [ view_filter ] --END-- [ RunTime:0.000219s ]
INFO: [ app_end ] --START--
INFO: Run Behavior\ShowPageTraceBehavior [ RunTime:0.000481s ]
INFO: [ app_end ] --END-- [ RunTime:0.000525s ]

[ 2018-06-03T14:52:19+08:00 ] 114.88.67.192 /new/index.php/Home/Rflinker/Index.html
INFO: [ app_init ] --START--
INFO: Run Behavior\BuildLiteBehavior [ RunTime:0.000013s ]
INFO: [ app_init ] --END-- [ RunTime:0.000326s ]
INFO: [ app_begin ] --START--
INFO: Run Behavior\ReadHtmlCacheBehavior [ RunTime:0.000429s ]
INFO: Run Behavior\CheckLangBehavior [ RunTime:0.000728s ]
INFO: [ app_begin ] --END-- [ RunTime:0.001233s ]
SQL: SHOW COLUMNS FROM `qw_setting` [ RunTime:0.0006s ]
SQL: SELECT `k`,`v` FROM `qw_setting`  [ RunTime:0.0002s ]
SQL: SHOW COLUMNS FROM `qw_felgproduct` [ RunTime:0.0006s ]
SQL: SHOW COLUMNS FROM `qw_rflinkerproduct` [ RunTime:0.0006s ]
SQL: SELECT `id`,cn_ftname as name,`xl_type` FROM `qw_felgproduct` WHERE ( search = 1 ) UNION SELECT id,cn_rrname as name,xl_type FROM qw_rflinkerproduct where search=1 [ RunTime:0.0003s ]
NOTIC: [8] Undefined variable: new_live /www/web/rflinker_com/public_html/new/App/Home/Controller/ComController.class.php 第 65 行.
SQL: SELECT `id`,cn_ftname as name,`xl_type` FROM `qw_felgproduct` UNION SELECT id,cn_rrname as name,xl_type FROM qw_rflinkerproduct  [ RunTime:0.0004s ]
SQL: SHOW COLUMNS FROM `qw_rflinkerhz` [ RunTime:0.0005s ]
SQL: SELECT `id`,cn_rflinkerhz as hzname FROM `qw_rflinkerhz` ORDER BY rrsort  [ RunTime:0.0002s ]
SQL: SHOW COLUMNS FROM `qw_rflinkertype` [ RunTime:0.0005s ]
SQL: SELECT `id`,cn_rflinkertypename as rflinkertypename,cn_hzid as hzid FROM `qw_rflinkertype` ORDER BY rrtypesort  [ RunTime:0.0002s ]
NOTIC: [8] Undefined variable: languagerflinkerhz /www/web/rflinker_com/public_html/new/App/Home/Controller/RflinkerController.class.php 第 47 行.
SQL: SELECT `id`,cn_rflinkerhz as rflinkerhz FROM `qw_rflinkerhz` ORDER BY rrsort LIMIT 1   [ RunTime:0.0001s ]
SQL: SELECT `id`,cn_rflinkertypename as rflinkertypename,cn_hzid as hzid FROM `qw_rflinkertype` WHERE ( cn_hzid = 19 ) ORDER BY rrtypesort  [ RunTime:0.0002s ]
SQL: SELECT `id`,cn_rrname as rrname,cn_rrimg as rrimg,cn_rrtitle as rrtitle,cn_tid as tid FROM `qw_rflinkerproduct` ORDER BY rrsort  [ RunTime:0.0001s ]
INFO: [ view_parse ] --START--
INFO: [ template_filter ] --START--
INFO: Run Behavior\ContentReplaceBehavior [ RunTime:0.000085s ]
INFO: [ template_filter ] --END-- [ RunTime:0.000130s ]
NOTIC: [8] Use of undefined constant Index - assumed 'Index' /www/web/rflinker_com/public_html/new/App/Runtime/Cache/Home/e01dc9f360dcfa1a7694d7f8f2dee76d.php 第 51 行.
NOTIC: [8] Use of undefined constant Vocationlist - assumed 'Vocationlist' /www/web/rflinker_com/public_html/new/App/Runtime/Cache/Home/e01dc9f360dcfa1a7694d7f8f2dee76d.php 第 51 行.
NOTIC: [8] Use of undefined constant Codeinput - assumed 'Codeinput' /www/web/rflinker_com/public_html/new/App/Runtime/Cache/Home/e01dc9f360dcfa1a7694d7f8f2dee76d.php 第 51 行.
NOTIC: [8] Use of undefined constant Aboutus - assumed 'Aboutus' /www/web/rflinker_com/public_html/new/App/Runtime/Cache/Home/e01dc9f360dcfa1a7694d7f8f2dee76d.php 第 51 行.
INFO: Run Behavior\ParseTemplateBehavior [ RunTime:0.014940s ]
INFO: [ view_parse ] --END-- [ RunTime:0.014983s ]
INFO: [ view_filter ] --START--
INFO: Run Behavior\WriteHtmlCacheBehavior [ RunTime:0.000180s ]
INFO: [ view_filter ] --END-- [ RunTime:0.000216s ]
INFO: [ app_end ] --START--
INFO: Run Behavior\ShowPageTraceBehavior [ RunTime:0.000434s ]
INFO: [ app_end ] --END-- [ RunTime:0.000478s ]

[ 2018-06-03T14:52:21+08:00 ] 114.88.67.192 /new/index.php/Home/Feig/Index.html
INFO: [ app_init ] --START--
INFO: Run Behavior\BuildLiteBehavior [ RunTime:0.000013s ]
INFO: [ app_init ] --END-- [ RunTime:0.000537s ]
INFO: [ app_begin ] --START--
INFO: Run Behavior\ReadHtmlCacheBehavior [ RunTime:0.000564s ]
INFO: Run Behavior\CheckLangBehavior [ RunTime:0.000994s ]
INFO: [ app_begin ] --END-- [ RunTime:0.001634s ]
SQL: SHOW COLUMNS FROM `qw_setting` [ RunTime:0.0007s ]
SQL: SELECT `k`,`v` FROM `qw_setting`  [ RunTime:0.0002s ]
SQL: SHOW COLUMNS FROM `qw_felgproduct` [ RunTime:0.0008s ]
SQL: SHOW COLUMNS FROM `qw_rflinkerproduct` [ RunTime:0.0008s ]
SQL: SELECT `id`,cn_ftname as name,`xl_type` FROM `qw_felgproduct` WHERE ( search = 1 ) UNION SELECT id,cn_rrname as name,xl_type FROM qw_rflinkerproduct where search=1 [ RunTime:0.0004s ]
NOTIC: [8] Undefined variable: new_live /www/web/rflinker_com/public_html/new/App/Home/Controller/ComController.class.php 第 65 行.
SQL: SELECT `id`,cn_ftname as name,`xl_type` FROM `qw_felgproduct` UNION SELECT id,cn_rrname as name,xl_type FROM qw_rflinkerproduct  [ RunTime:0.0005s ]
SQL: SHOW COLUMNS FROM `qw_felghz` [ RunTime:0.0006s ]
SQL: SELECT `id`,cn_fghz as hzname FROM `qw_felghz` ORDER BY fghzsort  [ RunTime:0.0002s ]
SQL: SHOW COLUMNS FROM `qw_felgtype` [ RunTime:0.0006s ]
SQL: SELECT `id`,cn_fgtypename as fgtypename,cn_hzid as hzid FROM `qw_felgtype` ORDER BY fgtypesort  [ RunTime:0.0003s ]
NOTIC: [8] Undefined variable: languagefghz /www/web/rflinker_com/public_html/new/App/Home/Controller/FeigController.class.php 第 45 行.
SQL: SELECT `id`,cn_fghz as fghz FROM `qw_felghz` ORDER BY fghzsort LIMIT 1   [ RunTime:0.0002s ]
SQL: SELECT `id`,cn_fgtypename as fgtypename,cn_hzid as hzid FROM `qw_felgtype` WHERE ( cn_hzid = 3 ) ORDER BY fgtypesort  [ RunTime:0.0002s ]
SQL: SELECT `id`,cn_ftname as ftname,cn_ftimg as ftimg,cn_fttitle as ftitle,cn_tid as tid FROM `qw_felgproduct` ORDER BY ftsort  [ RunTime:0.0006s ]
INFO: [ view_parse ] --START--
INFO: [ template_filter ] --START--
INFO: Run Behavior\ContentReplaceBehavior [ RunTime:0.000089s ]
INFO: [ template_filter ] --END-- [ RunTime:0.000157s ]
NOTIC: [8] Use of undefined constant Index - assumed 'Index' /www/web/rflinker_com/public_html/new/App/Runtime/Cache/Home/614b3ffa92a2ae5ad11dccce659791e8.php 第 51 行.
NOTIC: [8] Use of undefined constant Vocationlist - assumed 'Vocationlist' /www/web/rflinker_com/public_html/new/App/Runtime/Cache/Home/614b3ffa92a2ae5ad11dccce659791e8.php 第 51 行.
NOTIC: [8] Use of undefined constant Codeinput - assumed 'Codeinput' /www/web/rflinker_com/public_html/new/App/Runtime/Cache/Home/614b3ffa92a2ae5ad11dccce659791e8.php 第 51 行.
NOTIC: [8] Use of undefined constant Aboutus - assumed 'Aboutus' /www/web/rflinker_com/public_html/new/App/Runtime/Cache/Home/614b3ffa92a2ae5ad11dccce659791e8.php 第 51 行.
INFO: Run Behavior\ParseTemplateBehavior [ RunTime:0.016066s ]
INFO: [ view_parse ] --END-- [ RunTime:0.016107s ]
INFO: [ view_filter ] --START--
INFO: Run Behavior\WriteHtmlCacheBehavior [ RunTime:0.000178s ]
INFO: [ view_filter ] --END-- [ RunTime:0.000227s ]
INFO: [ app_end ] --START--
INFO: Run Behavior\ShowPageTraceBehavior [ RunTime:0.000531s ]
INFO: [ app_end ] --END-- [ RunTime:0.000588s ]

[ 2018-06-03T14:52:25+08:00 ] 114.88.67.192 /new/index.php/Home/Feig/Index.html
INFO: [ app_init ] --START--
INFO: Run Behavior\BuildLiteBehavior [ RunTime:0.000014s ]
INFO: [ app_init ] --END-- [ RunTime:0.000327s ]
INFO: [ app_begin ] --START--
INFO: Run Behavior\ReadHtmlCacheBehavior [ RunTime:0.000481s ]
INFO: Run Behavior\CheckLangBehavior [ RunTime:0.000729s ]
INFO: [ app_begin ] --END-- [ RunTime:0.001286s ]
SQL: SHOW COLUMNS FROM `qw_setting` [ RunTime:0.0006s ]
SQL: SELECT `k`,`v` FROM `qw_setting`  [ RunTime:0.0001s ]
SQL: SHOW COLUMNS FROM `qw_felgproduct` [ RunTime:0.0006s ]
SQL: SHOW COLUMNS FROM `qw_rflinkerproduct` [ RunTime:0.0006s ]
SQL: SELECT `id`,cn_ftname as name,`xl_type` FROM `qw_felgproduct` WHERE ( search = 1 ) UNION SELECT id,cn_rrname as name,xl_type FROM qw_rflinkerproduct where search=1 [ RunTime:0.0003s ]
NOTIC: [8] Undefined variable: new_live /www/web/rflinker_com/public_html/new/App/Home/Controller/ComController.class.php 第 65 行.
SQL: SELECT `id`,cn_ftname as name,`xl_type` FROM `qw_felgproduct` UNION SELECT id,cn_rrname as name,xl_type FROM qw_rflinkerproduct  [ RunTime:0.0005s ]
SQL: SHOW COLUMNS FROM `qw_felghz` [ RunTime:0.0005s ]
SQL: SELECT `id`,cn_fghz as hzname FROM `qw_felghz` ORDER BY fghzsort  [ RunTime:0.0002s ]
SQL: SHOW COLUMNS FROM `qw_felgtype` [ RunTime:0.0005s ]
SQL: SELECT `id`,cn_fgtypename as fgtypename,cn_hzid as hzid FROM `qw_felgtype` ORDER BY fgtypesort  [ RunTime:0.0002s ]
NOTIC: [8] Undefined variable: languagefghz /www/web/rflinker_com/public_html/new/App/Home/Controller/FeigController.class.php 第 45 行.
SQL: SELECT `id`,cn_fghz as fghz FROM `qw_felghz` ORDER BY fghzsort LIMIT 1   [ RunTime:0.0001s ]
SQL: SELECT `id`,cn_fgtypename as fgtypename,cn_hzid as hzid FROM `qw_felgtype` WHERE ( cn_hzid = 3 ) ORDER BY fgtypesort  [ RunTime:0.0002s ]
SQL: SELECT `id`,cn_ftname as ftname,cn_ftimg as ftimg,cn_fttitle as ftitle,cn_tid as tid FROM `qw_felgproduct` ORDER BY ftsort  [ RunTime:0.0004s ]
INFO: [ view_parse ] --START--
INFO: [ template_filter ] --START--
INFO: Run Behavior\ContentReplaceBehavior [ RunTime:0.000075s ]
INFO: [ template_filter ] --END-- [ RunTime:0.000118s ]
NOTIC: [8] Use of undefined constant Index - assumed 'Index' /www/web/rflinker_com/public_html/new/App/Runtime/Cache/Home/614b3ffa92a2ae5ad11dccce659791e8.php 第 51 行.
NOTIC: [8] Use of undefined constant Vocationlist - assumed 'Vocationlist' /www/web/rflinker_com/public_html/new/App/Runtime/Cache/Home/614b3ffa92a2ae5ad11dccce659791e8.php 第 51 行.
NOTIC: [8] Use of undefined constant Codeinput - assumed 'Codeinput' /www/web/rflinker_com/public_html/new/App/Runtime/Cache/Home/614b3ffa92a2ae5ad11dccce659791e8.php 第 51 行.
NOTIC: [8] Use of undefined constant Aboutus - assumed 'Aboutus' /www/web/rflinker_com/public_html/new/App/Runtime/Cache/Home/614b3ffa92a2ae5ad11dccce659791e8.php 第 51 行.
INFO: Run Behavior\ParseTemplateBehavior [ RunTime:0.014205s ]
INFO: [ view_parse ] --END-- [ RunTime:0.014247s ]
INFO: [ view_filter ] --START--
INFO: Run Behavior\WriteHtmlCacheBehavior [ RunTime:0.000188s ]
INFO: [ view_filter ] --END-- [ RunTime:0.000224s ]
INFO: [ app_end ] --START--
INFO: Run Behavior\ShowPageTraceBehavior [ RunTime:0.000419s ]
INFO: [ app_end ] --END-- [ RunTime:0.000479s ]

[ 2018-06-03T14:52:29+08:00 ] 114.88.67.192 /new/index.php/Home/Feig/Index/lang/en-us.html
INFO: [ app_init ] --START--
INFO: Run Behavior\BuildLiteBehavior [ RunTime:0.000012s ]
INFO: [ app_init ] --END-- [ RunTime:0.000321s ]
INFO: [ app_begin ] --START--
INFO: Run Behavior\ReadHtmlCacheBehavior [ RunTime:0.000437s ]
INFO: Run Behavior\CheckLangBehavior [ RunTime:0.001467s ]
INFO: [ app_begin ] --END-- [ RunTime:0.001976s ]
SQL: SHOW COLUMNS FROM `qw_setting` [ RunTime:0.0006s ]
SQL: SELECT `k`,`v` FROM `qw_setting`  [ RunTime:0.0002s ]
SQL: SHOW COLUMNS FROM `qw_felgproduct` [ RunTime:0.0006s ]
SQL: SHOW COLUMNS FROM `qw_rflinkerproduct` [ RunTime:0.0006s ]
SQL: SELECT `id`,en_ftname as name,`xl_type` FROM `qw_felgproduct` WHERE ( search = 1 ) UNION SELECT id,en_rrname as name,xl_type FROM qw_rflinkerproduct where search=1 [ RunTime:0.0003s ]
NOTIC: [8] Undefined variable: new_live /www/web/rflinker_com/public_html/new/App/Home/Controller/ComController.class.php 第 65 行.
SQL: SELECT `id`,en_ftname as name,`xl_type` FROM `qw_felgproduct` UNION SELECT id,en_rrname as name,xl_type FROM qw_rflinkerproduct  [ RunTime:0.0005s ]
SQL: SHOW COLUMNS FROM `qw_felghz` [ RunTime:0.0005s ]
SQL: SELECT `id`,en_fghz as hzname FROM `qw_felghz` ORDER BY fghzsort  [ RunTime:0.0002s ]
SQL: SHOW COLUMNS FROM `qw_felgtype` [ RunTime:0.0005s ]
SQL: SELECT `id`,en_fgtypename as fgtypename,en_hzid as hzid FROM `qw_felgtype` ORDER BY fgtypesort  [ RunTime:0.0002s ]
NOTIC: [8] Undefined variable: languagefghz /www/web/rflinker_com/public_html/new/App/Home/Controller/FeigController.class.php 第 45 行.
SQL: SELECT `id`,en_fghz as fghz FROM `qw_felghz` ORDER BY fghzsort LIMIT 1   [ RunTime:0.0001s ]
SQL: SELECT `id`,en_fgtypename as fgtypename,en_hzid as hzid FROM `qw_felgtype` WHERE ( en_hzid = 3 ) ORDER BY fgtypesort  [ RunTime:0.0002s ]
SQL: SELECT `id`,en_ftname as ftname,en_ftimg as ftimg,en_fttitle as ftitle,en_tid as tid FROM `qw_felgproduct` ORDER BY ftsort  [ RunTime:0.0005s ]
INFO: [ view_parse ] --START--
INFO: [ template_filter ] --START--
INFO: Run Behavior\ContentReplaceBehavior [ RunTime:0.000092s ]
INFO: [ template_filter ] --END-- [ RunTime:0.000136s ]
NOTIC: [8] Use of undefined constant Index - assumed 'Index' /www/web/rflinker_com/public_html/new/App/Runtime/Cache/Home/614b3ffa92a2ae5ad11dccce659791e8.php 第 51 行.
NOTIC: [8] Use of undefined constant Vocationlist - assumed 'Vocationlist' /www/web/rflinker_com/public_html/new/App/Runtime/Cache/Home/614b3ffa92a2ae5ad11dccce659791e8.php 第 51 行.
NOTIC: [8] Use of undefined constant Codeinput - assumed 'Codeinput' /www/web/rflinker_com/public_html/new/App/Runtime/Cache/Home/614b3ffa92a2ae5ad11dccce659791e8.php 第 51 行.
NOTIC: [8] Use of undefined constant Aboutus - assumed 'Aboutus' /www/web/rflinker_com/public_html/new/App/Runtime/Cache/Home/614b3ffa92a2ae5ad11dccce659791e8.php 第 51 行.
INFO: Run Behavior\ParseTemplateBehavior [ RunTime:0.014933s ]
INFO: [ view_parse ] --END-- [ RunTime:0.014975s ]
INFO: [ view_filter ] --START--
INFO: Run Behavior\WriteHtmlCacheBehavior [ RunTime:0.000192s ]
INFO: [ view_filter ] --END-- [ RunTime:0.000228s ]
INFO: [ app_end ] --START--
INFO: Run Behavior\ShowPageTraceBehavior [ RunTime:0.000485s ]
INFO: [ app_end ] --END-- [ RunTime:0.000531s ]

[ 2018-06-03T15:27:46+08:00 ] 203.208.60.173 /new/index.php/Home/Aboutus/Index.html
INFO: [ app_init ] --START--
INFO: Run Behavior\BuildLiteBehavior [ RunTime:0.000012s ]
INFO: [ app_init ] --END-- [ RunTime:0.000363s ]
INFO: [ app_begin ] --START--
INFO: Run Behavior\ReadHtmlCacheBehavior [ RunTime:0.000416s ]
INFO: Run Behavior\CheckLangBehavior [ RunTime:0.000713s ]
INFO: [ app_begin ] --END-- [ RunTime:0.001206s ]
SQL: SHOW COLUMNS FROM `qw_setting` [ RunTime:0.0006s ]
SQL: SELECT `k`,`v` FROM `qw_setting`  [ RunTime:0.0001s ]
SQL: SHOW COLUMNS FROM `qw_felgproduct` [ RunTime:0.0006s ]
SQL: SHOW COLUMNS FROM `qw_rflinkerproduct` [ RunTime:0.0006s ]
SQL: SELECT `id`,cn_ftname as name,`xl_type` FROM `qw_felgproduct` WHERE ( search = 1 ) UNION SELECT id,cn_rrname as name,xl_type FROM qw_rflinkerproduct where search=1 [ RunTime:0.0003s ]
NOTIC: [8] Undefined variable: new_live /www/web/rflinker_com/public_html/new/App/Home/Controller/ComController.class.php 第 65 行.
SQL: SELECT `id`,cn_ftname as name,`xl_type` FROM `qw_felgproduct` UNION SELECT id,cn_rrname as name,xl_type FROM qw_rflinkerproduct  [ RunTime:0.0004s ]
INFO: [ view_parse ] --START--
INFO: [ template_filter ] --START--
INFO: Run Behavior\ContentReplaceBehavior [ RunTime:0.000063s ]
INFO: [ template_filter ] --END-- [ RunTime:0.000105s ]
NOTIC: [8] Use of undefined constant Index - assumed 'Index' /www/web/rflinker_com/public_html/new/App/Runtime/Cache/Home/6d9195a7ccbe058f45cf16e69b231bd7.php 第 36 行.
NOTIC: [8] Use of undefined constant Vocationlist - assumed 'Vocationlist' /www/web/rflinker_com/public_html/new/App/Runtime/Cache/Home/6d9195a7ccbe058f45cf16e69b231bd7.php 第 36 行.
NOTIC: [8] Use of undefined constant Codeinput - assumed 'Codeinput' /www/web/rflinker_com/public_html/new/App/Runtime/Cache/Home/6d9195a7ccbe058f45cf16e69b231bd7.php 第 36 行.
NOTIC: [8] Use of undefined constant Aboutus - assumed 'Aboutus' /www/web/rflinker_com/public_html/new/App/Runtime/Cache/Home/6d9195a7ccbe058f45cf16e69b231bd7.php 第 36 行.
INFO: Run Behavior\ParseTemplateBehavior [ RunTime:0.009699s ]
INFO: [ view_parse ] --END-- [ RunTime:0.009740s ]
INFO: [ view_filter ] --START--
INFO: Run Behavior\WriteHtmlCacheBehavior [ RunTime:0.000194s ]
INFO: [ view_filter ] --END-- [ RunTime:0.000228s ]
INFO: [ app_end ] --START--
INFO: Run Behavior\ShowPageTraceBehavior [ RunTime:0.000417s ]
INFO: [ app_end ] --END-- [ RunTime:0.000475s ]

