[ 2018-06-01T00:47:01+08:00 ] 54.36.148.104 /new/index.php/Home/Index/Index.html
INFO: [ app_init ] --START--
INFO: Run Behavior\BuildLiteBehavior [ RunTime:0.000012s ]
INFO: [ app_init ] --END-- [ RunTime:0.000325s ]
INFO: [ app_begin ] --START--
INFO: Run Behavior\ReadHtmlCacheBehavior [ RunTime:0.000435s ]
INFO: Run Behavior\CheckLangBehavior [ RunTime:0.000720s ]
INFO: [ app_begin ] --END-- [ RunTime:0.001227s ]
SQL: SHOW COLUMNS FROM `qw_setting` [ RunTime:0.0006s ]
SQL: SELECT `k`,`v` FROM `qw_setting`  [ RunTime:0.0001s ]
SQL: SHOW COLUMNS FROM `qw_felgproduct` [ RunTime:0.0006s ]
SQL: SHOW COLUMNS FROM `qw_rflinkerproduct` [ RunTime:0.0006s ]
SQL: SELECT `id`,cn_ftname as name,`xl_type` FROM `qw_felgproduct` WHERE ( search = 1 ) UNION SELECT id,cn_rrname as name,xl_type FROM qw_rflinkerproduct where search=1 [ RunTime:0.0003s ]
NOTIC: [8] Undefined variable: new_live /www/web/rflinker_com/public_html/new/App/Home/Controller/ComController.class.php 第 65 行.
SQL: SELECT `id`,cn_ftname as name,`xl_type` FROM `qw_felgproduct` UNION SELECT id,cn_rrname as name,xl_type FROM qw_rflinkerproduct  [ RunTime:0.0004s ]
SQL: SHOW COLUMNS FROM `qw_indexshow` [ RunTime:0.0005s ]
SQL: SELECT `id`,cn_fghzname as fghzname,cn_fghzshow as fghzshow,cn_rrhzname as rrhzname,cn_rrhzshow as rrhzshow,cn_tjhzname as tjhzname,cn_tjhzshow as tjhzshow FROM `qw_indexshow` LIMIT 1   [ RunTime:0.0002s ]
SQL: SHOW COLUMNS FROM `qw_flashview` [ RunTime:0.0005s ]
SQL: SELECT `id`,cn_flashviewpc as flashviewpc,cn_title as title,cn_fwshowpc as fwshowpc,cn_fwlink as fwlink,`fwsort`,cn_name as name FROM `qw_flashview` ORDER BY fwsort  [ RunTime:0.0002s ]
SQL: SHOW COLUMNS FROM `qw_felghz` [ RunTime:0.0004s ]
SQL: SELECT `id`,cn_fghz as fghz,cn_fghztitle as fghztitle,cn_fghzimg as fghzimg,`fghzsort` FROM `qw_felghz` ORDER BY fghzsort LIMIT 4   [ RunTime:0.0002s ]
SQL: SHOW COLUMNS FROM `qw_felgtype` [ RunTime:0.0004s ]
SQL: SELECT * FROM `qw_felgtype` WHERE ( cn_hzid = 3 ) ORDER BY fgtypesort LIMIT 1   [ RunTime:0.0002s ]
SQL: SELECT * FROM `qw_felgtype` WHERE ( cn_hzid = 4 ) ORDER BY fgtypesort LIMIT 1   [ RunTime:0.0001s ]
SQL: SELECT * FROM `qw_felgtype` WHERE ( cn_hzid = 5 ) ORDER BY fgtypesort LIMIT 1   [ RunTime:0.0001s ]
SQL: SHOW COLUMNS FROM `qw_rflinkerhz` [ RunTime:0.0005s ]
SQL: SELECT `id`,cn_rflinkerhz as rflinkerhz,cn_rrtitle as rrtitle,cn_rrimg as rrimg,`rrsort` FROM `qw_rflinkerhz` ORDER BY rrsort LIMIT 4   [ RunTime:0.0002s ]
SQL: SHOW COLUMNS FROM `qw_tuijian` [ RunTime:0.0005s ]
SQL: SELECT `id`,cn_felgname as felgname,cn_rrname as rrname,`type`,`tjsotr` FROM `qw_tuijian` ORDER BY tjsotr  [ RunTime:0.0002s ]
SQL: SHOW COLUMNS FROM `qw_industry` [ RunTime:0.0007s ]
SQL: SELECT `id`,cn_imgiy as imgiy,`iysort`,cn_nameiy as nameiy,cn_title as title FROM `qw_industry` ORDER BY iysort LIMIT 4   [ RunTime:0.0002s ]
INFO: [ view_parse ] --START--
INFO: [ template_filter ] --START--
INFO: Run Behavior\ContentReplaceBehavior [ RunTime:0.000096s ]
INFO: [ template_filter ] --END-- [ RunTime:0.000140s ]
NOTIC: [8] Use of undefined constant Index - assumed 'Index' /www/web/rflinker_com/public_html/new/App/Runtime/Cache/Home/3da8682377a51f4116c98bfda6b18a92.php 第 1 行.
NOTIC: [8] Use of undefined constant Vocationlist - assumed 'Vocationlist' /www/web/rflinker_com/public_html/new/App/Runtime/Cache/Home/3da8682377a51f4116c98bfda6b18a92.php 第 1 行.
NOTIC: [8] Use of undefined constant Codeinput - assumed 'Codeinput' /www/web/rflinker_com/public_html/new/App/Runtime/Cache/Home/3da8682377a51f4116c98bfda6b18a92.php 第 1 行.
NOTIC: [8] Use of undefined constant Aboutus - assumed 'Aboutus' /www/web/rflinker_com/public_html/new/App/Runtime/Cache/Home/3da8682377a51f4116c98bfda6b18a92.php 第 1 行.
NOTIC: [8] Undefined index: typeid /www/web/rflinker_com/public_html/new/App/Runtime/Cache/Home/3da8682377a51f4116c98bfda6b18a92.php 第 1 行.
NOTIC: [8] Undefined index: typeid /www/web/rflinker_com/public_html/new/App/Runtime/Cache/Home/3da8682377a51f4116c98bfda6b18a92.php 第 1 行.
INFO: Run Behavior\ParseTemplateBehavior [ RunTime:0.015612s ]
INFO: [ view_parse ] --END-- [ RunTime:0.015653s ]
INFO: [ view_filter ] --START--
INFO: Run Behavior\WriteHtmlCacheBehavior [ RunTime:0.000175s ]
INFO: [ view_filter ] --END-- [ RunTime:0.000207s ]
INFO: [ app_end ] --START--
INFO: Run Behavior\ShowPageTraceBehavior [ RunTime:0.000422s ]
INFO: [ app_end ] --END-- [ RunTime:0.000479s ]

[ 2018-06-01T04:43:21+08:00 ] 54.36.149.54 /new/index.php/Home/Feighztype/Index.html?typeid=&fid=3
INFO: [ app_init ] --START--
INFO: Run Behavior\BuildLiteBehavior [ RunTime:0.000012s ]
INFO: [ app_init ] --END-- [ RunTime:0.000328s ]
INFO: [ app_begin ] --START--
INFO: Run Behavior\ReadHtmlCacheBehavior [ RunTime:0.000451s ]
INFO: Run Behavior\CheckLangBehavior [ RunTime:0.001009s ]
INFO: [ app_begin ] --END-- [ RunTime:0.001538s ]
SQL: SHOW COLUMNS FROM `qw_setting` [ RunTime:0.0006s ]
SQL: SELECT `k`,`v` FROM `qw_setting`  [ RunTime:0.0001s ]
SQL: SHOW COLUMNS FROM `qw_felgproduct` [ RunTime:0.0007s ]
SQL: SHOW COLUMNS FROM `qw_rflinkerproduct` [ RunTime:0.0007s ]
SQL: SELECT `id`,cn_ftname as name,`xl_type` FROM `qw_felgproduct` WHERE ( search = 1 ) UNION SELECT id,cn_rrname as name,xl_type FROM qw_rflinkerproduct where search=1 [ RunTime:0.0003s ]
NOTIC: [8] Undefined variable: new_live /www/web/rflinker_com/public_html/new/App/Home/Controller/ComController.class.php 第 65 行.
SQL: SELECT `id`,cn_ftname as name,`xl_type` FROM `qw_felgproduct` UNION SELECT id,cn_rrname as name,xl_type FROM qw_rflinkerproduct  [ RunTime:0.0005s ]
SQL: SHOW COLUMNS FROM `qw_felghz` [ RunTime:0.0005s ]
SQL: SELECT `id`,cn_fghz as hzname FROM `qw_felghz` ORDER BY fghzsort  [ RunTime:0.0002s ]
SQL: SHOW COLUMNS FROM `qw_felgtype` [ RunTime:0.0005s ]
SQL: SELECT `id`,cn_fgtypename as fgtypename,cn_hzid as hzid FROM `qw_felgtype` ORDER BY fgtypesort  [ RunTime:0.0002s ]
SQL: SELECT `id`,cn_fgtypename as fgtypename,cn_hzid as hzid FROM `qw_felgtype` WHERE ( cn_hzid = 3 ) ORDER BY fgtypesort  [ RunTime:0.0002s ]
SQL: SELECT `id`,cn_ftname as ftname,cn_ftimg as ftimg,cn_fttitle as ftitle,cn_tid as tid FROM `qw_felgproduct` ORDER BY ftsort asc  [ RunTime:0.0004s ]
INFO: [ view_parse ] --START--
INFO: [ template_filter ] --START--
INFO: Run Behavior\ContentReplaceBehavior [ RunTime:0.000077s ]
INFO: [ template_filter ] --END-- [ RunTime:0.000126s ]
NOTIC: [8] Use of undefined constant Index - assumed 'Index' /www/web/rflinker_com/public_html/new/App/Runtime/Cache/Home/845a70765d00bfebd23f9861d8bbc09e.php 第 57 行.
NOTIC: [8] Use of undefined constant Vocationlist - assumed 'Vocationlist' /www/web/rflinker_com/public_html/new/App/Runtime/Cache/Home/845a70765d00bfebd23f9861d8bbc09e.php 第 57 行.
NOTIC: [8] Use of undefined constant Codeinput - assumed 'Codeinput' /www/web/rflinker_com/public_html/new/App/Runtime/Cache/Home/845a70765d00bfebd23f9861d8bbc09e.php 第 57 行.
NOTIC: [8] Use of undefined constant Aboutus - assumed 'Aboutus' /www/web/rflinker_com/public_html/new/App/Runtime/Cache/Home/845a70765d00bfebd23f9861d8bbc09e.php 第 57 行.
INFO: Run Behavior\ParseTemplateBehavior [ RunTime:0.016975s ]
INFO: [ view_parse ] --END-- [ RunTime:0.017051s ]
INFO: [ view_filter ] --START--
INFO: Run Behavior\WriteHtmlCacheBehavior [ RunTime:0.000186s ]
INFO: [ view_filter ] --END-- [ RunTime:0.000219s ]
INFO: [ app_end ] --START--
INFO: Run Behavior\ShowPageTraceBehavior [ RunTime:0.000443s ]
INFO: [ app_end ] --END-- [ RunTime:0.000514s ]

