[ 2018-06-19T10:16:49+08:00 ] ::1 /newrflinker/
INFO: [ app_init ] --START--
INFO: Run Behavior\BuildLiteBehavior [ RunTime:0.000176s ]
INFO: [ app_init ] --END-- [ RunTime:0.047745s ]
INFO: [ app_begin ] --START--
INFO: Run Behavior\ReadHtmlCacheBehavior [ RunTime:0.052012s ]
INFO: Run Behavior\CheckLangBehavior [ RunTime:0.079617s ]
INFO: [ app_begin ] --END-- [ RunTime:0.132033s ]
SQL: SHOW COLUMNS FROM `qw_setting` [ RunTime:0.0825s ]
SQL: SELECT `k`,`v` FROM `qw_setting`  [ RunTime:0.0018s ]
SQL: SHOW COLUMNS FROM `qw_felgproduct` [ RunTime:0.0373s ]
SQL: SHOW COLUMNS FROM `qw_rflinkerproduct` [ RunTime:0.0440s ]
SQL: SELECT `id`,cn_ftname as name,`xl_type` FROM `qw_felgproduct` WHERE ( search = 1 ) UNION SELECT id,cn_rrname as name,xl_type FROM qw_rflinkerproduct where search=1 [ RunTime:0.0333s ]
NOTIC: [8] Undefined variable: new_live D:\Program Files (x86)\wamp\www\newrflinker\App\Home\Controller\ComController.class.php 第 65 行.
SQL: SELECT `id`,cn_ftname as name,`xl_type` FROM `qw_felgproduct` UNION SELECT id,cn_rrname as name,xl_type FROM qw_rflinkerproduct  [ RunTime:0.0088s ]
SQL: SHOW COLUMNS FROM `qw_indexshow` [ RunTime:0.0386s ]
SQL: SELECT `id`,cn_fghzname as fghzname,cn_fghzshow as fghzshow,cn_rrhzname as rrhzname,cn_rrhzshow as rrhzshow,cn_tjhzname as tjhzname,cn_tjhzshow as tjhzshow FROM `qw_indexshow` LIMIT 1   [ RunTime:0.0025s ]
SQL: SHOW COLUMNS FROM `qw_flashview` [ RunTime:0.0284s ]
SQL: SELECT `id`,cn_flashviewpc as flashviewpc,cn_title as title,cn_fwshowpc as fwshowpc,cn_fwlink as fwlink,`fwsort`,cn_name as name FROM `qw_flashview` ORDER BY fwsort  [ RunTime:0.0038s ]
SQL: SHOW COLUMNS FROM `qw_felghz` [ RunTime:0.0349s ]
SQL: SELECT `id`,cn_fghz as fghz,cn_fghztitle as fghztitle,cn_fghzimg as fghzimg,`fghzsort` FROM `qw_felghz` ORDER BY fghzsort LIMIT 4   [ RunTime:0.0056s ]
SQL: SHOW COLUMNS FROM `qw_felgtype` [ RunTime:0.0244s ]
SQL: SELECT * FROM `qw_felgtype` WHERE ( cn_hzid = 3 ) ORDER BY fgtypesort LIMIT 1   [ RunTime:0.0019s ]
SQL: SELECT * FROM `qw_felgtype` WHERE ( cn_hzid = 4 ) ORDER BY fgtypesort LIMIT 1   [ RunTime:0.0004s ]
SQL: SELECT * FROM `qw_felgtype` WHERE ( cn_hzid = 5 ) ORDER BY fgtypesort LIMIT 1   [ RunTime:0.0004s ]
SQL: SHOW COLUMNS FROM `qw_rflinkerhz` [ RunTime:0.0313s ]
SQL: SELECT `id`,cn_rflinkerhz as rflinkerhz,cn_rrtitle as rrtitle,cn_rrimg as rrimg,`rrsort` FROM `qw_rflinkerhz` ORDER BY rrsort LIMIT 4   [ RunTime:0.0035s ]
SQL: SHOW COLUMNS FROM `qw_tuijian` [ RunTime:0.0309s ]
SQL: SELECT `id`,cn_felgname as felgname,cn_rrname as rrname,`type`,`tjsotr` FROM `qw_tuijian` ORDER BY tjsotr  [ RunTime:0.0033s ]
SQL: SHOW COLUMNS FROM `qw_industry` [ RunTime:0.0303s ]
SQL: SELECT `id`,cn_imgiy as imgiy,`iysort`,cn_nameiy as nameiy,cn_title as title FROM `qw_industry` ORDER BY iysort LIMIT 4   [ RunTime:0.0042s ]
INFO: [ view_parse ] --START--
INFO: [ template_filter ] --START--
INFO: Run Behavior\ContentReplaceBehavior [ RunTime:0.000799s ]
INFO: [ template_filter ] --END-- [ RunTime:0.002463s ]
NOTIC: [8] Undefined variable: commom_field D:\Program Files (x86)\wamp\www\newrflinker\App\Runtime\Cache\Home\3da8682377a51f4116c98bfda6b18a92.php 第 67 行.
NOTIC: [8] Undefined variable: commom_field D:\Program Files (x86)\wamp\www\newrflinker\App\Runtime\Cache\Home\3da8682377a51f4116c98bfda6b18a92.php 第 67 行.
NOTIC: [8] Use of undefined constant Index - assumed 'Index' D:\Program Files (x86)\wamp\www\newrflinker\App\Runtime\Cache\Home\3da8682377a51f4116c98bfda6b18a92.php 第 68 行.
NOTIC: [8] Use of undefined constant Vocationlist - assumed 'Vocationlist' D:\Program Files (x86)\wamp\www\newrflinker\App\Runtime\Cache\Home\3da8682377a51f4116c98bfda6b18a92.php 第 77 行.
NOTIC: [8] Use of undefined constant Codeinput - assumed 'Codeinput' D:\Program Files (x86)\wamp\www\newrflinker\App\Runtime\Cache\Home\3da8682377a51f4116c98bfda6b18a92.php 第 78 行.
NOTIC: [8] Use of undefined constant Aboutus - assumed 'Aboutus' D:\Program Files (x86)\wamp\www\newrflinker\App\Runtime\Cache\Home\3da8682377a51f4116c98bfda6b18a92.php 第 79 行.
NOTIC: [8] Undefined index: typeid D:\Program Files (x86)\wamp\www\newrflinker\App\Runtime\Cache\Home\3da8682377a51f4116c98bfda6b18a92.php 第 119 行.
NOTIC: [8] Undefined index: typeid D:\Program Files (x86)\wamp\www\newrflinker\App\Runtime\Cache\Home\3da8682377a51f4116c98bfda6b18a92.php 第 119 行.
INFO: Run Behavior\ParseTemplateBehavior [ RunTime:0.487870s ]
INFO: [ view_parse ] --END-- [ RunTime:0.488108s ]
INFO: [ view_filter ] --START--
INFO: Run Behavior\WriteHtmlCacheBehavior [ RunTime:0.030118s ]
INFO: [ view_filter ] --END-- [ RunTime:0.030544s ]
INFO: [ app_end ] --START--
INFO: Run Behavior\ShowPageTraceBehavior [ RunTime:0.032538s ]
INFO: [ app_end ] --END-- [ RunTime:0.033085s ]

[ 2018-06-19T10:22:59+08:00 ] ::1 /newrflinker/
INFO: [ app_init ] --START--
INFO: Run Behavior\BuildLiteBehavior [ RunTime:0.000045s ]
INFO: [ app_init ] --END-- [ RunTime:0.000748s ]
INFO: [ app_begin ] --START--
INFO: Run Behavior\ReadHtmlCacheBehavior [ RunTime:0.001381s ]
INFO: Run Behavior\CheckLangBehavior [ RunTime:0.001842s ]
INFO: [ app_begin ] --END-- [ RunTime:0.003630s ]
SQL: SHOW COLUMNS FROM `qw_setting` [ RunTime:0.0255s ]
SQL: SELECT `k`,`v` FROM `qw_setting`  [ RunTime:0.0004s ]
SQL: SHOW COLUMNS FROM `qw_felgproduct` [ RunTime:0.0183s ]
SQL: SHOW COLUMNS FROM `qw_rflinkerproduct` [ RunTime:0.0146s ]
SQL: SELECT `id`,cn_ftname as name,`xl_type` FROM `qw_felgproduct` WHERE ( search = 1 ) UNION SELECT id,cn_rrname as name,xl_type FROM qw_rflinkerproduct where search=1 [ RunTime:0.0009s ]
NOTIC: [8] Undefined variable: new_live D:\Program Files (x86)\wamp\www\newrflinker\App\Home\Controller\ComController.class.php 第 65 行.
SQL: SELECT `id`,cn_ftname as name,`xl_type` FROM `qw_felgproduct` UNION SELECT id,cn_rrname as name,xl_type FROM qw_rflinkerproduct  [ RunTime:0.0016s ]
SQL: SHOW COLUMNS FROM `qw_indexshow` [ RunTime:0.0243s ]
SQL: SELECT `id`,cn_fghzname as fghzname,cn_fghzshow as fghzshow,cn_rrhzname as rrhzname,cn_rrhzshow as rrhzshow,cn_tjhzname as tjhzname,cn_tjhzshow as tjhzshow FROM `qw_indexshow` LIMIT 1   [ RunTime:0.0006s ]
SQL: SHOW COLUMNS FROM `qw_flashview` [ RunTime:0.0145s ]
SQL: SELECT `id`,cn_flashviewpc as flashviewpc,cn_title as title,cn_fwshowpc as fwshowpc,cn_fwlink as fwlink,`fwsort`,cn_name as name FROM `qw_flashview` ORDER BY fwsort  [ RunTime:0.0005s ]
SQL: SHOW COLUMNS FROM `qw_felghz` [ RunTime:0.0148s ]
SQL: SELECT `id`,cn_fghz as fghz,cn_fghztitle as fghztitle,cn_fghzimg as fghzimg,`fghzsort` FROM `qw_felghz` ORDER BY fghzsort LIMIT 4   [ RunTime:0.0005s ]
SQL: SHOW COLUMNS FROM `qw_felgtype` [ RunTime:0.0151s ]
SQL: SELECT * FROM `qw_felgtype` WHERE ( cn_hzid = 3 ) ORDER BY fgtypesort LIMIT 1   [ RunTime:0.0005s ]
SQL: SELECT * FROM `qw_felgtype` WHERE ( cn_hzid = 4 ) ORDER BY fgtypesort LIMIT 1   [ RunTime:0.0004s ]
SQL: SELECT * FROM `qw_felgtype` WHERE ( cn_hzid = 5 ) ORDER BY fgtypesort LIMIT 1   [ RunTime:0.0004s ]
SQL: SHOW COLUMNS FROM `qw_rflinkerhz` [ RunTime:0.0200s ]
SQL: SELECT `id`,cn_rflinkerhz as rflinkerhz,cn_rrtitle as rrtitle,cn_rrimg as rrimg,`rrsort` FROM `qw_rflinkerhz` ORDER BY rrsort LIMIT 4   [ RunTime:0.0005s ]
SQL: SHOW COLUMNS FROM `qw_tuijian` [ RunTime:0.0157s ]
SQL: SELECT `id`,cn_felgname as felgname,cn_rrname as rrname,`type`,`tjsotr` FROM `qw_tuijian` ORDER BY tjsotr  [ RunTime:0.0007s ]
SQL: SHOW COLUMNS FROM `qw_industry` [ RunTime:0.0191s ]
SQL: SELECT `id`,cn_imgiy as imgiy,`iysort`,cn_nameiy as nameiy,cn_title as title FROM `qw_industry` ORDER BY iysort LIMIT 4   [ RunTime:0.0007s ]
INFO: [ view_parse ] --START--
INFO: [ template_filter ] --START--
INFO: Run Behavior\ContentReplaceBehavior [ RunTime:0.000287s ]
INFO: [ template_filter ] --END-- [ RunTime:0.000506s ]
NOTIC: [8] Undefined variable: commom_field D:\Program Files (x86)\wamp\www\newrflinker\App\Runtime\Cache\Home\3da8682377a51f4116c98bfda6b18a92.php 第 67 行.
NOTIC: [8] Undefined variable: commom_field D:\Program Files (x86)\wamp\www\newrflinker\App\Runtime\Cache\Home\3da8682377a51f4116c98bfda6b18a92.php 第 67 行.
NOTIC: [8] Use of undefined constant Index - assumed 'Index' D:\Program Files (x86)\wamp\www\newrflinker\App\Runtime\Cache\Home\3da8682377a51f4116c98bfda6b18a92.php 第 68 行.
NOTIC: [8] Use of undefined constant Vocationlist - assumed 'Vocationlist' D:\Program Files (x86)\wamp\www\newrflinker\App\Runtime\Cache\Home\3da8682377a51f4116c98bfda6b18a92.php 第 77 行.
NOTIC: [8] Use of undefined constant Codeinput - assumed 'Codeinput' D:\Program Files (x86)\wamp\www\newrflinker\App\Runtime\Cache\Home\3da8682377a51f4116c98bfda6b18a92.php 第 78 行.
NOTIC: [8] Use of undefined constant Aboutus - assumed 'Aboutus' D:\Program Files (x86)\wamp\www\newrflinker\App\Runtime\Cache\Home\3da8682377a51f4116c98bfda6b18a92.php 第 79 行.
NOTIC: [8] Undefined index: typeid D:\Program Files (x86)\wamp\www\newrflinker\App\Runtime\Cache\Home\3da8682377a51f4116c98bfda6b18a92.php 第 119 行.
NOTIC: [8] Undefined index: typeid D:\Program Files (x86)\wamp\www\newrflinker\App\Runtime\Cache\Home\3da8682377a51f4116c98bfda6b18a92.php 第 119 行.
INFO: Run Behavior\ParseTemplateBehavior [ RunTime:0.209833s ]
INFO: [ view_parse ] --END-- [ RunTime:0.210069s ]
INFO: [ view_filter ] --START--
INFO: Run Behavior\WriteHtmlCacheBehavior [ RunTime:0.000733s ]
INFO: [ view_filter ] --END-- [ RunTime:0.000938s ]
INFO: [ app_end ] --START--
INFO: Run Behavior\ShowPageTraceBehavior [ RunTime:0.001590s ]
INFO: [ app_end ] --END-- [ RunTime:0.002248s ]

[ 2018-06-19T10:26:57+08:00 ] ::1 /newrflinker/
INFO: [ app_init ] --START--
INFO: Run Behavior\BuildLiteBehavior [ RunTime:0.000047s ]
INFO: [ app_init ] --END-- [ RunTime:0.000778s ]
INFO: [ app_begin ] --START--
INFO: Run Behavior\ReadHtmlCacheBehavior [ RunTime:0.001035s ]
INFO: Run Behavior\CheckLangBehavior [ RunTime:0.001845s ]
INFO: [ app_begin ] --END-- [ RunTime:0.003675s ]
SQL: SHOW COLUMNS FROM `qw_setting` [ RunTime:0.0205s ]
SQL: SELECT `k`,`v` FROM `qw_setting`  [ RunTime:0.0004s ]
SQL: SHOW COLUMNS FROM `qw_felgproduct` [ RunTime:0.0202s ]
SQL: SHOW COLUMNS FROM `qw_rflinkerproduct` [ RunTime:0.0182s ]
SQL: SELECT `id`,cn_ftname as name,`xl_type` FROM `qw_felgproduct` WHERE ( search = 1 ) UNION SELECT id,cn_rrname as name,xl_type FROM qw_rflinkerproduct where search=1 [ RunTime:0.0011s ]
NOTIC: [8] Undefined variable: new_live D:\Program Files (x86)\wamp\www\newrflinker\App\Home\Controller\ComController.class.php 第 65 行.
SQL: SELECT `id`,cn_ftname as name,`xl_type` FROM `qw_felgproduct` UNION SELECT id,cn_rrname as name,xl_type FROM qw_rflinkerproduct  [ RunTime:0.0016s ]
SQL: SHOW COLUMNS FROM `qw_indexshow` [ RunTime:0.0151s ]
SQL: SELECT `id`,cn_fghzname as fghzname,cn_fghzshow as fghzshow,cn_rrhzname as rrhzname,cn_rrhzshow as rrhzshow,cn_tjhzname as tjhzname,cn_tjhzshow as tjhzshow FROM `qw_indexshow` LIMIT 1   [ RunTime:0.0004s ]
SQL: SHOW COLUMNS FROM `qw_flashview` [ RunTime:0.0194s ]
SQL: SELECT `id`,cn_flashviewpc as flashviewpc,cn_title as title,cn_fwshowpc as fwshowpc,cn_fwlink as fwlink,`fwsort`,cn_name as name FROM `qw_flashview` ORDER BY fwsort  [ RunTime:0.0005s ]
SQL: SHOW COLUMNS FROM `qw_felghz` [ RunTime:0.0194s ]
SQL: SELECT `id`,cn_fghz as fghz,cn_fghztitle as fghztitle,cn_fghzimg as fghzimg,`fghzsort` FROM `qw_felghz` ORDER BY fghzsort LIMIT 4   [ RunTime:0.0006s ]
SQL: SHOW COLUMNS FROM `qw_felgtype` [ RunTime:0.0178s ]
SQL: SELECT * FROM `qw_felgtype` WHERE ( cn_hzid = 3 ) ORDER BY fgtypesort LIMIT 1   [ RunTime:0.0005s ]
SQL: SELECT * FROM `qw_felgtype` WHERE ( cn_hzid = 4 ) ORDER BY fgtypesort LIMIT 1   [ RunTime:0.0004s ]
SQL: SELECT * FROM `qw_felgtype` WHERE ( cn_hzid = 5 ) ORDER BY fgtypesort LIMIT 1   [ RunTime:0.0004s ]
SQL: SHOW COLUMNS FROM `qw_rflinkerhz` [ RunTime:0.0154s ]
SQL: SELECT `id`,cn_rflinkerhz as rflinkerhz,cn_rrtitle as rrtitle,cn_rrimg as rrimg,`rrsort` FROM `qw_rflinkerhz` ORDER BY rrsort LIMIT 4   [ RunTime:0.0004s ]
SQL: SHOW COLUMNS FROM `qw_tuijian` [ RunTime:0.0147s ]
SQL: SELECT `id`,cn_felgname as felgname,cn_rrname as rrname,`type`,`tjsotr` FROM `qw_tuijian` ORDER BY tjsotr  [ RunTime:0.0008s ]
SQL: SHOW COLUMNS FROM `qw_industry` [ RunTime:0.0155s ]
SQL: SELECT `id`,cn_imgiy as imgiy,`iysort`,cn_nameiy as nameiy,cn_title as title FROM `qw_industry` ORDER BY iysort LIMIT 4   [ RunTime:0.0005s ]
INFO: [ view_parse ] --START--
INFO: [ template_filter ] --START--
INFO: Run Behavior\ContentReplaceBehavior [ RunTime:0.000287s ]
INFO: [ template_filter ] --END-- [ RunTime:0.000504s ]
NOTIC: [8] Undefined variable: commom_field D:\Program Files (x86)\wamp\www\newrflinker\App\Runtime\Cache\Home\3da8682377a51f4116c98bfda6b18a92.php 第 67 行.
NOTIC: [8] Undefined variable: commom_field D:\Program Files (x86)\wamp\www\newrflinker\App\Runtime\Cache\Home\3da8682377a51f4116c98bfda6b18a92.php 第 67 行.
NOTIC: [8] Use of undefined constant Index - assumed 'Index' D:\Program Files (x86)\wamp\www\newrflinker\App\Runtime\Cache\Home\3da8682377a51f4116c98bfda6b18a92.php 第 68 行.
NOTIC: [8] Use of undefined constant Vocationlist - assumed 'Vocationlist' D:\Program Files (x86)\wamp\www\newrflinker\App\Runtime\Cache\Home\3da8682377a51f4116c98bfda6b18a92.php 第 77 行.
NOTIC: [8] Use of undefined constant Codeinput - assumed 'Codeinput' D:\Program Files (x86)\wamp\www\newrflinker\App\Runtime\Cache\Home\3da8682377a51f4116c98bfda6b18a92.php 第 78 行.
NOTIC: [8] Use of undefined constant Aboutus - assumed 'Aboutus' D:\Program Files (x86)\wamp\www\newrflinker\App\Runtime\Cache\Home\3da8682377a51f4116c98bfda6b18a92.php 第 79 行.
NOTIC: [8] Undefined index: typeid D:\Program Files (x86)\wamp\www\newrflinker\App\Runtime\Cache\Home\3da8682377a51f4116c98bfda6b18a92.php 第 119 行.
NOTIC: [8] Undefined index: typeid D:\Program Files (x86)\wamp\www\newrflinker\App\Runtime\Cache\Home\3da8682377a51f4116c98bfda6b18a92.php 第 119 行.
INFO: Run Behavior\ParseTemplateBehavior [ RunTime:0.174355s ]
INFO: [ view_parse ] --END-- [ RunTime:0.174576s ]
INFO: [ view_filter ] --START--
INFO: Run Behavior\WriteHtmlCacheBehavior [ RunTime:0.000796s ]
INFO: [ view_filter ] --END-- [ RunTime:0.001024s ]
INFO: [ app_end ] --START--
INFO: Run Behavior\ShowPageTraceBehavior [ RunTime:0.001891s ]
INFO: [ app_end ] --END-- [ RunTime:0.002543s ]

[ 2018-06-19T10:29:00+08:00 ] ::1 /newrflinker/
INFO: [ app_init ] --START--
INFO: Run Behavior\BuildLiteBehavior [ RunTime:0.000083s ]
INFO: [ app_init ] --END-- [ RunTime:0.001433s ]
INFO: [ app_begin ] --START--
INFO: Run Behavior\ReadHtmlCacheBehavior [ RunTime:0.003799s ]
INFO: Run Behavior\CheckLangBehavior [ RunTime:0.003534s ]
INFO: [ app_begin ] --END-- [ RunTime:0.007992s ]
SQL: SHOW COLUMNS FROM `qw_setting` [ RunTime:0.0245s ]
SQL: SELECT `k`,`v` FROM `qw_setting`  [ RunTime:0.0004s ]
SQL: SHOW COLUMNS FROM `qw_felgproduct` [ RunTime:0.0162s ]
SQL: SHOW COLUMNS FROM `qw_rflinkerproduct` [ RunTime:0.0157s ]
SQL: SELECT `id`,cn_ftname as name,`xl_type` FROM `qw_felgproduct` WHERE ( search = 1 ) UNION SELECT id,cn_rrname as name,xl_type FROM qw_rflinkerproduct where search=1 [ RunTime:0.0009s ]
NOTIC: [8] Undefined variable: new_live D:\Program Files (x86)\wamp\www\newrflinker\App\Home\Controller\ComController.class.php 第 65 行.
SQL: SELECT `id`,cn_ftname as name,`xl_type` FROM `qw_felgproduct` UNION SELECT id,cn_rrname as name,xl_type FROM qw_rflinkerproduct  [ RunTime:0.0014s ]
SQL: SHOW COLUMNS FROM `qw_indexshow` [ RunTime:0.0185s ]
SQL: SELECT `id`,cn_fghzname as fghzname,cn_fghzshow as fghzshow,cn_rrhzname as rrhzname,cn_rrhzshow as rrhzshow,cn_tjhzname as tjhzname,cn_tjhzshow as tjhzshow FROM `qw_indexshow` LIMIT 1   [ RunTime:0.0004s ]
SQL: SHOW COLUMNS FROM `qw_flashview` [ RunTime:0.0156s ]
SQL: SELECT `id`,cn_flashviewpc as flashviewpc,cn_title as title,cn_fwshowpc as fwshowpc,cn_fwlink as fwlink,`fwsort`,cn_name as name FROM `qw_flashview` ORDER BY fwsort  [ RunTime:0.0005s ]
SQL: SHOW COLUMNS FROM `qw_felghz` [ RunTime:0.0151s ]
SQL: SELECT `id`,cn_fghz as fghz,cn_fghztitle as fghztitle,cn_fghzimg as fghzimg,`fghzsort` FROM `qw_felghz` ORDER BY fghzsort LIMIT 4   [ RunTime:0.0005s ]
SQL: SHOW COLUMNS FROM `qw_felgtype` [ RunTime:0.0157s ]
SQL: SELECT * FROM `qw_felgtype` WHERE ( cn_hzid = 3 ) ORDER BY fgtypesort LIMIT 1   [ RunTime:0.0005s ]
SQL: SELECT * FROM `qw_felgtype` WHERE ( cn_hzid = 4 ) ORDER BY fgtypesort LIMIT 1   [ RunTime:0.0004s ]
SQL: SELECT * FROM `qw_felgtype` WHERE ( cn_hzid = 5 ) ORDER BY fgtypesort LIMIT 1   [ RunTime:0.0004s ]
SQL: SHOW COLUMNS FROM `qw_rflinkerhz` [ RunTime:0.0153s ]
SQL: SELECT `id`,cn_rflinkerhz as rflinkerhz,cn_rrtitle as rrtitle,cn_rrimg as rrimg,`rrsort` FROM `qw_rflinkerhz` ORDER BY rrsort LIMIT 4   [ RunTime:0.0005s ]
SQL: SHOW COLUMNS FROM `qw_tuijian` [ RunTime:0.0153s ]
SQL: SELECT `id`,cn_felgname as felgname,cn_rrname as rrname,`type`,`tjsotr` FROM `qw_tuijian` ORDER BY tjsotr  [ RunTime:0.0005s ]
SQL: SHOW COLUMNS FROM `qw_industry` [ RunTime:0.0151s ]
SQL: SELECT `id`,cn_imgiy as imgiy,`iysort`,cn_nameiy as nameiy,cn_title as title FROM `qw_industry` ORDER BY iysort LIMIT 4   [ RunTime:0.0006s ]
INFO: [ view_parse ] --START--
INFO: [ template_filter ] --START--
INFO: Run Behavior\ContentReplaceBehavior [ RunTime:0.000290s ]
INFO: [ template_filter ] --END-- [ RunTime:0.000518s ]
NOTIC: [8] Undefined variable: commom_field D:\Program Files (x86)\wamp\www\newrflinker\App\Runtime\Cache\Home\3da8682377a51f4116c98bfda6b18a92.php 第 67 行.
NOTIC: [8] Undefined variable: commom_field D:\Program Files (x86)\wamp\www\newrflinker\App\Runtime\Cache\Home\3da8682377a51f4116c98bfda6b18a92.php 第 67 行.
NOTIC: [8] Use of undefined constant Index - assumed 'Index' D:\Program Files (x86)\wamp\www\newrflinker\App\Runtime\Cache\Home\3da8682377a51f4116c98bfda6b18a92.php 第 68 行.
NOTIC: [8] Use of undefined constant Vocationlist - assumed 'Vocationlist' D:\Program Files (x86)\wamp\www\newrflinker\App\Runtime\Cache\Home\3da8682377a51f4116c98bfda6b18a92.php 第 77 行.
NOTIC: [8] Use of undefined constant Codeinput - assumed 'Codeinput' D:\Program Files (x86)\wamp\www\newrflinker\App\Runtime\Cache\Home\3da8682377a51f4116c98bfda6b18a92.php 第 78 行.
NOTIC: [8] Use of undefined constant Aboutus - assumed 'Aboutus' D:\Program Files (x86)\wamp\www\newrflinker\App\Runtime\Cache\Home\3da8682377a51f4116c98bfda6b18a92.php 第 79 行.
NOTIC: [8] Undefined index: typeid D:\Program Files (x86)\wamp\www\newrflinker\App\Runtime\Cache\Home\3da8682377a51f4116c98bfda6b18a92.php 第 119 行.
NOTIC: [8] Undefined index: typeid D:\Program Files (x86)\wamp\www\newrflinker\App\Runtime\Cache\Home\3da8682377a51f4116c98bfda6b18a92.php 第 119 行.
INFO: Run Behavior\ParseTemplateBehavior [ RunTime:0.188601s ]
INFO: [ view_parse ] --END-- [ RunTime:0.188892s ]
INFO: [ view_filter ] --START--
INFO: Run Behavior\WriteHtmlCacheBehavior [ RunTime:0.000742s ]
INFO: [ view_filter ] --END-- [ RunTime:0.000936s ]
INFO: [ app_end ] --START--
INFO: Run Behavior\ShowPageTraceBehavior [ RunTime:0.001651s ]
INFO: [ app_end ] --END-- [ RunTime:0.002041s ]

[ 2018-06-19T10:32:01+08:00 ] ::1 /newrflinker/
INFO: [ app_init ] --START--
INFO: Run Behavior\BuildLiteBehavior [ RunTime:0.000051s ]
INFO: [ app_init ] --END-- [ RunTime:0.000991s ]
INFO: [ app_begin ] --START--
INFO: Run Behavior\ReadHtmlCacheBehavior [ RunTime:0.001635s ]
INFO: Run Behavior\CheckLangBehavior [ RunTime:0.002267s ]
INFO: [ app_begin ] --END-- [ RunTime:0.004527s ]
SQL: SHOW COLUMNS FROM `qw_setting` [ RunTime:0.0256s ]
SQL: SELECT `k`,`v` FROM `qw_setting`  [ RunTime:0.0005s ]
SQL: SHOW COLUMNS FROM `qw_felgproduct` [ RunTime:0.0289s ]
SQL: SHOW COLUMNS FROM `qw_rflinkerproduct` [ RunTime:0.0244s ]
SQL: SELECT `id`,cn_ftname as name,`xl_type` FROM `qw_felgproduct` WHERE ( search = 1 ) UNION SELECT id,cn_rrname as name,xl_type FROM qw_rflinkerproduct where search=1 [ RunTime:0.0009s ]
NOTIC: [8] Undefined variable: new_live D:\Program Files (x86)\wamp\www\newrflinker\App\Home\Controller\ComController.class.php 第 65 行.
SQL: SELECT `id`,cn_ftname as name,`xl_type` FROM `qw_felgproduct` UNION SELECT id,cn_rrname as name,xl_type FROM qw_rflinkerproduct  [ RunTime:0.0011s ]
SQL: SHOW COLUMNS FROM `qw_indexshow` [ RunTime:0.0223s ]
SQL: SELECT `id`,cn_fghzname as fghzname,cn_fghzshow as fghzshow,cn_rrhzname as rrhzname,cn_rrhzshow as rrhzshow,cn_tjhzname as tjhzname,cn_tjhzshow as tjhzshow FROM `qw_indexshow` LIMIT 1   [ RunTime:0.0005s ]
SQL: SHOW COLUMNS FROM `qw_flashview` [ RunTime:0.0168s ]
SQL: SELECT `id`,cn_flashviewpc as flashviewpc,cn_title as title,cn_fwshowpc as fwshowpc,cn_fwlink as fwlink,`fwsort`,cn_name as name FROM `qw_flashview` ORDER BY fwsort  [ RunTime:0.0005s ]
SQL: SHOW COLUMNS FROM `qw_felghz` [ RunTime:0.0155s ]
SQL: SELECT `id`,cn_fghz as fghz,cn_fghztitle as fghztitle,cn_fghzimg as fghzimg,`fghzsort` FROM `qw_felghz` ORDER BY fghzsort LIMIT 4   [ RunTime:0.0005s ]
SQL: SHOW COLUMNS FROM `qw_felgtype` [ RunTime:0.0155s ]
SQL: SELECT * FROM `qw_felgtype` WHERE ( cn_hzid = 3 ) ORDER BY fgtypesort LIMIT 1   [ RunTime:0.0007s ]
SQL: SELECT * FROM `qw_felgtype` WHERE ( cn_hzid = 4 ) ORDER BY fgtypesort LIMIT 1   [ RunTime:0.0006s ]
SQL: SELECT * FROM `qw_felgtype` WHERE ( cn_hzid = 5 ) ORDER BY fgtypesort LIMIT 1   [ RunTime:0.0005s ]
SQL: SHOW COLUMNS FROM `qw_rflinkerhz` [ RunTime:0.0179s ]
SQL: SELECT `id`,cn_rflinkerhz as rflinkerhz,cn_rrtitle as rrtitle,cn_rrimg as rrimg,`rrsort` FROM `qw_rflinkerhz` ORDER BY rrsort LIMIT 4   [ RunTime:0.0005s ]
SQL: SHOW COLUMNS FROM `qw_tuijian` [ RunTime:0.0160s ]
SQL: SELECT `id`,cn_felgname as felgname,cn_rrname as rrname,`type`,`tjsotr` FROM `qw_tuijian` ORDER BY tjsotr  [ RunTime:0.0005s ]
SQL: SHOW COLUMNS FROM `qw_industry` [ RunTime:0.0229s ]
SQL: SELECT `id`,cn_imgiy as imgiy,`iysort`,cn_nameiy as nameiy,cn_title as title FROM `qw_industry` ORDER BY iysort LIMIT 4   [ RunTime:0.0005s ]
INFO: [ view_parse ] --START--
INFO: [ template_filter ] --START--
INFO: Run Behavior\ContentReplaceBehavior [ RunTime:0.000283s ]
INFO: [ template_filter ] --END-- [ RunTime:0.000502s ]
NOTIC: [8] Undefined variable: commom_field D:\Program Files (x86)\wamp\www\newrflinker\App\Runtime\Cache\Home\3da8682377a51f4116c98bfda6b18a92.php 第 67 行.
NOTIC: [8] Undefined variable: commom_field D:\Program Files (x86)\wamp\www\newrflinker\App\Runtime\Cache\Home\3da8682377a51f4116c98bfda6b18a92.php 第 67 行.
NOTIC: [8] Use of undefined constant Index - assumed 'Index' D:\Program Files (x86)\wamp\www\newrflinker\App\Runtime\Cache\Home\3da8682377a51f4116c98bfda6b18a92.php 第 68 行.
NOTIC: [8] Use of undefined constant Vocationlist - assumed 'Vocationlist' D:\Program Files (x86)\wamp\www\newrflinker\App\Runtime\Cache\Home\3da8682377a51f4116c98bfda6b18a92.php 第 77 行.
NOTIC: [8] Use of undefined constant Codeinput - assumed 'Codeinput' D:\Program Files (x86)\wamp\www\newrflinker\App\Runtime\Cache\Home\3da8682377a51f4116c98bfda6b18a92.php 第 78 行.
NOTIC: [8] Use of undefined constant Aboutus - assumed 'Aboutus' D:\Program Files (x86)\wamp\www\newrflinker\App\Runtime\Cache\Home\3da8682377a51f4116c98bfda6b18a92.php 第 79 行.
NOTIC: [8] Undefined index: typeid D:\Program Files (x86)\wamp\www\newrflinker\App\Runtime\Cache\Home\3da8682377a51f4116c98bfda6b18a92.php 第 119 行.
NOTIC: [8] Undefined index: typeid D:\Program Files (x86)\wamp\www\newrflinker\App\Runtime\Cache\Home\3da8682377a51f4116c98bfda6b18a92.php 第 119 行.
INFO: Run Behavior\ParseTemplateBehavior [ RunTime:0.180129s ]
INFO: [ view_parse ] --END-- [ RunTime:0.180391s ]
INFO: [ view_filter ] --START--
INFO: Run Behavior\WriteHtmlCacheBehavior [ RunTime:0.000702s ]
INFO: [ view_filter ] --END-- [ RunTime:0.000932s ]
INFO: [ app_end ] --START--
INFO: Run Behavior\ShowPageTraceBehavior [ RunTime:0.001997s ]
INFO: [ app_end ] --END-- [ RunTime:0.002448s ]

[ 2018-06-19T10:32:02+08:00 ] ::1 /newrflinker/
INFO: [ app_init ] --START--
INFO: Run Behavior\BuildLiteBehavior [ RunTime:0.000097s ]
INFO: [ app_init ] --END-- [ RunTime:0.002613s ]
INFO: [ app_begin ] --START--
INFO: Run Behavior\ReadHtmlCacheBehavior [ RunTime:0.002612s ]
INFO: Run Behavior\CheckLangBehavior [ RunTime:0.003296s ]
INFO: [ app_begin ] --END-- [ RunTime:0.006706s ]
SQL: SHOW COLUMNS FROM `qw_setting` [ RunTime:0.0429s ]
SQL: SELECT `k`,`v` FROM `qw_setting`  [ RunTime:0.0007s ]
SQL: SHOW COLUMNS FROM `qw_felgproduct` [ RunTime:0.0569s ]
SQL: SHOW COLUMNS FROM `qw_rflinkerproduct` [ RunTime:0.0287s ]
SQL: SELECT `id`,cn_ftname as name,`xl_type` FROM `qw_felgproduct` WHERE ( search = 1 ) UNION SELECT id,cn_rrname as name,xl_type FROM qw_rflinkerproduct where search=1 [ RunTime:0.0012s ]
NOTIC: [8] Undefined variable: new_live D:\Program Files (x86)\wamp\www\newrflinker\App\Home\Controller\ComController.class.php 第 65 行.
SQL: SELECT `id`,cn_ftname as name,`xl_type` FROM `qw_felgproduct` UNION SELECT id,cn_rrname as name,xl_type FROM qw_rflinkerproduct  [ RunTime:0.0023s ]
SQL: SHOW COLUMNS FROM `qw_indexshow` [ RunTime:0.0191s ]
SQL: SELECT `id`,cn_fghzname as fghzname,cn_fghzshow as fghzshow,cn_rrhzname as rrhzname,cn_rrhzshow as rrhzshow,cn_tjhzname as tjhzname,cn_tjhzshow as tjhzshow FROM `qw_indexshow` LIMIT 1   [ RunTime:0.0007s ]
SQL: SHOW COLUMNS FROM `qw_flashview` [ RunTime:0.0242s ]
SQL: SELECT `id`,cn_flashviewpc as flashviewpc,cn_title as title,cn_fwshowpc as fwshowpc,cn_fwlink as fwlink,`fwsort`,cn_name as name FROM `qw_flashview` ORDER BY fwsort  [ RunTime:0.0005s ]
SQL: SHOW COLUMNS FROM `qw_felghz` [ RunTime:0.0171s ]
SQL: SELECT `id`,cn_fghz as fghz,cn_fghztitle as fghztitle,cn_fghzimg as fghzimg,`fghzsort` FROM `qw_felghz` ORDER BY fghzsort LIMIT 4   [ RunTime:0.0004s ]
SQL: SHOW COLUMNS FROM `qw_felgtype` [ RunTime:0.0144s ]
SQL: SELECT * FROM `qw_felgtype` WHERE ( cn_hzid = 3 ) ORDER BY fgtypesort LIMIT 1   [ RunTime:0.0006s ]
SQL: SELECT * FROM `qw_felgtype` WHERE ( cn_hzid = 4 ) ORDER BY fgtypesort LIMIT 1   [ RunTime:0.0005s ]
SQL: SELECT * FROM `qw_felgtype` WHERE ( cn_hzid = 5 ) ORDER BY fgtypesort LIMIT 1   [ RunTime:0.0004s ]
SQL: SHOW COLUMNS FROM `qw_rflinkerhz` [ RunTime:0.0144s ]
SQL: SELECT `id`,cn_rflinkerhz as rflinkerhz,cn_rrtitle as rrtitle,cn_rrimg as rrimg,`rrsort` FROM `qw_rflinkerhz` ORDER BY rrsort LIMIT 4   [ RunTime:0.0004s ]
SQL: SHOW COLUMNS FROM `qw_tuijian` [ RunTime:0.0145s ]
SQL: SELECT `id`,cn_felgname as felgname,cn_rrname as rrname,`type`,`tjsotr` FROM `qw_tuijian` ORDER BY tjsotr  [ RunTime:0.0004s ]
SQL: SHOW COLUMNS FROM `qw_industry` [ RunTime:0.0160s ]
SQL: SELECT `id`,cn_imgiy as imgiy,`iysort`,cn_nameiy as nameiy,cn_title as title FROM `qw_industry` ORDER BY iysort LIMIT 4   [ RunTime:0.0005s ]
INFO: [ view_parse ] --START--
INFO: [ template_filter ] --START--
INFO: Run Behavior\ContentReplaceBehavior [ RunTime:0.000291s ]
INFO: [ template_filter ] --END-- [ RunTime:0.000543s ]
NOTIC: [8] Undefined variable: commom_field D:\Program Files (x86)\wamp\www\newrflinker\App\Runtime\Cache\Home\3da8682377a51f4116c98bfda6b18a92.php 第 67 行.
NOTIC: [8] Undefined variable: commom_field D:\Program Files (x86)\wamp\www\newrflinker\App\Runtime\Cache\Home\3da8682377a51f4116c98bfda6b18a92.php 第 67 行.
NOTIC: [8] Use of undefined constant Index - assumed 'Index' D:\Program Files (x86)\wamp\www\newrflinker\App\Runtime\Cache\Home\3da8682377a51f4116c98bfda6b18a92.php 第 68 行.
NOTIC: [8] Use of undefined constant Vocationlist - assumed 'Vocationlist' D:\Program Files (x86)\wamp\www\newrflinker\App\Runtime\Cache\Home\3da8682377a51f4116c98bfda6b18a92.php 第 77 行.
NOTIC: [8] Use of undefined constant Codeinput - assumed 'Codeinput' D:\Program Files (x86)\wamp\www\newrflinker\App\Runtime\Cache\Home\3da8682377a51f4116c98bfda6b18a92.php 第 78 行.
NOTIC: [8] Use of undefined constant Aboutus - assumed 'Aboutus' D:\Program Files (x86)\wamp\www\newrflinker\App\Runtime\Cache\Home\3da8682377a51f4116c98bfda6b18a92.php 第 79 行.
NOTIC: [8] Undefined index: typeid D:\Program Files (x86)\wamp\www\newrflinker\App\Runtime\Cache\Home\3da8682377a51f4116c98bfda6b18a92.php 第 119 行.
NOTIC: [8] Undefined index: typeid D:\Program Files (x86)\wamp\www\newrflinker\App\Runtime\Cache\Home\3da8682377a51f4116c98bfda6b18a92.php 第 119 行.
INFO: Run Behavior\ParseTemplateBehavior [ RunTime:0.200949s ]
INFO: [ view_parse ] --END-- [ RunTime:0.201439s ]
INFO: [ view_filter ] --START--
INFO: Run Behavior\WriteHtmlCacheBehavior [ RunTime:0.001066s ]
INFO: [ view_filter ] --END-- [ RunTime:0.001429s ]
INFO: [ app_end ] --START--
INFO: Run Behavior\ShowPageTraceBehavior [ RunTime:0.005631s ]
INFO: [ app_end ] --END-- [ RunTime:0.006270s ]

[ 2018-06-19T10:32:02+08:00 ] ::1 /newrflinker/
INFO: [ app_init ] --START--
INFO: Run Behavior\BuildLiteBehavior [ RunTime:0.000082s ]
INFO: [ app_init ] --END-- [ RunTime:0.001475s ]
INFO: [ app_begin ] --START--
INFO: Run Behavior\ReadHtmlCacheBehavior [ RunTime:0.005945s ]
INFO: Run Behavior\CheckLangBehavior [ RunTime:0.003268s ]
INFO: [ app_begin ] --END-- [ RunTime:0.010115s ]
SQL: SHOW COLUMNS FROM `qw_setting` [ RunTime:0.0754s ]
SQL: SELECT `k`,`v` FROM `qw_setting`  [ RunTime:0.0006s ]
SQL: SHOW COLUMNS FROM `qw_felgproduct` [ RunTime:0.0296s ]
SQL: SHOW COLUMNS FROM `qw_rflinkerproduct` [ RunTime:0.0204s ]
SQL: SELECT `id`,cn_ftname as name,`xl_type` FROM `qw_felgproduct` WHERE ( search = 1 ) UNION SELECT id,cn_rrname as name,xl_type FROM qw_rflinkerproduct where search=1 [ RunTime:0.0007s ]
NOTIC: [8] Undefined variable: new_live D:\Program Files (x86)\wamp\www\newrflinker\App\Home\Controller\ComController.class.php 第 65 行.
SQL: SELECT `id`,cn_ftname as name,`xl_type` FROM `qw_felgproduct` UNION SELECT id,cn_rrname as name,xl_type FROM qw_rflinkerproduct  [ RunTime:0.0013s ]
SQL: SHOW COLUMNS FROM `qw_indexshow` [ RunTime:0.0303s ]
SQL: SELECT `id`,cn_fghzname as fghzname,cn_fghzshow as fghzshow,cn_rrhzname as rrhzname,cn_rrhzshow as rrhzshow,cn_tjhzname as tjhzname,cn_tjhzshow as tjhzshow FROM `qw_indexshow` LIMIT 1   [ RunTime:0.0004s ]
SQL: SHOW COLUMNS FROM `qw_flashview` [ RunTime:0.0203s ]
SQL: SELECT `id`,cn_flashviewpc as flashviewpc,cn_title as title,cn_fwshowpc as fwshowpc,cn_fwlink as fwlink,`fwsort`,cn_name as name FROM `qw_flashview` ORDER BY fwsort  [ RunTime:0.0006s ]
SQL: SHOW COLUMNS FROM `qw_felghz` [ RunTime:0.0153s ]
SQL: SELECT `id`,cn_fghz as fghz,cn_fghztitle as fghztitle,cn_fghzimg as fghzimg,`fghzsort` FROM `qw_felghz` ORDER BY fghzsort LIMIT 4   [ RunTime:0.0004s ]
SQL: SHOW COLUMNS FROM `qw_felgtype` [ RunTime:0.0146s ]
SQL: SELECT * FROM `qw_felgtype` WHERE ( cn_hzid = 3 ) ORDER BY fgtypesort LIMIT 1   [ RunTime:0.0005s ]
SQL: SELECT * FROM `qw_felgtype` WHERE ( cn_hzid = 4 ) ORDER BY fgtypesort LIMIT 1   [ RunTime:0.0008s ]
SQL: SELECT * FROM `qw_felgtype` WHERE ( cn_hzid = 5 ) ORDER BY fgtypesort LIMIT 1   [ RunTime:0.0007s ]
SQL: SHOW COLUMNS FROM `qw_rflinkerhz` [ RunTime:0.0140s ]
SQL: SELECT `id`,cn_rflinkerhz as rflinkerhz,cn_rrtitle as rrtitle,cn_rrimg as rrimg,`rrsort` FROM `qw_rflinkerhz` ORDER BY rrsort LIMIT 4   [ RunTime:0.0005s ]
SQL: SHOW COLUMNS FROM `qw_tuijian` [ RunTime:0.0158s ]
SQL: SELECT `id`,cn_felgname as felgname,cn_rrname as rrname,`type`,`tjsotr` FROM `qw_tuijian` ORDER BY tjsotr  [ RunTime:0.0005s ]
SQL: SHOW COLUMNS FROM `qw_industry` [ RunTime:0.0151s ]
SQL: SELECT `id`,cn_imgiy as imgiy,`iysort`,cn_nameiy as nameiy,cn_title as title FROM `qw_industry` ORDER BY iysort LIMIT 4   [ RunTime:0.0005s ]
INFO: [ view_parse ] --START--
INFO: [ template_filter ] --START--
INFO: Run Behavior\ContentReplaceBehavior [ RunTime:0.000506s ]
INFO: [ template_filter ] --END-- [ RunTime:0.000810s ]
NOTIC: [8] Undefined variable: commom_field D:\Program Files (x86)\wamp\www\newrflinker\App\Runtime\Cache\Home\3da8682377a51f4116c98bfda6b18a92.php 第 67 行.
NOTIC: [8] Undefined variable: commom_field D:\Program Files (x86)\wamp\www\newrflinker\App\Runtime\Cache\Home\3da8682377a51f4116c98bfda6b18a92.php 第 67 行.
NOTIC: [8] Use of undefined constant Index - assumed 'Index' D:\Program Files (x86)\wamp\www\newrflinker\App\Runtime\Cache\Home\3da8682377a51f4116c98bfda6b18a92.php 第 68 行.
NOTIC: [8] Use of undefined constant Vocationlist - assumed 'Vocationlist' D:\Program Files (x86)\wamp\www\newrflinker\App\Runtime\Cache\Home\3da8682377a51f4116c98bfda6b18a92.php 第 77 行.
NOTIC: [8] Use of undefined constant Codeinput - assumed 'Codeinput' D:\Program Files (x86)\wamp\www\newrflinker\App\Runtime\Cache\Home\3da8682377a51f4116c98bfda6b18a92.php 第 78 行.
NOTIC: [8] Use of undefined constant Aboutus - assumed 'Aboutus' D:\Program Files (x86)\wamp\www\newrflinker\App\Runtime\Cache\Home\3da8682377a51f4116c98bfda6b18a92.php 第 79 行.
NOTIC: [8] Undefined index: typeid D:\Program Files (x86)\wamp\www\newrflinker\App\Runtime\Cache\Home\3da8682377a51f4116c98bfda6b18a92.php 第 119 行.
NOTIC: [8] Undefined index: typeid D:\Program Files (x86)\wamp\www\newrflinker\App\Runtime\Cache\Home\3da8682377a51f4116c98bfda6b18a92.php 第 119 行.
INFO: Run Behavior\ParseTemplateBehavior [ RunTime:0.220005s ]
INFO: [ view_parse ] --END-- [ RunTime:0.220236s ]
INFO: [ view_filter ] --START--
INFO: Run Behavior\WriteHtmlCacheBehavior [ RunTime:0.000772s ]
INFO: [ view_filter ] --END-- [ RunTime:0.000971s ]
INFO: [ app_end ] --START--
INFO: Run Behavior\ShowPageTraceBehavior [ RunTime:0.001063s ]
INFO: [ app_end ] --END-- [ RunTime:0.001293s ]

[ 2018-06-19T10:32:03+08:00 ] ::1 /newrflinker/
INFO: [ app_init ] --START--
INFO: Run Behavior\BuildLiteBehavior [ RunTime:0.000118s ]
INFO: [ app_init ] --END-- [ RunTime:0.001462s ]
INFO: [ app_begin ] --START--
INFO: Run Behavior\ReadHtmlCacheBehavior [ RunTime:0.001643s ]
INFO: Run Behavior\CheckLangBehavior [ RunTime:0.003609s ]
INFO: [ app_begin ] --END-- [ RunTime:0.006136s ]
SQL: SHOW COLUMNS FROM `qw_setting` [ RunTime:0.0124s ]
SQL: SELECT `k`,`v` FROM `qw_setting`  [ RunTime:0.0004s ]
SQL: SHOW COLUMNS FROM `qw_felgproduct` [ RunTime:0.0141s ]
SQL: SHOW COLUMNS FROM `qw_rflinkerproduct` [ RunTime:0.0116s ]
SQL: SELECT `id`,cn_ftname as name,`xl_type` FROM `qw_felgproduct` WHERE ( search = 1 ) UNION SELECT id,cn_rrname as name,xl_type FROM qw_rflinkerproduct where search=1 [ RunTime:0.0009s ]
NOTIC: [8] Undefined variable: new_live D:\Program Files (x86)\wamp\www\newrflinker\App\Home\Controller\ComController.class.php 第 65 行.
SQL: SELECT `id`,cn_ftname as name,`xl_type` FROM `qw_felgproduct` UNION SELECT id,cn_rrname as name,xl_type FROM qw_rflinkerproduct  [ RunTime:0.0012s ]
SQL: SHOW COLUMNS FROM `qw_indexshow` [ RunTime:0.0292s ]
SQL: SELECT `id`,cn_fghzname as fghzname,cn_fghzshow as fghzshow,cn_rrhzname as rrhzname,cn_rrhzshow as rrhzshow,cn_tjhzname as tjhzname,cn_tjhzshow as tjhzshow FROM `qw_indexshow` LIMIT 1   [ RunTime:0.0005s ]
SQL: SHOW COLUMNS FROM `qw_flashview` [ RunTime:0.0186s ]
SQL: SELECT `id`,cn_flashviewpc as flashviewpc,cn_title as title,cn_fwshowpc as fwshowpc,cn_fwlink as fwlink,`fwsort`,cn_name as name FROM `qw_flashview` ORDER BY fwsort  [ RunTime:0.0005s ]
SQL: SHOW COLUMNS FROM `qw_felghz` [ RunTime:0.0159s ]
SQL: SELECT `id`,cn_fghz as fghz,cn_fghztitle as fghztitle,cn_fghzimg as fghzimg,`fghzsort` FROM `qw_felghz` ORDER BY fghzsort LIMIT 4   [ RunTime:0.0005s ]
SQL: SHOW COLUMNS FROM `qw_felgtype` [ RunTime:0.0171s ]
SQL: SELECT * FROM `qw_felgtype` WHERE ( cn_hzid = 3 ) ORDER BY fgtypesort LIMIT 1   [ RunTime:0.0006s ]
SQL: SELECT * FROM `qw_felgtype` WHERE ( cn_hzid = 4 ) ORDER BY fgtypesort LIMIT 1   [ RunTime:0.0004s ]
SQL: SELECT * FROM `qw_felgtype` WHERE ( cn_hzid = 5 ) ORDER BY fgtypesort LIMIT 1   [ RunTime:0.0003s ]
SQL: SHOW COLUMNS FROM `qw_rflinkerhz` [ RunTime:0.0146s ]
SQL: SELECT `id`,cn_rflinkerhz as rflinkerhz,cn_rrtitle as rrtitle,cn_rrimg as rrimg,`rrsort` FROM `qw_rflinkerhz` ORDER BY rrsort LIMIT 4   [ RunTime:0.0007s ]
SQL: SHOW COLUMNS FROM `qw_tuijian` [ RunTime:0.0152s ]
SQL: SELECT `id`,cn_felgname as felgname,cn_rrname as rrname,`type`,`tjsotr` FROM `qw_tuijian` ORDER BY tjsotr  [ RunTime:0.0005s ]
SQL: SHOW COLUMNS FROM `qw_industry` [ RunTime:0.0211s ]
SQL: SELECT `id`,cn_imgiy as imgiy,`iysort`,cn_nameiy as nameiy,cn_title as title FROM `qw_industry` ORDER BY iysort LIMIT 4   [ RunTime:0.0005s ]
INFO: [ view_parse ] --START--
INFO: [ template_filter ] --START--
INFO: Run Behavior\ContentReplaceBehavior [ RunTime:0.002904s ]
INFO: [ template_filter ] --END-- [ RunTime:0.003364s ]
NOTIC: [8] Undefined variable: commom_field D:\Program Files (x86)\wamp\www\newrflinker\App\Runtime\Cache\Home\3da8682377a51f4116c98bfda6b18a92.php 第 67 行.
NOTIC: [8] Undefined variable: commom_field D:\Program Files (x86)\wamp\www\newrflinker\App\Runtime\Cache\Home\3da8682377a51f4116c98bfda6b18a92.php 第 67 行.
NOTIC: [8] Use of undefined constant Index - assumed 'Index' D:\Program Files (x86)\wamp\www\newrflinker\App\Runtime\Cache\Home\3da8682377a51f4116c98bfda6b18a92.php 第 68 行.
NOTIC: [8] Use of undefined constant Vocationlist - assumed 'Vocationlist' D:\Program Files (x86)\wamp\www\newrflinker\App\Runtime\Cache\Home\3da8682377a51f4116c98bfda6b18a92.php 第 77 行.
NOTIC: [8] Use of undefined constant Codeinput - assumed 'Codeinput' D:\Program Files (x86)\wamp\www\newrflinker\App\Runtime\Cache\Home\3da8682377a51f4116c98bfda6b18a92.php 第 78 行.
NOTIC: [8] Use of undefined constant Aboutus - assumed 'Aboutus' D:\Program Files (x86)\wamp\www\newrflinker\App\Runtime\Cache\Home\3da8682377a51f4116c98bfda6b18a92.php 第 79 行.
NOTIC: [8] Undefined index: typeid D:\Program Files (x86)\wamp\www\newrflinker\App\Runtime\Cache\Home\3da8682377a51f4116c98bfda6b18a92.php 第 119 行.
NOTIC: [8] Undefined index: typeid D:\Program Files (x86)\wamp\www\newrflinker\App\Runtime\Cache\Home\3da8682377a51f4116c98bfda6b18a92.php 第 119 行.
INFO: Run Behavior\ParseTemplateBehavior [ RunTime:0.553276s ]
INFO: [ view_parse ] --END-- [ RunTime:0.553600s ]
INFO: [ view_filter ] --START--
INFO: Run Behavior\WriteHtmlCacheBehavior [ RunTime:0.001339s ]
INFO: [ view_filter ] --END-- [ RunTime:0.001726s ]
INFO: [ app_end ] --START--
INFO: Run Behavior\ShowPageTraceBehavior [ RunTime:0.004248s ]
INFO: [ app_end ] --END-- [ RunTime:0.005253s ]

[ 2018-06-19T10:37:03+08:00 ] ::1 /newrflinker/index.php/Home/Index/Index.html
INFO: [ app_init ] --START--
INFO: Run Behavior\BuildLiteBehavior [ RunTime:0.000052s ]
INFO: [ app_init ] --END-- [ RunTime:0.000975s ]
INFO: [ app_begin ] --START--
INFO: Run Behavior\ReadHtmlCacheBehavior [ RunTime:0.001536s ]
INFO: Run Behavior\CheckLangBehavior [ RunTime:0.003941s ]
INFO: [ app_begin ] --END-- [ RunTime:0.006030s ]
SQL: SHOW COLUMNS FROM `qw_setting` [ RunTime:0.0261s ]
SQL: SELECT `k`,`v` FROM `qw_setting`  [ RunTime:0.0005s ]
SQL: SHOW COLUMNS FROM `qw_felgproduct` [ RunTime:0.0224s ]
SQL: SHOW COLUMNS FROM `qw_rflinkerproduct` [ RunTime:0.0187s ]
SQL: SELECT `id`,cn_ftname as name,`xl_type` FROM `qw_felgproduct` WHERE ( search = 1 ) UNION SELECT id,cn_rrname as name,xl_type FROM qw_rflinkerproduct where search=1 [ RunTime:0.0014s ]
NOTIC: [8] Undefined variable: new_live D:\Program Files (x86)\wamp\www\newrflinker\App\Home\Controller\ComController.class.php 第 65 行.
SQL: SELECT `id`,cn_ftname as name,`xl_type` FROM `qw_felgproduct` UNION SELECT id,cn_rrname as name,xl_type FROM qw_rflinkerproduct  [ RunTime:0.0011s ]
SQL: SHOW COLUMNS FROM `qw_indexshow` [ RunTime:0.0618s ]
SQL: SELECT `id`,cn_fghzname as fghzname,cn_fghzshow as fghzshow,cn_rrhzname as rrhzname,cn_rrhzshow as rrhzshow,cn_tjhzname as tjhzname,cn_tjhzshow as tjhzshow FROM `qw_indexshow` LIMIT 1   [ RunTime:0.0005s ]
SQL: SHOW COLUMNS FROM `qw_flashview` [ RunTime:0.0261s ]
SQL: SELECT `id`,cn_flashviewpc as flashviewpc,cn_title as title,cn_fwshowpc as fwshowpc,cn_fwlink as fwlink,`fwsort`,cn_name as name FROM `qw_flashview` ORDER BY fwsort  [ RunTime:0.0008s ]
SQL: SHOW COLUMNS FROM `qw_felghz` [ RunTime:0.0209s ]
SQL: SELECT `id`,cn_fghz as fghz,cn_fghztitle as fghztitle,cn_fghzimg as fghzimg,`fghzsort` FROM `qw_felghz` ORDER BY fghzsort LIMIT 4   [ RunTime:0.0006s ]
SQL: SHOW COLUMNS FROM `qw_felgtype` [ RunTime:0.0368s ]
SQL: SELECT * FROM `qw_felgtype` WHERE ( cn_hzid = 3 ) ORDER BY fgtypesort LIMIT 1   [ RunTime:0.0008s ]
SQL: SELECT * FROM `qw_felgtype` WHERE ( cn_hzid = 4 ) ORDER BY fgtypesort LIMIT 1   [ RunTime:0.0009s ]
SQL: SELECT * FROM `qw_felgtype` WHERE ( cn_hzid = 5 ) ORDER BY fgtypesort LIMIT 1   [ RunTime:0.0006s ]
SQL: SHOW COLUMNS FROM `qw_rflinkerhz` [ RunTime:0.0212s ]
SQL: SELECT `id`,cn_rflinkerhz as rflinkerhz,cn_rrtitle as rrtitle,cn_rrimg as rrimg,`rrsort` FROM `qw_rflinkerhz` ORDER BY rrsort LIMIT 4   [ RunTime:0.0007s ]
SQL: SHOW COLUMNS FROM `qw_tuijian` [ RunTime:0.0244s ]
SQL: SELECT `id`,cn_felgname as felgname,cn_rrname as rrname,`type`,`tjsotr` FROM `qw_tuijian` ORDER BY tjsotr  [ RunTime:0.0005s ]
SQL: SHOW COLUMNS FROM `qw_industry` [ RunTime:0.0206s ]
SQL: SELECT `id`,cn_imgiy as imgiy,`iysort`,cn_nameiy as nameiy,cn_title as title FROM `qw_industry` ORDER BY iysort LIMIT 4   [ RunTime:0.0006s ]
INFO: [ view_parse ] --START--
INFO: [ template_filter ] --START--
INFO: Run Behavior\ContentReplaceBehavior [ RunTime:0.000442s ]
INFO: [ template_filter ] --END-- [ RunTime:0.000838s ]
NOTIC: [8] Undefined variable: commom_field D:\Program Files (x86)\wamp\www\newrflinker\App\Runtime\Cache\Home\3da8682377a51f4116c98bfda6b18a92.php 第 67 行.
NOTIC: [8] Undefined variable: commom_field D:\Program Files (x86)\wamp\www\newrflinker\App\Runtime\Cache\Home\3da8682377a51f4116c98bfda6b18a92.php 第 67 行.
NOTIC: [8] Use of undefined constant Index - assumed 'Index' D:\Program Files (x86)\wamp\www\newrflinker\App\Runtime\Cache\Home\3da8682377a51f4116c98bfda6b18a92.php 第 68 行.
NOTIC: [8] Use of undefined constant Vocationlist - assumed 'Vocationlist' D:\Program Files (x86)\wamp\www\newrflinker\App\Runtime\Cache\Home\3da8682377a51f4116c98bfda6b18a92.php 第 77 行.
NOTIC: [8] Use of undefined constant Codeinput - assumed 'Codeinput' D:\Program Files (x86)\wamp\www\newrflinker\App\Runtime\Cache\Home\3da8682377a51f4116c98bfda6b18a92.php 第 78 行.
NOTIC: [8] Use of undefined constant Aboutus - assumed 'Aboutus' D:\Program Files (x86)\wamp\www\newrflinker\App\Runtime\Cache\Home\3da8682377a51f4116c98bfda6b18a92.php 第 79 行.
NOTIC: [8] Undefined index: typeid D:\Program Files (x86)\wamp\www\newrflinker\App\Runtime\Cache\Home\3da8682377a51f4116c98bfda6b18a92.php 第 119 行.
NOTIC: [8] Undefined index: typeid D:\Program Files (x86)\wamp\www\newrflinker\App\Runtime\Cache\Home\3da8682377a51f4116c98bfda6b18a92.php 第 119 行.
INFO: Run Behavior\ParseTemplateBehavior [ RunTime:0.199934s ]
INFO: [ view_parse ] --END-- [ RunTime:0.200323s ]
INFO: [ view_filter ] --START--
INFO: Run Behavior\WriteHtmlCacheBehavior [ RunTime:0.000762s ]
INFO: [ view_filter ] --END-- [ RunTime:0.000958s ]
INFO: [ app_end ] --START--
INFO: Run Behavior\ShowPageTraceBehavior [ RunTime:0.002263s ]
INFO: [ app_end ] --END-- [ RunTime:0.002757s ]

[ 2018-06-19T10:42:50+08:00 ] ::1 /newrflinker/index.php/Home/Index/Index.html
INFO: [ app_init ] --START--
INFO: Run Behavior\BuildLiteBehavior [ RunTime:0.000095s ]
INFO: [ app_init ] --END-- [ RunTime:0.001820s ]
INFO: [ app_begin ] --START--
INFO: Run Behavior\ReadHtmlCacheBehavior [ RunTime:0.001145s ]
INFO: Run Behavior\CheckLangBehavior [ RunTime:0.002031s ]
INFO: [ app_begin ] --END-- [ RunTime:0.003618s ]
SQL: SHOW COLUMNS FROM `qw_setting` [ RunTime:0.0348s ]
SQL: SELECT `k`,`v` FROM `qw_setting`  [ RunTime:0.0004s ]
SQL: SHOW COLUMNS FROM `qw_felgproduct` [ RunTime:0.0301s ]
SQL: SHOW COLUMNS FROM `qw_rflinkerproduct` [ RunTime:0.0343s ]
SQL: SELECT `id`,cn_ftname as name,`xl_type` FROM `qw_felgproduct` WHERE ( search = 1 ) UNION SELECT id,cn_rrname as name,xl_type FROM qw_rflinkerproduct where search=1 [ RunTime:0.0011s ]
NOTIC: [8] Undefined variable: new_live D:\Program Files (x86)\wamp\www\newrflinker\App\Home\Controller\ComController.class.php 第 65 行.
SQL: SELECT `id`,cn_ftname as name,`xl_type` FROM `qw_felgproduct` UNION SELECT id,cn_rrname as name,xl_type FROM qw_rflinkerproduct  [ RunTime:0.0017s ]
SQL: SHOW COLUMNS FROM `qw_indexshow` [ RunTime:0.0298s ]
SQL: SELECT `id`,cn_fghzname as fghzname,cn_fghzshow as fghzshow,cn_rrhzname as rrhzname,cn_rrhzshow as rrhzshow,cn_tjhzname as tjhzname,cn_tjhzshow as tjhzshow FROM `qw_indexshow` LIMIT 1   [ RunTime:0.0005s ]
SQL: SHOW COLUMNS FROM `qw_flashview` [ RunTime:0.0230s ]
SQL: SELECT `id`,cn_flashviewpc as flashviewpc,cn_title as title,cn_fwshowpc as fwshowpc,cn_fwlink as fwlink,`fwsort`,cn_name as name FROM `qw_flashview` ORDER BY fwsort  [ RunTime:0.0007s ]
SQL: SHOW COLUMNS FROM `qw_felghz` [ RunTime:0.0217s ]
SQL: SELECT `id`,cn_fghz as fghz,cn_fghztitle as fghztitle,cn_fghzimg as fghzimg,`fghzsort` FROM `qw_felghz` ORDER BY fghzsort LIMIT 4   [ RunTime:0.0006s ]
SQL: SHOW COLUMNS FROM `qw_felgtype` [ RunTime:0.0342s ]
SQL: SELECT * FROM `qw_felgtype` WHERE ( cn_hzid = 3 ) ORDER BY fgtypesort LIMIT 1   [ RunTime:0.0006s ]
SQL: SELECT * FROM `qw_felgtype` WHERE ( cn_hzid = 4 ) ORDER BY fgtypesort LIMIT 1   [ RunTime:0.0006s ]
SQL: SELECT * FROM `qw_felgtype` WHERE ( cn_hzid = 5 ) ORDER BY fgtypesort LIMIT 1   [ RunTime:0.0006s ]
SQL: SHOW COLUMNS FROM `qw_rflinkerhz` [ RunTime:0.0199s ]
SQL: SELECT `id`,cn_rflinkerhz as rflinkerhz,cn_rrtitle as rrtitle,cn_rrimg as rrimg,`rrsort` FROM `qw_rflinkerhz` ORDER BY rrsort LIMIT 4   [ RunTime:0.0005s ]
SQL: SHOW COLUMNS FROM `qw_tuijian` [ RunTime:0.0232s ]
SQL: SELECT `id`,cn_felgname as felgname,cn_rrname as rrname,`type`,`tjsotr` FROM `qw_tuijian` ORDER BY tjsotr  [ RunTime:0.0006s ]
SQL: SHOW COLUMNS FROM `qw_industry` [ RunTime:0.0304s ]
SQL: SELECT `id`,cn_imgiy as imgiy,`iysort`,cn_nameiy as nameiy,cn_title as title FROM `qw_industry` ORDER BY iysort LIMIT 4   [ RunTime:0.0023s ]
INFO: [ view_parse ] --START--
INFO: [ template_filter ] --START--
INFO: Run Behavior\ContentReplaceBehavior [ RunTime:0.000289s ]
INFO: [ template_filter ] --END-- [ RunTime:0.000509s ]
NOTIC: [8] Undefined variable: commom_field D:\Program Files (x86)\wamp\www\newrflinker\App\Runtime\Cache\Home\3da8682377a51f4116c98bfda6b18a92.php 第 67 行.
NOTIC: [8] Undefined variable: commom_field D:\Program Files (x86)\wamp\www\newrflinker\App\Runtime\Cache\Home\3da8682377a51f4116c98bfda6b18a92.php 第 67 行.
NOTIC: [8] Use of undefined constant Index - assumed 'Index' D:\Program Files (x86)\wamp\www\newrflinker\App\Runtime\Cache\Home\3da8682377a51f4116c98bfda6b18a92.php 第 68 行.
NOTIC: [8] Use of undefined constant Vocationlist - assumed 'Vocationlist' D:\Program Files (x86)\wamp\www\newrflinker\App\Runtime\Cache\Home\3da8682377a51f4116c98bfda6b18a92.php 第 77 行.
NOTIC: [8] Use of undefined constant Codeinput - assumed 'Codeinput' D:\Program Files (x86)\wamp\www\newrflinker\App\Runtime\Cache\Home\3da8682377a51f4116c98bfda6b18a92.php 第 78 行.
NOTIC: [8] Use of undefined constant Aboutus - assumed 'Aboutus' D:\Program Files (x86)\wamp\www\newrflinker\App\Runtime\Cache\Home\3da8682377a51f4116c98bfda6b18a92.php 第 79 行.
NOTIC: [8] Undefined index: typeid D:\Program Files (x86)\wamp\www\newrflinker\App\Runtime\Cache\Home\3da8682377a51f4116c98bfda6b18a92.php 第 119 行.
NOTIC: [8] Undefined index: typeid D:\Program Files (x86)\wamp\www\newrflinker\App\Runtime\Cache\Home\3da8682377a51f4116c98bfda6b18a92.php 第 119 行.
INFO: Run Behavior\ParseTemplateBehavior [ RunTime:0.201685s ]
INFO: [ view_parse ] --END-- [ RunTime:0.201943s ]
INFO: [ view_filter ] --START--
INFO: Run Behavior\WriteHtmlCacheBehavior [ RunTime:0.001565s ]
INFO: [ view_filter ] --END-- [ RunTime:0.001789s ]
INFO: [ app_end ] --START--
INFO: Run Behavior\ShowPageTraceBehavior [ RunTime:0.001877s ]
INFO: [ app_end ] --END-- [ RunTime:0.002648s ]

[ 2018-06-19T10:42:51+08:00 ] ::1 /newrflinker/index.php/Home/Index/Index.html
INFO: [ app_init ] --START--
INFO: Run Behavior\BuildLiteBehavior [ RunTime:0.000085s ]
INFO: [ app_init ] --END-- [ RunTime:0.001366s ]
INFO: [ app_begin ] --START--
INFO: Run Behavior\ReadHtmlCacheBehavior [ RunTime:0.001832s ]
INFO: Run Behavior\CheckLangBehavior [ RunTime:0.022783s ]
INFO: [ app_begin ] --END-- [ RunTime:0.025959s ]
SQL: SHOW COLUMNS FROM `qw_setting` [ RunTime:0.0523s ]
SQL: SELECT `k`,`v` FROM `qw_setting`  [ RunTime:0.0007s ]
SQL: SHOW COLUMNS FROM `qw_felgproduct` [ RunTime:0.0580s ]
SQL: SHOW COLUMNS FROM `qw_rflinkerproduct` [ RunTime:0.0543s ]
SQL: SELECT `id`,cn_ftname as name,`xl_type` FROM `qw_felgproduct` WHERE ( search = 1 ) UNION SELECT id,cn_rrname as name,xl_type FROM qw_rflinkerproduct where search=1 [ RunTime:0.0013s ]
NOTIC: [8] Undefined variable: new_live D:\Program Files (x86)\wamp\www\newrflinker\App\Home\Controller\ComController.class.php 第 65 行.
SQL: SELECT `id`,cn_ftname as name,`xl_type` FROM `qw_felgproduct` UNION SELECT id,cn_rrname as name,xl_type FROM qw_rflinkerproduct  [ RunTime:0.0022s ]
SQL: SHOW COLUMNS FROM `qw_indexshow` [ RunTime:0.0169s ]
SQL: SELECT `id`,cn_fghzname as fghzname,cn_fghzshow as fghzshow,cn_rrhzname as rrhzname,cn_rrhzshow as rrhzshow,cn_tjhzname as tjhzname,cn_tjhzshow as tjhzshow FROM `qw_indexshow` LIMIT 1   [ RunTime:0.0005s ]
SQL: SHOW COLUMNS FROM `qw_flashview` [ RunTime:0.0155s ]
SQL: SELECT `id`,cn_flashviewpc as flashviewpc,cn_title as title,cn_fwshowpc as fwshowpc,cn_fwlink as fwlink,`fwsort`,cn_name as name FROM `qw_flashview` ORDER BY fwsort  [ RunTime:0.0005s ]
SQL: SHOW COLUMNS FROM `qw_felghz` [ RunTime:0.0161s ]
SQL: SELECT `id`,cn_fghz as fghz,cn_fghztitle as fghztitle,cn_fghzimg as fghzimg,`fghzsort` FROM `qw_felghz` ORDER BY fghzsort LIMIT 4   [ RunTime:0.0005s ]
SQL: SHOW COLUMNS FROM `qw_felgtype` [ RunTime:0.0180s ]
SQL: SELECT * FROM `qw_felgtype` WHERE ( cn_hzid = 3 ) ORDER BY fgtypesort LIMIT 1   [ RunTime:0.0005s ]
SQL: SELECT * FROM `qw_felgtype` WHERE ( cn_hzid = 4 ) ORDER BY fgtypesort LIMIT 1   [ RunTime:0.0006s ]
SQL: SELECT * FROM `qw_felgtype` WHERE ( cn_hzid = 5 ) ORDER BY fgtypesort LIMIT 1   [ RunTime:0.0006s ]
SQL: SHOW COLUMNS FROM `qw_rflinkerhz` [ RunTime:0.0185s ]
SQL: SELECT `id`,cn_rflinkerhz as rflinkerhz,cn_rrtitle as rrtitle,cn_rrimg as rrimg,`rrsort` FROM `qw_rflinkerhz` ORDER BY rrsort LIMIT 4   [ RunTime:0.0005s ]
SQL: SHOW COLUMNS FROM `qw_tuijian` [ RunTime:0.0195s ]
SQL: SELECT `id`,cn_felgname as felgname,cn_rrname as rrname,`type`,`tjsotr` FROM `qw_tuijian` ORDER BY tjsotr  [ RunTime:0.0006s ]
SQL: SHOW COLUMNS FROM `qw_industry` [ RunTime:0.0166s ]
SQL: SELECT `id`,cn_imgiy as imgiy,`iysort`,cn_nameiy as nameiy,cn_title as title FROM `qw_industry` ORDER BY iysort LIMIT 4   [ RunTime:0.0005s ]
INFO: [ view_parse ] --START--
INFO: [ template_filter ] --START--
INFO: Run Behavior\ContentReplaceBehavior [ RunTime:0.000444s ]
INFO: [ template_filter ] --END-- [ RunTime:0.000799s ]
NOTIC: [8] Undefined variable: commom_field D:\Program Files (x86)\wamp\www\newrflinker\App\Runtime\Cache\Home\3da8682377a51f4116c98bfda6b18a92.php 第 67 行.
NOTIC: [8] Undefined variable: commom_field D:\Program Files (x86)\wamp\www\newrflinker\App\Runtime\Cache\Home\3da8682377a51f4116c98bfda6b18a92.php 第 67 行.
NOTIC: [8] Use of undefined constant Index - assumed 'Index' D:\Program Files (x86)\wamp\www\newrflinker\App\Runtime\Cache\Home\3da8682377a51f4116c98bfda6b18a92.php 第 68 行.
NOTIC: [8] Use of undefined constant Vocationlist - assumed 'Vocationlist' D:\Program Files (x86)\wamp\www\newrflinker\App\Runtime\Cache\Home\3da8682377a51f4116c98bfda6b18a92.php 第 77 行.
NOTIC: [8] Use of undefined constant Codeinput - assumed 'Codeinput' D:\Program Files (x86)\wamp\www\newrflinker\App\Runtime\Cache\Home\3da8682377a51f4116c98bfda6b18a92.php 第 78 行.
NOTIC: [8] Use of undefined constant Aboutus - assumed 'Aboutus' D:\Program Files (x86)\wamp\www\newrflinker\App\Runtime\Cache\Home\3da8682377a51f4116c98bfda6b18a92.php 第 79 行.
NOTIC: [8] Undefined index: typeid D:\Program Files (x86)\wamp\www\newrflinker\App\Runtime\Cache\Home\3da8682377a51f4116c98bfda6b18a92.php 第 119 行.
NOTIC: [8] Undefined index: typeid D:\Program Files (x86)\wamp\www\newrflinker\App\Runtime\Cache\Home\3da8682377a51f4116c98bfda6b18a92.php 第 119 行.
INFO: Run Behavior\ParseTemplateBehavior [ RunTime:0.172061s ]
INFO: [ view_parse ] --END-- [ RunTime:0.172472s ]
INFO: [ view_filter ] --START--
INFO: Run Behavior\WriteHtmlCacheBehavior [ RunTime:0.000747s ]
INFO: [ view_filter ] --END-- [ RunTime:0.000943s ]
INFO: [ app_end ] --START--
INFO: Run Behavior\ShowPageTraceBehavior [ RunTime:0.001022s ]
INFO: [ app_end ] --END-- [ RunTime:0.001259s ]

[ 2018-06-19T10:42:52+08:00 ] ::1 /newrflinker/index.php/Home/Index/Index.html
INFO: [ app_init ] --START--
INFO: Run Behavior\BuildLiteBehavior [ RunTime:0.000088s ]
INFO: [ app_init ] --END-- [ RunTime:0.001301s ]
INFO: [ app_begin ] --START--
INFO: Run Behavior\ReadHtmlCacheBehavior [ RunTime:0.001944s ]
INFO: Run Behavior\CheckLangBehavior [ RunTime:0.035509s ]
INFO: [ app_begin ] --END-- [ RunTime:0.038270s ]
SQL: SHOW COLUMNS FROM `qw_setting` [ RunTime:0.0510s ]
SQL: SELECT `k`,`v` FROM `qw_setting`  [ RunTime:0.0006s ]
SQL: SHOW COLUMNS FROM `qw_felgproduct` [ RunTime:0.0293s ]
SQL: SHOW COLUMNS FROM `qw_rflinkerproduct` [ RunTime:0.0281s ]
SQL: SELECT `id`,cn_ftname as name,`xl_type` FROM `qw_felgproduct` WHERE ( search = 1 ) UNION SELECT id,cn_rrname as name,xl_type FROM qw_rflinkerproduct where search=1 [ RunTime:0.0009s ]
NOTIC: [8] Undefined variable: new_live D:\Program Files (x86)\wamp\www\newrflinker\App\Home\Controller\ComController.class.php 第 65 行.
SQL: SELECT `id`,cn_ftname as name,`xl_type` FROM `qw_felgproduct` UNION SELECT id,cn_rrname as name,xl_type FROM qw_rflinkerproduct  [ RunTime:0.0016s ]
SQL: SHOW COLUMNS FROM `qw_indexshow` [ RunTime:0.0115s ]
SQL: SELECT `id`,cn_fghzname as fghzname,cn_fghzshow as fghzshow,cn_rrhzname as rrhzname,cn_rrhzshow as rrhzshow,cn_tjhzname as tjhzname,cn_tjhzshow as tjhzshow FROM `qw_indexshow` LIMIT 1   [ RunTime:0.0008s ]
SQL: SHOW COLUMNS FROM `qw_flashview` [ RunTime:0.0147s ]
SQL: SELECT `id`,cn_flashviewpc as flashviewpc,cn_title as title,cn_fwshowpc as fwshowpc,cn_fwlink as fwlink,`fwsort`,cn_name as name FROM `qw_flashview` ORDER BY fwsort  [ RunTime:0.0006s ]
SQL: SHOW COLUMNS FROM `qw_felghz` [ RunTime:0.0118s ]
SQL: SELECT `id`,cn_fghz as fghz,cn_fghztitle as fghztitle,cn_fghzimg as fghzimg,`fghzsort` FROM `qw_felghz` ORDER BY fghzsort LIMIT 4   [ RunTime:0.0006s ]
SQL: SHOW COLUMNS FROM `qw_felgtype` [ RunTime:0.0127s ]
SQL: SELECT * FROM `qw_felgtype` WHERE ( cn_hzid = 3 ) ORDER BY fgtypesort LIMIT 1   [ RunTime:0.0005s ]
SQL: SELECT * FROM `qw_felgtype` WHERE ( cn_hzid = 4 ) ORDER BY fgtypesort LIMIT 1   [ RunTime:0.0005s ]
SQL: SELECT * FROM `qw_felgtype` WHERE ( cn_hzid = 5 ) ORDER BY fgtypesort LIMIT 1   [ RunTime:0.0006s ]
SQL: SHOW COLUMNS FROM `qw_rflinkerhz` [ RunTime:0.0290s ]
SQL: SELECT `id`,cn_rflinkerhz as rflinkerhz,cn_rrtitle as rrtitle,cn_rrimg as rrimg,`rrsort` FROM `qw_rflinkerhz` ORDER BY rrsort LIMIT 4   [ RunTime:0.0005s ]
SQL: SHOW COLUMNS FROM `qw_tuijian` [ RunTime:0.0166s ]
SQL: SELECT `id`,cn_felgname as felgname,cn_rrname as rrname,`type`,`tjsotr` FROM `qw_tuijian` ORDER BY tjsotr  [ RunTime:0.0005s ]
SQL: SHOW COLUMNS FROM `qw_industry` [ RunTime:0.0172s ]
SQL: SELECT `id`,cn_imgiy as imgiy,`iysort`,cn_nameiy as nameiy,cn_title as title FROM `qw_industry` ORDER BY iysort LIMIT 4   [ RunTime:0.0005s ]
INFO: [ view_parse ] --START--
INFO: [ template_filter ] --START--
INFO: Run Behavior\ContentReplaceBehavior [ RunTime:0.000285s ]
INFO: [ template_filter ] --END-- [ RunTime:0.000504s ]
NOTIC: [8] Undefined variable: commom_field D:\Program Files (x86)\wamp\www\newrflinker\App\Runtime\Cache\Home\3da8682377a51f4116c98bfda6b18a92.php 第 67 行.
NOTIC: [8] Undefined variable: commom_field D:\Program Files (x86)\wamp\www\newrflinker\App\Runtime\Cache\Home\3da8682377a51f4116c98bfda6b18a92.php 第 67 行.
NOTIC: [8] Use of undefined constant Index - assumed 'Index' D:\Program Files (x86)\wamp\www\newrflinker\App\Runtime\Cache\Home\3da8682377a51f4116c98bfda6b18a92.php 第 68 行.
NOTIC: [8] Use of undefined constant Vocationlist - assumed 'Vocationlist' D:\Program Files (x86)\wamp\www\newrflinker\App\Runtime\Cache\Home\3da8682377a51f4116c98bfda6b18a92.php 第 77 行.
NOTIC: [8] Use of undefined constant Codeinput - assumed 'Codeinput' D:\Program Files (x86)\wamp\www\newrflinker\App\Runtime\Cache\Home\3da8682377a51f4116c98bfda6b18a92.php 第 78 行.
NOTIC: [8] Use of undefined constant Aboutus - assumed 'Aboutus' D:\Program Files (x86)\wamp\www\newrflinker\App\Runtime\Cache\Home\3da8682377a51f4116c98bfda6b18a92.php 第 79 行.
NOTIC: [8] Undefined index: typeid D:\Program Files (x86)\wamp\www\newrflinker\App\Runtime\Cache\Home\3da8682377a51f4116c98bfda6b18a92.php 第 119 行.
NOTIC: [8] Undefined index: typeid D:\Program Files (x86)\wamp\www\newrflinker\App\Runtime\Cache\Home\3da8682377a51f4116c98bfda6b18a92.php 第 119 行.
INFO: Run Behavior\ParseTemplateBehavior [ RunTime:0.179320s ]
INFO: [ view_parse ] --END-- [ RunTime:0.179651s ]
INFO: [ view_filter ] --START--
INFO: Run Behavior\WriteHtmlCacheBehavior [ RunTime:0.000789s ]
INFO: [ view_filter ] --END-- [ RunTime:0.001035s ]
INFO: [ app_end ] --START--
INFO: Run Behavior\ShowPageTraceBehavior [ RunTime:0.002095s ]
INFO: [ app_end ] --END-- [ RunTime:0.002337s ]

[ 2018-06-19T10:42:52+08:00 ] ::1 /newrflinker/index.php/Home/Index/Index.html
INFO: [ app_init ] --START--
INFO: Run Behavior\BuildLiteBehavior [ RunTime:0.000082s ]
INFO: [ app_init ] --END-- [ RunTime:0.001216s ]
INFO: [ app_begin ] --START--
INFO: Run Behavior\ReadHtmlCacheBehavior [ RunTime:0.002424s ]
INFO: Run Behavior\CheckLangBehavior [ RunTime:0.018784s ]
INFO: [ app_begin ] --END-- [ RunTime:0.023669s ]
SQL: SHOW COLUMNS FROM `qw_setting` [ RunTime:0.0169s ]
SQL: SELECT `k`,`v` FROM `qw_setting`  [ RunTime:0.0006s ]
SQL: SHOW COLUMNS FROM `qw_felgproduct` [ RunTime:0.0174s ]
SQL: SHOW COLUMNS FROM `qw_rflinkerproduct` [ RunTime:0.0208s ]
SQL: SELECT `id`,cn_ftname as name,`xl_type` FROM `qw_felgproduct` WHERE ( search = 1 ) UNION SELECT id,cn_rrname as name,xl_type FROM qw_rflinkerproduct where search=1 [ RunTime:0.0012s ]
NOTIC: [8] Undefined variable: new_live D:\Program Files (x86)\wamp\www\newrflinker\App\Home\Controller\ComController.class.php 第 65 行.
SQL: SELECT `id`,cn_ftname as name,`xl_type` FROM `qw_felgproduct` UNION SELECT id,cn_rrname as name,xl_type FROM qw_rflinkerproduct  [ RunTime:0.0019s ]
SQL: SHOW COLUMNS FROM `qw_indexshow` [ RunTime:0.0142s ]
SQL: SELECT `id`,cn_fghzname as fghzname,cn_fghzshow as fghzshow,cn_rrhzname as rrhzname,cn_rrhzshow as rrhzshow,cn_tjhzname as tjhzname,cn_tjhzshow as tjhzshow FROM `qw_indexshow` LIMIT 1   [ RunTime:0.0004s ]
SQL: SHOW COLUMNS FROM `qw_flashview` [ RunTime:0.0139s ]
SQL: SELECT `id`,cn_flashviewpc as flashviewpc,cn_title as title,cn_fwshowpc as fwshowpc,cn_fwlink as fwlink,`fwsort`,cn_name as name FROM `qw_flashview` ORDER BY fwsort  [ RunTime:0.0005s ]
SQL: SHOW COLUMNS FROM `qw_felghz` [ RunTime:0.0154s ]
SQL: SELECT `id`,cn_fghz as fghz,cn_fghztitle as fghztitle,cn_fghzimg as fghzimg,`fghzsort` FROM `qw_felghz` ORDER BY fghzsort LIMIT 4   [ RunTime:0.0005s ]
SQL: SHOW COLUMNS FROM `qw_felgtype` [ RunTime:0.0151s ]
SQL: SELECT * FROM `qw_felgtype` WHERE ( cn_hzid = 3 ) ORDER BY fgtypesort LIMIT 1   [ RunTime:0.0005s ]
SQL: SELECT * FROM `qw_felgtype` WHERE ( cn_hzid = 4 ) ORDER BY fgtypesort LIMIT 1   [ RunTime:0.0004s ]
SQL: SELECT * FROM `qw_felgtype` WHERE ( cn_hzid = 5 ) ORDER BY fgtypesort LIMIT 1   [ RunTime:0.0004s ]
SQL: SHOW COLUMNS FROM `qw_rflinkerhz` [ RunTime:0.0094s ]
SQL: SELECT `id`,cn_rflinkerhz as rflinkerhz,cn_rrtitle as rrtitle,cn_rrimg as rrimg,`rrsort` FROM `qw_rflinkerhz` ORDER BY rrsort LIMIT 4   [ RunTime:0.0004s ]
SQL: SHOW COLUMNS FROM `qw_tuijian` [ RunTime:0.0113s ]
SQL: SELECT `id`,cn_felgname as felgname,cn_rrname as rrname,`type`,`tjsotr` FROM `qw_tuijian` ORDER BY tjsotr  [ RunTime:0.0006s ]
SQL: SHOW COLUMNS FROM `qw_industry` [ RunTime:0.0095s ]
SQL: SELECT `id`,cn_imgiy as imgiy,`iysort`,cn_nameiy as nameiy,cn_title as title FROM `qw_industry` ORDER BY iysort LIMIT 4   [ RunTime:0.0005s ]
INFO: [ view_parse ] --START--
INFO: [ template_filter ] --START--
INFO: Run Behavior\ContentReplaceBehavior [ RunTime:0.000507s ]
INFO: [ template_filter ] --END-- [ RunTime:0.000776s ]
NOTIC: [8] Undefined variable: commom_field D:\Program Files (x86)\wamp\www\newrflinker\App\Runtime\Cache\Home\3da8682377a51f4116c98bfda6b18a92.php 第 67 行.
NOTIC: [8] Undefined variable: commom_field D:\Program Files (x86)\wamp\www\newrflinker\App\Runtime\Cache\Home\3da8682377a51f4116c98bfda6b18a92.php 第 67 行.
NOTIC: [8] Use of undefined constant Index - assumed 'Index' D:\Program Files (x86)\wamp\www\newrflinker\App\Runtime\Cache\Home\3da8682377a51f4116c98bfda6b18a92.php 第 68 行.
NOTIC: [8] Use of undefined constant Vocationlist - assumed 'Vocationlist' D:\Program Files (x86)\wamp\www\newrflinker\App\Runtime\Cache\Home\3da8682377a51f4116c98bfda6b18a92.php 第 77 行.
NOTIC: [8] Use of undefined constant Codeinput - assumed 'Codeinput' D:\Program Files (x86)\wamp\www\newrflinker\App\Runtime\Cache\Home\3da8682377a51f4116c98bfda6b18a92.php 第 78 行.
NOTIC: [8] Use of undefined constant Aboutus - assumed 'Aboutus' D:\Program Files (x86)\wamp\www\newrflinker\App\Runtime\Cache\Home\3da8682377a51f4116c98bfda6b18a92.php 第 79 行.
NOTIC: [8] Undefined index: typeid D:\Program Files (x86)\wamp\www\newrflinker\App\Runtime\Cache\Home\3da8682377a51f4116c98bfda6b18a92.php 第 119 行.
NOTIC: [8] Undefined index: typeid D:\Program Files (x86)\wamp\www\newrflinker\App\Runtime\Cache\Home\3da8682377a51f4116c98bfda6b18a92.php 第 119 行.
INFO: Run Behavior\ParseTemplateBehavior [ RunTime:0.168684s ]
INFO: [ view_parse ] --END-- [ RunTime:0.168916s ]
INFO: [ view_filter ] --START--
INFO: Run Behavior\WriteHtmlCacheBehavior [ RunTime:0.000819s ]
INFO: [ view_filter ] --END-- [ RunTime:0.001087s ]
INFO: [ app_end ] --START--
INFO: Run Behavior\ShowPageTraceBehavior [ RunTime:0.001615s ]
INFO: [ app_end ] --END-- [ RunTime:0.002006s ]

