[ 2017-11-10T10:10:45+08:00 ] ::1 /wanggw/index.php/Qwadmin/Felgproduct/index.html
INFO: [ app_init ] --START--
INFO: Run Behavior\BuildLiteBehavior [ RunTime:0.000070s ]
INFO: [ app_init ] --END-- [ RunTime:0.001364s ]
INFO: [ app_begin ] --START--
INFO: Run Behavior\ReadHtmlCacheBehavior [ RunTime:0.002649s ]
INFO: Run Behavior\CheckLangBehavior [ RunTime:0.001770s ]
INFO: [ app_begin ] --END-- [ RunTime:0.004846s ]
SQL: SHOW COLUMNS FROM `qw_setting` [ RunTime:0.0496s ]
SQL: SELECT `k`,`v` FROM `qw_setting`  [ RunTime:0.0004s ]
SQL: SELECT * FROM qw_auth_group g left join qw_auth_group_access a on g.id=a.group_id where a.uid=1 [ RunTime:0.0020s ]
SQL: SHOW COLUMNS FROM `qw_member` [ RunTime:0.0297s ]
SQL: SELECT * FROM `qw_member` WHERE `uid` = 1 LIMIT 1   [ RunTime:0.0006s ]
SQL: SELECT s.id,s.title,s.name,s.tips,s.pid,p.pid as ppid,p.title as ptitle FROM qw_auth_rule s left join qw_auth_rule p on p.id=s.pid where s.name='Felgproduct/index' [ RunTime:0.0007s ]
SQL: SHOW COLUMNS FROM `qw_auth_rule` [ RunTime:0.0075s ]
SQL: SELECT `id`,`title`,`pid`,`name`,`icon` FROM `qw_auth_rule` WHERE ( islink=1   ) ORDER BY o ASC  [ RunTime:0.0016s ]
INFO: [ view_parse ] --START--
INFO: [ template_filter ] --START--
INFO: Run Behavior\ContentReplaceBehavior [ RunTime:0.000267s ]
INFO: [ template_filter ] --END-- [ RunTime:0.000483s ]
NOTIC: [8] Undefined variable: list E:\wamp\www\wanggw\App\Runtime\Cache\Qwadmin\08179b7ff337c5609d98e4390cec1389.php 第 395 行.
NOTIC: [8] Undefined variable: page E:\wamp\www\wanggw\App\Runtime\Cache\Qwadmin\08179b7ff337c5609d98e4390cec1389.php 第 419 行.
INFO: Run Behavior\ParseTemplateBehavior [ RunTime:0.354596s ]
INFO: [ view_parse ] --END-- [ RunTime:0.354867s ]
INFO: [ view_filter ] --START--
INFO: Run Behavior\WriteHtmlCacheBehavior [ RunTime:0.043675s ]
INFO: [ view_filter ] --END-- [ RunTime:0.043864s ]
INFO: [ app_end ] --START--
INFO: Run Behavior\ShowPageTraceBehavior [ RunTime:0.002447s ]
INFO: [ app_end ] --END-- [ RunTime:0.002763s ]

[ 2017-11-10T10:10:51+08:00 ] ::1 /wanggw/index.php/Qwadmin/Felgproduct/langselect
INFO: [ app_init ] --START--
INFO: Run Behavior\BuildLiteBehavior [ RunTime:0.000102s ]
INFO: [ app_init ] --END-- [ RunTime:0.004315s ]
INFO: [ app_begin ] --START--
INFO: Run Behavior\ReadHtmlCacheBehavior [ RunTime:0.001583s ]
INFO: Run Behavior\CheckLangBehavior [ RunTime:0.002325s ]
INFO: [ app_begin ] --END-- [ RunTime:0.004629s ]
SQL: SHOW COLUMNS FROM `qw_setting` [ RunTime:0.0052s ]
SQL: SELECT `k`,`v` FROM `qw_setting`  [ RunTime:0.0002s ]
SQL: SELECT * FROM qw_auth_group g left join qw_auth_group_access a on g.id=a.group_id where a.uid=1 [ RunTime:0.0003s ]
SQL: SHOW COLUMNS FROM `qw_member` [ RunTime:0.0070s ]
SQL: SELECT * FROM `qw_member` WHERE `uid` = 1 LIMIT 1   [ RunTime:0.0003s ]
SQL: SELECT s.id,s.title,s.name,s.tips,s.pid,p.pid as ppid,p.title as ptitle FROM qw_auth_rule s left join qw_auth_rule p on p.id=s.pid where s.name='Felgproduct/langselect' [ RunTime:0.0003s ]
NOTIC: [8] Undefined offset: 0 E:\wamp\www\wanggw\App\Qwadmin\Controller\ComController.class.php 第 48 行.
SQL: SHOW COLUMNS FROM `qw_auth_rule` [ RunTime:0.0167s ]
SQL: SELECT `id`,`title`,`pid`,`name`,`icon` FROM `qw_auth_rule` WHERE ( islink=1   ) ORDER BY o ASC  [ RunTime:0.0006s ]
SQL: SHOW COLUMNS FROM `qw_felghz` [ RunTime:0.0065s ]
SQL: SELECT `id`,cn_fghz as hzname FROM `qw_felghz` ORDER BY fghzsort asc  [ RunTime:0.0281s ]
SQL: SELECT `id`,cn_fghz as hzname FROM `qw_felghz` ORDER BY fghzsort asc  [ RunTime:0.0003s ]
SQL: SHOW COLUMNS FROM `qw_felgtype` [ RunTime:0.0060s ]
SQL: SELECT `id`,cn_fgtypename as typename FROM `qw_felgtype` ORDER BY fgtypesort asc  [ RunTime:0.0013s ]
INFO: [ app_end ] --START--
INFO: Run Behavior\ShowPageTraceBehavior [ RunTime:0.001147s ]
INFO: [ app_end ] --END-- [ RunTime:0.001333s ]

[ 2017-11-10T10:10:56+08:00 ] ::1 /wanggw/index.php/Qwadmin/Felgproduct/langselect
INFO: [ app_init ] --START--
INFO: Run Behavior\BuildLiteBehavior [ RunTime:0.000088s ]
INFO: [ app_init ] --END-- [ RunTime:0.001331s ]
INFO: [ app_begin ] --START--
INFO: Run Behavior\ReadHtmlCacheBehavior [ RunTime:0.002046s ]
INFO: Run Behavior\CheckLangBehavior [ RunTime:0.004026s ]
INFO: [ app_begin ] --END-- [ RunTime:0.006793s ]
SQL: SHOW COLUMNS FROM `qw_setting` [ RunTime:0.0078s ]
SQL: SELECT `k`,`v` FROM `qw_setting`  [ RunTime:0.0004s ]
SQL: SELECT * FROM qw_auth_group g left join qw_auth_group_access a on g.id=a.group_id where a.uid=1 [ RunTime:0.0005s ]
SQL: SHOW COLUMNS FROM `qw_member` [ RunTime:0.0091s ]
SQL: SELECT * FROM `qw_member` WHERE `uid` = 1 LIMIT 1   [ RunTime:0.0005s ]
SQL: SELECT s.id,s.title,s.name,s.tips,s.pid,p.pid as ppid,p.title as ptitle FROM qw_auth_rule s left join qw_auth_rule p on p.id=s.pid where s.name='Felgproduct/langselect' [ RunTime:0.0015s ]
NOTIC: [8] Undefined offset: 0 E:\wamp\www\wanggw\App\Qwadmin\Controller\ComController.class.php 第 48 行.
SQL: SHOW COLUMNS FROM `qw_auth_rule` [ RunTime:0.0055s ]
SQL: SELECT `id`,`title`,`pid`,`name`,`icon` FROM `qw_auth_rule` WHERE ( islink=1   ) ORDER BY o ASC  [ RunTime:0.0007s ]
SQL: SHOW COLUMNS FROM `qw_felghz` [ RunTime:0.0059s ]
SQL: SELECT `id`,en_fghz as hzname FROM `qw_felghz` ORDER BY fghzsort asc  [ RunTime:0.0006s ]
SQL: SHOW COLUMNS FROM `qw_felgtype` [ RunTime:0.0062s ]
SQL: SELECT `id`,en_fgtypename as typename FROM `qw_felgtype` ORDER BY fgtypesort asc  [ RunTime:0.0005s ]
INFO: [ app_end ] --START--
INFO: Run Behavior\ShowPageTraceBehavior [ RunTime:0.001223s ]
INFO: [ app_end ] --END-- [ RunTime:0.001383s ]

[ 2017-11-10T10:11:00+08:00 ] ::1 /wanggw/index.php/Qwadmin/Felgproduct/langselect
INFO: [ app_init ] --START--
INFO: Run Behavior\BuildLiteBehavior [ RunTime:0.000081s ]
INFO: [ app_init ] --END-- [ RunTime:0.001752s ]
INFO: [ app_begin ] --START--
INFO: Run Behavior\ReadHtmlCacheBehavior [ RunTime:0.001657s ]
INFO: Run Behavior\CheckLangBehavior [ RunTime:0.002516s ]
INFO: [ app_begin ] --END-- [ RunTime:0.004693s ]
SQL: SHOW COLUMNS FROM `qw_setting` [ RunTime:0.0086s ]
SQL: SELECT `k`,`v` FROM `qw_setting`  [ RunTime:0.0006s ]
SQL: SELECT * FROM qw_auth_group g left join qw_auth_group_access a on g.id=a.group_id where a.uid=1 [ RunTime:0.0011s ]
SQL: SHOW COLUMNS FROM `qw_member` [ RunTime:0.0101s ]
SQL: SELECT * FROM `qw_member` WHERE `uid` = 1 LIMIT 1   [ RunTime:0.0023s ]
SQL: SELECT s.id,s.title,s.name,s.tips,s.pid,p.pid as ppid,p.title as ptitle FROM qw_auth_rule s left join qw_auth_rule p on p.id=s.pid where s.name='Felgproduct/langselect' [ RunTime:0.0008s ]
NOTIC: [8] Undefined offset: 0 E:\wamp\www\wanggw\App\Qwadmin\Controller\ComController.class.php 第 48 行.
SQL: SHOW COLUMNS FROM `qw_auth_rule` [ RunTime:0.0085s ]
SQL: SELECT `id`,`title`,`pid`,`name`,`icon` FROM `qw_auth_rule` WHERE ( islink=1   ) ORDER BY o ASC  [ RunTime:0.0007s ]
SQL: SHOW COLUMNS FROM `qw_felghz` [ RunTime:0.0072s ]
SQL: SELECT `id`,cn_fghz as hzname FROM `qw_felghz` ORDER BY fghzsort asc  [ RunTime:0.0005s ]
SQL: SELECT `id`,cn_fghz as hzname FROM `qw_felghz` ORDER BY fghzsort asc  [ RunTime:0.0005s ]
SQL: SHOW COLUMNS FROM `qw_felgtype` [ RunTime:0.0054s ]
SQL: SELECT `id`,cn_fgtypename as typename FROM `qw_felgtype` ORDER BY fgtypesort asc  [ RunTime:0.0018s ]
INFO: [ app_end ] --START--
INFO: Run Behavior\ShowPageTraceBehavior [ RunTime:0.001442s ]
INFO: [ app_end ] --END-- [ RunTime:0.001662s ]

[ 2017-11-10T10:11:09+08:00 ] ::1 /wanggw/index.php/Qwadmin/Felgproduct/langselect
INFO: [ app_init ] --START--
INFO: Run Behavior\BuildLiteBehavior [ RunTime:0.000086s ]
INFO: [ app_init ] --END-- [ RunTime:0.001589s ]
INFO: [ app_begin ] --START--
INFO: Run Behavior\ReadHtmlCacheBehavior [ RunTime:0.001158s ]
INFO: Run Behavior\CheckLangBehavior [ RunTime:0.002235s ]
INFO: [ app_begin ] --END-- [ RunTime:0.003732s ]
SQL: SHOW COLUMNS FROM `qw_setting` [ RunTime:0.0107s ]
SQL: SELECT `k`,`v` FROM `qw_setting`  [ RunTime:0.0007s ]
SQL: SELECT * FROM qw_auth_group g left join qw_auth_group_access a on g.id=a.group_id where a.uid=1 [ RunTime:0.0007s ]
SQL: SHOW COLUMNS FROM `qw_member` [ RunTime:0.0097s ]
SQL: SELECT * FROM `qw_member` WHERE `uid` = 1 LIMIT 1   [ RunTime:0.0005s ]
SQL: SELECT s.id,s.title,s.name,s.tips,s.pid,p.pid as ppid,p.title as ptitle FROM qw_auth_rule s left join qw_auth_rule p on p.id=s.pid where s.name='Felgproduct/langselect' [ RunTime:0.0006s ]
NOTIC: [8] Undefined offset: 0 E:\wamp\www\wanggw\App\Qwadmin\Controller\ComController.class.php 第 48 行.
SQL: SHOW COLUMNS FROM `qw_auth_rule` [ RunTime:0.0113s ]
SQL: SELECT `id`,`title`,`pid`,`name`,`icon` FROM `qw_auth_rule` WHERE ( islink=1   ) ORDER BY o ASC  [ RunTime:0.0009s ]
SQL: SHOW COLUMNS FROM `qw_felghz` [ RunTime:0.0109s ]
SQL: SELECT `id`,en_fghz as hzname FROM `qw_felghz` ORDER BY fghzsort asc  [ RunTime:0.0005s ]
SQL: SHOW COLUMNS FROM `qw_felgtype` [ RunTime:0.0104s ]
SQL: SELECT `id`,en_fgtypename as typename FROM `qw_felgtype` ORDER BY fgtypesort asc  [ RunTime:0.0009s ]
INFO: [ app_end ] --START--
INFO: Run Behavior\ShowPageTraceBehavior [ RunTime:0.002751s ]
INFO: [ app_end ] --END-- [ RunTime:0.003180s ]

[ 2017-11-10T10:11:42+08:00 ] ::1 /wanggw/index.php/Qwadmin/Felgproduct/index.html
INFO: [ app_init ] --START--
INFO: Run Behavior\BuildLiteBehavior [ RunTime:0.000049s ]
INFO: [ app_init ] --END-- [ RunTime:0.001230s ]
INFO: [ app_begin ] --START--
INFO: Run Behavior\ReadHtmlCacheBehavior [ RunTime:0.002081s ]
INFO: Run Behavior\CheckLangBehavior [ RunTime:0.002534s ]
INFO: [ app_begin ] --END-- [ RunTime:0.005180s ]
SQL: SHOW COLUMNS FROM `qw_setting` [ RunTime:0.0493s ]
SQL: SELECT `k`,`v` FROM `qw_setting`  [ RunTime:0.0002s ]
SQL: SELECT * FROM qw_auth_group g left join qw_auth_group_access a on g.id=a.group_id where a.uid=1 [ RunTime:0.0003s ]
SQL: SHOW COLUMNS FROM `qw_member` [ RunTime:0.0066s ]
SQL: SELECT * FROM `qw_member` WHERE `uid` = 1 LIMIT 1   [ RunTime:0.0004s ]
SQL: SELECT s.id,s.title,s.name,s.tips,s.pid,p.pid as ppid,p.title as ptitle FROM qw_auth_rule s left join qw_auth_rule p on p.id=s.pid where s.name='Felgproduct/index' [ RunTime:0.0004s ]
SQL: SHOW COLUMNS FROM `qw_auth_rule` [ RunTime:0.0071s ]
SQL: SELECT `id`,`title`,`pid`,`name`,`icon` FROM `qw_auth_rule` WHERE ( islink=1   ) ORDER BY o ASC  [ RunTime:0.0006s ]
INFO: [ view_parse ] --START--
INFO: [ template_filter ] --START--
INFO: Run Behavior\ContentReplaceBehavior [ RunTime:0.000285s ]
INFO: [ template_filter ] --END-- [ RunTime:0.000493s ]
NOTIC: [8] Undefined variable: list E:\wamp\www\wanggw\App\Runtime\Cache\Qwadmin\08179b7ff337c5609d98e4390cec1389.php 第 395 行.
NOTIC: [8] Undefined variable: page E:\wamp\www\wanggw\App\Runtime\Cache\Qwadmin\08179b7ff337c5609d98e4390cec1389.php 第 419 行.
INFO: Run Behavior\ParseTemplateBehavior [ RunTime:0.064192s ]
INFO: [ view_parse ] --END-- [ RunTime:0.064536s ]
INFO: [ view_filter ] --START--
INFO: Run Behavior\WriteHtmlCacheBehavior [ RunTime:0.001022s ]
INFO: [ view_filter ] --END-- [ RunTime:0.001214s ]
INFO: [ app_end ] --START--
INFO: Run Behavior\ShowPageTraceBehavior [ RunTime:0.001389s ]
INFO: [ app_end ] --END-- [ RunTime:0.001655s ]

[ 2017-11-10T10:11:47+08:00 ] ::1 /wanggw/index.php/Qwadmin/Felgproduct/langselect
INFO: [ app_init ] --START--
INFO: Run Behavior\BuildLiteBehavior [ RunTime:0.000045s ]
INFO: [ app_init ] --END-- [ RunTime:0.001076s ]
INFO: [ app_begin ] --START--
INFO: Run Behavior\ReadHtmlCacheBehavior [ RunTime:0.004379s ]
INFO: Run Behavior\CheckLangBehavior [ RunTime:0.002572s ]
INFO: [ app_begin ] --END-- [ RunTime:0.007632s ]
SQL: SHOW COLUMNS FROM `qw_setting` [ RunTime:0.0054s ]
SQL: SELECT `k`,`v` FROM `qw_setting`  [ RunTime:0.0008s ]
SQL: SELECT * FROM qw_auth_group g left join qw_auth_group_access a on g.id=a.group_id where a.uid=1 [ RunTime:0.0005s ]
SQL: SHOW COLUMNS FROM `qw_member` [ RunTime:0.0068s ]
SQL: SELECT * FROM `qw_member` WHERE `uid` = 1 LIMIT 1   [ RunTime:0.0003s ]
SQL: SELECT s.id,s.title,s.name,s.tips,s.pid,p.pid as ppid,p.title as ptitle FROM qw_auth_rule s left join qw_auth_rule p on p.id=s.pid where s.name='Felgproduct/langselect' [ RunTime:0.0003s ]
NOTIC: [8] Undefined offset: 0 E:\wamp\www\wanggw\App\Qwadmin\Controller\ComController.class.php 第 48 行.
SQL: SHOW COLUMNS FROM `qw_auth_rule` [ RunTime:0.0076s ]
SQL: SELECT `id`,`title`,`pid`,`name`,`icon` FROM `qw_auth_rule` WHERE ( islink=1   ) ORDER BY o ASC  [ RunTime:0.0005s ]
SQL: SHOW COLUMNS FROM `qw_felghz` [ RunTime:0.0049s ]
SQL: SELECT `id`,cn_fghz as hzname FROM `qw_felghz` ORDER BY fghzsort asc  [ RunTime:0.0004s ]
SQL: SELECT `id`,cn_fghz as hzname FROM `qw_felghz` ORDER BY fghzsort asc LIMIT 1   [ RunTime:0.0002s ]

[ 2017-11-10T10:12:08+08:00 ] ::1 /wanggw/index.php/Qwadmin/Felgproduct/index.html
INFO: [ app_init ] --START--
INFO: Run Behavior\BuildLiteBehavior [ RunTime:0.000077s ]
INFO: [ app_init ] --END-- [ RunTime:0.001497s ]
INFO: [ app_begin ] --START--
INFO: Run Behavior\ReadHtmlCacheBehavior [ RunTime:0.003282s ]
INFO: Run Behavior\CheckLangBehavior [ RunTime:0.003454s ]
INFO: [ app_begin ] --END-- [ RunTime:0.007667s ]
SQL: SHOW COLUMNS FROM `qw_setting` [ RunTime:0.0776s ]
SQL: SELECT `k`,`v` FROM `qw_setting`  [ RunTime:0.0004s ]
SQL: SELECT * FROM qw_auth_group g left join qw_auth_group_access a on g.id=a.group_id where a.uid=1 [ RunTime:0.0016s ]
SQL: SHOW COLUMNS FROM `qw_member` [ RunTime:0.0113s ]
SQL: SELECT * FROM `qw_member` WHERE `uid` = 1 LIMIT 1   [ RunTime:0.0006s ]
SQL: SELECT s.id,s.title,s.name,s.tips,s.pid,p.pid as ppid,p.title as ptitle FROM qw_auth_rule s left join qw_auth_rule p on p.id=s.pid where s.name='Felgproduct/index' [ RunTime:0.0007s ]
SQL: SHOW COLUMNS FROM `qw_auth_rule` [ RunTime:0.0118s ]
SQL: SELECT `id`,`title`,`pid`,`name`,`icon` FROM `qw_auth_rule` WHERE ( islink=1   ) ORDER BY o ASC  [ RunTime:0.0007s ]
INFO: [ view_parse ] --START--
INFO: [ template_filter ] --START--
INFO: Run Behavior\ContentReplaceBehavior [ RunTime:0.000231s ]
INFO: [ template_filter ] --END-- [ RunTime:0.000414s ]
NOTIC: [8] Undefined variable: list E:\wamp\www\wanggw\App\Runtime\Cache\Qwadmin\08179b7ff337c5609d98e4390cec1389.php 第 395 行.
NOTIC: [8] Undefined variable: page E:\wamp\www\wanggw\App\Runtime\Cache\Qwadmin\08179b7ff337c5609d98e4390cec1389.php 第 419 行.
INFO: Run Behavior\ParseTemplateBehavior [ RunTime:0.064558s ]
INFO: [ view_parse ] --END-- [ RunTime:0.064740s ]
INFO: [ view_filter ] --START--
INFO: Run Behavior\WriteHtmlCacheBehavior [ RunTime:0.000765s ]
INFO: [ view_filter ] --END-- [ RunTime:0.000949s ]
INFO: [ app_end ] --START--
INFO: Run Behavior\ShowPageTraceBehavior [ RunTime:0.001055s ]
INFO: [ app_end ] --END-- [ RunTime:0.001230s ]

[ 2017-11-10T10:12:10+08:00 ] ::1 /wanggw/index.php/Qwadmin/Felgproduct/langselect
INFO: [ app_init ] --START--
INFO: Run Behavior\BuildLiteBehavior [ RunTime:0.000108s ]
INFO: [ app_init ] --END-- [ RunTime:0.002847s ]
INFO: [ app_begin ] --START--
INFO: Run Behavior\ReadHtmlCacheBehavior [ RunTime:0.001432s ]
INFO: Run Behavior\CheckLangBehavior [ RunTime:0.002255s ]
INFO: [ app_begin ] --END-- [ RunTime:0.004151s ]
SQL: SHOW COLUMNS FROM `qw_setting` [ RunTime:0.0277s ]
SQL: SELECT `k`,`v` FROM `qw_setting`  [ RunTime:0.0010s ]
SQL: SELECT * FROM qw_auth_group g left join qw_auth_group_access a on g.id=a.group_id where a.uid=1 [ RunTime:0.0007s ]
SQL: SHOW COLUMNS FROM `qw_member` [ RunTime:0.0068s ]
SQL: SELECT * FROM `qw_member` WHERE `uid` = 1 LIMIT 1   [ RunTime:0.0004s ]
SQL: SELECT s.id,s.title,s.name,s.tips,s.pid,p.pid as ppid,p.title as ptitle FROM qw_auth_rule s left join qw_auth_rule p on p.id=s.pid where s.name='Felgproduct/langselect' [ RunTime:0.0007s ]
NOTIC: [8] Undefined offset: 0 E:\wamp\www\wanggw\App\Qwadmin\Controller\ComController.class.php 第 48 行.
SQL: SHOW COLUMNS FROM `qw_auth_rule` [ RunTime:0.0069s ]
SQL: SELECT `id`,`title`,`pid`,`name`,`icon` FROM `qw_auth_rule` WHERE ( islink=1   ) ORDER BY o ASC  [ RunTime:0.0006s ]
SQL: SHOW COLUMNS FROM `qw_felghz` [ RunTime:0.0073s ]
SQL: SELECT `id`,cn_fghz as hzname FROM `qw_felghz` ORDER BY fghzsort asc  [ RunTime:0.0029s ]
SQL: SELECT `id`,cn_fghz as hzname FROM `qw_felghz` ORDER BY fghzsort asc LIMIT 1   [ RunTime:0.0004s ]

[ 2017-11-10T10:13:36+08:00 ] ::1 /wanggw/index.php/Qwadmin/Felgproduct/index.html
INFO: [ app_init ] --START--
INFO: Run Behavior\BuildLiteBehavior [ RunTime:0.000064s ]
INFO: [ app_init ] --END-- [ RunTime:0.001041s ]
INFO: [ app_begin ] --START--
INFO: Run Behavior\ReadHtmlCacheBehavior [ RunTime:0.001184s ]
INFO: Run Behavior\CheckLangBehavior [ RunTime:0.001203s ]
INFO: [ app_begin ] --END-- [ RunTime:0.002654s ]
SQL: SHOW COLUMNS FROM `qw_setting` [ RunTime:0.0076s ]
SQL: SELECT `k`,`v` FROM `qw_setting`  [ RunTime:0.0003s ]
SQL: SELECT * FROM qw_auth_group g left join qw_auth_group_access a on g.id=a.group_id where a.uid=1 [ RunTime:0.0004s ]
SQL: SHOW COLUMNS FROM `qw_member` [ RunTime:0.0470s ]
SQL: SELECT * FROM `qw_member` WHERE `uid` = 1 LIMIT 1   [ RunTime:0.0005s ]
SQL: SELECT s.id,s.title,s.name,s.tips,s.pid,p.pid as ppid,p.title as ptitle FROM qw_auth_rule s left join qw_auth_rule p on p.id=s.pid where s.name='Felgproduct/index' [ RunTime:0.0006s ]
SQL: SHOW COLUMNS FROM `qw_auth_rule` [ RunTime:0.0060s ]
SQL: SELECT `id`,`title`,`pid`,`name`,`icon` FROM `qw_auth_rule` WHERE ( islink=1   ) ORDER BY o ASC  [ RunTime:0.0006s ]
INFO: [ view_parse ] --START--
INFO: [ template_filter ] --START--
INFO: Run Behavior\ContentReplaceBehavior [ RunTime:0.000297s ]
INFO: [ template_filter ] --END-- [ RunTime:0.000485s ]
NOTIC: [8] Undefined variable: list E:\wamp\www\wanggw\App\Runtime\Cache\Qwadmin\08179b7ff337c5609d98e4390cec1389.php 第 395 行.
NOTIC: [8] Undefined variable: page E:\wamp\www\wanggw\App\Runtime\Cache\Qwadmin\08179b7ff337c5609d98e4390cec1389.php 第 419 行.
INFO: Run Behavior\ParseTemplateBehavior [ RunTime:0.057822s ]
INFO: [ view_parse ] --END-- [ RunTime:0.058108s ]
INFO: [ view_filter ] --START--
INFO: Run Behavior\WriteHtmlCacheBehavior [ RunTime:0.001186s ]
INFO: [ view_filter ] --END-- [ RunTime:0.001536s ]
INFO: [ app_end ] --START--
INFO: Run Behavior\ShowPageTraceBehavior [ RunTime:0.001895s ]
INFO: [ app_end ] --END-- [ RunTime:0.002244s ]

[ 2017-11-10T10:13:39+08:00 ] ::1 /wanggw/index.php/Qwadmin/Felgproduct/langselect
INFO: [ app_init ] --START--
INFO: Run Behavior\BuildLiteBehavior [ RunTime:0.000059s ]
INFO: [ app_init ] --END-- [ RunTime:0.000998s ]
INFO: [ app_begin ] --START--
INFO: Run Behavior\ReadHtmlCacheBehavior [ RunTime:0.002330s ]
INFO: Run Behavior\CheckLangBehavior [ RunTime:0.004816s ]
INFO: [ app_begin ] --END-- [ RunTime:0.007691s ]
SQL: SHOW COLUMNS FROM `qw_setting` [ RunTime:0.0093s ]
SQL: SELECT `k`,`v` FROM `qw_setting`  [ RunTime:0.0004s ]
SQL: SELECT * FROM qw_auth_group g left join qw_auth_group_access a on g.id=a.group_id where a.uid=1 [ RunTime:0.0006s ]
SQL: SHOW COLUMNS FROM `qw_member` [ RunTime:0.0246s ]
SQL: SELECT * FROM `qw_member` WHERE `uid` = 1 LIMIT 1   [ RunTime:0.0004s ]
SQL: SELECT s.id,s.title,s.name,s.tips,s.pid,p.pid as ppid,p.title as ptitle FROM qw_auth_rule s left join qw_auth_rule p on p.id=s.pid where s.name='Felgproduct/langselect' [ RunTime:0.0004s ]
NOTIC: [8] Undefined offset: 0 E:\wamp\www\wanggw\App\Qwadmin\Controller\ComController.class.php 第 48 行.
SQL: SHOW COLUMNS FROM `qw_auth_rule` [ RunTime:0.0073s ]
SQL: SELECT `id`,`title`,`pid`,`name`,`icon` FROM `qw_auth_rule` WHERE ( islink=1   ) ORDER BY o ASC  [ RunTime:0.0006s ]
SQL: SHOW COLUMNS FROM `qw_felghz` [ RunTime:0.0069s ]
SQL: SELECT `id`,cn_fghz as hzname FROM `qw_felghz` ORDER BY fghzsort asc  [ RunTime:0.0005s ]
SQL: SELECT `id`,cn_fghz as hzname FROM `qw_felghz` ORDER BY fghzsort asc LIMIT 1   [ RunTime:0.0002s ]
SQL: SHOW COLUMNS FROM `qw_felgtype` [ RunTime:0.0051s ]
SQL: SELECT `id`,cn_fgtypename as typename FROM `qw_felgtype` WHERE ( cn_hzid = 3 ) ORDER BY fgtypesort asc  [ RunTime:0.0004s ]
INFO: [ app_end ] --START--
INFO: Run Behavior\ShowPageTraceBehavior [ RunTime:0.001234s ]
INFO: [ app_end ] --END-- [ RunTime:0.001401s ]

[ 2017-11-10T10:13:42+08:00 ] ::1 /wanggw/index.php/Qwadmin/Felgproduct/langselect
INFO: [ app_init ] --START--
INFO: Run Behavior\BuildLiteBehavior [ RunTime:0.000529s ]
INFO: [ app_init ] --END-- [ RunTime:0.003699s ]
INFO: [ app_begin ] --START--
INFO: Run Behavior\ReadHtmlCacheBehavior [ RunTime:0.001154s ]
INFO: Run Behavior\CheckLangBehavior [ RunTime:0.001308s ]
INFO: [ app_begin ] --END-- [ RunTime:0.002830s ]
SQL: SHOW COLUMNS FROM `qw_setting` [ RunTime:0.0049s ]
SQL: SELECT `k`,`v` FROM `qw_setting`  [ RunTime:0.0004s ]
SQL: SELECT * FROM qw_auth_group g left join qw_auth_group_access a on g.id=a.group_id where a.uid=1 [ RunTime:0.0007s ]
SQL: SHOW COLUMNS FROM `qw_member` [ RunTime:0.0069s ]
SQL: SELECT * FROM `qw_member` WHERE `uid` = 1 LIMIT 1   [ RunTime:0.0003s ]
SQL: SELECT s.id,s.title,s.name,s.tips,s.pid,p.pid as ppid,p.title as ptitle FROM qw_auth_rule s left join qw_auth_rule p on p.id=s.pid where s.name='Felgproduct/langselect' [ RunTime:0.0004s ]
NOTIC: [8] Undefined offset: 0 E:\wamp\www\wanggw\App\Qwadmin\Controller\ComController.class.php 第 48 行.
SQL: SHOW COLUMNS FROM `qw_auth_rule` [ RunTime:0.0070s ]
SQL: SELECT `id`,`title`,`pid`,`name`,`icon` FROM `qw_auth_rule` WHERE ( islink=1   ) ORDER BY o ASC  [ RunTime:0.0006s ]
SQL: SHOW COLUMNS FROM `qw_felghz` [ RunTime:0.0054s ]
SQL: SELECT `id`,en_fghz as hzname FROM `qw_felghz` ORDER BY fghzsort asc  [ RunTime:0.0004s ]
SQL: SHOW COLUMNS FROM `qw_felgtype` [ RunTime:0.0058s ]
SQL: SELECT `id`,en_fgtypename as typename FROM `qw_felgtype` ORDER BY fgtypesort asc  [ RunTime:0.0011s ]
INFO: [ app_end ] --START--
INFO: Run Behavior\ShowPageTraceBehavior [ RunTime:0.001239s ]
INFO: [ app_end ] --END-- [ RunTime:0.001438s ]

[ 2017-11-10T10:14:59+08:00 ] ::1 /wanggw/index.php/Qwadmin/Felgproduct/index.html
INFO: [ app_init ] --START--
INFO: Run Behavior\BuildLiteBehavior [ RunTime:0.000059s ]
INFO: [ app_init ] --END-- [ RunTime:0.000883s ]
INFO: [ app_begin ] --START--
INFO: Run Behavior\ReadHtmlCacheBehavior [ RunTime:0.001501s ]
INFO: Run Behavior\CheckLangBehavior [ RunTime:0.004697s ]
INFO: [ app_begin ] --END-- [ RunTime:0.006833s ]
SQL: SHOW COLUMNS FROM `qw_setting` [ RunTime:0.0085s ]
SQL: SELECT `k`,`v` FROM `qw_setting`  [ RunTime:0.0004s ]
SQL: SELECT * FROM qw_auth_group g left join qw_auth_group_access a on g.id=a.group_id where a.uid=1 [ RunTime:0.0004s ]
SQL: SHOW COLUMNS FROM `qw_member` [ RunTime:0.0077s ]
SQL: SELECT * FROM `qw_member` WHERE `uid` = 1 LIMIT 1   [ RunTime:0.0004s ]
SQL: SELECT s.id,s.title,s.name,s.tips,s.pid,p.pid as ppid,p.title as ptitle FROM qw_auth_rule s left join qw_auth_rule p on p.id=s.pid where s.name='Felgproduct/index' [ RunTime:0.0004s ]
SQL: SHOW COLUMNS FROM `qw_auth_rule` [ RunTime:0.0062s ]
SQL: SELECT `id`,`title`,`pid`,`name`,`icon` FROM `qw_auth_rule` WHERE ( islink=1   ) ORDER BY o ASC  [ RunTime:0.0017s ]
INFO: [ view_parse ] --START--
INFO: [ template_filter ] --START--
INFO: Run Behavior\ContentReplaceBehavior [ RunTime:0.000260s ]
INFO: [ template_filter ] --END-- [ RunTime:0.000447s ]
NOTIC: [8] Undefined variable: list E:\wamp\www\wanggw\App\Runtime\Cache\Qwadmin\08179b7ff337c5609d98e4390cec1389.php 第 395 行.
NOTIC: [8] Undefined variable: page E:\wamp\www\wanggw\App\Runtime\Cache\Qwadmin\08179b7ff337c5609d98e4390cec1389.php 第 419 行.
INFO: Run Behavior\ParseTemplateBehavior [ RunTime:0.060388s ]
INFO: [ view_parse ] --END-- [ RunTime:0.060607s ]
INFO: [ view_filter ] --START--
INFO: Run Behavior\WriteHtmlCacheBehavior [ RunTime:0.000903s ]
INFO: [ view_filter ] --END-- [ RunTime:0.001080s ]
INFO: [ app_end ] --START--
INFO: Run Behavior\ShowPageTraceBehavior [ RunTime:0.001938s ]
INFO: [ app_end ] --END-- [ RunTime:0.002419s ]

[ 2017-11-10T10:15:01+08:00 ] ::1 /wanggw/index.php/Qwadmin/Felgproduct/langselect
INFO: [ app_init ] --START--
INFO: Run Behavior\BuildLiteBehavior [ RunTime:0.000046s ]
INFO: [ app_init ] --END-- [ RunTime:0.001168s ]
INFO: [ app_begin ] --START--
INFO: Run Behavior\ReadHtmlCacheBehavior [ RunTime:0.001906s ]
INFO: Run Behavior\CheckLangBehavior [ RunTime:0.005684s ]
INFO: [ app_begin ] --END-- [ RunTime:0.008250s ]
SQL: SHOW COLUMNS FROM `qw_setting` [ RunTime:0.0050s ]
SQL: SELECT `k`,`v` FROM `qw_setting`  [ RunTime:0.0006s ]
SQL: SELECT * FROM qw_auth_group g left join qw_auth_group_access a on g.id=a.group_id where a.uid=1 [ RunTime:0.0005s ]
SQL: SHOW COLUMNS FROM `qw_member` [ RunTime:0.0052s ]
SQL: SELECT * FROM `qw_member` WHERE `uid` = 1 LIMIT 1   [ RunTime:0.0003s ]
SQL: SELECT s.id,s.title,s.name,s.tips,s.pid,p.pid as ppid,p.title as ptitle FROM qw_auth_rule s left join qw_auth_rule p on p.id=s.pid where s.name='Felgproduct/langselect' [ RunTime:0.0003s ]
NOTIC: [8] Undefined offset: 0 E:\wamp\www\wanggw\App\Qwadmin\Controller\ComController.class.php 第 48 行.
SQL: SHOW COLUMNS FROM `qw_auth_rule` [ RunTime:0.0062s ]
SQL: SELECT `id`,`title`,`pid`,`name`,`icon` FROM `qw_auth_rule` WHERE ( islink=1   ) ORDER BY o ASC  [ RunTime:0.0013s ]
SQL: SHOW COLUMNS FROM `qw_felghz` [ RunTime:0.0060s ]
SQL: SELECT `id`,cn_fghz as hzname FROM `qw_felghz` ORDER BY fghzsort asc  [ RunTime:0.0004s ]
SQL: SELECT `id`,cn_fghz as hzname FROM `qw_felghz` ORDER BY fghzsort asc LIMIT 1   [ RunTime:0.0002s ]
SQL: SHOW COLUMNS FROM `qw_felgtype` [ RunTime:0.0085s ]
SQL: SELECT `id`,cn_fgtypename as typename FROM `qw_felgtype` WHERE ( cn_hzid = 3 ) ORDER BY fgtypesort asc  [ RunTime:0.0004s ]
INFO: [ app_end ] --START--
INFO: Run Behavior\ShowPageTraceBehavior [ RunTime:0.001124s ]
INFO: [ app_end ] --END-- [ RunTime:0.001308s ]

[ 2017-11-10T10:15:04+08:00 ] ::1 /wanggw/index.php/Qwadmin/Felgproduct/langselect
INFO: [ app_init ] --START--
INFO: Run Behavior\BuildLiteBehavior [ RunTime:0.000045s ]
INFO: [ app_init ] --END-- [ RunTime:0.000866s ]
INFO: [ app_begin ] --START--
INFO: Run Behavior\ReadHtmlCacheBehavior [ RunTime:0.002447s ]
INFO: Run Behavior\CheckLangBehavior [ RunTime:0.007795s ]
INFO: [ app_begin ] --END-- [ RunTime:0.012004s ]
SQL: SHOW COLUMNS FROM `qw_setting` [ RunTime:0.0057s ]
SQL: SELECT `k`,`v` FROM `qw_setting`  [ RunTime:0.0005s ]
SQL: SELECT * FROM qw_auth_group g left join qw_auth_group_access a on g.id=a.group_id where a.uid=1 [ RunTime:0.0008s ]
SQL: SHOW COLUMNS FROM `qw_member` [ RunTime:0.0050s ]
SQL: SELECT * FROM `qw_member` WHERE `uid` = 1 LIMIT 1   [ RunTime:0.0004s ]
SQL: SELECT s.id,s.title,s.name,s.tips,s.pid,p.pid as ppid,p.title as ptitle FROM qw_auth_rule s left join qw_auth_rule p on p.id=s.pid where s.name='Felgproduct/langselect' [ RunTime:0.0003s ]
NOTIC: [8] Undefined offset: 0 E:\wamp\www\wanggw\App\Qwadmin\Controller\ComController.class.php 第 48 行.
SQL: SHOW COLUMNS FROM `qw_auth_rule` [ RunTime:0.0069s ]
SQL: SELECT `id`,`title`,`pid`,`name`,`icon` FROM `qw_auth_rule` WHERE ( islink=1   ) ORDER BY o ASC  [ RunTime:0.0006s ]
SQL: SHOW COLUMNS FROM `qw_felghz` [ RunTime:0.0068s ]
SQL: SELECT `id`,en_fghz as hzname FROM `qw_felghz` ORDER BY fghzsort asc  [ RunTime:0.0006s ]
SQL: SELECT `id`,en_fghz as hzname FROM `qw_felghz` ORDER BY fghzsort asc LIMIT 1   [ RunTime:0.0004s ]
SQL: SHOW COLUMNS FROM `qw_felgtype` [ RunTime:0.0071s ]
SQL: SELECT `id`,en_fgtypename as typename FROM `qw_felgtype` WHERE ( en_hzid = 3 ) ORDER BY fgtypesort asc  [ RunTime:0.0003s ]
INFO: [ app_end ] --START--
INFO: Run Behavior\ShowPageTraceBehavior [ RunTime:0.001105s ]
INFO: [ app_end ] --END-- [ RunTime:0.001253s ]

[ 2017-11-10T10:15:07+08:00 ] ::1 /wanggw/index.php/Qwadmin/Felgproduct/hzselect
INFO: [ app_init ] --START--
INFO: Run Behavior\BuildLiteBehavior [ RunTime:0.000066s ]
INFO: [ app_init ] --END-- [ RunTime:0.001124s ]
INFO: [ app_begin ] --START--
INFO: Run Behavior\ReadHtmlCacheBehavior [ RunTime:0.002175s ]
INFO: Run Behavior\CheckLangBehavior [ RunTime:0.001333s ]
INFO: [ app_begin ] --END-- [ RunTime:0.003849s ]
SQL: SHOW COLUMNS FROM `qw_setting` [ RunTime:0.0052s ]
SQL: SELECT `k`,`v` FROM `qw_setting`  [ RunTime:0.0003s ]
SQL: SELECT * FROM qw_auth_group g left join qw_auth_group_access a on g.id=a.group_id where a.uid=1 [ RunTime:0.0004s ]
SQL: SHOW COLUMNS FROM `qw_member` [ RunTime:0.0070s ]
SQL: SELECT * FROM `qw_member` WHERE `uid` = 1 LIMIT 1   [ RunTime:0.0004s ]
SQL: SELECT s.id,s.title,s.name,s.tips,s.pid,p.pid as ppid,p.title as ptitle FROM qw_auth_rule s left join qw_auth_rule p on p.id=s.pid where s.name='Felgproduct/hzselect' [ RunTime:0.0003s ]
NOTIC: [8] Undefined offset: 0 E:\wamp\www\wanggw\App\Qwadmin\Controller\ComController.class.php 第 48 行.
SQL: SHOW COLUMNS FROM `qw_auth_rule` [ RunTime:0.0059s ]
SQL: SELECT `id`,`title`,`pid`,`name`,`icon` FROM `qw_auth_rule` WHERE ( islink=1   ) ORDER BY o ASC  [ RunTime:0.0005s ]
SQL: SHOW COLUMNS FROM `qw_felgtype` [ RunTime:0.0074s ]
SQL: SELECT `id`,en_fgtypename as typename FROM `qw_felgtype` WHERE ( en_hzid = 4 ) ORDER BY fgtypesort asc  [ RunTime:0.0005s ]
NOTIC: [8] Undefined variable: listhz E:\wamp\www\wanggw\App\Qwadmin\Controller\FelgproductController.class.php 第 77 行.
INFO: [ app_end ] --START--
INFO: Run Behavior\ShowPageTraceBehavior [ RunTime:0.001046s ]
INFO: [ app_end ] --END-- [ RunTime:0.001184s ]

[ 2017-11-10T10:15:11+08:00 ] ::1 /wanggw/index.php/Qwadmin/Felgproduct/hzselect
INFO: [ app_init ] --START--
INFO: Run Behavior\BuildLiteBehavior [ RunTime:0.000092s ]
INFO: [ app_init ] --END-- [ RunTime:0.001500s ]
INFO: [ app_begin ] --START--
INFO: Run Behavior\ReadHtmlCacheBehavior [ RunTime:0.002561s ]
INFO: Run Behavior\CheckLangBehavior [ RunTime:0.001877s ]
INFO: [ app_begin ] --END-- [ RunTime:0.004956s ]
SQL: SHOW COLUMNS FROM `qw_setting` [ RunTime:0.0078s ]
SQL: SELECT `k`,`v` FROM `qw_setting`  [ RunTime:0.0003s ]
SQL: SELECT * FROM qw_auth_group g left join qw_auth_group_access a on g.id=a.group_id where a.uid=1 [ RunTime:0.0003s ]
SQL: SHOW COLUMNS FROM `qw_member` [ RunTime:0.0103s ]
SQL: SELECT * FROM `qw_member` WHERE `uid` = 1 LIMIT 1   [ RunTime:0.0003s ]
SQL: SELECT s.id,s.title,s.name,s.tips,s.pid,p.pid as ppid,p.title as ptitle FROM qw_auth_rule s left join qw_auth_rule p on p.id=s.pid where s.name='Felgproduct/hzselect' [ RunTime:0.0003s ]
NOTIC: [8] Undefined offset: 0 E:\wamp\www\wanggw\App\Qwadmin\Controller\ComController.class.php 第 48 行.
SQL: SHOW COLUMNS FROM `qw_auth_rule` [ RunTime:0.0075s ]
SQL: SELECT `id`,`title`,`pid`,`name`,`icon` FROM `qw_auth_rule` WHERE ( islink=1   ) ORDER BY o ASC  [ RunTime:0.0008s ]
SQL: SHOW COLUMNS FROM `qw_felgtype` [ RunTime:0.1273s ]
SQL: SELECT `id`,en_fgtypename as typename FROM `qw_felgtype` WHERE ( en_hzid = 5 ) ORDER BY fgtypesort asc  [ RunTime:0.0356s ]
NOTIC: [8] Undefined variable: listhz E:\wamp\www\wanggw\App\Qwadmin\Controller\FelgproductController.class.php 第 77 行.
INFO: [ app_end ] --START--
INFO: Run Behavior\ShowPageTraceBehavior [ RunTime:0.001198s ]
INFO: [ app_end ] --END-- [ RunTime:0.001351s ]

[ 2017-11-10T10:15:14+08:00 ] ::1 /wanggw/index.php/Qwadmin/Felgproduct/langselect
INFO: [ app_init ] --START--
INFO: Run Behavior\BuildLiteBehavior [ RunTime:0.000378s ]
INFO: [ app_init ] --END-- [ RunTime:0.001713s ]
INFO: [ app_begin ] --START--
INFO: Run Behavior\ReadHtmlCacheBehavior [ RunTime:0.000995s ]
INFO: Run Behavior\CheckLangBehavior [ RunTime:0.001246s ]
INFO: [ app_begin ] --END-- [ RunTime:0.002488s ]
SQL: SHOW COLUMNS FROM `qw_setting` [ RunTime:0.0077s ]
SQL: SELECT `k`,`v` FROM `qw_setting`  [ RunTime:0.0004s ]
SQL: SELECT * FROM qw_auth_group g left join qw_auth_group_access a on g.id=a.group_id where a.uid=1 [ RunTime:0.0004s ]
SQL: SHOW COLUMNS FROM `qw_member` [ RunTime:0.0195s ]
SQL: SELECT * FROM `qw_member` WHERE `uid` = 1 LIMIT 1   [ RunTime:0.0013s ]
SQL: SELECT s.id,s.title,s.name,s.tips,s.pid,p.pid as ppid,p.title as ptitle FROM qw_auth_rule s left join qw_auth_rule p on p.id=s.pid where s.name='Felgproduct/langselect' [ RunTime:0.0013s ]
NOTIC: [8] Undefined offset: 0 E:\wamp\www\wanggw\App\Qwadmin\Controller\ComController.class.php 第 48 行.
SQL: SHOW COLUMNS FROM `qw_auth_rule` [ RunTime:0.0080s ]
SQL: SELECT `id`,`title`,`pid`,`name`,`icon` FROM `qw_auth_rule` WHERE ( islink=1   ) ORDER BY o ASC  [ RunTime:0.0005s ]
SQL: SHOW COLUMNS FROM `qw_felghz` [ RunTime:0.0057s ]
SQL: SELECT `id`,cn_fghz as hzname FROM `qw_felghz` ORDER BY fghzsort asc  [ RunTime:0.0005s ]
SQL: SELECT `id`,cn_fghz as hzname FROM `qw_felghz` ORDER BY fghzsort asc LIMIT 1   [ RunTime:0.0009s ]
SQL: SHOW COLUMNS FROM `qw_felgtype` [ RunTime:0.0054s ]
SQL: SELECT `id`,cn_fgtypename as typename FROM `qw_felgtype` WHERE ( cn_hzid = 3 ) ORDER BY fgtypesort asc  [ RunTime:0.0005s ]
INFO: [ app_end ] --START--
INFO: Run Behavior\ShowPageTraceBehavior [ RunTime:0.001695s ]
INFO: [ app_end ] --END-- [ RunTime:0.002025s ]

[ 2017-11-10T10:15:17+08:00 ] ::1 /wanggw/index.php/Qwadmin/Felgproduct/langselect
INFO: [ app_init ] --START--
INFO: Run Behavior\BuildLiteBehavior [ RunTime:0.000075s ]
INFO: [ app_init ] --END-- [ RunTime:0.001253s ]
INFO: [ app_begin ] --START--
INFO: Run Behavior\ReadHtmlCacheBehavior [ RunTime:0.002760s ]
INFO: Run Behavior\CheckLangBehavior [ RunTime:0.003648s ]
INFO: [ app_begin ] --END-- [ RunTime:0.006938s ]
SQL: SHOW COLUMNS FROM `qw_setting` [ RunTime:0.0050s ]
SQL: SELECT `k`,`v` FROM `qw_setting`  [ RunTime:0.0002s ]
SQL: SELECT * FROM qw_auth_group g left join qw_auth_group_access a on g.id=a.group_id where a.uid=1 [ RunTime:0.0004s ]
SQL: SHOW COLUMNS FROM `qw_member` [ RunTime:0.0065s ]
SQL: SELECT * FROM `qw_member` WHERE `uid` = 1 LIMIT 1   [ RunTime:0.0003s ]
SQL: SELECT s.id,s.title,s.name,s.tips,s.pid,p.pid as ppid,p.title as ptitle FROM qw_auth_rule s left join qw_auth_rule p on p.id=s.pid where s.name='Felgproduct/langselect' [ RunTime:0.0003s ]
NOTIC: [8] Undefined offset: 0 E:\wamp\www\wanggw\App\Qwadmin\Controller\ComController.class.php 第 48 行.
SQL: SHOW COLUMNS FROM `qw_auth_rule` [ RunTime:0.0054s ]
SQL: SELECT `id`,`title`,`pid`,`name`,`icon` FROM `qw_auth_rule` WHERE ( islink=1   ) ORDER BY o ASC  [ RunTime:0.0010s ]
SQL: SHOW COLUMNS FROM `qw_felghz` [ RunTime:0.0076s ]
SQL: SELECT `id`,en_fghz as hzname FROM `qw_felghz` ORDER BY fghzsort asc  [ RunTime:0.0003s ]
SQL: SELECT `id`,en_fghz as hzname FROM `qw_felghz` ORDER BY fghzsort asc LIMIT 1   [ RunTime:0.0002s ]
SQL: SHOW COLUMNS FROM `qw_felgtype` [ RunTime:0.0052s ]
SQL: SELECT `id`,en_fgtypename as typename FROM `qw_felgtype` WHERE ( en_hzid = 3 ) ORDER BY fgtypesort asc  [ RunTime:0.0003s ]
INFO: [ app_end ] --START--
INFO: Run Behavior\ShowPageTraceBehavior [ RunTime:0.001083s ]
INFO: [ app_end ] --END-- [ RunTime:0.001252s ]

[ 2017-11-10T10:15:19+08:00 ] ::1 /wanggw/index.php/Qwadmin/Felgproduct/hzselect
INFO: [ app_init ] --START--
INFO: Run Behavior\BuildLiteBehavior [ RunTime:0.000078s ]
INFO: [ app_init ] --END-- [ RunTime:0.001428s ]
INFO: [ app_begin ] --START--
INFO: Run Behavior\ReadHtmlCacheBehavior [ RunTime:0.002478s ]
INFO: Run Behavior\CheckLangBehavior [ RunTime:0.001363s ]
INFO: [ app_begin ] --END-- [ RunTime:0.004313s ]
SQL: SHOW COLUMNS FROM `qw_setting` [ RunTime:0.0071s ]
SQL: SELECT `k`,`v` FROM `qw_setting`  [ RunTime:0.0003s ]
SQL: SELECT * FROM qw_auth_group g left join qw_auth_group_access a on g.id=a.group_id where a.uid=1 [ RunTime:0.0003s ]
SQL: SHOW COLUMNS FROM `qw_member` [ RunTime:0.0054s ]
SQL: SELECT * FROM `qw_member` WHERE `uid` = 1 LIMIT 1   [ RunTime:0.0004s ]
SQL: SELECT s.id,s.title,s.name,s.tips,s.pid,p.pid as ppid,p.title as ptitle FROM qw_auth_rule s left join qw_auth_rule p on p.id=s.pid where s.name='Felgproduct/hzselect' [ RunTime:0.0004s ]
NOTIC: [8] Undefined offset: 0 E:\wamp\www\wanggw\App\Qwadmin\Controller\ComController.class.php 第 48 行.
SQL: SHOW COLUMNS FROM `qw_auth_rule` [ RunTime:0.0077s ]
SQL: SELECT `id`,`title`,`pid`,`name`,`icon` FROM `qw_auth_rule` WHERE ( islink=1   ) ORDER BY o ASC  [ RunTime:0.0007s ]
SQL: SHOW COLUMNS FROM `qw_felgtype` [ RunTime:0.0064s ]
SQL: SELECT `id`,en_fgtypename as typename FROM `qw_felgtype` WHERE ( en_hzid = 6 ) ORDER BY fgtypesort asc  [ RunTime:0.0004s ]
NOTIC: [8] Undefined variable: listhz E:\wamp\www\wanggw\App\Qwadmin\Controller\FelgproductController.class.php 第 77 行.
INFO: [ app_end ] --START--
INFO: Run Behavior\ShowPageTraceBehavior [ RunTime:0.001258s ]
INFO: [ app_end ] --END-- [ RunTime:0.001439s ]

[ 2017-11-10T10:15:22+08:00 ] ::1 /wanggw/index.php/Qwadmin/Felgproduct/hzselect
INFO: [ app_init ] --START--
INFO: Run Behavior\BuildLiteBehavior [ RunTime:0.000047s ]
INFO: [ app_init ] --END-- [ RunTime:0.001590s ]
INFO: [ app_begin ] --START--
INFO: Run Behavior\ReadHtmlCacheBehavior [ RunTime:0.001052s ]
INFO: Run Behavior\CheckLangBehavior [ RunTime:0.001342s ]
INFO: [ app_begin ] --END-- [ RunTime:0.002664s ]
SQL: SHOW COLUMNS FROM `qw_setting` [ RunTime:0.0055s ]
SQL: SELECT `k`,`v` FROM `qw_setting`  [ RunTime:0.0003s ]
SQL: SELECT * FROM qw_auth_group g left join qw_auth_group_access a on g.id=a.group_id where a.uid=1 [ RunTime:0.0003s ]
SQL: SHOW COLUMNS FROM `qw_member` [ RunTime:0.0081s ]
SQL: SELECT * FROM `qw_member` WHERE `uid` = 1 LIMIT 1   [ RunTime:0.0003s ]
SQL: SELECT s.id,s.title,s.name,s.tips,s.pid,p.pid as ppid,p.title as ptitle FROM qw_auth_rule s left join qw_auth_rule p on p.id=s.pid where s.name='Felgproduct/hzselect' [ RunTime:0.0004s ]
NOTIC: [8] Undefined offset: 0 E:\wamp\www\wanggw\App\Qwadmin\Controller\ComController.class.php 第 48 行.
SQL: SHOW COLUMNS FROM `qw_auth_rule` [ RunTime:0.0064s ]
SQL: SELECT `id`,`title`,`pid`,`name`,`icon` FROM `qw_auth_rule` WHERE ( islink=1   ) ORDER BY o ASC  [ RunTime:0.0016s ]
SQL: SHOW COLUMNS FROM `qw_felgtype` [ RunTime:0.0053s ]
SQL: SELECT `id`,en_fgtypename as typename FROM `qw_felgtype` WHERE ( en_hzid = 5 ) ORDER BY fgtypesort asc  [ RunTime:0.0004s ]
NOTIC: [8] Undefined variable: listhz E:\wamp\www\wanggw\App\Qwadmin\Controller\FelgproductController.class.php 第 77 行.
INFO: [ app_end ] --START--
INFO: Run Behavior\ShowPageTraceBehavior [ RunTime:0.001335s ]
INFO: [ app_end ] --END-- [ RunTime:0.001536s ]

