[ 2018-05-16T07:59:23+08:00 ] 106.75.49.147 /new/index.php/Qwadmin/login/index.html%E8%BF%99%E4%B8%AA%E6%98%AF%E5%90%8E%E5%8F%B0%E7%99%BB%E5%BD%95%E5%9C%B0%E5%9D%80
INFO: [ app_init ] --START--
INFO: Run Behavior\BuildLiteBehavior [ RunTime:0.000023s ]
INFO: [ app_init ] --END-- [ RunTime:0.002313s ]
INFO: [ app_begin ] --START--
INFO: Run Behavior\ReadHtmlCacheBehavior [ RunTime:0.000774s ]
INFO: Run Behavior\CheckLangBehavior [ RunTime:0.000887s ]
INFO: [ app_begin ] --END-- [ RunTime:0.001762s ]
SQL: SHOW COLUMNS FROM `qw_setting` [ RunTime:0.0031s ]
SQL: SELECT `k`,`v` FROM `qw_setting`  [ RunTime:0.0004s ]
ERR: 非法操作:index.html这个是后台登录地址

[ 2018-05-16T07:59:25+08:00 ] 106.75.49.147 /new/index.php/Qwadmin/login/index.html%E8%BF%99%E4%B8%AA%E6%98%AF%E5%90%8E%E5%8F%B0%E7%99%BB%E5%BD%95%E5%9C%B0%E5%9D%80
INFO: [ app_init ] --START--
INFO: Run Behavior\BuildLiteBehavior [ RunTime:0.000017s ]
INFO: [ app_init ] --END-- [ RunTime:0.000394s ]
INFO: [ app_begin ] --START--
INFO: Run Behavior\ReadHtmlCacheBehavior [ RunTime:0.000476s ]
INFO: Run Behavior\CheckLangBehavior [ RunTime:0.000454s ]
INFO: [ app_begin ] --END-- [ RunTime:0.001046s ]
SQL: SHOW COLUMNS FROM `qw_setting` [ RunTime:0.0010s ]
SQL: SELECT `k`,`v` FROM `qw_setting`  [ RunTime:0.0003s ]
ERR: 非法操作:index.html这个是后台登录地址

[ 2018-05-16T07:59:28+08:00 ] 106.75.26.117 /new/index.php/Qwadmin/login/index.html%E8%BF%99%E4%B8%AA%E6%98%AF%E5%90%8E%E5%8F%B0%E7%99%BB%E5%BD%95%E5%9C%B0%E5%9D%80
INFO: [ app_init ] --START--
INFO: Run Behavior\BuildLiteBehavior [ RunTime:0.000015s ]
INFO: [ app_init ] --END-- [ RunTime:0.000343s ]
INFO: [ app_begin ] --START--
INFO: Run Behavior\ReadHtmlCacheBehavior [ RunTime:0.000436s ]
INFO: Run Behavior\CheckLangBehavior [ RunTime:0.000440s ]
INFO: [ app_begin ] --END-- [ RunTime:0.000948s ]
SQL: SHOW COLUMNS FROM `qw_setting` [ RunTime:0.0009s ]
SQL: SELECT `k`,`v` FROM `qw_setting`  [ RunTime:0.0001s ]
ERR: 非法操作:index.html这个是后台登录地址

[ 2018-05-16T07:59:31+08:00 ] 106.75.26.117 /new/index.php/Qwadmin/login/index.html%E8%BF%99%E4%B8%AA%E6%98%AF%E5%90%8E%E5%8F%B0%E7%99%BB%E5%BD%95%E5%9C%B0%E5%9D%80
INFO: [ app_init ] --START--
INFO: Run Behavior\BuildLiteBehavior [ RunTime:0.000016s ]
INFO: [ app_init ] --END-- [ RunTime:0.000359s ]
INFO: [ app_begin ] --START--
INFO: Run Behavior\ReadHtmlCacheBehavior [ RunTime:0.000419s ]
INFO: Run Behavior\CheckLangBehavior [ RunTime:0.000486s ]
INFO: [ app_begin ] --END-- [ RunTime:0.000989s ]
SQL: SHOW COLUMNS FROM `qw_setting` [ RunTime:0.0009s ]
SQL: SELECT `k`,`v` FROM `qw_setting`  [ RunTime:0.0002s ]
ERR: 非法操作:index.html这个是后台登录地址

[ 2018-05-16T07:59:31+08:00 ] 106.75.49.147 /new/index.php/Qwadmin/login/index.html%E8%BF%99%E4%B8%AA%E6%98%AF%E5%90%8E%E5%8F%B0%E7%99%BB%E5%BD%95%E5%9C%B0%E5%9D%80
INFO: [ app_init ] --START--
INFO: Run Behavior\BuildLiteBehavior [ RunTime:0.000015s ]
INFO: [ app_init ] --END-- [ RunTime:0.000386s ]
INFO: [ app_begin ] --START--
INFO: Run Behavior\ReadHtmlCacheBehavior [ RunTime:0.000443s ]
INFO: Run Behavior\CheckLangBehavior [ RunTime:0.000536s ]
INFO: [ app_begin ] --END-- [ RunTime:0.001071s ]
SQL: SHOW COLUMNS FROM `qw_setting` [ RunTime:0.0007s ]
SQL: SELECT `k`,`v` FROM `qw_setting`  [ RunTime:0.0002s ]
ERR: 非法操作:index.html这个是后台登录地址

[ 2018-05-16T07:59:31+08:00 ] 106.75.49.167 /new/index.php/Qwadmin/login/index.html%E8%BF%99%E4%B8%AA%E6%98%AF%E5%90%8E%E5%8F%B0%E7%99%BB%E5%BD%95%E5%9C%B0%E5%9D%80
INFO: [ app_init ] --START--
INFO: Run Behavior\BuildLiteBehavior [ RunTime:0.000020s ]
INFO: [ app_init ] --END-- [ RunTime:0.000346s ]
INFO: [ app_begin ] --START--
INFO: Run Behavior\ReadHtmlCacheBehavior [ RunTime:0.000576s ]
INFO: Run Behavior\CheckLangBehavior [ RunTime:0.000497s ]
INFO: [ app_begin ] --END-- [ RunTime:0.001155s ]
SQL: SHOW COLUMNS FROM `qw_setting` [ RunTime:0.0010s ]
SQL: SELECT `k`,`v` FROM `qw_setting`  [ RunTime:0.0013s ]
ERR: 非法操作:index.html这个是后台登录地址

[ 2018-05-16T07:59:31+08:00 ] 106.75.49.167 /new/index.php/Qwadmin/login/index.html%E8%BF%99%E4%B8%AA%E6%98%AF%E5%90%8E%E5%8F%B0%E7%99%BB%E5%BD%95%E5%9C%B0%E5%9D%80
INFO: [ app_init ] --START--
INFO: Run Behavior\BuildLiteBehavior [ RunTime:0.000016s ]
INFO: [ app_init ] --END-- [ RunTime:0.000476s ]
INFO: [ app_begin ] --START--
INFO: Run Behavior\ReadHtmlCacheBehavior [ RunTime:0.000431s ]
INFO: Run Behavior\CheckLangBehavior [ RunTime:0.000576s ]
INFO: [ app_begin ] --END-- [ RunTime:0.001093s ]
SQL: SHOW COLUMNS FROM `qw_setting` [ RunTime:0.0007s ]
SQL: SELECT `k`,`v` FROM `qw_setting`  [ RunTime:0.0026s ]
ERR: 非法操作:index.html这个是后台登录地址

[ 2018-05-16T07:59:31+08:00 ] 222.94.196.46 /new/index.php/Qwadmin/login/index.html%E8%BF%99%E4%B8%AA%E6%98%AF%E5%90%8E%E5%8F%B0%E7%99%BB%E5%BD%95%E5%9C%B0%E5%9D%80
INFO: [ app_init ] --START--
INFO: Run Behavior\BuildLiteBehavior [ RunTime:0.000014s ]
INFO: [ app_init ] --END-- [ RunTime:0.000440s ]
INFO: [ app_begin ] --START--
INFO: Run Behavior\ReadHtmlCacheBehavior [ RunTime:0.000474s ]
INFO: Run Behavior\CheckLangBehavior [ RunTime:0.000594s ]
INFO: [ app_begin ] --END-- [ RunTime:0.001149s ]
SQL: SHOW COLUMNS FROM `qw_setting` [ RunTime:0.0007s ]
SQL: SELECT `k`,`v` FROM `qw_setting`  [ RunTime:0.0001s ]
ERR: 非法操作:index.html这个是后台登录地址

[ 2018-05-16T07:59:31+08:00 ] 123.59.44.33 /new/index.php/Qwadmin/login/index.html%E8%BF%99%E4%B8%AA%E6%98%AF%E5%90%8E%E5%8F%B0%E7%99%BB%E5%BD%95%E5%9C%B0%E5%9D%80
INFO: [ app_init ] --START--
INFO: Run Behavior\BuildLiteBehavior [ RunTime:0.000016s ]
INFO: [ app_init ] --END-- [ RunTime:0.000336s ]
INFO: [ app_begin ] --START--
INFO: Run Behavior\ReadHtmlCacheBehavior [ RunTime:0.000494s ]
INFO: Run Behavior\CheckLangBehavior [ RunTime:0.000423s ]
INFO: [ app_begin ] --END-- [ RunTime:0.001002s ]
SQL: SHOW COLUMNS FROM `qw_setting` [ RunTime:0.0094s ]
SQL: SELECT `k`,`v` FROM `qw_setting`  [ RunTime:0.0002s ]
ERR: 非法操作:index.html这个是后台登录地址

[ 2018-05-16T07:59:31+08:00 ] 106.75.26.117 /new/index.php/Qwadmin/login/index.html%E8%BF%99%E4%B8%AA%E6%98%AF%E5%90%8E%E5%8F%B0%E7%99%BB%E5%BD%95%E5%9C%B0%E5%9D%80
INFO: [ app_init ] --START--
INFO: Run Behavior\BuildLiteBehavior [ RunTime:0.000015s ]
INFO: [ app_init ] --END-- [ RunTime:0.000404s ]
INFO: [ app_begin ] --START--
INFO: Run Behavior\ReadHtmlCacheBehavior [ RunTime:0.000419s ]
INFO: Run Behavior\CheckLangBehavior [ RunTime:0.000569s ]
INFO: [ app_begin ] --END-- [ RunTime:0.001061s ]
SQL: SHOW COLUMNS FROM `qw_setting` [ RunTime:0.0006s ]
SQL: SELECT `k`,`v` FROM `qw_setting`  [ RunTime:0.0001s ]
ERR: 非法操作:index.html这个是后台登录地址

[ 2018-05-16T07:59:36+08:00 ] 106.75.49.167 /new/index.php/Qwadmin/login/index.html%E8%BF%99%E4%B8%AA%E6%98%AF%E5%90%8E%E5%8F%B0%E7%99%BB%E5%BD%95%E5%9C%B0%E5%9D%80
INFO: [ app_init ] --START--
INFO: Run Behavior\BuildLiteBehavior [ RunTime:0.000017s ]
INFO: [ app_init ] --END-- [ RunTime:0.000384s ]
INFO: [ app_begin ] --START--
INFO: Run Behavior\ReadHtmlCacheBehavior [ RunTime:0.000426s ]
INFO: Run Behavior\CheckLangBehavior [ RunTime:0.000535s ]
INFO: [ app_begin ] --END-- [ RunTime:0.001099s ]
SQL: SHOW COLUMNS FROM `qw_setting` [ RunTime:0.0010s ]
SQL: SELECT `k`,`v` FROM `qw_setting`  [ RunTime:0.0002s ]
ERR: 非法操作:index.html这个是后台登录地址

[ 2018-05-16T07:59:36+08:00 ] 106.75.49.147 /new/index.php/Qwadmin/login/index.html%E8%BF%99%E4%B8%AA%E6%98%AF%E5%90%8E%E5%8F%B0%E7%99%BB%E5%BD%95%E5%9C%B0%E5%9D%80
INFO: [ app_init ] --START--
INFO: Run Behavior\BuildLiteBehavior [ RunTime:0.000015s ]
INFO: [ app_init ] --END-- [ RunTime:0.000345s ]
INFO: [ app_begin ] --START--
INFO: Run Behavior\ReadHtmlCacheBehavior [ RunTime:0.000430s ]
INFO: Run Behavior\CheckLangBehavior [ RunTime:0.000500s ]
INFO: [ app_begin ] --END-- [ RunTime:0.001007s ]
SQL: SHOW COLUMNS FROM `qw_setting` [ RunTime:0.0012s ]
SQL: SELECT `k`,`v` FROM `qw_setting`  [ RunTime:0.0005s ]
ERR: 非法操作:index.html这个是后台登录地址

[ 2018-05-16T07:59:36+08:00 ] 106.75.49.167 /new/index.php/Qwadmin/login/index.html%E8%BF%99%E4%B8%AA%E6%98%AF%E5%90%8E%E5%8F%B0%E7%99%BB%E5%BD%95%E5%9C%B0%E5%9D%80
INFO: [ app_init ] --START--
INFO: Run Behavior\BuildLiteBehavior [ RunTime:0.000029s ]
INFO: [ app_init ] --END-- [ RunTime:0.000404s ]
INFO: [ app_begin ] --START--
INFO: Run Behavior\ReadHtmlCacheBehavior [ RunTime:0.000428s ]
INFO: Run Behavior\CheckLangBehavior [ RunTime:0.000448s ]
INFO: [ app_begin ] --END-- [ RunTime:0.000951s ]
SQL: SHOW COLUMNS FROM `qw_setting` [ RunTime:0.0009s ]
SQL: SELECT `k`,`v` FROM `qw_setting`  [ RunTime:0.0021s ]
ERR: 非法操作:index.html这个是后台登录地址

[ 2018-05-16T07:59:36+08:00 ] 106.75.49.167 /new/index.php/Qwadmin/login/index.html%E8%BF%99%E4%B8%AA%E6%98%AF%E5%90%8E%E5%8F%B0%E7%99%BB%E5%BD%95%E5%9C%B0%E5%9D%80
INFO: [ app_init ] --START--
INFO: Run Behavior\BuildLiteBehavior [ RunTime:0.000015s ]
INFO: [ app_init ] --END-- [ RunTime:0.000349s ]
INFO: [ app_begin ] --START--
INFO: Run Behavior\ReadHtmlCacheBehavior [ RunTime:0.000432s ]
INFO: Run Behavior\CheckLangBehavior [ RunTime:0.000552s ]
INFO: [ app_begin ] --END-- [ RunTime:0.001061s ]
SQL: SHOW COLUMNS FROM `qw_setting` [ RunTime:0.0006s ]
SQL: SELECT `k`,`v` FROM `qw_setting`  [ RunTime:0.0001s ]
ERR: 非法操作:index.html这个是后台登录地址

[ 2018-05-16T07:59:36+08:00 ] 106.75.49.167 /new/index.php/Qwadmin/login/index.html%E8%BF%99%E4%B8%AA%E6%98%AF%E5%90%8E%E5%8F%B0%E7%99%BB%E5%BD%95%E5%9C%B0%E5%9D%80
INFO: [ app_init ] --START--
INFO: Run Behavior\BuildLiteBehavior [ RunTime:0.000016s ]
INFO: [ app_init ] --END-- [ RunTime:0.000347s ]
INFO: [ app_begin ] --START--
INFO: Run Behavior\ReadHtmlCacheBehavior [ RunTime:0.000472s ]
INFO: Run Behavior\CheckLangBehavior [ RunTime:0.000457s ]
INFO: [ app_begin ] --END-- [ RunTime:0.001005s ]
SQL: SHOW COLUMNS FROM `qw_setting` [ RunTime:0.0007s ]
SQL: SELECT `k`,`v` FROM `qw_setting`  [ RunTime:0.0002s ]
ERR: 非法操作:index.html这个是后台登录地址

[ 2018-05-16T07:59:36+08:00 ] 101.206.38.51 /new/index.php/Qwadmin/login/index.html%E8%BF%99%E4%B8%AA%E6%98%AF%E5%90%8E%E5%8F%B0%E7%99%BB%E5%BD%95%E5%9C%B0%E5%9D%80
INFO: [ app_init ] --START--
INFO: Run Behavior\BuildLiteBehavior [ RunTime:0.000029s ]
INFO: [ app_init ] --END-- [ RunTime:0.000438s ]
INFO: [ app_begin ] --START--
INFO: Run Behavior\ReadHtmlCacheBehavior [ RunTime:0.000457s ]
INFO: Run Behavior\CheckLangBehavior [ RunTime:0.000468s ]
INFO: [ app_begin ] --END-- [ RunTime:0.001006s ]
SQL: SHOW COLUMNS FROM `qw_setting` [ RunTime:0.0008s ]
SQL: SELECT `k`,`v` FROM `qw_setting`  [ RunTime:0.0002s ]
ERR: 非法操作:index.html这个是后台登录地址

[ 2018-05-16T07:59:37+08:00 ] 106.75.49.167 /new/index.php/Qwadmin/login/index.html%E8%BF%99%E4%B8%AA%E6%98%AF%E5%90%8E%E5%8F%B0%E7%99%BB%E5%BD%95%E5%9C%B0%E5%9D%80
INFO: [ app_init ] --START--
INFO: Run Behavior\BuildLiteBehavior [ RunTime:0.000018s ]
INFO: [ app_init ] --END-- [ RunTime:0.000486s ]
INFO: [ app_begin ] --START--
INFO: Run Behavior\ReadHtmlCacheBehavior [ RunTime:0.000513s ]
INFO: Run Behavior\CheckLangBehavior [ RunTime:0.000531s ]
INFO: [ app_begin ] --END-- [ RunTime:0.001165s ]
SQL: SHOW COLUMNS FROM `qw_setting` [ RunTime:0.0009s ]
SQL: SELECT `k`,`v` FROM `qw_setting`  [ RunTime:0.0002s ]
ERR: 非法操作:index.html这个是后台登录地址

[ 2018-05-16T07:59:41+08:00 ] 106.75.49.147 /new/index.php/Qwadmin/login/index.html%E8%BF%99%E4%B8%AA%E6%98%AF%E5%90%8E%E5%8F%B0%E7%99%BB%E5%BD%95%E5%9C%B0%E5%9D%80
INFO: [ app_init ] --START--
INFO: Run Behavior\BuildLiteBehavior [ RunTime:0.000019s ]
INFO: [ app_init ] --END-- [ RunTime:0.000402s ]
INFO: [ app_begin ] --START--
INFO: Run Behavior\ReadHtmlCacheBehavior [ RunTime:0.000805s ]
INFO: Run Behavior\CheckLangBehavior [ RunTime:0.000533s ]
INFO: [ app_begin ] --END-- [ RunTime:0.001426s ]
SQL: SHOW COLUMNS FROM `qw_setting` [ RunTime:0.0024s ]
SQL: SELECT `k`,`v` FROM `qw_setting`  [ RunTime:0.0003s ]
ERR: 非法操作:index.html这个是后台登录地址

[ 2018-05-16T07:59:41+08:00 ] 106.75.49.147 /new/index.php/Qwadmin/login/index.html%E8%BF%99%E4%B8%AA%E6%98%AF%E5%90%8E%E5%8F%B0%E7%99%BB%E5%BD%95%E5%9C%B0%E5%9D%80
INFO: [ app_init ] --START--
INFO: Run Behavior\BuildLiteBehavior [ RunTime:0.000019s ]
INFO: [ app_init ] --END-- [ RunTime:0.000426s ]
INFO: [ app_begin ] --START--
INFO: Run Behavior\ReadHtmlCacheBehavior [ RunTime:0.000616s ]
INFO: Run Behavior\CheckLangBehavior [ RunTime:0.000499s ]
INFO: [ app_begin ] --END-- [ RunTime:0.001244s ]
SQL: SHOW COLUMNS FROM `qw_setting` [ RunTime:0.0009s ]
SQL: SELECT `k`,`v` FROM `qw_setting`  [ RunTime:0.0002s ]
ERR: 非法操作:index.html这个是后台登录地址

[ 2018-05-16T07:59:46+08:00 ] 106.75.49.167 /new/index.php/Qwadmin/login/index.html%E8%BF%99%E4%B8%AA%E6%98%AF%E5%90%8E%E5%8F%B0%E7%99%BB%E5%BD%95%E5%9C%B0%E5%9D%80
INFO: [ app_init ] --START--
INFO: Run Behavior\BuildLiteBehavior [ RunTime:0.000016s ]
INFO: [ app_init ] --END-- [ RunTime:0.000384s ]
INFO: [ app_begin ] --START--
INFO: Run Behavior\ReadHtmlCacheBehavior [ RunTime:0.000416s ]
INFO: Run Behavior\CheckLangBehavior [ RunTime:0.000518s ]
INFO: [ app_begin ] --END-- [ RunTime:0.001014s ]
SQL: SHOW COLUMNS FROM `qw_setting` [ RunTime:0.0017s ]
SQL: SELECT `k`,`v` FROM `qw_setting`  [ RunTime:0.0002s ]
ERR: 非法操作:index.html这个是后台登录地址

[ 2018-05-16T07:59:46+08:00 ] 106.75.49.167 /new/index.php/Qwadmin/login/index.html%E8%BF%99%E4%B8%AA%E6%98%AF%E5%90%8E%E5%8F%B0%E7%99%BB%E5%BD%95%E5%9C%B0%E5%9D%80
INFO: [ app_init ] --START--
INFO: Run Behavior\BuildLiteBehavior [ RunTime:0.000015s ]
INFO: [ app_init ] --END-- [ RunTime:0.000384s ]
INFO: [ app_begin ] --START--
INFO: Run Behavior\ReadHtmlCacheBehavior [ RunTime:0.000488s ]
INFO: Run Behavior\CheckLangBehavior [ RunTime:0.000435s ]
INFO: [ app_begin ] --END-- [ RunTime:0.000996s ]
SQL: SHOW COLUMNS FROM `qw_setting` [ RunTime:0.0006s ]
SQL: SELECT `k`,`v` FROM `qw_setting`  [ RunTime:0.0001s ]
ERR: 非法操作:index.html这个是后台登录地址

